<?xml version="1.0" encoding="UTF-8"?>
<testsuites name="Cicle Staging Mobile App" time="910.938" tests="26" failures="5" errors="0">
   <testsuite name="Cicle Staging Mobile App" tests="26" failures="5" errors="0" time="910.938" skipped="0" timestamp="2022-10-28 21:29:01" hostname="sandikurnia - localhost" id="Test Suites/Cicle Staging Mobile App/Cicle Staging Mobile App">
      <properties>
         <property name="deviceName" value="emulator-5554 (Android SDK built for arm64 - Android 10)"/>
         <property name="devicePlatform" value=""/>
         <property name="logFolder" value="/Users/sandikurnia/Katalon Studio/smallProject/Reports/20221028_212848/Cicle Staging Mobile App/Cicle Staging Mobile App/20221028_212848"/>
         <property name="logFiles" value="/Users/sandikurnia/Katalon Studio/smallProject/Reports/20221028_212848/Cicle Staging Mobile App/Cicle Staging Mobile App/20221028_212848/execution0.log, /Users/sandikurnia/Katalon Studio/smallProject/Reports/20221028_212848/Cicle Staging Mobile App/Cicle Staging Mobile App/20221028_212848/appium.log"/>
         <property name="attachments" value="/Users/sandikurnia/Katalon Studio/smallProject/Reports/20221028_212848/Cicle Staging Mobile App/Cicle Staging Mobile App/20221028_212848/1666967874111.png, /Users/sandikurnia/Katalon Studio/smallProject/Reports/20221028_212848/Cicle Staging Mobile App/Cicle Staging Mobile App/20221028_212848/1666968144213.png, /Users/sandikurnia/Katalon Studio/smallProject/Reports/20221028_212848/Cicle Staging Mobile App/Cicle Staging Mobile App/20221028_212848/1666968198371.png, /Users/sandikurnia/Katalon Studio/smallProject/Reports/20221028_212848/Cicle Staging Mobile App/Cicle Staging Mobile App/20221028_212848/1666968251777.png"/>
         <property name="hostName" value="sandikurnia - localhost"/>
         <property name="os" value="Mac OS X 64bit"/>
         <property name="appiumServerStatus" value="{&quot;value&quot;:{&quot;build&quot;:{&quot;version&quot;:&quot;1.22.3&quot;}},&quot;sessionId&quot;:null,&quot;status&quot;:0}"/>
         <property name="katalonVersion" value="8.4.1.208"/>
         <property name="deviceOS" value="Android"/>
         <property name="appiumVersion" value="1.22.3"/>
         <property name="deviceModel" value="Android SDK built for arm64"/>
         <property name="hostAddress" value="127.0.0.1"/>
         <property name="deviceManufacturer" value="Google"/>
         <property name="deviceId" value="emulator-5554"/>
         <property name="deviceName" value="emulator-5554 (Android SDK built for arm64 - Android 10)"/>
         <property name="deviceOSVersion" value="10"/>
      </properties>
      <testcase name="Test Cases/Board/TC_Board_CS-02" time="35.679" classname="Test Cases/Board/TC_Board_CS-02" status="PASSED">
         <system-out><![CDATA[2022-10-28 21:29:01 - [TEST_CASE][PASSED] - Test Cases/Board/TC_Board_CS-02: Test Cases/Board/TC_Board_CS-02

2022-10-28 21:29:02 - [TEST_STEP][PASSED] - callTestCase(findTestCase("Sign in/TC_Sign in_CS-40"), [:], STOP_ON_FAILURE): Call Test Case 'Test Cases/Sign in/TC_Sign in_CS-40' successfully

2022-10-28 21:29:02 - [TEST_CASE][PASSED] - Test Cases/Sign in/TC_Sign in_CS-40: Test Cases/Sign in/TC_Sign in_CS-40

2022-10-28 21:29:02 - [TEST_STEP][PASSED] - startApplication("/Users/sandikurnia/Downloads/apk-staging-for-iqbal.apk", false): Started app at: '/Users/sandikurnia/Downloads/apk-staging-for-iqbal.apk'

2022-10-28 21:29:03 - [MESSAGE][INFO] - Detected NodeJS location: "/opt/homebrew/Cellar/node/18.11.0/bin/node"

2022-10-28 21:29:04 - [MESSAGE][INFO] - Appium server started on port 51,479

2022-10-28 21:29:15 - [MESSAGE][PASSED] - Started app at: '/Users/sandikurnia/Downloads/apk-staging-for-iqbal.apk'

2022-10-28 21:29:15 - [TEST_STEP][PASSED] - tap(findTestObject("cicle.staging/Startup/YesButtonWhenOpenitApp"), 3, OPTIONAL): Object Object Repository/cicle.staging/Startup/YesButtonWhenOpenitApp not found

2022-10-28 21:29:18 - [MESSAGE][WARNING] - Object Object Repository/cicle.staging/Startup/YesButtonWhenOpenitApp not found

2022-10-28 21:29:18 - [TEST_STEP][PASSED] - tap(findTestObject("cicle.staging/Startup/SkipButtonWhenOpenitApp"), 3, OPTIONAL): Object Object Repository/cicle.staging/Startup/SkipButtonWhenOpenitApp not found

2022-10-28 21:29:21 - [MESSAGE][WARNING] - Object Object Repository/cicle.staging/Startup/SkipButtonWhenOpenitApp not found

2022-10-28 21:29:21 - [TEST_STEP][PASSED] - tap(findTestObject("cicle.staging/Startup/GotoSignInButton"), 3, OPTIONAL): Object Object Repository/cicle.staging/Startup/GotoSignInButton not found

2022-10-28 21:29:25 - [MESSAGE][WARNING] - Object Object Repository/cicle.staging/Startup/GotoSignInButton not found

2022-10-28 21:29:25 - [TEST_STEP][PASSED] - tap(findTestObject("cicle.staging/Startup/SignInwithGoogleAccount"), 3, OPTIONAL): Object Object Repository/cicle.staging/Startup/SignInwithGoogleAccount not found

2022-10-28 21:29:28 - [MESSAGE][WARNING] - Object Object Repository/cicle.staging/Startup/SignInwithGoogleAccount not found

2022-10-28 21:29:28 - [TEST_STEP][PASSED] - tap(findTestObject("cicle.staging/Startup/LayoutLoginwithMyAccount"), 3, OPTIONAL): Object Object Repository/cicle.staging/Startup/LayoutLoginwithMyAccount not found

2022-10-28 21:29:31 - [MESSAGE][WARNING] - Object Object Repository/cicle.staging/Startup/LayoutLoginwithMyAccount not found

2022-10-28 21:29:31 - [TEST_STEP][PASSED] - tap(findTestObject("cicle.staging/Startup/ChooseCompanyonYourListafterSignIn"), 3, OPTIONAL): Tapped on element 'Object Repository/cicle.staging/Startup/ChooseCompanyonYourListafterSignIn'

2022-10-28 21:29:31 - [MESSAGE][PASSED] - Tapped on element 'Object Repository/cicle.staging/Startup/ChooseCompanyonYourListafterSignIn'

2022-10-28 21:29:31 - [TEST_STEP][PASSED] - tap(findTestObject("cicle.staging/SekolahQAHeadQuarter/HeadquarterSekolahQA-MainPage"), 0, STOP_ON_FAILURE): Tapped on element 'Object Repository/cicle.staging/SekolahQAHeadQuarter/HeadquarterSekolahQA-MainPage'

2022-10-28 21:29:31 - [MESSAGE][WARNING] - Timeout '0' is invalid. Using default page load timeout: '30'

2022-10-28 21:29:32 - [MESSAGE][PASSED] - Tapped on element 'Object Repository/cicle.staging/SekolahQAHeadQuarter/HeadquarterSekolahQA-MainPage'

2022-10-28 21:29:32 - [MESSAGE][PASSED] - Call Test Case 'Test Cases/Sign in/TC_Sign in_CS-40' successfully

2022-10-28 21:29:32 - [TEST_STEP][PASSED] - tap(findTestObject("cicle.staging/Board/Board-Menu"), 0): Tapped on element 'Object Repository/cicle.staging/Board/Board-Menu'

2022-10-28 21:29:33 - [MESSAGE][WARNING] - Timeout '0' is invalid. Using default page load timeout: '30'

2022-10-28 21:29:33 - [MESSAGE][PASSED] - Tapped on element 'Object Repository/cicle.staging/Board/Board-Menu'

2022-10-28 21:29:33 - [TEST_STEP][PASSED] - tap(findTestObject("cicle.staging/Board/AddButtonOntheBottomRightSideBoard-Button"), 0): Tapped on element 'Object Repository/cicle.staging/Board/AddButtonOntheBottomRightSideBoard-Button'

2022-10-28 21:29:33 - [MESSAGE][WARNING] - Timeout '0' is invalid. Using default page load timeout: '30'

2022-10-28 21:29:34 - [MESSAGE][PASSED] - Tapped on element 'Object Repository/cicle.staging/Board/AddButtonOntheBottomRightSideBoard-Button'

2022-10-28 21:29:34 - [TEST_STEP][PASSED] - tap(findTestObject("cicle.staging/Board/Addnewlist-Field"), 0): Tapped on element 'Object Repository/cicle.staging/Board/Addnewlist-Field'

2022-10-28 21:29:34 - [MESSAGE][WARNING] - Timeout '0' is invalid. Using default page load timeout: '30'

2022-10-28 21:29:34 - [MESSAGE][PASSED] - Tapped on element 'Object Repository/cicle.staging/Board/Addnewlist-Field'

2022-10-28 21:29:34 - [TEST_STEP][PASSED] - setText(findTestObject("cicle.staging/Board/Addnewlist-Field"), variable, 0): Text 'Project by Sandi' has been set to element 'Object Repository/cicle.staging/Board/Addnewlist-Field'

2022-10-28 21:29:35 - [MESSAGE][WARNING] - Timeout '0' is invalid. Using default page load timeout: '30'

2022-10-28 21:29:35 - [MESSAGE][PASSED] - Text 'Project by Sandi' has been set to element 'Object Repository/cicle.staging/Board/Addnewlist-Field'

2022-10-28 21:29:35 - [TEST_STEP][PASSED] - tap(findTestObject("cicle.staging/Board/SubmitButton-Board"), 0): Tapped on element 'Object Repository/cicle.staging/Board/SubmitButton-Board'

2022-10-28 21:29:35 - [MESSAGE][WARNING] - Timeout '0' is invalid. Using default page load timeout: '30'

2022-10-28 21:29:37 - [MESSAGE][PASSED] - Tapped on element 'Object Repository/cicle.staging/Board/SubmitButton-Board']]></system-out>
         <system-err><![CDATA[]]></system-err>
      </testcase>
      <testcase name="Test Cases/Board/TC_Board_CS-03" time="27.266" classname="Test Cases/Board/TC_Board_CS-03" status="PASSED">
         <system-out><![CDATA[2022-10-28 21:29:37 - [TEST_CASE][PASSED] - Test Cases/Board/TC_Board_CS-03: Test Cases/Board/TC_Board_CS-03

2022-10-28 21:29:37 - [TEST_STEP][PASSED] - callTestCase(findTestCase("Sign in/TC_Sign in_CS-40"), [:], STOP_ON_FAILURE): Call Test Case 'Test Cases/Sign in/TC_Sign in_CS-40' successfully

2022-10-28 21:29:37 - [TEST_CASE][PASSED] - Test Cases/Sign in/TC_Sign in_CS-40: Test Cases/Sign in/TC_Sign in_CS-40

2022-10-28 21:29:37 - [TEST_STEP][PASSED] - startApplication("/Users/sandikurnia/Downloads/apk-staging-for-iqbal.apk", false): Started app at: '/Users/sandikurnia/Downloads/apk-staging-for-iqbal.apk'

2022-10-28 21:29:42 - [MESSAGE][PASSED] - Started app at: '/Users/sandikurnia/Downloads/apk-staging-for-iqbal.apk'

2022-10-28 21:29:42 - [TEST_STEP][PASSED] - tap(findTestObject("cicle.staging/Startup/YesButtonWhenOpenitApp"), 3, OPTIONAL): Object Object Repository/cicle.staging/Startup/YesButtonWhenOpenitApp not found

2022-10-28 21:29:45 - [MESSAGE][WARNING] - Object Object Repository/cicle.staging/Startup/YesButtonWhenOpenitApp not found

2022-10-28 21:29:45 - [TEST_STEP][PASSED] - tap(findTestObject("cicle.staging/Startup/SkipButtonWhenOpenitApp"), 3, OPTIONAL): Object Object Repository/cicle.staging/Startup/SkipButtonWhenOpenitApp not found

2022-10-28 21:29:49 - [MESSAGE][WARNING] - Object Object Repository/cicle.staging/Startup/SkipButtonWhenOpenitApp not found

2022-10-28 21:29:49 - [TEST_STEP][PASSED] - tap(findTestObject("cicle.staging/Startup/GotoSignInButton"), 3, OPTIONAL): Object Object Repository/cicle.staging/Startup/GotoSignInButton not found

2022-10-28 21:29:52 - [MESSAGE][WARNING] - Object Object Repository/cicle.staging/Startup/GotoSignInButton not found

2022-10-28 21:29:52 - [TEST_STEP][PASSED] - tap(findTestObject("cicle.staging/Startup/SignInwithGoogleAccount"), 3, OPTIONAL): Object Object Repository/cicle.staging/Startup/SignInwithGoogleAccount not found

2022-10-28 21:29:55 - [MESSAGE][WARNING] - Object Object Repository/cicle.staging/Startup/SignInwithGoogleAccount not found

2022-10-28 21:29:55 - [TEST_STEP][PASSED] - tap(findTestObject("cicle.staging/Startup/LayoutLoginwithMyAccount"), 3, OPTIONAL): Object Object Repository/cicle.staging/Startup/LayoutLoginwithMyAccount not found

2022-10-28 21:29:58 - [MESSAGE][WARNING] - Object Object Repository/cicle.staging/Startup/LayoutLoginwithMyAccount not found

2022-10-28 21:29:58 - [TEST_STEP][PASSED] - tap(findTestObject("cicle.staging/Startup/ChooseCompanyonYourListafterSignIn"), 3, OPTIONAL): Tapped on element 'Object Repository/cicle.staging/Startup/ChooseCompanyonYourListafterSignIn'

2022-10-28 21:29:58 - [MESSAGE][PASSED] - Tapped on element 'Object Repository/cicle.staging/Startup/ChooseCompanyonYourListafterSignIn'

2022-10-28 21:29:58 - [TEST_STEP][PASSED] - tap(findTestObject("cicle.staging/SekolahQAHeadQuarter/HeadquarterSekolahQA-MainPage"), 0, STOP_ON_FAILURE): Tapped on element 'Object Repository/cicle.staging/SekolahQAHeadQuarter/HeadquarterSekolahQA-MainPage'

2022-10-28 21:29:58 - [MESSAGE][WARNING] - Timeout '0' is invalid. Using default page load timeout: '30'

2022-10-28 21:29:59 - [MESSAGE][PASSED] - Tapped on element 'Object Repository/cicle.staging/SekolahQAHeadQuarter/HeadquarterSekolahQA-MainPage'

2022-10-28 21:29:59 - [MESSAGE][PASSED] - Call Test Case 'Test Cases/Sign in/TC_Sign in_CS-40' successfully

2022-10-28 21:29:59 - [TEST_STEP][PASSED] - tap(findTestObject("cicle.staging/Board/Board-Menu"), 0): Tapped on element 'Object Repository/cicle.staging/Board/Board-Menu'

2022-10-28 21:30:00 - [MESSAGE][WARNING] - Timeout '0' is invalid. Using default page load timeout: '30'

2022-10-28 21:30:00 - [MESSAGE][PASSED] - Tapped on element 'Object Repository/cicle.staging/Board/Board-Menu'

2022-10-28 21:30:00 - [TEST_STEP][PASSED] - tap(findTestObject("cicle.staging/Board/AddButtonOntheBottomRightSideBoard-Button"), 0): Tapped on element 'Object Repository/cicle.staging/Board/AddButtonOntheBottomRightSideBoard-Button'

2022-10-28 21:30:00 - [MESSAGE][WARNING] - Timeout '0' is invalid. Using default page load timeout: '30'

2022-10-28 21:30:03 - [MESSAGE][PASSED] - Tapped on element 'Object Repository/cicle.staging/Board/AddButtonOntheBottomRightSideBoard-Button'

2022-10-28 21:30:03 - [TEST_STEP][PASSED] - tap(findTestObject("cicle.staging/Board/Addnewlist-Field"), 0): Tapped on element 'Object Repository/cicle.staging/Board/Addnewlist-Field'

2022-10-28 21:30:03 - [MESSAGE][WARNING] - Timeout '0' is invalid. Using default page load timeout: '30'

2022-10-28 21:30:03 - [MESSAGE][PASSED] - Tapped on element 'Object Repository/cicle.staging/Board/Addnewlist-Field'

2022-10-28 21:30:03 - [TEST_STEP][PASSED] - setText(findTestObject("cicle.staging/Board/Addnewlist-Field"), "", 0): Text '' has been set to element 'Object Repository/cicle.staging/Board/Addnewlist-Field'

2022-10-28 21:30:03 - [MESSAGE][WARNING] - Timeout '0' is invalid. Using default page load timeout: '30'

2022-10-28 21:30:03 - [MESSAGE][PASSED] - Text '' has been set to element 'Object Repository/cicle.staging/Board/Addnewlist-Field'

2022-10-28 21:30:03 - [TEST_STEP][PASSED] - tap(findTestObject("cicle.staging/Board/SubmitButton-Board"), 0): Tapped on element 'Object Repository/cicle.staging/Board/SubmitButton-Board'

2022-10-28 21:30:03 - [MESSAGE][WARNING] - Timeout '0' is invalid. Using default page load timeout: '30'

2022-10-28 21:30:04 - [MESSAGE][PASSED] - Tapped on element 'Object Repository/cicle.staging/Board/SubmitButton-Board']]></system-out>
         <system-err><![CDATA[]]></system-err>
      </testcase>
      <testcase name="Test Cases/Board/TC_Board_CS-04" time="26.791" classname="Test Cases/Board/TC_Board_CS-04" status="PASSED">
         <system-out><![CDATA[2022-10-28 21:30:04 - [TEST_CASE][PASSED] - Test Cases/Board/TC_Board_CS-04: Test Cases/Board/TC_Board_CS-04

2022-10-28 21:30:04 - [TEST_STEP][PASSED] - callTestCase(findTestCase("Sign in/TC_Sign in_CS-40"), [:], STOP_ON_FAILURE): Call Test Case 'Test Cases/Sign in/TC_Sign in_CS-40' successfully

2022-10-28 21:30:04 - [TEST_CASE][PASSED] - Test Cases/Sign in/TC_Sign in_CS-40: Test Cases/Sign in/TC_Sign in_CS-40

2022-10-28 21:30:04 - [TEST_STEP][PASSED] - startApplication("/Users/sandikurnia/Downloads/apk-staging-for-iqbal.apk", false): Started app at: '/Users/sandikurnia/Downloads/apk-staging-for-iqbal.apk'

2022-10-28 21:30:09 - [MESSAGE][PASSED] - Started app at: '/Users/sandikurnia/Downloads/apk-staging-for-iqbal.apk'

2022-10-28 21:30:09 - [TEST_STEP][PASSED] - tap(findTestObject("cicle.staging/Startup/YesButtonWhenOpenitApp"), 3, OPTIONAL): Object Object Repository/cicle.staging/Startup/YesButtonWhenOpenitApp not found

2022-10-28 21:30:13 - [MESSAGE][WARNING] - Object Object Repository/cicle.staging/Startup/YesButtonWhenOpenitApp not found

2022-10-28 21:30:13 - [TEST_STEP][PASSED] - tap(findTestObject("cicle.staging/Startup/SkipButtonWhenOpenitApp"), 3, OPTIONAL): Object Object Repository/cicle.staging/Startup/SkipButtonWhenOpenitApp not found

2022-10-28 21:30:16 - [MESSAGE][WARNING] - Object Object Repository/cicle.staging/Startup/SkipButtonWhenOpenitApp not found

2022-10-28 21:30:16 - [TEST_STEP][PASSED] - tap(findTestObject("cicle.staging/Startup/GotoSignInButton"), 3, OPTIONAL): Object Object Repository/cicle.staging/Startup/GotoSignInButton not found

2022-10-28 21:30:19 - [MESSAGE][WARNING] - Object Object Repository/cicle.staging/Startup/GotoSignInButton not found

2022-10-28 21:30:19 - [TEST_STEP][PASSED] - tap(findTestObject("cicle.staging/Startup/SignInwithGoogleAccount"), 3, OPTIONAL): Object Object Repository/cicle.staging/Startup/SignInwithGoogleAccount not found

2022-10-28 21:30:22 - [MESSAGE][WARNING] - Object Object Repository/cicle.staging/Startup/SignInwithGoogleAccount not found

2022-10-28 21:30:22 - [TEST_STEP][PASSED] - tap(findTestObject("cicle.staging/Startup/LayoutLoginwithMyAccount"), 3, OPTIONAL): Object Object Repository/cicle.staging/Startup/LayoutLoginwithMyAccount not found

2022-10-28 21:30:25 - [MESSAGE][WARNING] - Object Object Repository/cicle.staging/Startup/LayoutLoginwithMyAccount not found

2022-10-28 21:30:25 - [TEST_STEP][PASSED] - tap(findTestObject("cicle.staging/Startup/ChooseCompanyonYourListafterSignIn"), 3, OPTIONAL): Tapped on element 'Object Repository/cicle.staging/Startup/ChooseCompanyonYourListafterSignIn'

2022-10-28 21:30:25 - [MESSAGE][PASSED] - Tapped on element 'Object Repository/cicle.staging/Startup/ChooseCompanyonYourListafterSignIn'

2022-10-28 21:30:25 - [TEST_STEP][PASSED] - tap(findTestObject("cicle.staging/SekolahQAHeadQuarter/HeadquarterSekolahQA-MainPage"), 0, STOP_ON_FAILURE): Tapped on element 'Object Repository/cicle.staging/SekolahQAHeadQuarter/HeadquarterSekolahQA-MainPage'

2022-10-28 21:30:25 - [MESSAGE][WARNING] - Timeout '0' is invalid. Using default page load timeout: '30'

2022-10-28 21:30:27 - [MESSAGE][PASSED] - Tapped on element 'Object Repository/cicle.staging/SekolahQAHeadQuarter/HeadquarterSekolahQA-MainPage'

2022-10-28 21:30:27 - [MESSAGE][PASSED] - Call Test Case 'Test Cases/Sign in/TC_Sign in_CS-40' successfully

2022-10-28 21:30:27 - [TEST_STEP][PASSED] - tap(findTestObject("cicle.staging/Board/Board-Menu"), 0): Tapped on element 'Object Repository/cicle.staging/Board/Board-Menu'

2022-10-28 21:30:27 - [MESSAGE][WARNING] - Timeout '0' is invalid. Using default page load timeout: '30'

2022-10-28 21:30:27 - [MESSAGE][PASSED] - Tapped on element 'Object Repository/cicle.staging/Board/Board-Menu'

2022-10-28 21:30:27 - [TEST_STEP][PASSED] - tap(findTestObject("cicle.staging/Board/Card/AddNewCard-Button"), 0): Tapped on element 'Object Repository/cicle.staging/Board/Card/AddNewCard-Button'

2022-10-28 21:30:27 - [MESSAGE][WARNING] - Timeout '0' is invalid. Using default page load timeout: '30'

2022-10-28 21:30:29 - [MESSAGE][PASSED] - Tapped on element 'Object Repository/cicle.staging/Board/Card/AddNewCard-Button'

2022-10-28 21:30:29 - [TEST_STEP][PASSED] - tap(findTestObject("cicle.staging/Board/Card/YourCardName-Field"), 0): Tapped on element 'Object Repository/cicle.staging/Board/Card/YourCardName-Field'

2022-10-28 21:30:29 - [MESSAGE][WARNING] - Timeout '0' is invalid. Using default page load timeout: '30'

2022-10-28 21:30:29 - [MESSAGE][PASSED] - Tapped on element 'Object Repository/cicle.staging/Board/Card/YourCardName-Field'

2022-10-28 21:30:29 - [TEST_STEP][PASSED] - setText(findTestObject("cicle.staging/Board/Card/YourCardName-Field"), findTestData("Board/cardUser").getValue(1, 1), 0): Text 'Sandi' has been set to element 'Object Repository/cicle.staging/Board/Card/YourCardName-Field'

2022-10-28 21:30:29 - [MESSAGE][WARNING] - Timeout '0' is invalid. Using default page load timeout: '30'

2022-10-28 21:30:29 - [MESSAGE][PASSED] - Text 'Sandi' has been set to element 'Object Repository/cicle.staging/Board/Card/YourCardName-Field'

2022-10-28 21:30:29 - [TEST_STEP][PASSED] - tap(findTestObject("cicle.staging/Board/Check-Button"), 0): Tapped on element 'Object Repository/cicle.staging/Board/Check-Button'

2022-10-28 21:30:29 - [MESSAGE][WARNING] - Timeout '0' is invalid. Using default page load timeout: '30'

2022-10-28 21:30:31 - [MESSAGE][PASSED] - Tapped on element 'Object Repository/cicle.staging/Board/Check-Button']]></system-out>
         <system-err><![CDATA[]]></system-err>
      </testcase>
      <testcase name="Test Cases/Board/TC_Board_CS-05" time="25.028" classname="Test Cases/Board/TC_Board_CS-05" status="PASSED">
         <system-out><![CDATA[2022-10-28 21:30:31 - [TEST_CASE][PASSED] - Test Cases/Board/TC_Board_CS-05: Test Cases/Board/TC_Board_CS-05

2022-10-28 21:30:31 - [TEST_STEP][PASSED] - callTestCase(findTestCase("Sign in/TC_Sign in_CS-40"), [:], STOP_ON_FAILURE): Call Test Case 'Test Cases/Sign in/TC_Sign in_CS-40' successfully

2022-10-28 21:30:31 - [TEST_CASE][PASSED] - Test Cases/Sign in/TC_Sign in_CS-40: Test Cases/Sign in/TC_Sign in_CS-40

2022-10-28 21:30:31 - [TEST_STEP][PASSED] - startApplication("/Users/sandikurnia/Downloads/apk-staging-for-iqbal.apk", false): Started app at: '/Users/sandikurnia/Downloads/apk-staging-for-iqbal.apk'

2022-10-28 21:30:36 - [MESSAGE][PASSED] - Started app at: '/Users/sandikurnia/Downloads/apk-staging-for-iqbal.apk'

2022-10-28 21:30:36 - [TEST_STEP][PASSED] - tap(findTestObject("cicle.staging/Startup/YesButtonWhenOpenitApp"), 3, OPTIONAL): Object Object Repository/cicle.staging/Startup/YesButtonWhenOpenitApp not found

2022-10-28 21:30:39 - [MESSAGE][WARNING] - Object Object Repository/cicle.staging/Startup/YesButtonWhenOpenitApp not found

2022-10-28 21:30:39 - [TEST_STEP][PASSED] - tap(findTestObject("cicle.staging/Startup/SkipButtonWhenOpenitApp"), 3, OPTIONAL): Object Object Repository/cicle.staging/Startup/SkipButtonWhenOpenitApp not found

2022-10-28 21:30:43 - [MESSAGE][WARNING] - Object Object Repository/cicle.staging/Startup/SkipButtonWhenOpenitApp not found

2022-10-28 21:30:43 - [TEST_STEP][PASSED] - tap(findTestObject("cicle.staging/Startup/GotoSignInButton"), 3, OPTIONAL): Object Object Repository/cicle.staging/Startup/GotoSignInButton not found

2022-10-28 21:30:46 - [MESSAGE][WARNING] - Object Object Repository/cicle.staging/Startup/GotoSignInButton not found

2022-10-28 21:30:46 - [TEST_STEP][PASSED] - tap(findTestObject("cicle.staging/Startup/SignInwithGoogleAccount"), 3, OPTIONAL): Object Object Repository/cicle.staging/Startup/SignInwithGoogleAccount not found

2022-10-28 21:30:49 - [MESSAGE][WARNING] - Object Object Repository/cicle.staging/Startup/SignInwithGoogleAccount not found

2022-10-28 21:30:49 - [TEST_STEP][PASSED] - tap(findTestObject("cicle.staging/Startup/LayoutLoginwithMyAccount"), 3, OPTIONAL): Object Object Repository/cicle.staging/Startup/LayoutLoginwithMyAccount not found

2022-10-28 21:30:52 - [MESSAGE][WARNING] - Object Object Repository/cicle.staging/Startup/LayoutLoginwithMyAccount not found

2022-10-28 21:30:52 - [TEST_STEP][PASSED] - tap(findTestObject("cicle.staging/Startup/ChooseCompanyonYourListafterSignIn"), 3, OPTIONAL): Tapped on element 'Object Repository/cicle.staging/Startup/ChooseCompanyonYourListafterSignIn'

2022-10-28 21:30:52 - [MESSAGE][PASSED] - Tapped on element 'Object Repository/cicle.staging/Startup/ChooseCompanyonYourListafterSignIn'

2022-10-28 21:30:52 - [TEST_STEP][PASSED] - tap(findTestObject("cicle.staging/SekolahQAHeadQuarter/HeadquarterSekolahQA-MainPage"), 0, STOP_ON_FAILURE): Tapped on element 'Object Repository/cicle.staging/SekolahQAHeadQuarter/HeadquarterSekolahQA-MainPage'

2022-10-28 21:30:52 - [MESSAGE][WARNING] - Timeout '0' is invalid. Using default page load timeout: '30'

2022-10-28 21:30:54 - [MESSAGE][PASSED] - Tapped on element 'Object Repository/cicle.staging/SekolahQAHeadQuarter/HeadquarterSekolahQA-MainPage'

2022-10-28 21:30:54 - [MESSAGE][PASSED] - Call Test Case 'Test Cases/Sign in/TC_Sign in_CS-40' successfully

2022-10-28 21:30:54 - [TEST_STEP][PASSED] - tap(findTestObject("cicle.staging/Board/Board-Menu"), 0): Tapped on element 'Object Repository/cicle.staging/Board/Board-Menu'

2022-10-28 21:30:54 - [MESSAGE][WARNING] - Timeout '0' is invalid. Using default page load timeout: '30'

2022-10-28 21:30:54 - [MESSAGE][PASSED] - Tapped on element 'Object Repository/cicle.staging/Board/Board-Menu'

2022-10-28 21:30:54 - [TEST_STEP][PASSED] - tap(findTestObject("cicle.staging/Board/Card/AddNewCard-Button"), 0): Tapped on element 'Object Repository/cicle.staging/Board/Card/AddNewCard-Button'

2022-10-28 21:30:54 - [MESSAGE][WARNING] - Timeout '0' is invalid. Using default page load timeout: '30'

2022-10-28 21:30:56 - [MESSAGE][PASSED] - Tapped on element 'Object Repository/cicle.staging/Board/Card/AddNewCard-Button'

2022-10-28 21:30:56 - [TEST_STEP][PASSED] - tap(findTestObject("cicle.staging/Board/Card/YourCardName-Field"), 0): Tapped on element 'Object Repository/cicle.staging/Board/Card/YourCardName-Field'

2022-10-28 21:30:56 - [MESSAGE][WARNING] - Timeout '0' is invalid. Using default page load timeout: '30'

2022-10-28 21:30:56 - [MESSAGE][PASSED] - Tapped on element 'Object Repository/cicle.staging/Board/Card/YourCardName-Field'

2022-10-28 21:30:56 - [TEST_STEP][PASSED] - setText(findTestObject("cicle.staging/Board/Card/YourCardName-Field"), "", 0): Text '' has been set to element 'Object Repository/cicle.staging/Board/Card/YourCardName-Field'

2022-10-28 21:30:56 - [MESSAGE][WARNING] - Timeout '0' is invalid. Using default page load timeout: '30'

2022-10-28 21:30:56 - [MESSAGE][PASSED] - Text '' has been set to element 'Object Repository/cicle.staging/Board/Card/YourCardName-Field'

2022-10-28 21:30:56 - [TEST_STEP][PASSED] - tap(findTestObject("cicle.staging/Board/Check-Button"), 0): Tapped on element 'Object Repository/cicle.staging/Board/Check-Button'

2022-10-28 21:30:56 - [MESSAGE][WARNING] - Timeout '0' is invalid. Using default page load timeout: '30'

2022-10-28 21:30:56 - [MESSAGE][PASSED] - Tapped on element 'Object Repository/cicle.staging/Board/Check-Button']]></system-out>
         <system-err><![CDATA[]]></system-err>
      </testcase>
      <testcase name="Test Cases/Board/TC_Board_CS-06" time="60.598" classname="Test Cases/Board/TC_Board_CS-06" status="PASSED">
         <system-out><![CDATA[2022-10-28 21:30:56 - [TEST_CASE][PASSED] - Test Cases/Board/TC_Board_CS-06: Test Cases/Board/TC_Board_CS-06

2022-10-28 21:30:56 - [TEST_STEP][PASSED] - callTestCase(findTestCase("Sign in/TC_Sign in_CS-40"), [:], STOP_ON_FAILURE): Call Test Case 'Test Cases/Sign in/TC_Sign in_CS-40' successfully

2022-10-28 21:30:56 - [TEST_CASE][PASSED] - Test Cases/Sign in/TC_Sign in_CS-40: Test Cases/Sign in/TC_Sign in_CS-40

2022-10-28 21:30:56 - [TEST_STEP][PASSED] - startApplication("/Users/sandikurnia/Downloads/apk-staging-for-iqbal.apk", false): Started app at: '/Users/sandikurnia/Downloads/apk-staging-for-iqbal.apk'

2022-10-28 21:31:01 - [MESSAGE][PASSED] - Started app at: '/Users/sandikurnia/Downloads/apk-staging-for-iqbal.apk'

2022-10-28 21:31:01 - [TEST_STEP][PASSED] - tap(findTestObject("cicle.staging/Startup/YesButtonWhenOpenitApp"), 3, OPTIONAL): Object Object Repository/cicle.staging/Startup/YesButtonWhenOpenitApp not found

2022-10-28 21:31:04 - [MESSAGE][WARNING] - Object Object Repository/cicle.staging/Startup/YesButtonWhenOpenitApp not found

2022-10-28 21:31:04 - [TEST_STEP][PASSED] - tap(findTestObject("cicle.staging/Startup/SkipButtonWhenOpenitApp"), 3, OPTIONAL): Object Object Repository/cicle.staging/Startup/SkipButtonWhenOpenitApp not found

2022-10-28 21:31:08 - [MESSAGE][WARNING] - Object Object Repository/cicle.staging/Startup/SkipButtonWhenOpenitApp not found

2022-10-28 21:31:08 - [TEST_STEP][PASSED] - tap(findTestObject("cicle.staging/Startup/GotoSignInButton"), 3, OPTIONAL): Object Object Repository/cicle.staging/Startup/GotoSignInButton not found

2022-10-28 21:31:11 - [MESSAGE][WARNING] - Object Object Repository/cicle.staging/Startup/GotoSignInButton not found

2022-10-28 21:31:11 - [TEST_STEP][PASSED] - tap(findTestObject("cicle.staging/Startup/SignInwithGoogleAccount"), 3, OPTIONAL): Object Object Repository/cicle.staging/Startup/SignInwithGoogleAccount not found

2022-10-28 21:31:14 - [MESSAGE][WARNING] - Object Object Repository/cicle.staging/Startup/SignInwithGoogleAccount not found

2022-10-28 21:31:14 - [TEST_STEP][PASSED] - tap(findTestObject("cicle.staging/Startup/LayoutLoginwithMyAccount"), 3, OPTIONAL): Object Object Repository/cicle.staging/Startup/LayoutLoginwithMyAccount not found

2022-10-28 21:31:17 - [MESSAGE][WARNING] - Object Object Repository/cicle.staging/Startup/LayoutLoginwithMyAccount not found

2022-10-28 21:31:17 - [TEST_STEP][PASSED] - tap(findTestObject("cicle.staging/Startup/ChooseCompanyonYourListafterSignIn"), 3, OPTIONAL): Tapped on element 'Object Repository/cicle.staging/Startup/ChooseCompanyonYourListafterSignIn'

2022-10-28 21:31:17 - [MESSAGE][PASSED] - Tapped on element 'Object Repository/cicle.staging/Startup/ChooseCompanyonYourListafterSignIn'

2022-10-28 21:31:17 - [TEST_STEP][PASSED] - tap(findTestObject("cicle.staging/SekolahQAHeadQuarter/HeadquarterSekolahQA-MainPage"), 0, STOP_ON_FAILURE): Tapped on element 'Object Repository/cicle.staging/SekolahQAHeadQuarter/HeadquarterSekolahQA-MainPage'

2022-10-28 21:31:17 - [MESSAGE][WARNING] - Timeout '0' is invalid. Using default page load timeout: '30'

2022-10-28 21:31:19 - [MESSAGE][PASSED] - Tapped on element 'Object Repository/cicle.staging/SekolahQAHeadQuarter/HeadquarterSekolahQA-MainPage'

2022-10-28 21:31:19 - [MESSAGE][PASSED] - Call Test Case 'Test Cases/Sign in/TC_Sign in_CS-40' successfully

2022-10-28 21:31:19 - [TEST_STEP][PASSED] - tap(findTestObject("cicle.staging/Board/Board-Menu"), 0): Tapped on element 'Object Repository/cicle.staging/Board/Board-Menu'

2022-10-28 21:31:19 - [MESSAGE][WARNING] - Timeout '0' is invalid. Using default page load timeout: '30'

2022-10-28 21:31:19 - [MESSAGE][PASSED] - Tapped on element 'Object Repository/cicle.staging/Board/Board-Menu'

2022-10-28 21:31:19 - [TEST_STEP][PASSED] - tap(findTestObject("cicle.staging/Board/Card/userCardAccount"), 0): Tapped on element 'Object Repository/cicle.staging/Board/Card/userCardAccount'

2022-10-28 21:31:19 - [MESSAGE][WARNING] - Timeout '0' is invalid. Using default page load timeout: '30'

2022-10-28 21:31:20 - [MESSAGE][PASSED] - Tapped on element 'Object Repository/cicle.staging/Board/Card/userCardAccount'

2022-10-28 21:31:20 - [TEST_STEP][PASSED] - tap(findTestObject("cicle.staging/Board/Label/Label-Button"), 0): Tapped on element 'Object Repository/cicle.staging/Board/Label/Label-Button'

2022-10-28 21:31:20 - [MESSAGE][WARNING] - Timeout '0' is invalid. Using default page load timeout: '30'

2022-10-28 21:31:21 - [MESSAGE][PASSED] - Tapped on element 'Object Repository/cicle.staging/Board/Label/Label-Button'

2022-10-28 21:31:21 - [TEST_STEP][PASSED] - tap(findTestObject("cicle.staging/Board/Label/Label-CreateNewLabel"), 0, OPTIONAL): Object Object Repository/cicle.staging/Board/Label/Label-CreateNewLabel not found

2022-10-28 21:31:21 - [MESSAGE][WARNING] - Timeout '0' is invalid. Using default page load timeout: '30'

2022-10-28 21:31:51 - [MESSAGE][WARNING] - Object Object Repository/cicle.staging/Board/Label/Label-CreateNewLabel not found

2022-10-28 21:31:51 - [TEST_STEP][PASSED] - tap(findTestObject("cicle.staging/Board/Label/NameYourLabel-Field"), 0): Tapped on element 'Object Repository/cicle.staging/Board/Label/NameYourLabel-Field'

2022-10-28 21:31:52 - [MESSAGE][WARNING] - Timeout '0' is invalid. Using default page load timeout: '30'

2022-10-28 21:31:52 - [MESSAGE][PASSED] - Tapped on element 'Object Repository/cicle.staging/Board/Label/NameYourLabel-Field'

2022-10-28 21:31:52 - [TEST_STEP][PASSED] - setText(findTestObject("cicle.staging/Board/Label/NameYourLabel-Field"), Day1, 0): Text 'Sunday' has been set to element 'Object Repository/cicle.staging/Board/Label/NameYourLabel-Field'

2022-10-28 21:31:52 - [MESSAGE][WARNING] - Timeout '0' is invalid. Using default page load timeout: '30'

2022-10-28 21:31:52 - [MESSAGE][PASSED] - Text 'Sunday' has been set to element 'Object Repository/cicle.staging/Board/Label/NameYourLabel-Field'

2022-10-28 21:31:52 - [TEST_STEP][PASSED] - tap(findTestObject("cicle.staging/Board/Label/LabelColor-Green01"), 0): Tapped on element 'Object Repository/cicle.staging/Board/Label/LabelColor-Green01'

2022-10-28 21:31:53 - [MESSAGE][WARNING] - Timeout '0' is invalid. Using default page load timeout: '30'

2022-10-28 21:31:53 - [MESSAGE][PASSED] - Tapped on element 'Object Repository/cicle.staging/Board/Label/LabelColor-Green01'

2022-10-28 21:31:53 - [TEST_STEP][PASSED] - hideKeyboard(): Keyboard is hidden

2022-10-28 21:31:54 - [MESSAGE][PASSED] - Keyboard is hidden

2022-10-28 21:31:54 - [TEST_STEP][PASSED] - tap(findTestObject("cicle.staging/Board/Label/SubmitLabel-Button"), 0): Tapped on element 'Object Repository/cicle.staging/Board/Label/SubmitLabel-Button'

2022-10-28 21:31:54 - [MESSAGE][WARNING] - Timeout '0' is invalid. Using default page load timeout: '30'

2022-10-28 21:31:56 - [MESSAGE][PASSED] - Tapped on element 'Object Repository/cicle.staging/Board/Label/SubmitLabel-Button'

2022-10-28 21:31:56 - [TEST_STEP][PASSED] - verifyElementVisible(findTestObject("cicle.staging/Board/Label/Assertion-Label-CreatingLabelForThisBoardSuccess"), 0): Element 'Object Repository/cicle.staging/Board/Label/Assertion-Label-CreatingLabelForThisBoardSuccess' is visible

2022-10-28 21:31:56 - [MESSAGE][WARNING] - Timeout '0' is invalid. Using default page load timeout: '30'

2022-10-28 21:31:57 - [MESSAGE][PASSED] - Element 'Object Repository/cicle.staging/Board/Label/Assertion-Label-CreatingLabelForThisBoardSuccess' is visible]]></system-out>
         <system-err><![CDATA[]]></system-err>
      </testcase>
      <testcase name="Test Cases/Board/TC_Board_CS-07" time="29.455" classname="Test Cases/Board/TC_Board_CS-07" status="PASSED">
         <system-out><![CDATA[2022-10-28 21:31:57 - [TEST_CASE][PASSED] - Test Cases/Board/TC_Board_CS-07: Test Cases/Board/TC_Board_CS-07

2022-10-28 21:31:57 - [TEST_STEP][PASSED] - callTestCase(findTestCase("Sign in/TC_Sign in_CS-40"), [:], STOP_ON_FAILURE): Call Test Case 'Test Cases/Sign in/TC_Sign in_CS-40' successfully

2022-10-28 21:31:57 - [TEST_CASE][PASSED] - Test Cases/Sign in/TC_Sign in_CS-40: Test Cases/Sign in/TC_Sign in_CS-40

2022-10-28 21:31:57 - [TEST_STEP][PASSED] - startApplication("/Users/sandikurnia/Downloads/apk-staging-for-iqbal.apk", false): Started app at: '/Users/sandikurnia/Downloads/apk-staging-for-iqbal.apk'

2022-10-28 21:32:02 - [MESSAGE][PASSED] - Started app at: '/Users/sandikurnia/Downloads/apk-staging-for-iqbal.apk'

2022-10-28 21:32:02 - [TEST_STEP][PASSED] - tap(findTestObject("cicle.staging/Startup/YesButtonWhenOpenitApp"), 3, OPTIONAL): Object Object Repository/cicle.staging/Startup/YesButtonWhenOpenitApp not found

2022-10-28 21:32:05 - [MESSAGE][WARNING] - Object Object Repository/cicle.staging/Startup/YesButtonWhenOpenitApp not found

2022-10-28 21:32:05 - [TEST_STEP][PASSED] - tap(findTestObject("cicle.staging/Startup/SkipButtonWhenOpenitApp"), 3, OPTIONAL): Object Object Repository/cicle.staging/Startup/SkipButtonWhenOpenitApp not found

2022-10-28 21:32:08 - [MESSAGE][WARNING] - Object Object Repository/cicle.staging/Startup/SkipButtonWhenOpenitApp not found

2022-10-28 21:32:08 - [TEST_STEP][PASSED] - tap(findTestObject("cicle.staging/Startup/GotoSignInButton"), 3, OPTIONAL): Object Object Repository/cicle.staging/Startup/GotoSignInButton not found

2022-10-28 21:32:11 - [MESSAGE][WARNING] - Object Object Repository/cicle.staging/Startup/GotoSignInButton not found

2022-10-28 21:32:11 - [TEST_STEP][PASSED] - tap(findTestObject("cicle.staging/Startup/SignInwithGoogleAccount"), 3, OPTIONAL): Object Object Repository/cicle.staging/Startup/SignInwithGoogleAccount not found

2022-10-28 21:32:14 - [MESSAGE][WARNING] - Object Object Repository/cicle.staging/Startup/SignInwithGoogleAccount not found

2022-10-28 21:32:14 - [TEST_STEP][PASSED] - tap(findTestObject("cicle.staging/Startup/LayoutLoginwithMyAccount"), 3, OPTIONAL): Object Object Repository/cicle.staging/Startup/LayoutLoginwithMyAccount not found

2022-10-28 21:32:18 - [MESSAGE][WARNING] - Object Object Repository/cicle.staging/Startup/LayoutLoginwithMyAccount not found

2022-10-28 21:32:18 - [TEST_STEP][PASSED] - tap(findTestObject("cicle.staging/Startup/ChooseCompanyonYourListafterSignIn"), 3, OPTIONAL): Tapped on element 'Object Repository/cicle.staging/Startup/ChooseCompanyonYourListafterSignIn'

2022-10-28 21:32:18 - [MESSAGE][PASSED] - Tapped on element 'Object Repository/cicle.staging/Startup/ChooseCompanyonYourListafterSignIn'

2022-10-28 21:32:18 - [TEST_STEP][PASSED] - tap(findTestObject("cicle.staging/SekolahQAHeadQuarter/HeadquarterSekolahQA-MainPage"), 0, STOP_ON_FAILURE): Tapped on element 'Object Repository/cicle.staging/SekolahQAHeadQuarter/HeadquarterSekolahQA-MainPage'

2022-10-28 21:32:18 - [MESSAGE][WARNING] - Timeout '0' is invalid. Using default page load timeout: '30'

2022-10-28 21:32:19 - [MESSAGE][PASSED] - Tapped on element 'Object Repository/cicle.staging/SekolahQAHeadQuarter/HeadquarterSekolahQA-MainPage'

2022-10-28 21:32:19 - [MESSAGE][PASSED] - Call Test Case 'Test Cases/Sign in/TC_Sign in_CS-40' successfully

2022-10-28 21:32:19 - [TEST_STEP][PASSED] - tap(findTestObject("cicle.staging/Board/Board-Menu"), 0): Tapped on element 'Object Repository/cicle.staging/Board/Board-Menu'

2022-10-28 21:32:19 - [MESSAGE][WARNING] - Timeout '0' is invalid. Using default page load timeout: '30'

2022-10-28 21:32:19 - [MESSAGE][PASSED] - Tapped on element 'Object Repository/cicle.staging/Board/Board-Menu'

2022-10-28 21:32:19 - [TEST_STEP][PASSED] - tap(findTestObject("cicle.staging/Board/Card/userCardAccount"), 0): Tapped on element 'Object Repository/cicle.staging/Board/Card/userCardAccount'

2022-10-28 21:32:19 - [MESSAGE][WARNING] - Timeout '0' is invalid. Using default page load timeout: '30'

2022-10-28 21:32:20 - [MESSAGE][PASSED] - Tapped on element 'Object Repository/cicle.staging/Board/Card/userCardAccount'

2022-10-28 21:32:20 - [TEST_STEP][PASSED] - tap(findTestObject("cicle.staging/Board/Label/Label-Button"), 0): Tapped on element 'Object Repository/cicle.staging/Board/Label/Label-Button'

2022-10-28 21:32:20 - [MESSAGE][WARNING] - Timeout '0' is invalid. Using default page load timeout: '30'

2022-10-28 21:32:23 - [MESSAGE][PASSED] - Tapped on element 'Object Repository/cicle.staging/Board/Label/Label-Button'

2022-10-28 21:32:23 - [TEST_STEP][PASSED] - tap(findTestObject("cicle.staging/Board/Label/Label-CreateNewLabel"), 3, OPTIONAL): Tapped on element 'Object Repository/cicle.staging/Board/Label/Label-CreateNewLabel'

2022-10-28 21:32:23 - [MESSAGE][PASSED] - Tapped on element 'Object Repository/cicle.staging/Board/Label/Label-CreateNewLabel'

2022-10-28 21:32:23 - [TEST_STEP][PASSED] - tap(findTestObject("cicle.staging/Board/Label/NameYourLabel-Field"), 0): Tapped on element 'Object Repository/cicle.staging/Board/Label/NameYourLabel-Field'

2022-10-28 21:32:23 - [MESSAGE][WARNING] - Timeout '0' is invalid. Using default page load timeout: '30'

2022-10-28 21:32:24 - [MESSAGE][PASSED] - Tapped on element 'Object Repository/cicle.staging/Board/Label/NameYourLabel-Field'

2022-10-28 21:32:24 - [TEST_STEP][PASSED] - setText(findTestObject("cicle.staging/Board/Label/NameYourLabel-Field"), "", 0): Text '' has been set to element 'Object Repository/cicle.staging/Board/Label/NameYourLabel-Field'

2022-10-28 21:32:24 - [MESSAGE][WARNING] - Timeout '0' is invalid. Using default page load timeout: '30'

2022-10-28 21:32:24 - [MESSAGE][PASSED] - Text '' has been set to element 'Object Repository/cicle.staging/Board/Label/NameYourLabel-Field'

2022-10-28 21:32:24 - [TEST_STEP][PASSED] - tap(findTestObject("cicle.staging/Board/Label/LabelColor-Navy01"), 0): Tapped on element 'Object Repository/cicle.staging/Board/Label/LabelColor-Navy01'

2022-10-28 21:32:24 - [MESSAGE][WARNING] - Timeout '0' is invalid. Using default page load timeout: '30'

2022-10-28 21:32:25 - [MESSAGE][PASSED] - Tapped on element 'Object Repository/cicle.staging/Board/Label/LabelColor-Navy01'

2022-10-28 21:32:25 - [TEST_STEP][PASSED] - hideKeyboard(): Keyboard is hidden

2022-10-28 21:32:25 - [MESSAGE][PASSED] - Keyboard is hidden

2022-10-28 21:32:25 - [TEST_STEP][PASSED] - tap(findTestObject("cicle.staging/Board/Label/SubmitLabel-Button"), 0): Tapped on element 'Object Repository/cicle.staging/Board/Label/SubmitLabel-Button'

2022-10-28 21:32:25 - [MESSAGE][WARNING] - Timeout '0' is invalid. Using default page load timeout: '30'

2022-10-28 21:32:26 - [MESSAGE][PASSED] - Tapped on element 'Object Repository/cicle.staging/Board/Label/SubmitLabel-Button']]></system-out>
         <system-err><![CDATA[]]></system-err>
      </testcase>
      <testcase name="Test Cases/Board/TC_Board_CS-08" time="29.454" classname="Test Cases/Board/TC_Board_CS-08" status="PASSED">
         <system-out><![CDATA[2022-10-28 21:32:26 - [TEST_CASE][PASSED] - Test Cases/Board/TC_Board_CS-08: Test Cases/Board/TC_Board_CS-08

2022-10-28 21:32:26 - [TEST_STEP][PASSED] - callTestCase(findTestCase("Sign in/TC_Sign in_CS-40"), [:], STOP_ON_FAILURE): Call Test Case 'Test Cases/Sign in/TC_Sign in_CS-40' successfully

2022-10-28 21:32:26 - [TEST_CASE][PASSED] - Test Cases/Sign in/TC_Sign in_CS-40: Test Cases/Sign in/TC_Sign in_CS-40

2022-10-28 21:32:26 - [TEST_STEP][PASSED] - startApplication("/Users/sandikurnia/Downloads/apk-staging-for-iqbal.apk", false): Started app at: '/Users/sandikurnia/Downloads/apk-staging-for-iqbal.apk'

2022-10-28 21:32:31 - [MESSAGE][PASSED] - Started app at: '/Users/sandikurnia/Downloads/apk-staging-for-iqbal.apk'

2022-10-28 21:32:31 - [TEST_STEP][PASSED] - tap(findTestObject("cicle.staging/Startup/YesButtonWhenOpenitApp"), 3, OPTIONAL): Object Object Repository/cicle.staging/Startup/YesButtonWhenOpenitApp not found

2022-10-28 21:32:34 - [MESSAGE][WARNING] - Object Object Repository/cicle.staging/Startup/YesButtonWhenOpenitApp not found

2022-10-28 21:32:34 - [TEST_STEP][PASSED] - tap(findTestObject("cicle.staging/Startup/SkipButtonWhenOpenitApp"), 3, OPTIONAL): Object Object Repository/cicle.staging/Startup/SkipButtonWhenOpenitApp not found

2022-10-28 21:32:37 - [MESSAGE][WARNING] - Object Object Repository/cicle.staging/Startup/SkipButtonWhenOpenitApp not found

2022-10-28 21:32:37 - [TEST_STEP][PASSED] - tap(findTestObject("cicle.staging/Startup/GotoSignInButton"), 3, OPTIONAL): Object Object Repository/cicle.staging/Startup/GotoSignInButton not found

2022-10-28 21:32:41 - [MESSAGE][WARNING] - Object Object Repository/cicle.staging/Startup/GotoSignInButton not found

2022-10-28 21:32:41 - [TEST_STEP][PASSED] - tap(findTestObject("cicle.staging/Startup/SignInwithGoogleAccount"), 3, OPTIONAL): Object Object Repository/cicle.staging/Startup/SignInwithGoogleAccount not found

2022-10-28 21:32:44 - [MESSAGE][WARNING] - Object Object Repository/cicle.staging/Startup/SignInwithGoogleAccount not found

2022-10-28 21:32:44 - [TEST_STEP][PASSED] - tap(findTestObject("cicle.staging/Startup/LayoutLoginwithMyAccount"), 3, OPTIONAL): Object Object Repository/cicle.staging/Startup/LayoutLoginwithMyAccount not found

2022-10-28 21:32:47 - [MESSAGE][WARNING] - Object Object Repository/cicle.staging/Startup/LayoutLoginwithMyAccount not found

2022-10-28 21:32:47 - [TEST_STEP][PASSED] - tap(findTestObject("cicle.staging/Startup/ChooseCompanyonYourListafterSignIn"), 3, OPTIONAL): Tapped on element 'Object Repository/cicle.staging/Startup/ChooseCompanyonYourListafterSignIn'

2022-10-28 21:32:47 - [MESSAGE][PASSED] - Tapped on element 'Object Repository/cicle.staging/Startup/ChooseCompanyonYourListafterSignIn'

2022-10-28 21:32:47 - [TEST_STEP][PASSED] - tap(findTestObject("cicle.staging/SekolahQAHeadQuarter/HeadquarterSekolahQA-MainPage"), 0, STOP_ON_FAILURE): Tapped on element 'Object Repository/cicle.staging/SekolahQAHeadQuarter/HeadquarterSekolahQA-MainPage'

2022-10-28 21:32:47 - [MESSAGE][WARNING] - Timeout '0' is invalid. Using default page load timeout: '30'

2022-10-28 21:32:48 - [MESSAGE][PASSED] - Tapped on element 'Object Repository/cicle.staging/SekolahQAHeadQuarter/HeadquarterSekolahQA-MainPage'

2022-10-28 21:32:48 - [MESSAGE][PASSED] - Call Test Case 'Test Cases/Sign in/TC_Sign in_CS-40' successfully

2022-10-28 21:32:48 - [TEST_STEP][PASSED] - tap(findTestObject("cicle.staging/Board/Board-Menu"), 0): Tapped on element 'Object Repository/cicle.staging/Board/Board-Menu'

2022-10-28 21:32:48 - [MESSAGE][WARNING] - Timeout '0' is invalid. Using default page load timeout: '30'

2022-10-28 21:32:49 - [MESSAGE][PASSED] - Tapped on element 'Object Repository/cicle.staging/Board/Board-Menu'

2022-10-28 21:32:49 - [TEST_STEP][PASSED] - tap(findTestObject("cicle.staging/Board/Card/userCardAccount"), 0): Tapped on element 'Object Repository/cicle.staging/Board/Card/userCardAccount'

2022-10-28 21:32:49 - [MESSAGE][WARNING] - Timeout '0' is invalid. Using default page load timeout: '30'

2022-10-28 21:32:49 - [MESSAGE][PASSED] - Tapped on element 'Object Repository/cicle.staging/Board/Card/userCardAccount'

2022-10-28 21:32:49 - [TEST_STEP][PASSED] - tap(findTestObject("cicle.staging/Board/Comment/AddNewComment-Button"), 0): Tapped on element 'Object Repository/cicle.staging/Board/Comment/AddNewComment-Button'

2022-10-28 21:32:49 - [MESSAGE][WARNING] - Timeout '0' is invalid. Using default page load timeout: '30'

2022-10-28 21:32:52 - [MESSAGE][PASSED] - Tapped on element 'Object Repository/cicle.staging/Board/Comment/AddNewComment-Button'

2022-10-28 21:32:52 - [TEST_STEP][PASSED] - tap(findTestObject("cicle.staging/Board/Comment/AddComment2-Field"), 0): Tapped on element 'Object Repository/cicle.staging/Board/Comment/AddComment2-Field'

2022-10-28 21:32:52 - [MESSAGE][WARNING] - Timeout '0' is invalid. Using default page load timeout: '30'

2022-10-28 21:32:52 - [MESSAGE][PASSED] - Tapped on element 'Object Repository/cicle.staging/Board/Comment/AddComment2-Field'

2022-10-28 21:32:52 - [TEST_STEP][PASSED] - setText(findTestObject("cicle.staging/Board/Comment/AddComment2-Field"), Comment, 0): Text 'Project dari cilsy' has been set to element 'Object Repository/cicle.staging/Board/Comment/AddComment2-Field'

2022-10-28 21:32:52 - [MESSAGE][WARNING] - Timeout '0' is invalid. Using default page load timeout: '30'

2022-10-28 21:32:54 - [MESSAGE][PASSED] - Text 'Project dari cilsy' has been set to element 'Object Repository/cicle.staging/Board/Comment/AddComment2-Field'

2022-10-28 21:32:54 - [TEST_STEP][PASSED] - tap(findTestObject("cicle.staging/Board/Comment/SubmitButton-Comment"), 0): Tapped on element 'Object Repository/cicle.staging/Board/Comment/SubmitButton-Comment'

2022-10-28 21:32:54 - [MESSAGE][WARNING] - Timeout '0' is invalid. Using default page load timeout: '30'

2022-10-28 21:32:55 - [MESSAGE][PASSED] - Tapped on element 'Object Repository/cicle.staging/Board/Comment/SubmitButton-Comment']]></system-out>
         <system-err><![CDATA[]]></system-err>
      </testcase>
      <testcase name="Test Cases/Board/TC_Board_CS-09" time="30.611" classname="Test Cases/Board/TC_Board_CS-09" status="PASSED">
         <system-out><![CDATA[2022-10-28 21:32:55 - [TEST_CASE][PASSED] - Test Cases/Board/TC_Board_CS-09: Test Cases/Board/TC_Board_CS-09

2022-10-28 21:32:56 - [TEST_STEP][PASSED] - callTestCase(findTestCase("Sign in/TC_Sign in_CS-40"), [:], STOP_ON_FAILURE): Call Test Case 'Test Cases/Sign in/TC_Sign in_CS-40' successfully

2022-10-28 21:32:56 - [TEST_CASE][PASSED] - Test Cases/Sign in/TC_Sign in_CS-40: Test Cases/Sign in/TC_Sign in_CS-40

2022-10-28 21:32:56 - [TEST_STEP][PASSED] - startApplication("/Users/sandikurnia/Downloads/apk-staging-for-iqbal.apk", false): Started app at: '/Users/sandikurnia/Downloads/apk-staging-for-iqbal.apk'

2022-10-28 21:33:01 - [MESSAGE][PASSED] - Started app at: '/Users/sandikurnia/Downloads/apk-staging-for-iqbal.apk'

2022-10-28 21:33:01 - [TEST_STEP][PASSED] - tap(findTestObject("cicle.staging/Startup/YesButtonWhenOpenitApp"), 3, OPTIONAL): Object Object Repository/cicle.staging/Startup/YesButtonWhenOpenitApp not found

2022-10-28 21:33:04 - [MESSAGE][WARNING] - Object Object Repository/cicle.staging/Startup/YesButtonWhenOpenitApp not found

2022-10-28 21:33:04 - [TEST_STEP][PASSED] - tap(findTestObject("cicle.staging/Startup/SkipButtonWhenOpenitApp"), 3, OPTIONAL): Object Object Repository/cicle.staging/Startup/SkipButtonWhenOpenitApp not found

2022-10-28 21:33:07 - [MESSAGE][WARNING] - Object Object Repository/cicle.staging/Startup/SkipButtonWhenOpenitApp not found

2022-10-28 21:33:07 - [TEST_STEP][PASSED] - tap(findTestObject("cicle.staging/Startup/GotoSignInButton"), 3, OPTIONAL): Object Object Repository/cicle.staging/Startup/GotoSignInButton not found

2022-10-28 21:33:10 - [MESSAGE][WARNING] - Object Object Repository/cicle.staging/Startup/GotoSignInButton not found

2022-10-28 21:33:10 - [TEST_STEP][PASSED] - tap(findTestObject("cicle.staging/Startup/SignInwithGoogleAccount"), 3, OPTIONAL): Object Object Repository/cicle.staging/Startup/SignInwithGoogleAccount not found

2022-10-28 21:33:13 - [MESSAGE][WARNING] - Object Object Repository/cicle.staging/Startup/SignInwithGoogleAccount not found

2022-10-28 21:33:13 - [TEST_STEP][PASSED] - tap(findTestObject("cicle.staging/Startup/LayoutLoginwithMyAccount"), 3, OPTIONAL): Object Object Repository/cicle.staging/Startup/LayoutLoginwithMyAccount not found

2022-10-28 21:33:17 - [MESSAGE][WARNING] - Object Object Repository/cicle.staging/Startup/LayoutLoginwithMyAccount not found

2022-10-28 21:33:17 - [TEST_STEP][PASSED] - tap(findTestObject("cicle.staging/Startup/ChooseCompanyonYourListafterSignIn"), 3, OPTIONAL): Tapped on element 'Object Repository/cicle.staging/Startup/ChooseCompanyonYourListafterSignIn'

2022-10-28 21:33:17 - [MESSAGE][PASSED] - Tapped on element 'Object Repository/cicle.staging/Startup/ChooseCompanyonYourListafterSignIn'

2022-10-28 21:33:17 - [TEST_STEP][PASSED] - tap(findTestObject("cicle.staging/SekolahQAHeadQuarter/HeadquarterSekolahQA-MainPage"), 0, STOP_ON_FAILURE): Tapped on element 'Object Repository/cicle.staging/SekolahQAHeadQuarter/HeadquarterSekolahQA-MainPage'

2022-10-28 21:33:17 - [MESSAGE][WARNING] - Timeout '0' is invalid. Using default page load timeout: '30'

2022-10-28 21:33:19 - [MESSAGE][PASSED] - Tapped on element 'Object Repository/cicle.staging/SekolahQAHeadQuarter/HeadquarterSekolahQA-MainPage'

2022-10-28 21:33:19 - [MESSAGE][PASSED] - Call Test Case 'Test Cases/Sign in/TC_Sign in_CS-40' successfully

2022-10-28 21:33:19 - [TEST_STEP][PASSED] - tap(findTestObject("cicle.staging/Board/Board-Menu"), 0): Tapped on element 'Object Repository/cicle.staging/Board/Board-Menu'

2022-10-28 21:33:19 - [MESSAGE][WARNING] - Timeout '0' is invalid. Using default page load timeout: '30'

2022-10-28 21:33:19 - [MESSAGE][PASSED] - Tapped on element 'Object Repository/cicle.staging/Board/Board-Menu'

2022-10-28 21:33:19 - [TEST_STEP][PASSED] - tap(findTestObject("cicle.staging/Board/Card/userCardAccount"), 0): Tapped on element 'Object Repository/cicle.staging/Board/Card/userCardAccount'

2022-10-28 21:33:19 - [MESSAGE][WARNING] - Timeout '0' is invalid. Using default page load timeout: '30'

2022-10-28 21:33:21 - [MESSAGE][PASSED] - Tapped on element 'Object Repository/cicle.staging/Board/Card/userCardAccount'

2022-10-28 21:33:21 - [TEST_STEP][PASSED] - tap(findTestObject("cicle.staging/Board/Comment/AddNewComment-Button"), 0): Tapped on element 'Object Repository/cicle.staging/Board/Comment/AddNewComment-Button'

2022-10-28 21:33:21 - [MESSAGE][WARNING] - Timeout '0' is invalid. Using default page load timeout: '30'

2022-10-28 21:33:22 - [MESSAGE][PASSED] - Tapped on element 'Object Repository/cicle.staging/Board/Comment/AddNewComment-Button'

2022-10-28 21:33:22 - [TEST_STEP][PASSED] - tap(findTestObject("cicle.staging/Board/Comment/AddComment2-Field"), 0): Tapped on element 'Object Repository/cicle.staging/Board/Comment/AddComment2-Field'

2022-10-28 21:33:22 - [MESSAGE][WARNING] - Timeout '0' is invalid. Using default page load timeout: '30'

2022-10-28 21:33:23 - [MESSAGE][PASSED] - Tapped on element 'Object Repository/cicle.staging/Board/Comment/AddComment2-Field'

2022-10-28 21:33:23 - [TEST_STEP][PASSED] - setText(findTestObject("cicle.staging/Board/Comment/AddComment2-Field"), "", 0): Text '' has been set to element 'Object Repository/cicle.staging/Board/Comment/AddComment2-Field'

2022-10-28 21:33:23 - [MESSAGE][WARNING] - Timeout '0' is invalid. Using default page load timeout: '30'

2022-10-28 21:33:24 - [MESSAGE][PASSED] - Text '' has been set to element 'Object Repository/cicle.staging/Board/Comment/AddComment2-Field'

2022-10-28 21:33:24 - [TEST_STEP][PASSED] - tap(findTestObject("cicle.staging/Board/Comment/SubmitButton-Comment"), 0): Tapped on element 'Object Repository/cicle.staging/Board/Comment/SubmitButton-Comment'

2022-10-28 21:33:24 - [MESSAGE][WARNING] - Timeout '0' is invalid. Using default page load timeout: '30'

2022-10-28 21:33:26 - [MESSAGE][PASSED] - Tapped on element 'Object Repository/cicle.staging/Board/Comment/SubmitButton-Comment'

2022-10-28 21:33:26 - [TEST_STEP][PASSED] - verifyElementVisible(findTestObject("cicle.staging/Board/Comment/Assertion-CommentCantBeEmpty"), 0, STOP_ON_FAILURE): Element 'Object Repository/cicle.staging/Board/Comment/Assertion-CommentCantBeEmpty' is visible

2022-10-28 21:33:26 - [MESSAGE][WARNING] - Timeout '0' is invalid. Using default page load timeout: '30'

2022-10-28 21:33:26 - [MESSAGE][PASSED] - Element 'Object Repository/cicle.staging/Board/Comment/Assertion-CommentCantBeEmpty' is visible]]></system-out>
         <system-err><![CDATA[]]></system-err>
      </testcase>
      <testcase name="Test Cases/Board/TC_Board_CS-10" time="33.27" classname="Test Cases/Board/TC_Board_CS-10" status="PASSED">
         <system-out><![CDATA[2022-10-28 21:33:26 - [TEST_CASE][PASSED] - Test Cases/Board/TC_Board_CS-10: Test Cases/Board/TC_Board_CS-10

2022-10-28 21:33:26 - [TEST_STEP][PASSED] - callTestCase(findTestCase("Sign in/TC_Sign in_CS-40"), [:], STOP_ON_FAILURE): Call Test Case 'Test Cases/Sign in/TC_Sign in_CS-40' successfully

2022-10-28 21:33:26 - [TEST_CASE][PASSED] - Test Cases/Sign in/TC_Sign in_CS-40: Test Cases/Sign in/TC_Sign in_CS-40

2022-10-28 21:33:26 - [TEST_STEP][PASSED] - startApplication("/Users/sandikurnia/Downloads/apk-staging-for-iqbal.apk", false): Started app at: '/Users/sandikurnia/Downloads/apk-staging-for-iqbal.apk'

2022-10-28 21:33:31 - [MESSAGE][PASSED] - Started app at: '/Users/sandikurnia/Downloads/apk-staging-for-iqbal.apk'

2022-10-28 21:33:31 - [TEST_STEP][PASSED] - tap(findTestObject("cicle.staging/Startup/YesButtonWhenOpenitApp"), 3, OPTIONAL): Object Object Repository/cicle.staging/Startup/YesButtonWhenOpenitApp not found

2022-10-28 21:33:34 - [MESSAGE][WARNING] - Object Object Repository/cicle.staging/Startup/YesButtonWhenOpenitApp not found

2022-10-28 21:33:34 - [TEST_STEP][PASSED] - tap(findTestObject("cicle.staging/Startup/SkipButtonWhenOpenitApp"), 3, OPTIONAL): Object Object Repository/cicle.staging/Startup/SkipButtonWhenOpenitApp not found

2022-10-28 21:33:38 - [MESSAGE][WARNING] - Object Object Repository/cicle.staging/Startup/SkipButtonWhenOpenitApp not found

2022-10-28 21:33:38 - [TEST_STEP][PASSED] - tap(findTestObject("cicle.staging/Startup/GotoSignInButton"), 3, OPTIONAL): Object Object Repository/cicle.staging/Startup/GotoSignInButton not found

2022-10-28 21:33:41 - [MESSAGE][WARNING] - Object Object Repository/cicle.staging/Startup/GotoSignInButton not found

2022-10-28 21:33:41 - [TEST_STEP][PASSED] - tap(findTestObject("cicle.staging/Startup/SignInwithGoogleAccount"), 3, OPTIONAL): Object Object Repository/cicle.staging/Startup/SignInwithGoogleAccount not found

2022-10-28 21:33:44 - [MESSAGE][WARNING] - Object Object Repository/cicle.staging/Startup/SignInwithGoogleAccount not found

2022-10-28 21:33:44 - [TEST_STEP][PASSED] - tap(findTestObject("cicle.staging/Startup/LayoutLoginwithMyAccount"), 3, OPTIONAL): Object Object Repository/cicle.staging/Startup/LayoutLoginwithMyAccount not found

2022-10-28 21:33:47 - [MESSAGE][WARNING] - Object Object Repository/cicle.staging/Startup/LayoutLoginwithMyAccount not found

2022-10-28 21:33:47 - [TEST_STEP][PASSED] - tap(findTestObject("cicle.staging/Startup/ChooseCompanyonYourListafterSignIn"), 3, OPTIONAL): Tapped on element 'Object Repository/cicle.staging/Startup/ChooseCompanyonYourListafterSignIn'

2022-10-28 21:33:47 - [MESSAGE][PASSED] - Tapped on element 'Object Repository/cicle.staging/Startup/ChooseCompanyonYourListafterSignIn'

2022-10-28 21:33:47 - [TEST_STEP][PASSED] - tap(findTestObject("cicle.staging/SekolahQAHeadQuarter/HeadquarterSekolahQA-MainPage"), 0, STOP_ON_FAILURE): Tapped on element 'Object Repository/cicle.staging/SekolahQAHeadQuarter/HeadquarterSekolahQA-MainPage'

2022-10-28 21:33:47 - [MESSAGE][WARNING] - Timeout '0' is invalid. Using default page load timeout: '30'

2022-10-28 21:33:49 - [MESSAGE][PASSED] - Tapped on element 'Object Repository/cicle.staging/SekolahQAHeadQuarter/HeadquarterSekolahQA-MainPage'

2022-10-28 21:33:49 - [MESSAGE][PASSED] - Call Test Case 'Test Cases/Sign in/TC_Sign in_CS-40' successfully

2022-10-28 21:33:49 - [TEST_STEP][PASSED] - tap(findTestObject("cicle.staging/Board/Board-Menu"), 0): Tapped on element 'Object Repository/cicle.staging/Board/Board-Menu'

2022-10-28 21:33:49 - [MESSAGE][WARNING] - Timeout '0' is invalid. Using default page load timeout: '30'

2022-10-28 21:33:49 - [MESSAGE][PASSED] - Tapped on element 'Object Repository/cicle.staging/Board/Board-Menu'

2022-10-28 21:33:49 - [TEST_STEP][PASSED] - tap(findTestObject("cicle.staging/Board/Card/userCardAccount"), 0): Tapped on element 'Object Repository/cicle.staging/Board/Card/userCardAccount'

2022-10-28 21:33:49 - [MESSAGE][WARNING] - Timeout '0' is invalid. Using default page load timeout: '30'

2022-10-28 21:33:50 - [MESSAGE][PASSED] - Tapped on element 'Object Repository/cicle.staging/Board/Card/userCardAccount'

2022-10-28 21:33:50 - [TEST_STEP][PASSED] - tap(findTestObject("cicle.staging/Board/Comment/AddNewComment-Button"), 0): Tapped on element 'Object Repository/cicle.staging/Board/Comment/AddNewComment-Button'

2022-10-28 21:33:50 - [MESSAGE][WARNING] - Timeout '0' is invalid. Using default page load timeout: '30'

2022-10-28 21:33:52 - [MESSAGE][PASSED] - Tapped on element 'Object Repository/cicle.staging/Board/Comment/AddNewComment-Button'

2022-10-28 21:33:52 - [TEST_STEP][PASSED] - tap(findTestObject("cicle.staging/Board/Comment/AddComment2-Field"), 0): Tapped on element 'Object Repository/cicle.staging/Board/Comment/AddComment2-Field'

2022-10-28 21:33:52 - [MESSAGE][WARNING] - Timeout '0' is invalid. Using default page load timeout: '30'

2022-10-28 21:33:52 - [MESSAGE][PASSED] - Tapped on element 'Object Repository/cicle.staging/Board/Comment/AddComment2-Field'

2022-10-28 21:33:52 - [TEST_STEP][PASSED] - tap(findTestObject("cicle.staging/Board/Comment/AddAttachmentPopUPKeyboard-Button"), 0, STOP_ON_FAILURE): Tapped on element 'Object Repository/cicle.staging/Board/Comment/AddAttachmentPopUPKeyboard-Button'

2022-10-28 21:33:52 - [MESSAGE][WARNING] - Timeout '0' is invalid. Using default page load timeout: '30'

2022-10-28 21:33:55 - [MESSAGE][PASSED] - Tapped on element 'Object Repository/cicle.staging/Board/Comment/AddAttachmentPopUPKeyboard-Button'

2022-10-28 21:33:55 - [TEST_STEP][PASSED] - tap(findTestObject("cicle.staging/Board/Comment/AddImageOnComment-Button"), 0): Tapped on element 'Object Repository/cicle.staging/Board/Comment/AddImageOnComment-Button'

2022-10-28 21:33:55 - [MESSAGE][WARNING] - Timeout '0' is invalid. Using default page load timeout: '30'

2022-10-28 21:33:56 - [MESSAGE][PASSED] - Tapped on element 'Object Repository/cicle.staging/Board/Comment/AddImageOnComment-Button'

2022-10-28 21:33:56 - [TEST_STEP][PASSED] - tap(findTestObject("cicle.staging/Board/Comment/AddImageByURL-Comment"), 0): Tapped on element 'Object Repository/cicle.staging/Board/Comment/AddImageByURL-Comment'

2022-10-28 21:33:56 - [MESSAGE][WARNING] - Timeout '0' is invalid. Using default page load timeout: '30'

2022-10-28 21:33:57 - [MESSAGE][PASSED] - Tapped on element 'Object Repository/cicle.staging/Board/Comment/AddImageByURL-Comment'

2022-10-28 21:33:57 - [TEST_STEP][PASSED] - tap(findTestObject("cicle.staging/Board/Comment/InsertLinkHere-Image-Field"), 0): Tapped on element 'Object Repository/cicle.staging/Board/Comment/InsertLinkHere-Image-Field'

2022-10-28 21:33:57 - [MESSAGE][WARNING] - Timeout '0' is invalid. Using default page load timeout: '30'

2022-10-28 21:33:57 - [MESSAGE][PASSED] - Tapped on element 'Object Repository/cicle.staging/Board/Comment/InsertLinkHere-Image-Field'

2022-10-28 21:33:57 - [TEST_STEP][PASSED] - setText(findTestObject("cicle.staging/Board/Comment/InsertLinkHere-Image-Field"), Url, 0): Text 'https://i1.wp.com/www.99.co/blog/indonesia/wp-content/uploads/2022/07/Luffy-Gear-5.jpg' has been set to element 'Object Repository/cicle.staging/Board/Comment/InsertLinkHere-Image-Field'

2022-10-28 21:33:57 - [MESSAGE][WARNING] - Timeout '0' is invalid. Using default page load timeout: '30'

2022-10-28 21:33:58 - [MESSAGE][PASSED] - Text 'https://i1.wp.com/www.99.co/blog/indonesia/wp-content/uploads/2022/07/Luffy-Gear-5.jpg' has been set to element 'Object Repository/cicle.staging/Board/Comment/InsertLinkHere-Image-Field'

2022-10-28 21:33:58 - [TEST_STEP][PASSED] - tap(findTestObject("cicle.staging/Board/Comment/Comment-SelectInsert-Button"), 0): Tapped on element 'Object Repository/cicle.staging/Board/Comment/Comment-SelectInsert-Button'

2022-10-28 21:33:58 - [MESSAGE][WARNING] - Timeout '0' is invalid. Using default page load timeout: '30'

2022-10-28 21:33:59 - [MESSAGE][PASSED] - Tapped on element 'Object Repository/cicle.staging/Board/Comment/Comment-SelectInsert-Button']]></system-out>
         <system-err><![CDATA[]]></system-err>
      </testcase>
      <testcase name="Test Cases/Board/TC_Board_CS-11" time="34.723" classname="Test Cases/Board/TC_Board_CS-11" status="PASSED">
         <system-out><![CDATA[2022-10-28 21:33:59 - [TEST_CASE][PASSED] - Test Cases/Board/TC_Board_CS-11: Test Cases/Board/TC_Board_CS-11

2022-10-28 21:34:00 - [TEST_STEP][PASSED] - callTestCase(findTestCase("Sign in/TC_Sign in_CS-40"), [:], STOP_ON_FAILURE): Call Test Case 'Test Cases/Sign in/TC_Sign in_CS-40' successfully

2022-10-28 21:34:00 - [TEST_CASE][PASSED] - Test Cases/Sign in/TC_Sign in_CS-40: Test Cases/Sign in/TC_Sign in_CS-40

2022-10-28 21:34:00 - [TEST_STEP][PASSED] - startApplication("/Users/sandikurnia/Downloads/apk-staging-for-iqbal.apk", false): Started app at: '/Users/sandikurnia/Downloads/apk-staging-for-iqbal.apk'

2022-10-28 21:34:05 - [MESSAGE][PASSED] - Started app at: '/Users/sandikurnia/Downloads/apk-staging-for-iqbal.apk'

2022-10-28 21:34:05 - [TEST_STEP][PASSED] - tap(findTestObject("cicle.staging/Startup/YesButtonWhenOpenitApp"), 3, OPTIONAL): Object Object Repository/cicle.staging/Startup/YesButtonWhenOpenitApp not found

2022-10-28 21:34:08 - [MESSAGE][WARNING] - Object Object Repository/cicle.staging/Startup/YesButtonWhenOpenitApp not found

2022-10-28 21:34:08 - [TEST_STEP][PASSED] - tap(findTestObject("cicle.staging/Startup/SkipButtonWhenOpenitApp"), 3, OPTIONAL): Object Object Repository/cicle.staging/Startup/SkipButtonWhenOpenitApp not found

2022-10-28 21:34:11 - [MESSAGE][WARNING] - Object Object Repository/cicle.staging/Startup/SkipButtonWhenOpenitApp not found

2022-10-28 21:34:11 - [TEST_STEP][PASSED] - tap(findTestObject("cicle.staging/Startup/GotoSignInButton"), 3, OPTIONAL): Object Object Repository/cicle.staging/Startup/GotoSignInButton not found

2022-10-28 21:34:14 - [MESSAGE][WARNING] - Object Object Repository/cicle.staging/Startup/GotoSignInButton not found

2022-10-28 21:34:14 - [TEST_STEP][PASSED] - tap(findTestObject("cicle.staging/Startup/SignInwithGoogleAccount"), 3, OPTIONAL): Object Object Repository/cicle.staging/Startup/SignInwithGoogleAccount not found

2022-10-28 21:34:17 - [MESSAGE][WARNING] - Object Object Repository/cicle.staging/Startup/SignInwithGoogleAccount not found

2022-10-28 21:34:17 - [TEST_STEP][PASSED] - tap(findTestObject("cicle.staging/Startup/LayoutLoginwithMyAccount"), 3, OPTIONAL): Object Object Repository/cicle.staging/Startup/LayoutLoginwithMyAccount not found

2022-10-28 21:34:20 - [MESSAGE][WARNING] - Object Object Repository/cicle.staging/Startup/LayoutLoginwithMyAccount not found

2022-10-28 21:34:20 - [TEST_STEP][PASSED] - tap(findTestObject("cicle.staging/Startup/ChooseCompanyonYourListafterSignIn"), 3, OPTIONAL): Tapped on element 'Object Repository/cicle.staging/Startup/ChooseCompanyonYourListafterSignIn'

2022-10-28 21:34:20 - [MESSAGE][PASSED] - Tapped on element 'Object Repository/cicle.staging/Startup/ChooseCompanyonYourListafterSignIn'

2022-10-28 21:34:20 - [TEST_STEP][PASSED] - tap(findTestObject("cicle.staging/SekolahQAHeadQuarter/HeadquarterSekolahQA-MainPage"), 0, STOP_ON_FAILURE): Tapped on element 'Object Repository/cicle.staging/SekolahQAHeadQuarter/HeadquarterSekolahQA-MainPage'

2022-10-28 21:34:21 - [MESSAGE][WARNING] - Timeout '0' is invalid. Using default page load timeout: '30'

2022-10-28 21:34:22 - [MESSAGE][PASSED] - Tapped on element 'Object Repository/cicle.staging/SekolahQAHeadQuarter/HeadquarterSekolahQA-MainPage'

2022-10-28 21:34:22 - [MESSAGE][PASSED] - Call Test Case 'Test Cases/Sign in/TC_Sign in_CS-40' successfully

2022-10-28 21:34:22 - [TEST_STEP][PASSED] - tap(findTestObject("cicle.staging/Board/Board-Menu"), 0): Tapped on element 'Object Repository/cicle.staging/Board/Board-Menu'

2022-10-28 21:34:22 - [MESSAGE][WARNING] - Timeout '0' is invalid. Using default page load timeout: '30'

2022-10-28 21:34:22 - [MESSAGE][PASSED] - Tapped on element 'Object Repository/cicle.staging/Board/Board-Menu'

2022-10-28 21:34:22 - [TEST_STEP][PASSED] - tap(findTestObject("cicle.staging/Board/Card/userCardAccount"), 0): Tapped on element 'Object Repository/cicle.staging/Board/Card/userCardAccount'

2022-10-28 21:34:22 - [MESSAGE][WARNING] - Timeout '0' is invalid. Using default page load timeout: '30'

2022-10-28 21:34:23 - [MESSAGE][PASSED] - Tapped on element 'Object Repository/cicle.staging/Board/Card/userCardAccount'

2022-10-28 21:34:23 - [TEST_STEP][PASSED] - tap(findTestObject("cicle.staging/Board/Comment/AddNewComment-Button"), 0): Tapped on element 'Object Repository/cicle.staging/Board/Comment/AddNewComment-Button'

2022-10-28 21:34:23 - [MESSAGE][WARNING] - Timeout '0' is invalid. Using default page load timeout: '30'

2022-10-28 21:34:26 - [MESSAGE][PASSED] - Tapped on element 'Object Repository/cicle.staging/Board/Comment/AddNewComment-Button'

2022-10-28 21:34:26 - [TEST_STEP][PASSED] - tap(findTestObject("cicle.staging/Board/Comment/AddComment2-Field"), 0): Tapped on element 'Object Repository/cicle.staging/Board/Comment/AddComment2-Field'

2022-10-28 21:34:26 - [MESSAGE][WARNING] - Timeout '0' is invalid. Using default page load timeout: '30'

2022-10-28 21:34:26 - [MESSAGE][PASSED] - Tapped on element 'Object Repository/cicle.staging/Board/Comment/AddComment2-Field'

2022-10-28 21:34:26 - [TEST_STEP][PASSED] - tap(findTestObject("cicle.staging/Board/Comment/AddAttachmentPopUPKeyboard-Button"), 0, STOP_ON_FAILURE): Tapped on element 'Object Repository/cicle.staging/Board/Comment/AddAttachmentPopUPKeyboard-Button'

2022-10-28 21:34:26 - [MESSAGE][WARNING] - Timeout '0' is invalid. Using default page load timeout: '30'

2022-10-28 21:34:29 - [MESSAGE][PASSED] - Tapped on element 'Object Repository/cicle.staging/Board/Comment/AddAttachmentPopUPKeyboard-Button'

2022-10-28 21:34:29 - [TEST_STEP][PASSED] - tap(findTestObject("cicle.staging/Board/Comment/AddImageOnComment-Button"), 0): Tapped on element 'Object Repository/cicle.staging/Board/Comment/AddImageOnComment-Button'

2022-10-28 21:34:29 - [MESSAGE][WARNING] - Timeout '0' is invalid. Using default page load timeout: '30'

2022-10-28 21:34:30 - [MESSAGE][PASSED] - Tapped on element 'Object Repository/cicle.staging/Board/Comment/AddImageOnComment-Button'

2022-10-28 21:34:30 - [TEST_STEP][PASSED] - checkElement(findTestObject("cicle.staging/Board/Comment/AddImageByURL-Comment"), 0): Element 'Object Repository/cicle.staging/Board/Comment/AddImageByURL-Comment' is checked

2022-10-28 21:34:30 - [MESSAGE][WARNING] - Timeout '0' is invalid. Using default page load timeout: '30'

2022-10-28 21:34:31 - [MESSAGE][PASSED] - Element 'Object Repository/cicle.staging/Board/Comment/AddImageByURL-Comment' is checked

2022-10-28 21:34:31 - [TEST_STEP][PASSED] - tap(findTestObject("cicle.staging/Board/Comment/InsertLinkHere-Image-Field"), 0): Tapped on element 'Object Repository/cicle.staging/Board/Comment/InsertLinkHere-Image-Field'

2022-10-28 21:34:31 - [MESSAGE][WARNING] - Timeout '0' is invalid. Using default page load timeout: '30'

2022-10-28 21:34:31 - [MESSAGE][PASSED] - Tapped on element 'Object Repository/cicle.staging/Board/Comment/InsertLinkHere-Image-Field'

2022-10-28 21:34:31 - [TEST_STEP][PASSED] - setText(findTestObject("cicle.staging/Board/Comment/InsertLinkHere-Image-Field"), BlankURL, 0): Text 'Sekolah QA' has been set to element 'Object Repository/cicle.staging/Board/Comment/InsertLinkHere-Image-Field'

2022-10-28 21:34:31 - [MESSAGE][WARNING] - Timeout '0' is invalid. Using default page load timeout: '30'

2022-10-28 21:34:32 - [MESSAGE][PASSED] - Text 'Sekolah QA' has been set to element 'Object Repository/cicle.staging/Board/Comment/InsertLinkHere-Image-Field'

2022-10-28 21:34:32 - [TEST_STEP][PASSED] - tap(findTestObject("cicle.staging/Board/Comment/Comment-SelectInsert-Button"), 0): Tapped on element 'Object Repository/cicle.staging/Board/Comment/Comment-SelectInsert-Button'

2022-10-28 21:34:32 - [MESSAGE][WARNING] - Timeout '0' is invalid. Using default page load timeout: '30'

2022-10-28 21:34:34 - [MESSAGE][PASSED] - Tapped on element 'Object Repository/cicle.staging/Board/Comment/Comment-SelectInsert-Button'

2022-10-28 21:34:34 - [TEST_STEP][PASSED] - verifyElementVisible(findTestObject("cicle.staging/Board/Comment/AssertionNotValidURL-Comment"), 0): Element 'Object Repository/cicle.staging/Board/Comment/AssertionNotValidURL-Comment' is visible

2022-10-28 21:34:34 - [MESSAGE][WARNING] - Timeout '0' is invalid. Using default page load timeout: '30'

2022-10-28 21:34:34 - [MESSAGE][PASSED] - Element 'Object Repository/cicle.staging/Board/Comment/AssertionNotValidURL-Comment' is visible]]></system-out>
         <system-err><![CDATA[]]></system-err>
      </testcase>
      <testcase name="Test Cases/Board/TC_Board_CS-12" time="34.315" classname="Test Cases/Board/TC_Board_CS-12" status="PASSED">
         <system-out><![CDATA[2022-10-28 21:34:34 - [TEST_CASE][PASSED] - Test Cases/Board/TC_Board_CS-12: Test Cases/Board/TC_Board_CS-12

2022-10-28 21:34:34 - [TEST_STEP][PASSED] - callTestCase(findTestCase("Sign in/TC_Sign in_CS-40"), [:], STOP_ON_FAILURE): Call Test Case 'Test Cases/Sign in/TC_Sign in_CS-40' successfully

2022-10-28 21:34:34 - [TEST_CASE][PASSED] - Test Cases/Sign in/TC_Sign in_CS-40: Test Cases/Sign in/TC_Sign in_CS-40

2022-10-28 21:34:34 - [TEST_STEP][PASSED] - startApplication("/Users/sandikurnia/Downloads/apk-staging-for-iqbal.apk", false): Started app at: '/Users/sandikurnia/Downloads/apk-staging-for-iqbal.apk'

2022-10-28 21:34:39 - [MESSAGE][PASSED] - Started app at: '/Users/sandikurnia/Downloads/apk-staging-for-iqbal.apk'

2022-10-28 21:34:39 - [TEST_STEP][PASSED] - tap(findTestObject("cicle.staging/Startup/YesButtonWhenOpenitApp"), 3, OPTIONAL): Object Object Repository/cicle.staging/Startup/YesButtonWhenOpenitApp not found

2022-10-28 21:34:42 - [MESSAGE][WARNING] - Object Object Repository/cicle.staging/Startup/YesButtonWhenOpenitApp not found

2022-10-28 21:34:42 - [TEST_STEP][PASSED] - tap(findTestObject("cicle.staging/Startup/SkipButtonWhenOpenitApp"), 3, OPTIONAL): Object Object Repository/cicle.staging/Startup/SkipButtonWhenOpenitApp not found

2022-10-28 21:34:46 - [MESSAGE][WARNING] - Object Object Repository/cicle.staging/Startup/SkipButtonWhenOpenitApp not found

2022-10-28 21:34:46 - [TEST_STEP][PASSED] - tap(findTestObject("cicle.staging/Startup/GotoSignInButton"), 3, OPTIONAL): Object Object Repository/cicle.staging/Startup/GotoSignInButton not found

2022-10-28 21:34:49 - [MESSAGE][WARNING] - Object Object Repository/cicle.staging/Startup/GotoSignInButton not found

2022-10-28 21:34:49 - [TEST_STEP][PASSED] - tap(findTestObject("cicle.staging/Startup/SignInwithGoogleAccount"), 3, OPTIONAL): Object Object Repository/cicle.staging/Startup/SignInwithGoogleAccount not found

2022-10-28 21:34:52 - [MESSAGE][WARNING] - Object Object Repository/cicle.staging/Startup/SignInwithGoogleAccount not found

2022-10-28 21:34:52 - [TEST_STEP][PASSED] - tap(findTestObject("cicle.staging/Startup/LayoutLoginwithMyAccount"), 3, OPTIONAL): Object Object Repository/cicle.staging/Startup/LayoutLoginwithMyAccount not found

2022-10-28 21:34:55 - [MESSAGE][WARNING] - Object Object Repository/cicle.staging/Startup/LayoutLoginwithMyAccount not found

2022-10-28 21:34:55 - [TEST_STEP][PASSED] - tap(findTestObject("cicle.staging/Startup/ChooseCompanyonYourListafterSignIn"), 3, OPTIONAL): Tapped on element 'Object Repository/cicle.staging/Startup/ChooseCompanyonYourListafterSignIn'

2022-10-28 21:34:55 - [MESSAGE][PASSED] - Tapped on element 'Object Repository/cicle.staging/Startup/ChooseCompanyonYourListafterSignIn'

2022-10-28 21:34:55 - [TEST_STEP][PASSED] - tap(findTestObject("cicle.staging/SekolahQAHeadQuarter/HeadquarterSekolahQA-MainPage"), 0, STOP_ON_FAILURE): Tapped on element 'Object Repository/cicle.staging/SekolahQAHeadQuarter/HeadquarterSekolahQA-MainPage'

2022-10-28 21:34:55 - [MESSAGE][WARNING] - Timeout '0' is invalid. Using default page load timeout: '30'

2022-10-28 21:34:57 - [MESSAGE][PASSED] - Tapped on element 'Object Repository/cicle.staging/SekolahQAHeadQuarter/HeadquarterSekolahQA-MainPage'

2022-10-28 21:34:57 - [MESSAGE][PASSED] - Call Test Case 'Test Cases/Sign in/TC_Sign in_CS-40' successfully

2022-10-28 21:34:57 - [TEST_STEP][PASSED] - tap(findTestObject("cicle.staging/Board/Board-Menu"), 0): Tapped on element 'Object Repository/cicle.staging/Board/Board-Menu'

2022-10-28 21:34:57 - [MESSAGE][WARNING] - Timeout '0' is invalid. Using default page load timeout: '30'

2022-10-28 21:34:57 - [MESSAGE][PASSED] - Tapped on element 'Object Repository/cicle.staging/Board/Board-Menu'

2022-10-28 21:34:57 - [TEST_STEP][PASSED] - tap(findTestObject("cicle.staging/Board/Card/userCardAccount"), 0): Tapped on element 'Object Repository/cicle.staging/Board/Card/userCardAccount'

2022-10-28 21:34:57 - [MESSAGE][WARNING] - Timeout '0' is invalid. Using default page load timeout: '30'

2022-10-28 21:34:58 - [MESSAGE][PASSED] - Tapped on element 'Object Repository/cicle.staging/Board/Card/userCardAccount'

2022-10-28 21:34:58 - [TEST_STEP][PASSED] - tap(findTestObject("cicle.staging/Board/Comment/AddNewComment-Button"), 0): Tapped on element 'Object Repository/cicle.staging/Board/Comment/AddNewComment-Button'

2022-10-28 21:34:58 - [MESSAGE][WARNING] - Timeout '0' is invalid. Using default page load timeout: '30'

2022-10-28 21:35:00 - [MESSAGE][PASSED] - Tapped on element 'Object Repository/cicle.staging/Board/Comment/AddNewComment-Button'

2022-10-28 21:35:00 - [TEST_STEP][PASSED] - tap(findTestObject("cicle.staging/Board/Comment/AddComment2-Field"), 0): Tapped on element 'Object Repository/cicle.staging/Board/Comment/AddComment2-Field'

2022-10-28 21:35:00 - [MESSAGE][WARNING] - Timeout '0' is invalid. Using default page load timeout: '30'

2022-10-28 21:35:01 - [MESSAGE][PASSED] - Tapped on element 'Object Repository/cicle.staging/Board/Comment/AddComment2-Field'

2022-10-28 21:35:01 - [TEST_STEP][PASSED] - tap(findTestObject("cicle.staging/Board/Comment/AddAttachmentPopUPKeyboard-Button"), 0, STOP_ON_FAILURE): Tapped on element 'Object Repository/cicle.staging/Board/Comment/AddAttachmentPopUPKeyboard-Button'

2022-10-28 21:35:01 - [MESSAGE][WARNING] - Timeout '0' is invalid. Using default page load timeout: '30'

2022-10-28 21:35:03 - [MESSAGE][PASSED] - Tapped on element 'Object Repository/cicle.staging/Board/Comment/AddAttachmentPopUPKeyboard-Button'

2022-10-28 21:35:03 - [TEST_STEP][PASSED] - tap(findTestObject("cicle.staging/Board/Comment/AddImageOnComment-Button"), 0): Tapped on element 'Object Repository/cicle.staging/Board/Comment/AddImageOnComment-Button'

2022-10-28 21:35:03 - [MESSAGE][WARNING] - Timeout '0' is invalid. Using default page load timeout: '30'

2022-10-28 21:35:04 - [MESSAGE][PASSED] - Tapped on element 'Object Repository/cicle.staging/Board/Comment/AddImageOnComment-Button'

2022-10-28 21:35:04 - [TEST_STEP][PASSED] - checkElement(findTestObject("cicle.staging/Board/Comment/AddImageByURL-Comment"), 0): Element 'Object Repository/cicle.staging/Board/Comment/AddImageByURL-Comment' is checked

2022-10-28 21:35:04 - [MESSAGE][WARNING] - Timeout '0' is invalid. Using default page load timeout: '30'

2022-10-28 21:35:05 - [MESSAGE][PASSED] - Element 'Object Repository/cicle.staging/Board/Comment/AddImageByURL-Comment' is checked

2022-10-28 21:35:05 - [TEST_STEP][PASSED] - tap(findTestObject("cicle.staging/Board/Comment/InsertLinkHere-Image-Field"), 0): Tapped on element 'Object Repository/cicle.staging/Board/Comment/InsertLinkHere-Image-Field'

2022-10-28 21:35:05 - [MESSAGE][WARNING] - Timeout '0' is invalid. Using default page load timeout: '30'

2022-10-28 21:35:06 - [MESSAGE][PASSED] - Tapped on element 'Object Repository/cicle.staging/Board/Comment/InsertLinkHere-Image-Field'

2022-10-28 21:35:06 - [TEST_STEP][PASSED] - setText(findTestObject("cicle.staging/Board/Comment/InsertLinkHere-Image-Field"), InvalidURL, 0): Text 'SekolahQA' has been set to element 'Object Repository/cicle.staging/Board/Comment/InsertLinkHere-Image-Field'

2022-10-28 21:35:06 - [MESSAGE][WARNING] - Timeout '0' is invalid. Using default page load timeout: '30'

2022-10-28 21:35:06 - [MESSAGE][PASSED] - Text 'SekolahQA' has been set to element 'Object Repository/cicle.staging/Board/Comment/InsertLinkHere-Image-Field'

2022-10-28 21:35:06 - [TEST_STEP][PASSED] - tap(findTestObject("cicle.staging/Board/Comment/Comment-SelectInsert-Button"), 0): Tapped on element 'Object Repository/cicle.staging/Board/Comment/Comment-SelectInsert-Button'

2022-10-28 21:35:06 - [MESSAGE][WARNING] - Timeout '0' is invalid. Using default page load timeout: '30'

2022-10-28 21:35:08 - [MESSAGE][PASSED] - Tapped on element 'Object Repository/cicle.staging/Board/Comment/Comment-SelectInsert-Button'

2022-10-28 21:35:08 - [TEST_STEP][PASSED] - verifyElementVisible(findTestObject("cicle.staging/Board/Comment/AssertionNotValidURL-Comment"), 0): Element 'Object Repository/cicle.staging/Board/Comment/AssertionNotValidURL-Comment' is visible

2022-10-28 21:35:08 - [MESSAGE][WARNING] - Timeout '0' is invalid. Using default page load timeout: '30'

2022-10-28 21:35:08 - [MESSAGE][PASSED] - Element 'Object Repository/cicle.staging/Board/Comment/AssertionNotValidURL-Comment' is visible]]></system-out>
         <system-err><![CDATA[]]></system-err>
      </testcase>
      <testcase name="Test Cases/GroupChat/TC_Group Chat_CS-13" time="27.229" classname="Test Cases/GroupChat/TC_Group Chat_CS-13" status="PASSED">
         <system-out><![CDATA[2022-10-28 21:35:08 - [TEST_CASE][PASSED] - Test Cases/GroupChat/TC_Group Chat_CS-13: Test Cases/GroupChat/TC_Group Chat_CS-13

2022-10-28 21:35:09 - [TEST_STEP][PASSED] - callTestCase(findTestCase("Sign in/TC_Sign in_CS-40"), [:], STOP_ON_FAILURE): Call Test Case 'Test Cases/Sign in/TC_Sign in_CS-40' successfully

2022-10-28 21:35:09 - [TEST_CASE][PASSED] - Test Cases/Sign in/TC_Sign in_CS-40: Test Cases/Sign in/TC_Sign in_CS-40

2022-10-28 21:35:09 - [TEST_STEP][PASSED] - startApplication("/Users/sandikurnia/Downloads/apk-staging-for-iqbal.apk", false): Started app at: '/Users/sandikurnia/Downloads/apk-staging-for-iqbal.apk'

2022-10-28 21:35:14 - [MESSAGE][PASSED] - Started app at: '/Users/sandikurnia/Downloads/apk-staging-for-iqbal.apk'

2022-10-28 21:35:14 - [TEST_STEP][PASSED] - tap(findTestObject("cicle.staging/Startup/YesButtonWhenOpenitApp"), 3, OPTIONAL): Object Object Repository/cicle.staging/Startup/YesButtonWhenOpenitApp not found

2022-10-28 21:35:17 - [MESSAGE][WARNING] - Object Object Repository/cicle.staging/Startup/YesButtonWhenOpenitApp not found

2022-10-28 21:35:17 - [TEST_STEP][PASSED] - tap(findTestObject("cicle.staging/Startup/SkipButtonWhenOpenitApp"), 3, OPTIONAL): Object Object Repository/cicle.staging/Startup/SkipButtonWhenOpenitApp not found

2022-10-28 21:35:20 - [MESSAGE][WARNING] - Object Object Repository/cicle.staging/Startup/SkipButtonWhenOpenitApp not found

2022-10-28 21:35:20 - [TEST_STEP][PASSED] - tap(findTestObject("cicle.staging/Startup/GotoSignInButton"), 3, OPTIONAL): Object Object Repository/cicle.staging/Startup/GotoSignInButton not found

2022-10-28 21:35:23 - [MESSAGE][WARNING] - Object Object Repository/cicle.staging/Startup/GotoSignInButton not found

2022-10-28 21:35:23 - [TEST_STEP][PASSED] - tap(findTestObject("cicle.staging/Startup/SignInwithGoogleAccount"), 3, OPTIONAL): Object Object Repository/cicle.staging/Startup/SignInwithGoogleAccount not found

2022-10-28 21:35:26 - [MESSAGE][WARNING] - Object Object Repository/cicle.staging/Startup/SignInwithGoogleAccount not found

2022-10-28 21:35:26 - [TEST_STEP][PASSED] - tap(findTestObject("cicle.staging/Startup/LayoutLoginwithMyAccount"), 3, OPTIONAL): Object Object Repository/cicle.staging/Startup/LayoutLoginwithMyAccount not found

2022-10-28 21:35:29 - [MESSAGE][WARNING] - Object Object Repository/cicle.staging/Startup/LayoutLoginwithMyAccount not found

2022-10-28 21:35:29 - [TEST_STEP][PASSED] - tap(findTestObject("cicle.staging/Startup/ChooseCompanyonYourListafterSignIn"), 3, OPTIONAL): Tapped on element 'Object Repository/cicle.staging/Startup/ChooseCompanyonYourListafterSignIn'

2022-10-28 21:35:30 - [MESSAGE][PASSED] - Tapped on element 'Object Repository/cicle.staging/Startup/ChooseCompanyonYourListafterSignIn'

2022-10-28 21:35:30 - [TEST_STEP][PASSED] - tap(findTestObject("cicle.staging/SekolahQAHeadQuarter/HeadquarterSekolahQA-MainPage"), 0, STOP_ON_FAILURE): Tapped on element 'Object Repository/cicle.staging/SekolahQAHeadQuarter/HeadquarterSekolahQA-MainPage'

2022-10-28 21:35:30 - [MESSAGE][WARNING] - Timeout '0' is invalid. Using default page load timeout: '30'

2022-10-28 21:35:31 - [MESSAGE][PASSED] - Tapped on element 'Object Repository/cicle.staging/SekolahQAHeadQuarter/HeadquarterSekolahQA-MainPage'

2022-10-28 21:35:31 - [MESSAGE][PASSED] - Call Test Case 'Test Cases/Sign in/TC_Sign in_CS-40' successfully

2022-10-28 21:35:31 - [TEST_STEP][PASSED] - tap(findTestObject("cicle.staging/Group Chat/GroupChatMenu"), 0): Tapped on element 'Object Repository/cicle.staging/Group Chat/GroupChatMenu'

2022-10-28 21:35:31 - [MESSAGE][WARNING] - Timeout '0' is invalid. Using default page load timeout: '30'

2022-10-28 21:35:31 - [MESSAGE][PASSED] - Tapped on element 'Object Repository/cicle.staging/Group Chat/GroupChatMenu'

2022-10-28 21:35:31 - [TEST_STEP][PASSED] - tap(findTestObject("cicle.staging/Group Chat/TypeMessage-Field"), 0): Tapped on element 'Object Repository/cicle.staging/Group Chat/TypeMessage-Field'

2022-10-28 21:35:31 - [MESSAGE][WARNING] - Timeout '0' is invalid. Using default page load timeout: '30'

2022-10-28 21:35:32 - [MESSAGE][PASSED] - Tapped on element 'Object Repository/cicle.staging/Group Chat/TypeMessage-Field'

2022-10-28 21:35:32 - [TEST_STEP][PASSED] - setText(findTestObject("cicle.staging/Group Chat/TypeMessage-Field"), findTestData("GroupChat/sendMessageonGroupChat").getValue(1, 1), 0): Text 'Hello Sandi !!' has been set to element 'Object Repository/cicle.staging/Group Chat/TypeMessage-Field'

2022-10-28 21:35:33 - [MESSAGE][WARNING] - Timeout '0' is invalid. Using default page load timeout: '30'

2022-10-28 21:35:33 - [MESSAGE][PASSED] - Text 'Hello Sandi !!' has been set to element 'Object Repository/cicle.staging/Group Chat/TypeMessage-Field'

2022-10-28 21:35:33 - [TEST_STEP][PASSED] - tap(findTestObject("cicle.staging/Group Chat/SendChat-Button"), 0): Tapped on element 'Object Repository/cicle.staging/Group Chat/SendChat-Button'

2022-10-28 21:35:33 - [MESSAGE][WARNING] - Timeout '0' is invalid. Using default page load timeout: '30'

2022-10-28 21:35:36 - [MESSAGE][PASSED] - Tapped on element 'Object Repository/cicle.staging/Group Chat/SendChat-Button'

2022-10-28 21:35:36 - [TEST_STEP][PASSED] - verifyElementVisible(findTestObject("cicle.staging/Group Chat/Assertion-SendChat"), 0): Element 'Object Repository/cicle.staging/Group Chat/Assertion-SendChat' is visible

2022-10-28 21:35:36 - [MESSAGE][WARNING] - Timeout '0' is invalid. Using default page load timeout: '30'

2022-10-28 21:35:36 - [MESSAGE][PASSED] - Element 'Object Repository/cicle.staging/Group Chat/Assertion-SendChat' is visible]]></system-out>
         <system-err><![CDATA[]]></system-err>
      </testcase>
      <testcase name="Test Cases/GroupChat/TC_Group Chat_CS-14" time="55.0" classname="Test Cases/GroupChat/TC_Group Chat_CS-14" status="PASSED">
         <system-out><![CDATA[2022-10-28 21:35:36 - [TEST_CASE][PASSED] - Test Cases/GroupChat/TC_Group Chat_CS-14: Test Cases/GroupChat/TC_Group Chat_CS-14

2022-10-28 21:35:36 - [TEST_STEP][PASSED] - callTestCase(findTestCase("Sign in/TC_Sign in_CS-40"), [:], STOP_ON_FAILURE): Call Test Case 'Test Cases/Sign in/TC_Sign in_CS-40' successfully

2022-10-28 21:35:36 - [TEST_CASE][PASSED] - Test Cases/Sign in/TC_Sign in_CS-40: Test Cases/Sign in/TC_Sign in_CS-40

2022-10-28 21:35:36 - [TEST_STEP][PASSED] - startApplication("/Users/sandikurnia/Downloads/apk-staging-for-iqbal.apk", false): Started app at: '/Users/sandikurnia/Downloads/apk-staging-for-iqbal.apk'

2022-10-28 21:35:41 - [MESSAGE][PASSED] - Started app at: '/Users/sandikurnia/Downloads/apk-staging-for-iqbal.apk'

2022-10-28 21:35:41 - [TEST_STEP][PASSED] - tap(findTestObject("cicle.staging/Startup/YesButtonWhenOpenitApp"), 3, OPTIONAL): Object Object Repository/cicle.staging/Startup/YesButtonWhenOpenitApp not found

2022-10-28 21:35:44 - [MESSAGE][WARNING] - Object Object Repository/cicle.staging/Startup/YesButtonWhenOpenitApp not found

2022-10-28 21:35:44 - [TEST_STEP][PASSED] - tap(findTestObject("cicle.staging/Startup/SkipButtonWhenOpenitApp"), 3, OPTIONAL): Object Object Repository/cicle.staging/Startup/SkipButtonWhenOpenitApp not found

2022-10-28 21:35:47 - [MESSAGE][WARNING] - Object Object Repository/cicle.staging/Startup/SkipButtonWhenOpenitApp not found

2022-10-28 21:35:47 - [TEST_STEP][PASSED] - tap(findTestObject("cicle.staging/Startup/GotoSignInButton"), 3, OPTIONAL): Object Object Repository/cicle.staging/Startup/GotoSignInButton not found

2022-10-28 21:35:50 - [MESSAGE][WARNING] - Object Object Repository/cicle.staging/Startup/GotoSignInButton not found

2022-10-28 21:35:50 - [TEST_STEP][PASSED] - tap(findTestObject("cicle.staging/Startup/SignInwithGoogleAccount"), 3, OPTIONAL): Object Object Repository/cicle.staging/Startup/SignInwithGoogleAccount not found

2022-10-28 21:35:53 - [MESSAGE][WARNING] - Object Object Repository/cicle.staging/Startup/SignInwithGoogleAccount not found

2022-10-28 21:35:53 - [TEST_STEP][PASSED] - tap(findTestObject("cicle.staging/Startup/LayoutLoginwithMyAccount"), 3, OPTIONAL): Object Object Repository/cicle.staging/Startup/LayoutLoginwithMyAccount not found

2022-10-28 21:35:57 - [MESSAGE][WARNING] - Object Object Repository/cicle.staging/Startup/LayoutLoginwithMyAccount not found

2022-10-28 21:35:57 - [TEST_STEP][PASSED] - tap(findTestObject("cicle.staging/Startup/ChooseCompanyonYourListafterSignIn"), 3, OPTIONAL): Tapped on element 'Object Repository/cicle.staging/Startup/ChooseCompanyonYourListafterSignIn'

2022-10-28 21:35:57 - [MESSAGE][PASSED] - Tapped on element 'Object Repository/cicle.staging/Startup/ChooseCompanyonYourListafterSignIn'

2022-10-28 21:35:57 - [TEST_STEP][PASSED] - tap(findTestObject("cicle.staging/SekolahQAHeadQuarter/HeadquarterSekolahQA-MainPage"), 0, STOP_ON_FAILURE): Tapped on element 'Object Repository/cicle.staging/SekolahQAHeadQuarter/HeadquarterSekolahQA-MainPage'

2022-10-28 21:35:57 - [MESSAGE][WARNING] - Timeout '0' is invalid. Using default page load timeout: '30'

2022-10-28 21:35:58 - [MESSAGE][PASSED] - Tapped on element 'Object Repository/cicle.staging/SekolahQAHeadQuarter/HeadquarterSekolahQA-MainPage'

2022-10-28 21:35:58 - [MESSAGE][PASSED] - Call Test Case 'Test Cases/Sign in/TC_Sign in_CS-40' successfully

2022-10-28 21:35:58 - [TEST_STEP][PASSED] - tap(findTestObject("cicle.staging/Group Chat/GroupChatMenu"), 0): Tapped on element 'Object Repository/cicle.staging/Group Chat/GroupChatMenu'

2022-10-28 21:35:58 - [MESSAGE][WARNING] - Timeout '0' is invalid. Using default page load timeout: '30'

2022-10-28 21:35:58 - [MESSAGE][PASSED] - Tapped on element 'Object Repository/cicle.staging/Group Chat/GroupChatMenu'

2022-10-28 21:35:58 - [TEST_STEP][PASSED] - tap(findTestObject("cicle.staging/Group Chat/TypeMessage-Field"), 0): Tapped on element 'Object Repository/cicle.staging/Group Chat/TypeMessage-Field'

2022-10-28 21:35:58 - [MESSAGE][WARNING] - Timeout '0' is invalid. Using default page load timeout: '30'

2022-10-28 21:36:00 - [MESSAGE][PASSED] - Tapped on element 'Object Repository/cicle.staging/Group Chat/TypeMessage-Field'

2022-10-28 21:36:00 - [TEST_STEP][PASSED] - setText(findTestObject("cicle.staging/Group Chat/TypeMessage-Field"), findTestData("GroupChat/sendMessageonGroupChat").getValue(2, 1), 0): Text '' has been set to element 'Object Repository/cicle.staging/Group Chat/TypeMessage-Field'

2022-10-28 21:36:00 - [MESSAGE][WARNING] - Timeout '0' is invalid. Using default page load timeout: '30'

2022-10-28 21:36:01 - [MESSAGE][PASSED] - Text '' has been set to element 'Object Repository/cicle.staging/Group Chat/TypeMessage-Field'

2022-10-28 21:36:01 - [TEST_STEP][PASSED] - verifyElementNotVisible(findTestObject("cicle.staging/Group Chat/SendChat-Button"), 0): Element 'Object Repository/cicle.staging/Group Chat/SendChat-Button' not found

2022-10-28 21:36:01 - [MESSAGE][WARNING] - Timeout '0' is invalid. Using default page load timeout: '30'

2022-10-28 21:36:31 - [MESSAGE][PASSED] - Element 'Object Repository/cicle.staging/Group Chat/SendChat-Button' not found]]></system-out>
         <system-err><![CDATA[]]></system-err>
      </testcase>
      <testcase name="Test Cases/GroupChat/TC_Group Chat_CS-15" time="1.128" classname="Test Cases/GroupChat/TC_Group Chat_CS-15" status="FAILED">
         <failure type="FAILED" message="Test Cases/GroupChat/TC_Group Chat_CS-15 FAILED.
Reason:
com.kms.katalon.core.exception.StepFailedException: Call Test Case 'Test Cases/Sign in/TC_Sign in_CS-40' failed
	at com.kms.katalon.core.keyword.builtin.CallTestCaseKeyword$_callTestCase_closure1.doCall(CallTestCaseKeyword.groovy:63)
	at com.kms.katalon.core.keyword.builtin.CallTestCaseKeyword$_callTestCase_closure1.call(CallTestCaseKeyword.groovy)
	at com.kms.katalon.core.keyword.internal.KeywordMain.runKeyword(KeywordMain.groovy:74)
	at com.kms.katalon.core.keyword.builtin.CallTestCaseKeyword.callTestCase(CallTestCaseKeyword.groovy:81)
	at com.kms.katalon.core.keyword.builtin.CallTestCaseKeyword.execute(CallTestCaseKeyword.groovy:44)
	at com.kms.katalon.core.keyword.internal.KeywordExecutor.executeKeywordForPlatform(KeywordExecutor.groovy:74)
	at com.kms.katalon.core.keyword.BuiltinKeywords.callTestCase(BuiltinKeywords.groovy:334)
	at TC_Group Chat_CS-15.run(TC_Group Chat_CS-15:20)
	at com.kms.katalon.core.main.ScriptEngine.run(ScriptEngine.java:194)
	at com.kms.katalon.core.main.ScriptEngine.runScriptAsRawText(ScriptEngine.java:119)
	at com.kms.katalon.core.main.TestCaseExecutor.runScript(TestCaseExecutor.java:448)
	at com.kms.katalon.core.main.TestCaseExecutor.doExecute(TestCaseExecutor.java:439)
	at com.kms.katalon.core.main.TestCaseExecutor.processExecutionPhase(TestCaseExecutor.java:418)
	at com.kms.katalon.core.main.TestCaseExecutor.accessMainPhase(TestCaseExecutor.java:410)
	at com.kms.katalon.core.main.TestCaseExecutor.execute(TestCaseExecutor.java:285)
	at com.kms.katalon.core.common.CommonExecutor.accessTestCaseMainPhase(CommonExecutor.java:65)
	at com.kms.katalon.core.main.TestSuiteExecutor.accessTestSuiteMainPhase(TestSuiteExecutor.java:144)
	at com.kms.katalon.core.main.TestSuiteExecutor.execute(TestSuiteExecutor.java:106)
	at com.kms.katalon.core.main.TestCaseMain.startTestSuite(TestCaseMain.java:185)
	at com.kms.katalon.core.main.TestCaseMain$startTestSuite$0.call(Unknown Source)
	at TempTestSuite1666967328832.run(TempTestSuite1666967328832.groovy:36)
Caused by: com.kms.katalon.core.exception.StepFailedException: Unable to start app at: '/Users/sandikurnia/Downloads/apk-staging-for-iqbal.apk' (Root cause: org.openqa.selenium.SessionNotCreatedException: Unable to create a new remote session. Please check the server log for more details. Original error: An unknown server-side error occurred while processing the command. Original error: UiAutomator2 Server cannot start because the local port #53685 is busy. Make sure the port you provide via 'systemPort' capability is not occupied. This situation might often be a result of an inaccurate sessions management, e.g. old automation sessions on the same device must always be closed before starting new ones.
Build info: version: '3.141.59', revision: 'e82be7d358', time: '2018-11-14T08:25:53'
System info: host: 'Sandis-MacBook-Air.local', ip: 'fe80:0:0:0:c5b:3cc4:ccb4:d475%en0', os.name: 'Mac OS X', os.arch: 'x86_64', os.version: '10.16', java.version: '1.8.0_275'
Driver info: driver.version: SwipeableAndroidDriver
remote stacktrace: UnknownError: An unknown server-side error occurred while processing the command. Original error: UiAutomator2 Server cannot start because the local port #53685 is busy. Make sure the port you provide via 'systemPort' capability is not occupied. This situation might often be a result of an inaccurate sessions management, e.g. old automation sessions on the same device must always be closed before starting new ones.
    at getResponseForW3CError (/opt/node/v16.17.1/lib/node_modules/appium/node_modules/appium-base-driver/lib/protocol/errors.js:804:9)
    at asyncHandler (/opt/node/v16.17.1/lib/node_modules/appium/node_modules/appium-base-driver/lib/protocol/protocol.js:380:37)
Build info: version: '3.141.59', revision: 'e82be7d358', time: '2018-11-14T08:25:53'
System info: host: 'Sandis-MacBook-Air.local', ip: 'fe80:0:0:0:c5b:3cc4:ccb4:d475%en0', os.name: 'Mac OS X', os.arch: 'x86_64', os.version: '10.16', java.version: '1.8.0_275'
Driver info: driver.version: SwipeableAndroidDriver
	at io.appium.java_client.remote.AppiumCommandExecutor$1.createSession(AppiumCommandExecutor.java:208)
	at io.appium.java_client.remote.AppiumCommandExecutor.createSession(AppiumCommandExecutor.java:217)
	at io.appium.java_client.remote.AppiumCommandExecutor.execute(AppiumCommandExecutor.java:239)
	at org.openqa.selenium.remote.RemoteWebDriver.execute(RemoteWebDriver.java:552)
	at io.appium.java_client.DefaultGenericMobileDriver.execute(DefaultGenericMobileDriver.java:42)
	at io.appium.java_client.AppiumDriver.execute(AppiumDriver.java:1)
	at io.appium.java_client.android.AndroidDriver.execute(AndroidDriver.java:1)
	at com.kms.katalon.core.appium.driver.SwipeableAndroidDriver.execute(SwipeableAndroidDriver.java:1)
	at org.openqa.selenium.remote.RemoteWebDriver.startSession(RemoteWebDriver.java:213)
	at org.openqa.selenium.remote.RemoteWebDriver.&lt;init>(RemoteWebDriver.java:131)
	at io.appium.java_client.DefaultGenericMobileDriver.&lt;init>(DefaultGenericMobileDriver.java:38)
	at io.appium.java_client.AppiumDriver.&lt;init>(AppiumDriver.java:84)
	at io.appium.java_client.android.AndroidDriver.&lt;init>(AndroidDriver.java:85)
	at com.kms.katalon.core.appium.driver.SwipeableAndroidDriver.&lt;init>(SwipeableAndroidDriver.java:24)
	at com.kms.katalon.core.appium.driver.AppiumDriverManager.createMobileDriver(AppiumDriverManager.java:503)
	at com.kms.katalon.core.appium.driver.AppiumDriverManager.createMobileDriver(AppiumDriverManager.java:485)
	at com.kms.katalon.core.mobile.keyword.internal.MobileDriverFactory.startLocalMobileDriver(MobileDriverFactory.java:539)
	at com.kms.katalon.core.mobile.keyword.internal.MobileDriverFactory.startMobileDriver(MobileDriverFactory.java:452)
	at com.kms.katalon.core.mobile.keyword.builtin.StartApplicationKeyword$_startApplication_closure1.doCall(StartApplicationKeyword.groovy:49)
	at com.kms.katalon.core.mobile.keyword.builtin.StartApplicationKeyword$_startApplication_closure1.call(StartApplicationKeyword.groovy)
	at com.kms.katalon.core.mobile.keyword.internal.MobileKeywordMain.runKeyword(MobileKeywordMain.groovy:21)
	at com.kms.katalon.core.mobile.keyword.builtin.StartApplicationKeyword.startApplication(StartApplicationKeyword.groovy:51)
	at com.kms.katalon.core.mobile.keyword.builtin.StartApplicationKeyword.execute(StartApplicationKeyword.groovy:40)
	at com.kms.katalon.core.keyword.internal.KeywordExecutor.executeKeywordForPlatform(KeywordExecutor.groovy:74)
	at com.kms.katalon.core.mobile.keyword.MobileBuiltInKeywords.startApplication(MobileBuiltInKeywords.groovy:78)
	at com.kms.katalon.core.mobile.keyword.MobileBuiltInKeywords$startApplication.call(Unknown Source)
	at TC_Sign in_CS-40.run(TC_Sign in_CS-40:20)
	at com.kms.katalon.core.main.ScriptEngine.run(ScriptEngine.java:194)
	at com.kms.katalon.core.main.ScriptEngine.runScriptAsRawText(ScriptEngine.java:119)
	at com.kms.katalon.core.main.TestCaseExecutor.runScript(TestCaseExecutor.java:448)
	at com.kms.katalon.core.main.TestCaseExecutor.doExecute(TestCaseExecutor.java:439)
	at com.kms.katalon.core.main.TestCaseExecutor.processExecutionPhase(TestCaseExecutor.java:418)
	at com.kms.katalon.core.main.TestCaseExecutor.accessMainPhase(TestCaseExecutor.java:410)
	at com.kms.katalon.core.main.TestCaseExecutor.execute(TestCaseExecutor.java:285)
	at com.kms.katalon.core.main.TestCaseMain.runTestCase(TestCaseMain.java:142)
	at com.kms.katalon.core.keyword.builtin.CallTestCaseKeyword$_callTestCase_closure1.doCall(CallTestCaseKeyword.groovy:59)
	at com.kms.katalon.core.keyword.builtin.CallTestCaseKeyword$_callTestCase_closure1.call(CallTestCaseKeyword.groovy)
	at com.kms.katalon.core.keyword.internal.KeywordMain.runKeyword(KeywordMain.groovy:74)
	at com.kms.katalon.core.keyword.builtin.CallTestCaseKeyword.callTestCase(CallTestCaseKeyword.groovy:81)
	at com.kms.katalon.core.keyword.builtin.CallTestCaseKeyword.execute(CallTestCaseKeyword.groovy:44)
	at com.kms.katalon.core.keyword.internal.KeywordExecutor.executeKeywordForPlatform(KeywordExecutor.groovy:74)
	at com.kms.katalon.core.keyword.BuiltinKeywords.callTestCase(BuiltinKeywords.groovy:334)
	at TC_Group Chat_CS-15.run(TC_Group Chat_CS-15:20)
	at com.kms.katalon.core.main.ScriptEngine.run(ScriptEngine.java:194)
	at com.kms.katalon.core.main.ScriptEngine.runScriptAsRawText(ScriptEngine.java:119)
	at com.kms.katalon.core.main.TestCaseExecutor.runScript(TestCaseExecutor.java:448)
	at com.kms.katalon.core.main.TestCaseExecutor.doExecute(TestCaseExecutor.java:439)
	at com.kms.katalon.core.main.TestCaseExecutor.processExecutionPhase(TestCaseExecutor.java:418)
	at com.kms.katalon.core.main.TestCaseExecutor.accessMainPhase(TestCaseExecutor.java:410)
	at com.kms.katalon.core.main.TestCaseExecutor.execute(TestCaseExecutor.java:285)
	at com.kms.katalon.core.common.CommonExecutor.accessTestCaseMainPhase(CommonExecutor.java:65)
	at com.kms.katalon.core.main.TestSuiteExecutor.accessTestSuiteMainPhase(TestSuiteExecutor.java:144)
	at com.kms.katalon.core.main.TestSuiteExecutor.execute(TestSuiteExecutor.java:106)
	at com.kms.katalon.core.main.TestCaseMain.startTestSuite(TestCaseMain.java:185)
	at com.kms.katalon.core.main.TestCaseMain$startTestSuite$0.call(Unknown Source)
	at TempTestSuite1666967328832.run(TempTestSuite1666967328832.groovy:36)
Caused by: java.lang.reflect.InvocationTargetException
	at io.appium.java_client.remote.AppiumCommandExecutor$1.createSession(AppiumCommandExecutor.java:186)
	at io.appium.java_client.remote.AppiumCommandExecutor.createSession(AppiumCommandExecutor.java:217)
	at io.appium.java_client.remote.AppiumCommandExecutor.execute(AppiumCommandExecutor.java:239)
	at org.openqa.selenium.remote.RemoteWebDriver.execute(RemoteWebDriver.java:552)
	at io.appium.java_client.DefaultGenericMobileDriver.execute(DefaultGenericMobileDriver.java:42)
	at io.appium.java_client.AppiumDriver.execute(AppiumDriver.java:1)
	at io.appium.java_client.android.AndroidDriver.execute(AndroidDriver.java:1)
	at com.kms.katalon.core.appium.driver.SwipeableAndroidDriver.execute(SwipeableAndroidDriver.java:1)
	at org.openqa.selenium.remote.RemoteWebDriver.startSession(RemoteWebDriver.java:213)
	at org.openqa.selenium.remote.RemoteWebDriver.&lt;init>(RemoteWebDriver.java:131)
	at io.appium.java_client.DefaultGenericMobileDriver.&lt;init>(DefaultGenericMobileDriver.java:38)
	at io.appium.java_client.AppiumDriver.&lt;init>(AppiumDriver.java:84)
	at io.appium.java_client.android.AndroidDriver.&lt;init>(AndroidDriver.java:85)
	at com.kms.katalon.core.appium.driver.SwipeableAndroidDriver.&lt;init>(SwipeableAndroidDriver.java:24)
	at com.kms.katalon.core.appium.driver.AppiumDriverManager.createMobileDriver(AppiumDriverManager.java:503)
	at com.kms.katalon.core.appium.driver.AppiumDriverManager.createMobileDriver(AppiumDriverManager.java:485)
	at com.kms.katalon.core.mobile.keyword.internal.MobileDriverFactory.startLocalMobileDriver(MobileDriverFactory.java:539)
	at com.kms.katalon.core.mobile.keyword.internal.MobileDriverFactory.startMobileDriver(MobileDriverFactory.java:452)
	at com.kms.katalon.core.mobile.keyword.builtin.StartApplicationKeyword$_startApplication_closure1.doCall(StartApplicationKeyword.groovy:49)
	at com.kms.katalon.core.mobile.keyword.builtin.StartApplicationKeyword$_startApplication_closure1.call(StartApplicationKeyword.groovy)
	at com.kms.katalon.core.mobile.keyword.internal.MobileKeywordMain.runKeyword(MobileKeywordMain.groovy:21)
	at com.kms.katalon.core.mobile.keyword.builtin.StartApplicationKeyword.startApplication(StartApplicationKeyword.groovy:51)
	at com.kms.katalon.core.mobile.keyword.builtin.StartApplicationKeyword.execute(StartApplicationKeyword.groovy:40)
	at com.kms.katalon.core.keyword.internal.KeywordExecutor.executeKeywordForPlatform(KeywordExecutor.groovy:74)
	at com.kms.katalon.core.mobile.keyword.MobileBuiltInKeywords.startApplication(MobileBuiltInKeywords.groovy:78)
	at com.kms.katalon.core.mobile.keyword.MobileBuiltInKeywords$startApplication.call(Unknown Source)
	at Script1666945512283.run(Script1666945512283.groovy:20)
	at com.kms.katalon.core.main.ScriptEngine.run(ScriptEngine.java:194)
	at com.kms.katalon.core.main.ScriptEngine.runScriptAsRawText(ScriptEngine.java:119)
	at com.kms.katalon.core.main.TestCaseExecutor.runScript(TestCaseExecutor.java:448)
	at com.kms.katalon.core.main.TestCaseExecutor.doExecute(TestCaseExecutor.java:439)
	at com.kms.katalon.core.main.TestCaseExecutor.processExecutionPhase(TestCaseExecutor.java:418)
	at com.kms.katalon.core.main.TestCaseExecutor.accessMainPhase(TestCaseExecutor.java:410)
	at com.kms.katalon.core.main.TestCaseExecutor.execute(TestCaseExecutor.java:285)
	at com.kms.katalon.core.main.TestCaseMain.runTestCase(TestCaseMain.java:142)
	at com.kms.katalon.core.keyword.builtin.CallTestCaseKeyword$_callTestCase_closure1.doCall(CallTestCaseKeyword.groovy:59)
	at com.kms.katalon.core.keyword.builtin.CallTestCaseKeyword$_callTestCase_closure1.call(CallTestCaseKeyword.groovy)
	at com.kms.katalon.core.keyword.internal.KeywordMain.runKeyword(KeywordMain.groovy:74)
	at com.kms.katalon.core.keyword.builtin.CallTestCaseKeyword.callTestCase(CallTestCaseKeyword.groovy:81)
	at com.kms.katalon.core.keyword.builtin.CallTestCaseKeyword.execute(CallTestCaseKeyword.groovy:44)
	at com.kms.katalon.core.keyword.internal.KeywordExecutor.executeKeywordForPlatform(KeywordExecutor.groovy:74)
	at com.kms.katalon.core.keyword.BuiltinKeywords.callTestCase(BuiltinKeywords.groovy:334)
	at Script1666862047546.run(Script1666862047546.groovy:20)
	... 13 more
Caused by: org.openqa.selenium.WebDriverException: An unknown server-side error occurred while processing the command. Original error: UiAutomator2 Server cannot start because the local port #53685 is busy. Make sure the port you provide via 'systemPort' capability is not occupied. This situation might often be a result of an inaccurate sessions management, e.g. old automation sessions on the same device must always be closed before starting new ones.
Build info: version: '3.141.59', revision: 'e82be7d358', time: '2018-11-14T08:25:53'
System info: host: 'Sandis-MacBook-Air.local', ip: 'fe80:0:0:0:c5b:3cc4:ccb4:d475%en0', os.name: 'Mac OS X', os.arch: 'x86_64', os.version: '10.16', java.version: '1.8.0_275'
Driver info: driver.version: SwipeableAndroidDriver
remote stacktrace: UnknownError: An unknown server-side error occurred while processing the command. Original error: UiAutomator2 Server cannot start because the local port #53685 is busy. Make sure the port you provide via 'systemPort' capability is not occupied. This situation might often be a result of an inaccurate sessions management, e.g. old automation sessions on the same device must always be closed before starting new ones.
    at getResponseForW3CError (/opt/node/v16.17.1/lib/node_modules/appium/node_modules/appium-base-driver/lib/protocol/errors.js:804:9)
    at asyncHandler (/opt/node/v16.17.1/lib/node_modules/appium/node_modules/appium-base-driver/lib/protocol/protocol.js:380:37)
	at org.openqa.selenium.remote.W3CHandshakeResponse.lambda$errorHandler$0(W3CHandshakeResponse.java:62)
	at org.openqa.selenium.remote.HandshakeResponse.lambda$getResponseFunction$0(HandshakeResponse.java:30)
	at org.openqa.selenium.remote.ProtocolHandshake.lambda$createSession$0(ProtocolHandshake.java:126)
	at org.openqa.selenium.remote.ProtocolHandshake.createSession(ProtocolHandshake.java:128)
	... 56 more
)
	at com.kms.katalon.core.keyword.internal.KeywordMain.stepFailed(KeywordMain.groovy:50)
	at com.kms.katalon.core.mobile.keyword.internal.MobileKeywordMain.stepFailed(MobileKeywordMain.groovy:40)
	at com.kms.katalon.core.mobile.keyword.internal.MobileKeywordMain.runKeyword(MobileKeywordMain.groovy:23)
	at com.kms.katalon.core.mobile.keyword.builtin.StartApplicationKeyword.startApplication(StartApplicationKeyword.groovy:51)
	at com.kms.katalon.core.mobile.keyword.builtin.StartApplicationKeyword.execute(StartApplicationKeyword.groovy:40)
	at com.kms.katalon.core.keyword.internal.KeywordExecutor.executeKeywordForPlatform(KeywordExecutor.groovy:74)
	at com.kms.katalon.core.mobile.keyword.MobileBuiltInKeywords.startApplication(MobileBuiltInKeywords.groovy:78)
	at com.kms.katalon.core.mobile.keyword.MobileBuiltInKeywords$startApplication.call(Unknown Source)
	at TC_Sign in_CS-40.run(TC_Sign in_CS-40:20)
	at com.kms.katalon.core.main.ScriptEngine.run(ScriptEngine.java:194)
	at com.kms.katalon.core.main.ScriptEngine.runScriptAsRawText(ScriptEngine.java:119)
	at com.kms.katalon.core.main.TestCaseExecutor.runScript(TestCaseExecutor.java:448)
	at com.kms.katalon.core.main.TestCaseExecutor.doExecute(TestCaseExecutor.java:439)
	at com.kms.katalon.core.main.TestCaseExecutor.processExecutionPhase(TestCaseExecutor.java:418)
	at com.kms.katalon.core.main.TestCaseExecutor.accessMainPhase(TestCaseExecutor.java:410)
	at com.kms.katalon.core.main.TestCaseExecutor.execute(TestCaseExecutor.java:285)
	at com.kms.katalon.core.main.TestCaseMain.runTestCase(TestCaseMain.java:142)
	at com.kms.katalon.core.keyword.builtin.CallTestCaseKeyword$_callTestCase_closure1.doCall(CallTestCaseKeyword.groovy:59)
	... 20 more
Caused by: org.openqa.selenium.SessionNotCreatedException: Unable to create a new remote session. Please check the server log for more details. Original error: An unknown server-side error occurred while processing the command. Original error: UiAutomator2 Server cannot start because the local port #53685 is busy. Make sure the port you provide via 'systemPort' capability is not occupied. This situation might often be a result of an inaccurate sessions management, e.g. old automation sessions on the same device must always be closed before starting new ones.
Build info: version: '3.141.59', revision: 'e82be7d358', time: '2018-11-14T08:25:53'
System info: host: 'Sandis-MacBook-Air.local', ip: 'fe80:0:0:0:c5b:3cc4:ccb4:d475%en0', os.name: 'Mac OS X', os.arch: 'x86_64', os.version: '10.16', java.version: '1.8.0_275'
Driver info: driver.version: SwipeableAndroidDriver
remote stacktrace: UnknownError: An unknown server-side error occurred while processing the command. Original error: UiAutomator2 Server cannot start because the local port #53685 is busy. Make sure the port you provide via 'systemPort' capability is not occupied. This situation might often be a result of an inaccurate sessions management, e.g. old automation sessions on the same device must always be closed before starting new ones.
    at getResponseForW3CError (/opt/node/v16.17.1/lib/node_modules/appium/node_modules/appium-base-driver/lib/protocol/errors.js:804:9)
    at asyncHandler (/opt/node/v16.17.1/lib/node_modules/appium/node_modules/appium-base-driver/lib/protocol/protocol.js:380:37)
Build info: version: '3.141.59', revision: 'e82be7d358', time: '2018-11-14T08:25:53'
System info: host: 'Sandis-MacBook-Air.local', ip: 'fe80:0:0:0:c5b:3cc4:ccb4:d475%en0', os.name: 'Mac OS X', os.arch: 'x86_64', os.version: '10.16', java.version: '1.8.0_275'
Driver info: driver.version: SwipeableAndroidDriver
	at io.appium.java_client.remote.AppiumCommandExecutor$1.createSession(AppiumCommandExecutor.java:208)
	at io.appium.java_client.remote.AppiumCommandExecutor.createSession(AppiumCommandExecutor.java:217)
	at io.appium.java_client.remote.AppiumCommandExecutor.execute(AppiumCommandExecutor.java:239)
	at org.openqa.selenium.remote.RemoteWebDriver.execute(RemoteWebDriver.java:552)
	at io.appium.java_client.DefaultGenericMobileDriver.execute(DefaultGenericMobileDriver.java:42)
	at io.appium.java_client.AppiumDriver.execute(AppiumDriver.java:1)
	at io.appium.java_client.android.AndroidDriver.execute(AndroidDriver.java:1)
	at com.kms.katalon.core.appium.driver.SwipeableAndroidDriver.execute(SwipeableAndroidDriver.java:1)
	at org.openqa.selenium.remote.RemoteWebDriver.startSession(RemoteWebDriver.java:213)
	at org.openqa.selenium.remote.RemoteWebDriver.&lt;init>(RemoteWebDriver.java:131)
	at io.appium.java_client.DefaultGenericMobileDriver.&lt;init>(DefaultGenericMobileDriver.java:38)
	at io.appium.java_client.AppiumDriver.&lt;init>(AppiumDriver.java:84)
	at io.appium.java_client.android.AndroidDriver.&lt;init>(AndroidDriver.java:85)
	at com.kms.katalon.core.appium.driver.SwipeableAndroidDriver.&lt;init>(SwipeableAndroidDriver.java:24)
	at com.kms.katalon.core.appium.driver.AppiumDriverManager.createMobileDriver(AppiumDriverManager.java:503)
	at com.kms.katalon.core.appium.driver.AppiumDriverManager.createMobileDriver(AppiumDriverManager.java:485)
	at com.kms.katalon.core.mobile.keyword.internal.MobileDriverFactory.startLocalMobileDriver(MobileDriverFactory.java:539)
	at com.kms.katalon.core.mobile.keyword.internal.MobileDriverFactory.startMobileDriver(MobileDriverFactory.java:452)
	at com.kms.katalon.core.mobile.keyword.builtin.StartApplicationKeyword$_startApplication_closure1.doCall(StartApplicationKeyword.groovy:49)
	at com.kms.katalon.core.mobile.keyword.builtin.StartApplicationKeyword$_startApplication_closure1.call(StartApplicationKeyword.groovy)
	at com.kms.katalon.core.mobile.keyword.internal.MobileKeywordMain.runKeyword(MobileKeywordMain.groovy:21)
	... 35 more
Caused by: java.lang.reflect.InvocationTargetException
	at io.appium.java_client.remote.AppiumCommandExecutor$1.createSession(AppiumCommandExecutor.java:186)
	at io.appium.java_client.remote.AppiumCommandExecutor.createSession(AppiumCommandExecutor.java:217)
	at io.appium.java_client.remote.AppiumCommandExecutor.execute(AppiumCommandExecutor.java:239)
	at org.openqa.selenium.remote.RemoteWebDriver.execute(RemoteWebDriver.java:552)
	at io.appium.java_client.DefaultGenericMobileDriver.execute(DefaultGenericMobileDriver.java:42)
	at io.appium.java_client.AppiumDriver.execute(AppiumDriver.java:1)
	at io.appium.java_client.android.AndroidDriver.execute(AndroidDriver.java:1)
	at com.kms.katalon.core.appium.driver.SwipeableAndroidDriver.execute(SwipeableAndroidDriver.java:1)
	at org.openqa.selenium.remote.RemoteWebDriver.startSession(RemoteWebDriver.java:213)
	at org.openqa.selenium.remote.RemoteWebDriver.&lt;init>(RemoteWebDriver.java:131)
	at io.appium.java_client.DefaultGenericMobileDriver.&lt;init>(DefaultGenericMobileDriver.java:38)
	at io.appium.java_client.AppiumDriver.&lt;init>(AppiumDriver.java:84)
	at io.appium.java_client.android.AndroidDriver.&lt;init>(AndroidDriver.java:85)
	at com.kms.katalon.core.appium.driver.SwipeableAndroidDriver.&lt;init>(SwipeableAndroidDriver.java:24)
	at com.kms.katalon.core.appium.driver.AppiumDriverManager.createMobileDriver(AppiumDriverManager.java:503)
	at com.kms.katalon.core.appium.driver.AppiumDriverManager.createMobileDriver(AppiumDriverManager.java:485)
	at com.kms.katalon.core.mobile.keyword.internal.MobileDriverFactory.startLocalMobileDriver(MobileDriverFactory.java:539)
	at com.kms.katalon.core.mobile.keyword.internal.MobileDriverFactory.startMobileDriver(MobileDriverFactory.java:452)
	at com.kms.katalon.core.mobile.keyword.builtin.StartApplicationKeyword$_startApplication_closure1.doCall(StartApplicationKeyword.groovy:49)
	at com.kms.katalon.core.mobile.keyword.builtin.StartApplicationKeyword$_startApplication_closure1.call(StartApplicationKeyword.groovy)
	at com.kms.katalon.core.mobile.keyword.internal.MobileKeywordMain.runKeyword(MobileKeywordMain.groovy:21)
	at com.kms.katalon.core.mobile.keyword.builtin.StartApplicationKeyword.startApplication(StartApplicationKeyword.groovy:51)
	at com.kms.katalon.core.mobile.keyword.builtin.StartApplicationKeyword.execute(StartApplicationKeyword.groovy:40)
	at com.kms.katalon.core.keyword.internal.KeywordExecutor.executeKeywordForPlatform(KeywordExecutor.groovy:74)
	at com.kms.katalon.core.mobile.keyword.MobileBuiltInKeywords.startApplication(MobileBuiltInKeywords.groovy:78)
	at com.kms.katalon.core.mobile.keyword.MobileBuiltInKeywords$startApplication.call(Unknown Source)
	at Script1666945512283.run(Script1666945512283.groovy:20)
	at com.kms.katalon.core.main.ScriptEngine.run(ScriptEngine.java:194)
	at com.kms.katalon.core.main.ScriptEngine.runScriptAsRawText(ScriptEngine.java:119)
	at com.kms.katalon.core.main.TestCaseExecutor.runScript(TestCaseExecutor.java:448)
	at com.kms.katalon.core.main.TestCaseExecutor.doExecute(TestCaseExecutor.java:439)
	at com.kms.katalon.core.main.TestCaseExecutor.processExecutionPhase(TestCaseExecutor.java:418)
	at com.kms.katalon.core.main.TestCaseExecutor.accessMainPhase(TestCaseExecutor.java:410)
	at com.kms.katalon.core.main.TestCaseExecutor.execute(TestCaseExecutor.java:285)
	at com.kms.katalon.core.main.TestCaseMain.runTestCase(TestCaseMain.java:142)
	at com.kms.katalon.core.keyword.builtin.CallTestCaseKeyword$_callTestCase_closure1.doCall(CallTestCaseKeyword.groovy:59)
	at com.kms.katalon.core.keyword.builtin.CallTestCaseKeyword$_callTestCase_closure1.call(CallTestCaseKeyword.groovy)
	at com.kms.katalon.core.keyword.internal.KeywordMain.runKeyword(KeywordMain.groovy:74)
	at com.kms.katalon.core.keyword.builtin.CallTestCaseKeyword.callTestCase(CallTestCaseKeyword.groovy:81)
	at com.kms.katalon.core.keyword.builtin.CallTestCaseKeyword.execute(CallTestCaseKeyword.groovy:44)
	at com.kms.katalon.core.keyword.internal.KeywordExecutor.executeKeywordForPlatform(KeywordExecutor.groovy:74)
	at com.kms.katalon.core.keyword.BuiltinKeywords.callTestCase(BuiltinKeywords.groovy:334)
	at Script1666862047546.run(Script1666862047546.groovy:20)
	... 13 more
Caused by: org.openqa.selenium.WebDriverException: An unknown server-side error occurred while processing the command. Original error: UiAutomator2 Server cannot start because the local port #53685 is busy. Make sure the port you provide via 'systemPort' capability is not occupied. This situation might often be a result of an inaccurate sessions management, e.g. old automation sessions on the same device must always be closed before starting new ones.
Build info: version: '3.141.59', revision: 'e82be7d358', time: '2018-11-14T08:25:53'
System info: host: 'Sandis-MacBook-Air.local', ip: 'fe80:0:0:0:c5b:3cc4:ccb4:d475%en0', os.name: 'Mac OS X', os.arch: 'x86_64', os.version: '10.16', java.version: '1.8.0_275'
Driver info: driver.version: SwipeableAndroidDriver
remote stacktrace: UnknownError: An unknown server-side error occurred while processing the command. Original error: UiAutomator2 Server cannot start because the local port #53685 is busy. Make sure the port you provide via 'systemPort' capability is not occupied. This situation might often be a result of an inaccurate sessions management, e.g. old automation sessions on the same device must always be closed before starting new ones.
    at getResponseForW3CError (/opt/node/v16.17.1/lib/node_modules/appium/node_modules/appium-base-driver/lib/protocol/errors.js:804:9)
    at asyncHandler (/opt/node/v16.17.1/lib/node_modules/appium/node_modules/appium-base-driver/lib/protocol/protocol.js:380:37)
	at org.openqa.selenium.remote.W3CHandshakeResponse.lambda$errorHandler$0(W3CHandshakeResponse.java:62)
	at org.openqa.selenium.remote.HandshakeResponse.lambda$getResponseFunction$0(HandshakeResponse.java:30)
	at org.openqa.selenium.remote.ProtocolHandshake.lambda$createSession$0(ProtocolHandshake.java:126)
	at org.openqa.selenium.remote.ProtocolHandshake.createSession(ProtocolHandshake.java:128)
	at io.appium.java_client.remote.AppiumCommandExecutor$1.createSession(AppiumCommandExecutor.java:186)
	at io.appium.java_client.remote.AppiumCommandExecutor.createSession(AppiumCommandExecutor.java:217)
	at io.appium.java_client.remote.AppiumCommandExecutor.execute(AppiumCommandExecutor.java:239)
	at org.openqa.selenium.remote.RemoteWebDriver.execute(RemoteWebDriver.java:552)
	at io.appium.java_client.DefaultGenericMobileDriver.execute(DefaultGenericMobileDriver.java:42)
	at io.appium.java_client.AppiumDriver.execute(AppiumDriver.java:1)
	at io.appium.java_client.android.AndroidDriver.execute(AndroidDriver.java:1)
	at com.kms.katalon.core.appium.driver.SwipeableAndroidDriver.execute(SwipeableAndroidDriver.java:1)
	at org.openqa.selenium.remote.RemoteWebDriver.startSession(RemoteWebDriver.java:213)
	at org.openqa.selenium.remote.RemoteWebDriver.&lt;init>(RemoteWebDriver.java:131)
	at io.appium.java_client.DefaultGenericMobileDriver.&lt;init>(DefaultGenericMobileDriver.java:38)
	at io.appium.java_client.AppiumDriver.&lt;init>(AppiumDriver.java:84)
	at io.appium.java_client.android.AndroidDriver.&lt;init>(AndroidDriver.java:85)
	at com.kms.katalon.core.appium.driver.SwipeableAndroidDriver.&lt;init>(SwipeableAndroidDriver.java:24)
	at com.kms.katalon.core.appium.driver.AppiumDriverManager.createMobileDriver(AppiumDriverManager.java:503)
	at com.kms.katalon.core.appium.driver.AppiumDriverManager.createMobileDriver(AppiumDriverManager.java:485)
	at com.kms.katalon.core.mobile.keyword.internal.MobileDriverFactory.startLocalMobileDriver(MobileDriverFactory.java:539)
	at com.kms.katalon.core.mobile.keyword.internal.MobileDriverFactory.startMobileDriver(MobileDriverFactory.java:452)
	at com.kms.katalon.core.mobile.keyword.builtin.StartApplicationKeyword$_startApplication_closure1.doCall(StartApplicationKeyword.groovy:49)
	at com.kms.katalon.core.mobile.keyword.builtin.StartApplicationKeyword$_startApplication_closure1.call(StartApplicationKeyword.groovy)
	at com.kms.katalon.core.mobile.keyword.internal.MobileKeywordMain.runKeyword(MobileKeywordMain.groovy:21)
	at com.kms.katalon.core.mobile.keyword.builtin.StartApplicationKeyword.startApplication(StartApplicationKeyword.groovy:51)
	at com.kms.katalon.core.mobile.keyword.builtin.StartApplicationKeyword.execute(StartApplicationKeyword.groovy:40)
	at com.kms.katalon.core.keyword.internal.KeywordExecutor.executeKeywordForPlatform(KeywordExecutor.groovy:74)
	at com.kms.katalon.core.mobile.keyword.MobileBuiltInKeywords.startApplication(MobileBuiltInKeywords.groovy:78)
	at com.kms.katalon.core.mobile.keyword.MobileBuiltInKeywords$startApplication.call(Unknown Source)
	at TC_Sign in_CS-40.run(TC_Sign in_CS-40:20)
	at com.kms.katalon.core.main.ScriptEngine.run(ScriptEngine.java:194)
	at com.kms.katalon.core.main.ScriptEngine.runScriptAsRawText(ScriptEngine.java:119)
	at com.kms.katalon.core.main.TestCaseExecutor.runScript(TestCaseExecutor.java:448)
	at com.kms.katalon.core.main.TestCaseExecutor.doExecute(TestCaseExecutor.java:439)
	at com.kms.katalon.core.main.TestCaseExecutor.processExecutionPhase(TestCaseExecutor.java:418)
	at com.kms.katalon.core.main.TestCaseExecutor.accessMainPhase(TestCaseExecutor.java:410)
	at com.kms.katalon.core.main.TestCaseExecutor.execute(TestCaseExecutor.java:285)
	at com.kms.katalon.core.main.TestCaseMain.runTestCase(TestCaseMain.java:142)
	at com.kms.katalon.core.keyword.builtin.CallTestCaseKeyword$_callTestCase_closure1.doCall(CallTestCaseKeyword.groovy:59)
	at com.kms.katalon.core.keyword.builtin.CallTestCaseKeyword$_callTestCase_closure1.call(CallTestCaseKeyword.groovy)
	at com.kms.katalon.core.keyword.internal.KeywordMain.runKeyword(KeywordMain.groovy:74)
	at com.kms.katalon.core.keyword.builtin.CallTestCaseKeyword.callTestCase(CallTestCaseKeyword.groovy:81)
	at com.kms.katalon.core.keyword.builtin.CallTestCaseKeyword.execute(CallTestCaseKeyword.groovy:44)
	at com.kms.katalon.core.keyword.internal.KeywordExecutor.executeKeywordForPlatform(KeywordExecutor.groovy:74)
	at com.kms.katalon.core.keyword.BuiltinKeywords.callTestCase(BuiltinKeywords.groovy:334)
	at TC_Group Chat_CS-15.run(TC_Group Chat_CS-15:20)
	... 13 more
"/>
         <system-out><![CDATA[2022-10-28 21:36:31 - [TEST_CASE][FAILED] - Test Cases/GroupChat/TC_Group Chat_CS-15: Test Cases/GroupChat/TC_Group Chat_CS-15 FAILED.
Reason:
com.kms.katalon.core.exception.StepFailedException: Call Test Case 'Test Cases/Sign in/TC_Sign in_CS-40' failed
	at com.kms.katalon.core.keyword.builtin.CallTestCaseKeyword$_callTestCase_closure1.doCall(CallTestCaseKeyword.groovy:63)
	at com.kms.katalon.core.keyword.builtin.CallTestCaseKeyword$_callTestCase_closure1.call(CallTestCaseKeyword.groovy)
	at com.kms.katalon.core.keyword.internal.KeywordMain.runKeyword(KeywordMain.groovy:74)
	at com.kms.katalon.core.keyword.builtin.CallTestCaseKeyword.callTestCase(CallTestCaseKeyword.groovy:81)
	at com.kms.katalon.core.keyword.builtin.CallTestCaseKeyword.execute(CallTestCaseKeyword.groovy:44)
	at com.kms.katalon.core.keyword.internal.KeywordExecutor.executeKeywordForPlatform(KeywordExecutor.groovy:74)
	at com.kms.katalon.core.keyword.BuiltinKeywords.callTestCase(BuiltinKeywords.groovy:334)
	at TC_Group Chat_CS-15.run(TC_Group Chat_CS-15:20)
	at com.kms.katalon.core.main.ScriptEngine.run(ScriptEngine.java:194)
	at com.kms.katalon.core.main.ScriptEngine.runScriptAsRawText(ScriptEngine.java:119)
	at com.kms.katalon.core.main.TestCaseExecutor.runScript(TestCaseExecutor.java:448)
	at com.kms.katalon.core.main.TestCaseExecutor.doExecute(TestCaseExecutor.java:439)
	at com.kms.katalon.core.main.TestCaseExecutor.processExecutionPhase(TestCaseExecutor.java:418)
	at com.kms.katalon.core.main.TestCaseExecutor.accessMainPhase(TestCaseExecutor.java:410)
	at com.kms.katalon.core.main.TestCaseExecutor.execute(TestCaseExecutor.java:285)
	at com.kms.katalon.core.common.CommonExecutor.accessTestCaseMainPhase(CommonExecutor.java:65)
	at com.kms.katalon.core.main.TestSuiteExecutor.accessTestSuiteMainPhase(TestSuiteExecutor.java:144)
	at com.kms.katalon.core.main.TestSuiteExecutor.execute(TestSuiteExecutor.java:106)
	at com.kms.katalon.core.main.TestCaseMain.startTestSuite(TestCaseMain.java:185)
	at com.kms.katalon.core.main.TestCaseMain$startTestSuite$0.call(Unknown Source)
	at TempTestSuite1666967328832.run(TempTestSuite1666967328832.groovy:36)
Caused by: com.kms.katalon.core.exception.StepFailedException: Unable to start app at: '/Users/sandikurnia/Downloads/apk-staging-for-iqbal.apk' (Root cause: org.openqa.selenium.SessionNotCreatedException: Unable to create a new remote session. Please check the server log for more details. Original error: An unknown server-side error occurred while processing the command. Original error: UiAutomator2 Server cannot start because the local port #53685 is busy. Make sure the port you provide via 'systemPort' capability is not occupied. This situation might often be a result of an inaccurate sessions management, e.g. old automation sessions on the same device must always be closed before starting new ones.
Build info: version: '3.141.59', revision: 'e82be7d358', time: '2018-11-14T08:25:53'
System info: host: 'Sandis-MacBook-Air.local', ip: 'fe80:0:0:0:c5b:3cc4:ccb4:d475%en0', os.name: 'Mac OS X', os.arch: 'x86_64', os.version: '10.16', java.version: '1.8.0_275'
Driver info: driver.version: SwipeableAndroidDriver
remote stacktrace: UnknownError: An unknown server-side error occurred while processing the command. Original error: UiAutomator2 Server cannot start because the local port #53685 is busy. Make sure the port you provide via 'systemPort' capability is not occupied. This situation might often be a result of an inaccurate sessions management, e.g. old automation sessions on the same device must always be closed before starting new ones.
    at getResponseForW3CError (/opt/node/v16.17.1/lib/node_modules/appium/node_modules/appium-base-driver/lib/protocol/errors.js:804:9)
    at asyncHandler (/opt/node/v16.17.1/lib/node_modules/appium/node_modules/appium-base-driver/lib/protocol/protocol.js:380:37)
Build info: version: '3.141.59', revision: 'e82be7d358', time: '2018-11-14T08:25:53'
System info: host: 'Sandis-MacBook-Air.local', ip: 'fe80:0:0:0:c5b:3cc4:ccb4:d475%en0', os.name: 'Mac OS X', os.arch: 'x86_64', os.version: '10.16', java.version: '1.8.0_275'
Driver info: driver.version: SwipeableAndroidDriver
	at io.appium.java_client.remote.AppiumCommandExecutor$1.createSession(AppiumCommandExecutor.java:208)
	at io.appium.java_client.remote.AppiumCommandExecutor.createSession(AppiumCommandExecutor.java:217)
	at io.appium.java_client.remote.AppiumCommandExecutor.execute(AppiumCommandExecutor.java:239)
	at org.openqa.selenium.remote.RemoteWebDriver.execute(RemoteWebDriver.java:552)
	at io.appium.java_client.DefaultGenericMobileDriver.execute(DefaultGenericMobileDriver.java:42)
	at io.appium.java_client.AppiumDriver.execute(AppiumDriver.java:1)
	at io.appium.java_client.android.AndroidDriver.execute(AndroidDriver.java:1)
	at com.kms.katalon.core.appium.driver.SwipeableAndroidDriver.execute(SwipeableAndroidDriver.java:1)
	at org.openqa.selenium.remote.RemoteWebDriver.startSession(RemoteWebDriver.java:213)
	at org.openqa.selenium.remote.RemoteWebDriver.<init>(RemoteWebDriver.java:131)
	at io.appium.java_client.DefaultGenericMobileDriver.<init>(DefaultGenericMobileDriver.java:38)
	at io.appium.java_client.AppiumDriver.<init>(AppiumDriver.java:84)
	at io.appium.java_client.android.AndroidDriver.<init>(AndroidDriver.java:85)
	at com.kms.katalon.core.appium.driver.SwipeableAndroidDriver.<init>(SwipeableAndroidDriver.java:24)
	at com.kms.katalon.core.appium.driver.AppiumDriverManager.createMobileDriver(AppiumDriverManager.java:503)
	at com.kms.katalon.core.appium.driver.AppiumDriverManager.createMobileDriver(AppiumDriverManager.java:485)
	at com.kms.katalon.core.mobile.keyword.internal.MobileDriverFactory.startLocalMobileDriver(MobileDriverFactory.java:539)
	at com.kms.katalon.core.mobile.keyword.internal.MobileDriverFactory.startMobileDriver(MobileDriverFactory.java:452)
	at com.kms.katalon.core.mobile.keyword.builtin.StartApplicationKeyword$_startApplication_closure1.doCall(StartApplicationKeyword.groovy:49)
	at com.kms.katalon.core.mobile.keyword.builtin.StartApplicationKeyword$_startApplication_closure1.call(StartApplicationKeyword.groovy)
	at com.kms.katalon.core.mobile.keyword.internal.MobileKeywordMain.runKeyword(MobileKeywordMain.groovy:21)
	at com.kms.katalon.core.mobile.keyword.builtin.StartApplicationKeyword.startApplication(StartApplicationKeyword.groovy:51)
	at com.kms.katalon.core.mobile.keyword.builtin.StartApplicationKeyword.execute(StartApplicationKeyword.groovy:40)
	at com.kms.katalon.core.keyword.internal.KeywordExecutor.executeKeywordForPlatform(KeywordExecutor.groovy:74)
	at com.kms.katalon.core.mobile.keyword.MobileBuiltInKeywords.startApplication(MobileBuiltInKeywords.groovy:78)
	at com.kms.katalon.core.mobile.keyword.MobileBuiltInKeywords$startApplication.call(Unknown Source)
	at TC_Sign in_CS-40.run(TC_Sign in_CS-40:20)
	at com.kms.katalon.core.main.ScriptEngine.run(ScriptEngine.java:194)
	at com.kms.katalon.core.main.ScriptEngine.runScriptAsRawText(ScriptEngine.java:119)
	at com.kms.katalon.core.main.TestCaseExecutor.runScript(TestCaseExecutor.java:448)
	at com.kms.katalon.core.main.TestCaseExecutor.doExecute(TestCaseExecutor.java:439)
	at com.kms.katalon.core.main.TestCaseExecutor.processExecutionPhase(TestCaseExecutor.java:418)
	at com.kms.katalon.core.main.TestCaseExecutor.accessMainPhase(TestCaseExecutor.java:410)
	at com.kms.katalon.core.main.TestCaseExecutor.execute(TestCaseExecutor.java:285)
	at com.kms.katalon.core.main.TestCaseMain.runTestCase(TestCaseMain.java:142)
	at com.kms.katalon.core.keyword.builtin.CallTestCaseKeyword$_callTestCase_closure1.doCall(CallTestCaseKeyword.groovy:59)
	at com.kms.katalon.core.keyword.builtin.CallTestCaseKeyword$_callTestCase_closure1.call(CallTestCaseKeyword.groovy)
	at com.kms.katalon.core.keyword.internal.KeywordMain.runKeyword(KeywordMain.groovy:74)
	at com.kms.katalon.core.keyword.builtin.CallTestCaseKeyword.callTestCase(CallTestCaseKeyword.groovy:81)
	at com.kms.katalon.core.keyword.builtin.CallTestCaseKeyword.execute(CallTestCaseKeyword.groovy:44)
	at com.kms.katalon.core.keyword.internal.KeywordExecutor.executeKeywordForPlatform(KeywordExecutor.groovy:74)
	at com.kms.katalon.core.keyword.BuiltinKeywords.callTestCase(BuiltinKeywords.groovy:334)
	at TC_Group Chat_CS-15.run(TC_Group Chat_CS-15:20)
	at com.kms.katalon.core.main.ScriptEngine.run(ScriptEngine.java:194)
	at com.kms.katalon.core.main.ScriptEngine.runScriptAsRawText(ScriptEngine.java:119)
	at com.kms.katalon.core.main.TestCaseExecutor.runScript(TestCaseExecutor.java:448)
	at com.kms.katalon.core.main.TestCaseExecutor.doExecute(TestCaseExecutor.java:439)
	at com.kms.katalon.core.main.TestCaseExecutor.processExecutionPhase(TestCaseExecutor.java:418)
	at com.kms.katalon.core.main.TestCaseExecutor.accessMainPhase(TestCaseExecutor.java:410)
	at com.kms.katalon.core.main.TestCaseExecutor.execute(TestCaseExecutor.java:285)
	at com.kms.katalon.core.common.CommonExecutor.accessTestCaseMainPhase(CommonExecutor.java:65)
	at com.kms.katalon.core.main.TestSuiteExecutor.accessTestSuiteMainPhase(TestSuiteExecutor.java:144)
	at com.kms.katalon.core.main.TestSuiteExecutor.execute(TestSuiteExecutor.java:106)
	at com.kms.katalon.core.main.TestCaseMain.startTestSuite(TestCaseMain.java:185)
	at com.kms.katalon.core.main.TestCaseMain$startTestSuite$0.call(Unknown Source)
	at TempTestSuite1666967328832.run(TempTestSuite1666967328832.groovy:36)
Caused by: java.lang.reflect.InvocationTargetException
	at io.appium.java_client.remote.AppiumCommandExecutor$1.createSession(AppiumCommandExecutor.java:186)
	at io.appium.java_client.remote.AppiumCommandExecutor.createSession(AppiumCommandExecutor.java:217)
	at io.appium.java_client.remote.AppiumCommandExecutor.execute(AppiumCommandExecutor.java:239)
	at org.openqa.selenium.remote.RemoteWebDriver.execute(RemoteWebDriver.java:552)
	at io.appium.java_client.DefaultGenericMobileDriver.execute(DefaultGenericMobileDriver.java:42)
	at io.appium.java_client.AppiumDriver.execute(AppiumDriver.java:1)
	at io.appium.java_client.android.AndroidDriver.execute(AndroidDriver.java:1)
	at com.kms.katalon.core.appium.driver.SwipeableAndroidDriver.execute(SwipeableAndroidDriver.java:1)
	at org.openqa.selenium.remote.RemoteWebDriver.startSession(RemoteWebDriver.java:213)
	at org.openqa.selenium.remote.RemoteWebDriver.<init>(RemoteWebDriver.java:131)
	at io.appium.java_client.DefaultGenericMobileDriver.<init>(DefaultGenericMobileDriver.java:38)
	at io.appium.java_client.AppiumDriver.<init>(AppiumDriver.java:84)
	at io.appium.java_client.android.AndroidDriver.<init>(AndroidDriver.java:85)
	at com.kms.katalon.core.appium.driver.SwipeableAndroidDriver.<init>(SwipeableAndroidDriver.java:24)
	at com.kms.katalon.core.appium.driver.AppiumDriverManager.createMobileDriver(AppiumDriverManager.java:503)
	at com.kms.katalon.core.appium.driver.AppiumDriverManager.createMobileDriver(AppiumDriverManager.java:485)
	at com.kms.katalon.core.mobile.keyword.internal.MobileDriverFactory.startLocalMobileDriver(MobileDriverFactory.java:539)
	at com.kms.katalon.core.mobile.keyword.internal.MobileDriverFactory.startMobileDriver(MobileDriverFactory.java:452)
	at com.kms.katalon.core.mobile.keyword.builtin.StartApplicationKeyword$_startApplication_closure1.doCall(StartApplicationKeyword.groovy:49)
	at com.kms.katalon.core.mobile.keyword.builtin.StartApplicationKeyword$_startApplication_closure1.call(StartApplicationKeyword.groovy)
	at com.kms.katalon.core.mobile.keyword.internal.MobileKeywordMain.runKeyword(MobileKeywordMain.groovy:21)
	at com.kms.katalon.core.mobile.keyword.builtin.StartApplicationKeyword.startApplication(StartApplicationKeyword.groovy:51)
	at com.kms.katalon.core.mobile.keyword.builtin.StartApplicationKeyword.execute(StartApplicationKeyword.groovy:40)
	at com.kms.katalon.core.keyword.internal.KeywordExecutor.executeKeywordForPlatform(KeywordExecutor.groovy:74)
	at com.kms.katalon.core.mobile.keyword.MobileBuiltInKeywords.startApplication(MobileBuiltInKeywords.groovy:78)
	at com.kms.katalon.core.mobile.keyword.MobileBuiltInKeywords$startApplication.call(Unknown Source)
	at Script1666945512283.run(Script1666945512283.groovy:20)
	at com.kms.katalon.core.main.ScriptEngine.run(ScriptEngine.java:194)
	at com.kms.katalon.core.main.ScriptEngine.runScriptAsRawText(ScriptEngine.java:119)
	at com.kms.katalon.core.main.TestCaseExecutor.runScript(TestCaseExecutor.java:448)
	at com.kms.katalon.core.main.TestCaseExecutor.doExecute(TestCaseExecutor.java:439)
	at com.kms.katalon.core.main.TestCaseExecutor.processExecutionPhase(TestCaseExecutor.java:418)
	at com.kms.katalon.core.main.TestCaseExecutor.accessMainPhase(TestCaseExecutor.java:410)
	at com.kms.katalon.core.main.TestCaseExecutor.execute(TestCaseExecutor.java:285)
	at com.kms.katalon.core.main.TestCaseMain.runTestCase(TestCaseMain.java:142)
	at com.kms.katalon.core.keyword.builtin.CallTestCaseKeyword$_callTestCase_closure1.doCall(CallTestCaseKeyword.groovy:59)
	at com.kms.katalon.core.keyword.builtin.CallTestCaseKeyword$_callTestCase_closure1.call(CallTestCaseKeyword.groovy)
	at com.kms.katalon.core.keyword.internal.KeywordMain.runKeyword(KeywordMain.groovy:74)
	at com.kms.katalon.core.keyword.builtin.CallTestCaseKeyword.callTestCase(CallTestCaseKeyword.groovy:81)
	at com.kms.katalon.core.keyword.builtin.CallTestCaseKeyword.execute(CallTestCaseKeyword.groovy:44)
	at com.kms.katalon.core.keyword.internal.KeywordExecutor.executeKeywordForPlatform(KeywordExecutor.groovy:74)
	at com.kms.katalon.core.keyword.BuiltinKeywords.callTestCase(BuiltinKeywords.groovy:334)
	at Script1666862047546.run(Script1666862047546.groovy:20)
	... 13 more
Caused by: org.openqa.selenium.WebDriverException: An unknown server-side error occurred while processing the command. Original error: UiAutomator2 Server cannot start because the local port #53685 is busy. Make sure the port you provide via 'systemPort' capability is not occupied. This situation might often be a result of an inaccurate sessions management, e.g. old automation sessions on the same device must always be closed before starting new ones.
Build info: version: '3.141.59', revision: 'e82be7d358', time: '2018-11-14T08:25:53'
System info: host: 'Sandis-MacBook-Air.local', ip: 'fe80:0:0:0:c5b:3cc4:ccb4:d475%en0', os.name: 'Mac OS X', os.arch: 'x86_64', os.version: '10.16', java.version: '1.8.0_275'
Driver info: driver.version: SwipeableAndroidDriver
remote stacktrace: UnknownError: An unknown server-side error occurred while processing the command. Original error: UiAutomator2 Server cannot start because the local port #53685 is busy. Make sure the port you provide via 'systemPort' capability is not occupied. This situation might often be a result of an inaccurate sessions management, e.g. old automation sessions on the same device must always be closed before starting new ones.
    at getResponseForW3CError (/opt/node/v16.17.1/lib/node_modules/appium/node_modules/appium-base-driver/lib/protocol/errors.js:804:9)
    at asyncHandler (/opt/node/v16.17.1/lib/node_modules/appium/node_modules/appium-base-driver/lib/protocol/protocol.js:380:37)
	at org.openqa.selenium.remote.W3CHandshakeResponse.lambda$errorHandler$0(W3CHandshakeResponse.java:62)
	at org.openqa.selenium.remote.HandshakeResponse.lambda$getResponseFunction$0(HandshakeResponse.java:30)
	at org.openqa.selenium.remote.ProtocolHandshake.lambda$createSession$0(ProtocolHandshake.java:126)
	at org.openqa.selenium.remote.ProtocolHandshake.createSession(ProtocolHandshake.java:128)
	... 56 more
)
	at com.kms.katalon.core.keyword.internal.KeywordMain.stepFailed(KeywordMain.groovy:50)
	at com.kms.katalon.core.mobile.keyword.internal.MobileKeywordMain.stepFailed(MobileKeywordMain.groovy:40)
	at com.kms.katalon.core.mobile.keyword.internal.MobileKeywordMain.runKeyword(MobileKeywordMain.groovy:23)
	at com.kms.katalon.core.mobile.keyword.builtin.StartApplicationKeyword.startApplication(StartApplicationKeyword.groovy:51)
	at com.kms.katalon.core.mobile.keyword.builtin.StartApplicationKeyword.execute(StartApplicationKeyword.groovy:40)
	at com.kms.katalon.core.keyword.internal.KeywordExecutor.executeKeywordForPlatform(KeywordExecutor.groovy:74)
	at com.kms.katalon.core.mobile.keyword.MobileBuiltInKeywords.startApplication(MobileBuiltInKeywords.groovy:78)
	at com.kms.katalon.core.mobile.keyword.MobileBuiltInKeywords$startApplication.call(Unknown Source)
	at TC_Sign in_CS-40.run(TC_Sign in_CS-40:20)
	at com.kms.katalon.core.main.ScriptEngine.run(ScriptEngine.java:194)
	at com.kms.katalon.core.main.ScriptEngine.runScriptAsRawText(ScriptEngine.java:119)
	at com.kms.katalon.core.main.TestCaseExecutor.runScript(TestCaseExecutor.java:448)
	at com.kms.katalon.core.main.TestCaseExecutor.doExecute(TestCaseExecutor.java:439)
	at com.kms.katalon.core.main.TestCaseExecutor.processExecutionPhase(TestCaseExecutor.java:418)
	at com.kms.katalon.core.main.TestCaseExecutor.accessMainPhase(TestCaseExecutor.java:410)
	at com.kms.katalon.core.main.TestCaseExecutor.execute(TestCaseExecutor.java:285)
	at com.kms.katalon.core.main.TestCaseMain.runTestCase(TestCaseMain.java:142)
	at com.kms.katalon.core.keyword.builtin.CallTestCaseKeyword$_callTestCase_closure1.doCall(CallTestCaseKeyword.groovy:59)
	... 20 more
Caused by: org.openqa.selenium.SessionNotCreatedException: Unable to create a new remote session. Please check the server log for more details. Original error: An unknown server-side error occurred while processing the command. Original error: UiAutomator2 Server cannot start because the local port #53685 is busy. Make sure the port you provide via 'systemPort' capability is not occupied. This situation might often be a result of an inaccurate sessions management, e.g. old automation sessions on the same device must always be closed before starting new ones.
Build info: version: '3.141.59', revision: 'e82be7d358', time: '2018-11-14T08:25:53'
System info: host: 'Sandis-MacBook-Air.local', ip: 'fe80:0:0:0:c5b:3cc4:ccb4:d475%en0', os.name: 'Mac OS X', os.arch: 'x86_64', os.version: '10.16', java.version: '1.8.0_275'
Driver info: driver.version: SwipeableAndroidDriver
remote stacktrace: UnknownError: An unknown server-side error occurred while processing the command. Original error: UiAutomator2 Server cannot start because the local port #53685 is busy. Make sure the port you provide via 'systemPort' capability is not occupied. This situation might often be a result of an inaccurate sessions management, e.g. old automation sessions on the same device must always be closed before starting new ones.
    at getResponseForW3CError (/opt/node/v16.17.1/lib/node_modules/appium/node_modules/appium-base-driver/lib/protocol/errors.js:804:9)
    at asyncHandler (/opt/node/v16.17.1/lib/node_modules/appium/node_modules/appium-base-driver/lib/protocol/protocol.js:380:37)
Build info: version: '3.141.59', revision: 'e82be7d358', time: '2018-11-14T08:25:53'
System info: host: 'Sandis-MacBook-Air.local', ip: 'fe80:0:0:0:c5b:3cc4:ccb4:d475%en0', os.name: 'Mac OS X', os.arch: 'x86_64', os.version: '10.16', java.version: '1.8.0_275'
Driver info: driver.version: SwipeableAndroidDriver
	at io.appium.java_client.remote.AppiumCommandExecutor$1.createSession(AppiumCommandExecutor.java:208)
	at io.appium.java_client.remote.AppiumCommandExecutor.createSession(AppiumCommandExecutor.java:217)
	at io.appium.java_client.remote.AppiumCommandExecutor.execute(AppiumCommandExecutor.java:239)
	at org.openqa.selenium.remote.RemoteWebDriver.execute(RemoteWebDriver.java:552)
	at io.appium.java_client.DefaultGenericMobileDriver.execute(DefaultGenericMobileDriver.java:42)
	at io.appium.java_client.AppiumDriver.execute(AppiumDriver.java:1)
	at io.appium.java_client.android.AndroidDriver.execute(AndroidDriver.java:1)
	at com.kms.katalon.core.appium.driver.SwipeableAndroidDriver.execute(SwipeableAndroidDriver.java:1)
	at org.openqa.selenium.remote.RemoteWebDriver.startSession(RemoteWebDriver.java:213)
	at org.openqa.selenium.remote.RemoteWebDriver.<init>(RemoteWebDriver.java:131)
	at io.appium.java_client.DefaultGenericMobileDriver.<init>(DefaultGenericMobileDriver.java:38)
	at io.appium.java_client.AppiumDriver.<init>(AppiumDriver.java:84)
	at io.appium.java_client.android.AndroidDriver.<init>(AndroidDriver.java:85)
	at com.kms.katalon.core.appium.driver.SwipeableAndroidDriver.<init>(SwipeableAndroidDriver.java:24)
	at com.kms.katalon.core.appium.driver.AppiumDriverManager.createMobileDriver(AppiumDriverManager.java:503)
	at com.kms.katalon.core.appium.driver.AppiumDriverManager.createMobileDriver(AppiumDriverManager.java:485)
	at com.kms.katalon.core.mobile.keyword.internal.MobileDriverFactory.startLocalMobileDriver(MobileDriverFactory.java:539)
	at com.kms.katalon.core.mobile.keyword.internal.MobileDriverFactory.startMobileDriver(MobileDriverFactory.java:452)
	at com.kms.katalon.core.mobile.keyword.builtin.StartApplicationKeyword$_startApplication_closure1.doCall(StartApplicationKeyword.groovy:49)
	at com.kms.katalon.core.mobile.keyword.builtin.StartApplicationKeyword$_startApplication_closure1.call(StartApplicationKeyword.groovy)
	at com.kms.katalon.core.mobile.keyword.internal.MobileKeywordMain.runKeyword(MobileKeywordMain.groovy:21)
	... 35 more
Caused by: java.lang.reflect.InvocationTargetException
	at io.appium.java_client.remote.AppiumCommandExecutor$1.createSession(AppiumCommandExecutor.java:186)
	at io.appium.java_client.remote.AppiumCommandExecutor.createSession(AppiumCommandExecutor.java:217)
	at io.appium.java_client.remote.AppiumCommandExecutor.execute(AppiumCommandExecutor.java:239)
	at org.openqa.selenium.remote.RemoteWebDriver.execute(RemoteWebDriver.java:552)
	at io.appium.java_client.DefaultGenericMobileDriver.execute(DefaultGenericMobileDriver.java:42)
	at io.appium.java_client.AppiumDriver.execute(AppiumDriver.java:1)
	at io.appium.java_client.android.AndroidDriver.execute(AndroidDriver.java:1)
	at com.kms.katalon.core.appium.driver.SwipeableAndroidDriver.execute(SwipeableAndroidDriver.java:1)
	at org.openqa.selenium.remote.RemoteWebDriver.startSession(RemoteWebDriver.java:213)
	at org.openqa.selenium.remote.RemoteWebDriver.<init>(RemoteWebDriver.java:131)
	at io.appium.java_client.DefaultGenericMobileDriver.<init>(DefaultGenericMobileDriver.java:38)
	at io.appium.java_client.AppiumDriver.<init>(AppiumDriver.java:84)
	at io.appium.java_client.android.AndroidDriver.<init>(AndroidDriver.java:85)
	at com.kms.katalon.core.appium.driver.SwipeableAndroidDriver.<init>(SwipeableAndroidDriver.java:24)
	at com.kms.katalon.core.appium.driver.AppiumDriverManager.createMobileDriver(AppiumDriverManager.java:503)
	at com.kms.katalon.core.appium.driver.AppiumDriverManager.createMobileDriver(AppiumDriverManager.java:485)
	at com.kms.katalon.core.mobile.keyword.internal.MobileDriverFactory.startLocalMobileDriver(MobileDriverFactory.java:539)
	at com.kms.katalon.core.mobile.keyword.internal.MobileDriverFactory.startMobileDriver(MobileDriverFactory.java:452)
	at com.kms.katalon.core.mobile.keyword.builtin.StartApplicationKeyword$_startApplication_closure1.doCall(StartApplicationKeyword.groovy:49)
	at com.kms.katalon.core.mobile.keyword.builtin.StartApplicationKeyword$_startApplication_closure1.call(StartApplicationKeyword.groovy)
	at com.kms.katalon.core.mobile.keyword.internal.MobileKeywordMain.runKeyword(MobileKeywordMain.groovy:21)
	at com.kms.katalon.core.mobile.keyword.builtin.StartApplicationKeyword.startApplication(StartApplicationKeyword.groovy:51)
	at com.kms.katalon.core.mobile.keyword.builtin.StartApplicationKeyword.execute(StartApplicationKeyword.groovy:40)
	at com.kms.katalon.core.keyword.internal.KeywordExecutor.executeKeywordForPlatform(KeywordExecutor.groovy:74)
	at com.kms.katalon.core.mobile.keyword.MobileBuiltInKeywords.startApplication(MobileBuiltInKeywords.groovy:78)
	at com.kms.katalon.core.mobile.keyword.MobileBuiltInKeywords$startApplication.call(Unknown Source)
	at Script1666945512283.run(Script1666945512283.groovy:20)
	at com.kms.katalon.core.main.ScriptEngine.run(ScriptEngine.java:194)
	at com.kms.katalon.core.main.ScriptEngine.runScriptAsRawText(ScriptEngine.java:119)
	at com.kms.katalon.core.main.TestCaseExecutor.runScript(TestCaseExecutor.java:448)
	at com.kms.katalon.core.main.TestCaseExecutor.doExecute(TestCaseExecutor.java:439)
	at com.kms.katalon.core.main.TestCaseExecutor.processExecutionPhase(TestCaseExecutor.java:418)
	at com.kms.katalon.core.main.TestCaseExecutor.accessMainPhase(TestCaseExecutor.java:410)
	at com.kms.katalon.core.main.TestCaseExecutor.execute(TestCaseExecutor.java:285)
	at com.kms.katalon.core.main.TestCaseMain.runTestCase(TestCaseMain.java:142)
	at com.kms.katalon.core.keyword.builtin.CallTestCaseKeyword$_callTestCase_closure1.doCall(CallTestCaseKeyword.groovy:59)
	at com.kms.katalon.core.keyword.builtin.CallTestCaseKeyword$_callTestCase_closure1.call(CallTestCaseKeyword.groovy)
	at com.kms.katalon.core.keyword.internal.KeywordMain.runKeyword(KeywordMain.groovy:74)
	at com.kms.katalon.core.keyword.builtin.CallTestCaseKeyword.callTestCase(CallTestCaseKeyword.groovy:81)
	at com.kms.katalon.core.keyword.builtin.CallTestCaseKeyword.execute(CallTestCaseKeyword.groovy:44)
	at com.kms.katalon.core.keyword.internal.KeywordExecutor.executeKeywordForPlatform(KeywordExecutor.groovy:74)
	at com.kms.katalon.core.keyword.BuiltinKeywords.callTestCase(BuiltinKeywords.groovy:334)
	at Script1666862047546.run(Script1666862047546.groovy:20)
	... 13 more
Caused by: org.openqa.selenium.WebDriverException: An unknown server-side error occurred while processing the command. Original error: UiAutomator2 Server cannot start because the local port #53685 is busy. Make sure the port you provide via 'systemPort' capability is not occupied. This situation might often be a result of an inaccurate sessions management, e.g. old automation sessions on the same device must always be closed before starting new ones.
Build info: version: '3.141.59', revision: 'e82be7d358', time: '2018-11-14T08:25:53'
System info: host: 'Sandis-MacBook-Air.local', ip: 'fe80:0:0:0:c5b:3cc4:ccb4:d475%en0', os.name: 'Mac OS X', os.arch: 'x86_64', os.version: '10.16', java.version: '1.8.0_275'
Driver info: driver.version: SwipeableAndroidDriver
remote stacktrace: UnknownError: An unknown server-side error occurred while processing the command. Original error: UiAutomator2 Server cannot start because the local port #53685 is busy. Make sure the port you provide via 'systemPort' capability is not occupied. This situation might often be a result of an inaccurate sessions management, e.g. old automation sessions on the same device must always be closed before starting new ones.
    at getResponseForW3CError (/opt/node/v16.17.1/lib/node_modules/appium/node_modules/appium-base-driver/lib/protocol/errors.js:804:9)
    at asyncHandler (/opt/node/v16.17.1/lib/node_modules/appium/node_modules/appium-base-driver/lib/protocol/protocol.js:380:37)
	at org.openqa.selenium.remote.W3CHandshakeResponse.lambda$errorHandler$0(W3CHandshakeResponse.java:62)
	at org.openqa.selenium.remote.HandshakeResponse.lambda$getResponseFunction$0(HandshakeResponse.java:30)
	at org.openqa.selenium.remote.ProtocolHandshake.lambda$createSession$0(ProtocolHandshake.java:126)
	at org.openqa.selenium.remote.ProtocolHandshake.createSession(ProtocolHandshake.java:128)
	at io.appium.java_client.remote.AppiumCommandExecutor$1.createSession(AppiumCommandExecutor.java:186)
	at io.appium.java_client.remote.AppiumCommandExecutor.createSession(AppiumCommandExecutor.java:217)
	at io.appium.java_client.remote.AppiumCommandExecutor.execute(AppiumCommandExecutor.java:239)
	at org.openqa.selenium.remote.RemoteWebDriver.execute(RemoteWebDriver.java:552)
	at io.appium.java_client.DefaultGenericMobileDriver.execute(DefaultGenericMobileDriver.java:42)
	at io.appium.java_client.AppiumDriver.execute(AppiumDriver.java:1)
	at io.appium.java_client.android.AndroidDriver.execute(AndroidDriver.java:1)
	at com.kms.katalon.core.appium.driver.SwipeableAndroidDriver.execute(SwipeableAndroidDriver.java:1)
	at org.openqa.selenium.remote.RemoteWebDriver.startSession(RemoteWebDriver.java:213)
	at org.openqa.selenium.remote.RemoteWebDriver.<init>(RemoteWebDriver.java:131)
	at io.appium.java_client.DefaultGenericMobileDriver.<init>(DefaultGenericMobileDriver.java:38)
	at io.appium.java_client.AppiumDriver.<init>(AppiumDriver.java:84)
	at io.appium.java_client.android.AndroidDriver.<init>(AndroidDriver.java:85)
	at com.kms.katalon.core.appium.driver.SwipeableAndroidDriver.<init>(SwipeableAndroidDriver.java:24)
	at com.kms.katalon.core.appium.driver.AppiumDriverManager.createMobileDriver(AppiumDriverManager.java:503)
	at com.kms.katalon.core.appium.driver.AppiumDriverManager.createMobileDriver(AppiumDriverManager.java:485)
	at com.kms.katalon.core.mobile.keyword.internal.MobileDriverFactory.startLocalMobileDriver(MobileDriverFactory.java:539)
	at com.kms.katalon.core.mobile.keyword.internal.MobileDriverFactory.startMobileDriver(MobileDriverFactory.java:452)
	at com.kms.katalon.core.mobile.keyword.builtin.StartApplicationKeyword$_startApplication_closure1.doCall(StartApplicationKeyword.groovy:49)
	at com.kms.katalon.core.mobile.keyword.builtin.StartApplicationKeyword$_startApplication_closure1.call(StartApplicationKeyword.groovy)
	at com.kms.katalon.core.mobile.keyword.internal.MobileKeywordMain.runKeyword(MobileKeywordMain.groovy:21)
	at com.kms.katalon.core.mobile.keyword.builtin.StartApplicationKeyword.startApplication(StartApplicationKeyword.groovy:51)
	at com.kms.katalon.core.mobile.keyword.builtin.StartApplicationKeyword.execute(StartApplicationKeyword.groovy:40)
	at com.kms.katalon.core.keyword.internal.KeywordExecutor.executeKeywordForPlatform(KeywordExecutor.groovy:74)
	at com.kms.katalon.core.mobile.keyword.MobileBuiltInKeywords.startApplication(MobileBuiltInKeywords.groovy:78)
	at com.kms.katalon.core.mobile.keyword.MobileBuiltInKeywords$startApplication.call(Unknown Source)
	at TC_Sign in_CS-40.run(TC_Sign in_CS-40:20)
	at com.kms.katalon.core.main.ScriptEngine.run(ScriptEngine.java:194)
	at com.kms.katalon.core.main.ScriptEngine.runScriptAsRawText(ScriptEngine.java:119)
	at com.kms.katalon.core.main.TestCaseExecutor.runScript(TestCaseExecutor.java:448)
	at com.kms.katalon.core.main.TestCaseExecutor.doExecute(TestCaseExecutor.java:439)
	at com.kms.katalon.core.main.TestCaseExecutor.processExecutionPhase(TestCaseExecutor.java:418)
	at com.kms.katalon.core.main.TestCaseExecutor.accessMainPhase(TestCaseExecutor.java:410)
	at com.kms.katalon.core.main.TestCaseExecutor.execute(TestCaseExecutor.java:285)
	at com.kms.katalon.core.main.TestCaseMain.runTestCase(TestCaseMain.java:142)
	at com.kms.katalon.core.keyword.builtin.CallTestCaseKeyword$_callTestCase_closure1.doCall(CallTestCaseKeyword.groovy:59)
	at com.kms.katalon.core.keyword.builtin.CallTestCaseKeyword$_callTestCase_closure1.call(CallTestCaseKeyword.groovy)
	at com.kms.katalon.core.keyword.internal.KeywordMain.runKeyword(KeywordMain.groovy:74)
	at com.kms.katalon.core.keyword.builtin.CallTestCaseKeyword.callTestCase(CallTestCaseKeyword.groovy:81)
	at com.kms.katalon.core.keyword.builtin.CallTestCaseKeyword.execute(CallTestCaseKeyword.groovy:44)
	at com.kms.katalon.core.keyword.internal.KeywordExecutor.executeKeywordForPlatform(KeywordExecutor.groovy:74)
	at com.kms.katalon.core.keyword.BuiltinKeywords.callTestCase(BuiltinKeywords.groovy:334)
	at TC_Group Chat_CS-15.run(TC_Group Chat_CS-15:20)
	... 13 more


2022-10-28 21:36:31 - [TEST_STEP][FAILED] - callTestCase(findTestCase("Sign in/TC_Sign in_CS-40"), [:], STOP_ON_FAILURE): Unable to call Test Case 'Test Cases/Sign in/TC_Sign in_CS-40' (Root cause: com.kms.katalon.core.exception.StepFailedException: Call Test Case 'Test Cases/Sign in/TC_Sign in_CS-40' failed
	at com.kms.katalon.core.keyword.builtin.CallTestCaseKeyword$_callTestCase_closure1.doCall(CallTestCaseKeyword.groovy:63)
	at com.kms.katalon.core.keyword.builtin.CallTestCaseKeyword$_callTestCase_closure1.call(CallTestCaseKeyword.groovy)
	at com.kms.katalon.core.keyword.internal.KeywordMain.runKeyword(KeywordMain.groovy:74)
	at com.kms.katalon.core.keyword.builtin.CallTestCaseKeyword.callTestCase(CallTestCaseKeyword.groovy:81)
	at com.kms.katalon.core.keyword.builtin.CallTestCaseKeyword.execute(CallTestCaseKeyword.groovy:44)
	at com.kms.katalon.core.keyword.internal.KeywordExecutor.executeKeywordForPlatform(KeywordExecutor.groovy:74)
	at com.kms.katalon.core.keyword.BuiltinKeywords.callTestCase(BuiltinKeywords.groovy:334)
	at TC_Group Chat_CS-15.run(TC_Group Chat_CS-15:20)
	at com.kms.katalon.core.main.ScriptEngine.run(ScriptEngine.java:194)
	at com.kms.katalon.core.main.ScriptEngine.runScriptAsRawText(ScriptEngine.java:119)
	at com.kms.katalon.core.main.TestCaseExecutor.runScript(TestCaseExecutor.java:448)
	at com.kms.katalon.core.main.TestCaseExecutor.doExecute(TestCaseExecutor.java:439)
	at com.kms.katalon.core.main.TestCaseExecutor.processExecutionPhase(TestCaseExecutor.java:418)
	at com.kms.katalon.core.main.TestCaseExecutor.accessMainPhase(TestCaseExecutor.java:410)
	at com.kms.katalon.core.main.TestCaseExecutor.execute(TestCaseExecutor.java:285)
	at com.kms.katalon.core.common.CommonExecutor.accessTestCaseMainPhase(CommonExecutor.java:65)
	at com.kms.katalon.core.main.TestSuiteExecutor.accessTestSuiteMainPhase(TestSuiteExecutor.java:144)
	at com.kms.katalon.core.main.TestSuiteExecutor.execute(TestSuiteExecutor.java:106)
	at com.kms.katalon.core.main.TestCaseMain.startTestSuite(TestCaseMain.java:185)
	at com.kms.katalon.core.main.TestCaseMain$startTestSuite$0.call(Unknown Source)
	at TempTestSuite1666967328832.run(TempTestSuite1666967328832.groovy:36)
Caused by: com.kms.katalon.core.exception.StepFailedException: Unable to start app at: '/Users/sandikurnia/Downloads/apk-staging-for-iqbal.apk' (Root cause: org.openqa.selenium.SessionNotCreatedException: Unable to create a new remote session. Please check the server log for more details. Original error: An unknown server-side error occurred while processing the command. Original error: UiAutomator2 Server cannot start because the local port #53685 is busy. Make sure the port you provide via 'systemPort' capability is not occupied. This situation might often be a result of an inaccurate sessions management, e.g. old automation sessions on the same device must always be closed before starting new ones.
Build info: version: '3.141.59', revision: 'e82be7d358', time: '2018-11-14T08:25:53'
System info: host: 'Sandis-MacBook-Air.local', ip: 'fe80:0:0:0:c5b:3cc4:ccb4:d475%en0', os.name: 'Mac OS X', os.arch: 'x86_64', os.version: '10.16', java.version: '1.8.0_275'
Driver info: driver.version: SwipeableAndroidDriver
remote stacktrace: UnknownError: An unknown server-side error occurred while processing the command. Original error: UiAutomator2 Server cannot start because the local port #53685 is busy. Make sure the port you provide via 'systemPort' capability is not occupied. This situation might often be a result of an inaccurate sessions management, e.g. old automation sessions on the same device must always be closed before starting new ones.
    at getResponseForW3CError (/opt/node/v16.17.1/lib/node_modules/appium/node_modules/appium-base-driver/lib/protocol/errors.js:804:9)
    at asyncHandler (/opt/node/v16.17.1/lib/node_modules/appium/node_modules/appium-base-driver/lib/protocol/protocol.js:380:37)
Build info: version: '3.141.59', revision: 'e82be7d358', time: '2018-11-14T08:25:53'
System info: host: 'Sandis-MacBook-Air.local', ip: 'fe80:0:0:0:c5b:3cc4:ccb4:d475%en0', os.name: 'Mac OS X', os.arch: 'x86_64', os.version: '10.16', java.version: '1.8.0_275'
Driver info: driver.version: SwipeableAndroidDriver
	at io.appium.java_client.remote.AppiumCommandExecutor$1.createSession(AppiumCommandExecutor.java:208)
	at io.appium.java_client.remote.AppiumCommandExecutor.createSession(AppiumCommandExecutor.java:217)
	at io.appium.java_client.remote.AppiumCommandExecutor.execute(AppiumCommandExecutor.java:239)
	at org.openqa.selenium.remote.RemoteWebDriver.execute(RemoteWebDriver.java:552)
	at io.appium.java_client.DefaultGenericMobileDriver.execute(DefaultGenericMobileDriver.java:42)
	at io.appium.java_client.AppiumDriver.execute(AppiumDriver.java:1)
	at io.appium.java_client.android.AndroidDriver.execute(AndroidDriver.java:1)
	at com.kms.katalon.core.appium.driver.SwipeableAndroidDriver.execute(SwipeableAndroidDriver.java:1)
	at org.openqa.selenium.remote.RemoteWebDriver.startSession(RemoteWebDriver.java:213)
	at org.openqa.selenium.remote.RemoteWebDriver.<init>(RemoteWebDriver.java:131)
	at io.appium.java_client.DefaultGenericMobileDriver.<init>(DefaultGenericMobileDriver.java:38)
	at io.appium.java_client.AppiumDriver.<init>(AppiumDriver.java:84)
	at io.appium.java_client.android.AndroidDriver.<init>(AndroidDriver.java:85)
	at com.kms.katalon.core.appium.driver.SwipeableAndroidDriver.<init>(SwipeableAndroidDriver.java:24)
	at com.kms.katalon.core.appium.driver.AppiumDriverManager.createMobileDriver(AppiumDriverManager.java:503)
	at com.kms.katalon.core.appium.driver.AppiumDriverManager.createMobileDriver(AppiumDriverManager.java:485)
	at com.kms.katalon.core.mobile.keyword.internal.MobileDriverFactory.startLocalMobileDriver(MobileDriverFactory.java:539)
	at com.kms.katalon.core.mobile.keyword.internal.MobileDriverFactory.startMobileDriver(MobileDriverFactory.java:452)
	at com.kms.katalon.core.mobile.keyword.builtin.StartApplicationKeyword$_startApplication_closure1.doCall(StartApplicationKeyword.groovy:49)
	at com.kms.katalon.core.mobile.keyword.builtin.StartApplicationKeyword$_startApplication_closure1.call(StartApplicationKeyword.groovy)
	at com.kms.katalon.core.mobile.keyword.internal.MobileKeywordMain.runKeyword(MobileKeywordMain.groovy:21)
	at com.kms.katalon.core.mobile.keyword.builtin.StartApplicationKeyword.startApplication(StartApplicationKeyword.groovy:51)
	at com.kms.katalon.core.mobile.keyword.builtin.StartApplicationKeyword.execute(StartApplicationKeyword.groovy:40)
	at com.kms.katalon.core.keyword.internal.KeywordExecutor.executeKeywordForPlatform(KeywordExecutor.groovy:74)
	at com.kms.katalon.core.mobile.keyword.MobileBuiltInKeywords.startApplication(MobileBuiltInKeywords.groovy:78)
	at com.kms.katalon.core.mobile.keyword.MobileBuiltInKeywords$startApplication.call(Unknown Source)
	at TC_Sign in_CS-40.run(TC_Sign in_CS-40:20)
	at com.kms.katalon.core.main.ScriptEngine.run(ScriptEngine.java:194)
	at com.kms.katalon.core.main.ScriptEngine.runScriptAsRawText(ScriptEngine.java:119)
	at com.kms.katalon.core.main.TestCaseExecutor.runScript(TestCaseExecutor.java:448)
	at com.kms.katalon.core.main.TestCaseExecutor.doExecute(TestCaseExecutor.java:439)
	at com.kms.katalon.core.main.TestCaseExecutor.processExecutionPhase(TestCaseExecutor.java:418)
	at com.kms.katalon.core.main.TestCaseExecutor.accessMainPhase(TestCaseExecutor.java:410)
	at com.kms.katalon.core.main.TestCaseExecutor.execute(TestCaseExecutor.java:285)
	at com.kms.katalon.core.main.TestCaseMain.runTestCase(TestCaseMain.java:142)
	at com.kms.katalon.core.keyword.builtin.CallTestCaseKeyword$_callTestCase_closure1.doCall(CallTestCaseKeyword.groovy:59)
	at com.kms.katalon.core.keyword.builtin.CallTestCaseKeyword$_callTestCase_closure1.call(CallTestCaseKeyword.groovy)
	at com.kms.katalon.core.keyword.internal.KeywordMain.runKeyword(KeywordMain.groovy:74)
	at com.kms.katalon.core.keyword.builtin.CallTestCaseKeyword.callTestCase(CallTestCaseKeyword.groovy:81)
	at com.kms.katalon.core.keyword.builtin.CallTestCaseKeyword.execute(CallTestCaseKeyword.groovy:44)
	at com.kms.katalon.core.keyword.internal.KeywordExecutor.executeKeywordForPlatform(KeywordExecutor.groovy:74)
	at com.kms.katalon.core.keyword.BuiltinKeywords.callTestCase(BuiltinKeywords.groovy:334)
	at TC_Group Chat_CS-15.run(TC_Group Chat_CS-15:20)
	at com.kms.katalon.core.main.ScriptEngine.run(ScriptEngine.java:194)
	at com.kms.katalon.core.main.ScriptEngine.runScriptAsRawText(ScriptEngine.java:119)
	at com.kms.katalon.core.main.TestCaseExecutor.runScript(TestCaseExecutor.java:448)
	at com.kms.katalon.core.main.TestCaseExecutor.doExecute(TestCaseExecutor.java:439)
	at com.kms.katalon.core.main.TestCaseExecutor.processExecutionPhase(TestCaseExecutor.java:418)
	at com.kms.katalon.core.main.TestCaseExecutor.accessMainPhase(TestCaseExecutor.java:410)
	at com.kms.katalon.core.main.TestCaseExecutor.execute(TestCaseExecutor.java:285)
	at com.kms.katalon.core.common.CommonExecutor.accessTestCaseMainPhase(CommonExecutor.java:65)
	at com.kms.katalon.core.main.TestSuiteExecutor.accessTestSuiteMainPhase(TestSuiteExecutor.java:144)
	at com.kms.katalon.core.main.TestSuiteExecutor.execute(TestSuiteExecutor.java:106)
	at com.kms.katalon.core.main.TestCaseMain.startTestSuite(TestCaseMain.java:185)
	at com.kms.katalon.core.main.TestCaseMain$startTestSuite$0.call(Unknown Source)
	at TempTestSuite1666967328832.run(TempTestSuite1666967328832.groovy:36)
Caused by: java.lang.reflect.InvocationTargetException
	at io.appium.java_client.remote.AppiumCommandExecutor$1.createSession(AppiumCommandExecutor.java:186)
	at io.appium.java_client.remote.AppiumCommandExecutor.createSession(AppiumCommandExecutor.java:217)
	at io.appium.java_client.remote.AppiumCommandExecutor.execute(AppiumCommandExecutor.java:239)
	at org.openqa.selenium.remote.RemoteWebDriver.execute(RemoteWebDriver.java:552)
	at io.appium.java_client.DefaultGenericMobileDriver.execute(DefaultGenericMobileDriver.java:42)
	at io.appium.java_client.AppiumDriver.execute(AppiumDriver.java:1)
	at io.appium.java_client.android.AndroidDriver.execute(AndroidDriver.java:1)
	at com.kms.katalon.core.appium.driver.SwipeableAndroidDriver.execute(SwipeableAndroidDriver.java:1)
	at org.openqa.selenium.remote.RemoteWebDriver.startSession(RemoteWebDriver.java:213)
	at org.openqa.selenium.remote.RemoteWebDriver.<init>(RemoteWebDriver.java:131)
	at io.appium.java_client.DefaultGenericMobileDriver.<init>(DefaultGenericMobileDriver.java:38)
	at io.appium.java_client.AppiumDriver.<init>(AppiumDriver.java:84)
	at io.appium.java_client.android.AndroidDriver.<init>(AndroidDriver.java:85)
	at com.kms.katalon.core.appium.driver.SwipeableAndroidDriver.<init>(SwipeableAndroidDriver.java:24)
	at com.kms.katalon.core.appium.driver.AppiumDriverManager.createMobileDriver(AppiumDriverManager.java:503)
	at com.kms.katalon.core.appium.driver.AppiumDriverManager.createMobileDriver(AppiumDriverManager.java:485)
	at com.kms.katalon.core.mobile.keyword.internal.MobileDriverFactory.startLocalMobileDriver(MobileDriverFactory.java:539)
	at com.kms.katalon.core.mobile.keyword.internal.MobileDriverFactory.startMobileDriver(MobileDriverFactory.java:452)
	at com.kms.katalon.core.mobile.keyword.builtin.StartApplicationKeyword$_startApplication_closure1.doCall(StartApplicationKeyword.groovy:49)
	at com.kms.katalon.core.mobile.keyword.builtin.StartApplicationKeyword$_startApplication_closure1.call(StartApplicationKeyword.groovy)
	at com.kms.katalon.core.mobile.keyword.internal.MobileKeywordMain.runKeyword(MobileKeywordMain.groovy:21)
	at com.kms.katalon.core.mobile.keyword.builtin.StartApplicationKeyword.startApplication(StartApplicationKeyword.groovy:51)
	at com.kms.katalon.core.mobile.keyword.builtin.StartApplicationKeyword.execute(StartApplicationKeyword.groovy:40)
	at com.kms.katalon.core.keyword.internal.KeywordExecutor.executeKeywordForPlatform(KeywordExecutor.groovy:74)
	at com.kms.katalon.core.mobile.keyword.MobileBuiltInKeywords.startApplication(MobileBuiltInKeywords.groovy:78)
	at com.kms.katalon.core.mobile.keyword.MobileBuiltInKeywords$startApplication.call(Unknown Source)
	at Script1666945512283.run(Script1666945512283.groovy:20)
	at com.kms.katalon.core.main.ScriptEngine.run(ScriptEngine.java:194)
	at com.kms.katalon.core.main.ScriptEngine.runScriptAsRawText(ScriptEngine.java:119)
	at com.kms.katalon.core.main.TestCaseExecutor.runScript(TestCaseExecutor.java:448)
	at com.kms.katalon.core.main.TestCaseExecutor.doExecute(TestCaseExecutor.java:439)
	at com.kms.katalon.core.main.TestCaseExecutor.processExecutionPhase(TestCaseExecutor.java:418)
	at com.kms.katalon.core.main.TestCaseExecutor.accessMainPhase(TestCaseExecutor.java:410)
	at com.kms.katalon.core.main.TestCaseExecutor.execute(TestCaseExecutor.java:285)
	at com.kms.katalon.core.main.TestCaseMain.runTestCase(TestCaseMain.java:142)
	at com.kms.katalon.core.keyword.builtin.CallTestCaseKeyword$_callTestCase_closure1.doCall(CallTestCaseKeyword.groovy:59)
	at com.kms.katalon.core.keyword.builtin.CallTestCaseKeyword$_callTestCase_closure1.call(CallTestCaseKeyword.groovy)
	at com.kms.katalon.core.keyword.internal.KeywordMain.runKeyword(KeywordMain.groovy:74)
	at com.kms.katalon.core.keyword.builtin.CallTestCaseKeyword.callTestCase(CallTestCaseKeyword.groovy:81)
	at com.kms.katalon.core.keyword.builtin.CallTestCaseKeyword.execute(CallTestCaseKeyword.groovy:44)
	at com.kms.katalon.core.keyword.internal.KeywordExecutor.executeKeywordForPlatform(KeywordExecutor.groovy:74)
	at com.kms.katalon.core.keyword.BuiltinKeywords.callTestCase(BuiltinKeywords.groovy:334)
	at Script1666862047546.run(Script1666862047546.groovy:20)
	... 13 more
Caused by: org.openqa.selenium.WebDriverException: An unknown server-side error occurred while processing the command. Original error: UiAutomator2 Server cannot start because the local port #53685 is busy. Make sure the port you provide via 'systemPort' capability is not occupied. This situation might often be a result of an inaccurate sessions management, e.g. old automation sessions on the same device must always be closed before starting new ones.
Build info: version: '3.141.59', revision: 'e82be7d358', time: '2018-11-14T08:25:53'
System info: host: 'Sandis-MacBook-Air.local', ip: 'fe80:0:0:0:c5b:3cc4:ccb4:d475%en0', os.name: 'Mac OS X', os.arch: 'x86_64', os.version: '10.16', java.version: '1.8.0_275'
Driver info: driver.version: SwipeableAndroidDriver
remote stacktrace: UnknownError: An unknown server-side error occurred while processing the command. Original error: UiAutomator2 Server cannot start because the local port #53685 is busy. Make sure the port you provide via 'systemPort' capability is not occupied. This situation might often be a result of an inaccurate sessions management, e.g. old automation sessions on the same device must always be closed before starting new ones.
    at getResponseForW3CError (/opt/node/v16.17.1/lib/node_modules/appium/node_modules/appium-base-driver/lib/protocol/errors.js:804:9)
    at asyncHandler (/opt/node/v16.17.1/lib/node_modules/appium/node_modules/appium-base-driver/lib/protocol/protocol.js:380:37)
	at org.openqa.selenium.remote.W3CHandshakeResponse.lambda$errorHandler$0(W3CHandshakeResponse.java:62)
	at org.openqa.selenium.remote.HandshakeResponse.lambda$getResponseFunction$0(HandshakeResponse.java:30)
	at org.openqa.selenium.remote.ProtocolHandshake.lambda$createSession$0(ProtocolHandshake.java:126)
	at org.openqa.selenium.remote.ProtocolHandshake.createSession(ProtocolHandshake.java:128)
	... 56 more
)
	at com.kms.katalon.core.keyword.internal.KeywordMain.stepFailed(KeywordMain.groovy:50)
	at com.kms.katalon.core.mobile.keyword.internal.MobileKeywordMain.stepFailed(MobileKeywordMain.groovy:40)
	at com.kms.katalon.core.mobile.keyword.internal.MobileKeywordMain.runKeyword(MobileKeywordMain.groovy:23)
	at com.kms.katalon.core.mobile.keyword.builtin.StartApplicationKeyword.startApplication(StartApplicationKeyword.groovy:51)
	at com.kms.katalon.core.mobile.keyword.builtin.StartApplicationKeyword.execute(StartApplicationKeyword.groovy:40)
	at com.kms.katalon.core.keyword.internal.KeywordExecutor.executeKeywordForPlatform(KeywordExecutor.groovy:74)
	at com.kms.katalon.core.mobile.keyword.MobileBuiltInKeywords.startApplication(MobileBuiltInKeywords.groovy:78)
	at com.kms.katalon.core.mobile.keyword.MobileBuiltInKeywords$startApplication.call(Unknown Source)
	at TC_Sign in_CS-40.run(TC_Sign in_CS-40:20)
	at com.kms.katalon.core.main.ScriptEngine.run(ScriptEngine.java:194)
	at com.kms.katalon.core.main.ScriptEngine.runScriptAsRawText(ScriptEngine.java:119)
	at com.kms.katalon.core.main.TestCaseExecutor.runScript(TestCaseExecutor.java:448)
	at com.kms.katalon.core.main.TestCaseExecutor.doExecute(TestCaseExecutor.java:439)
	at com.kms.katalon.core.main.TestCaseExecutor.processExecutionPhase(TestCaseExecutor.java:418)
	at com.kms.katalon.core.main.TestCaseExecutor.accessMainPhase(TestCaseExecutor.java:410)
	at com.kms.katalon.core.main.TestCaseExecutor.execute(TestCaseExecutor.java:285)
	at com.kms.katalon.core.main.TestCaseMain.runTestCase(TestCaseMain.java:142)
	at com.kms.katalon.core.keyword.builtin.CallTestCaseKeyword$_callTestCase_closure1.doCall(CallTestCaseKeyword.groovy:59)
	... 20 more
Caused by: org.openqa.selenium.SessionNotCreatedException: Unable to create a new remote session. Please check the server log for more details. Original error: An unknown server-side error occurred while processing the command. Original error: UiAutomator2 Server cannot start because the local port #53685 is busy. Make sure the port you provide via 'systemPort' capability is not occupied. This situation might often be a result of an inaccurate sessions management, e.g. old automation sessions on the same device must always be closed before starting new ones.
Build info: version: '3.141.59', revision: 'e82be7d358', time: '2018-11-14T08:25:53'
System info: host: 'Sandis-MacBook-Air.local', ip: 'fe80:0:0:0:c5b:3cc4:ccb4:d475%en0', os.name: 'Mac OS X', os.arch: 'x86_64', os.version: '10.16', java.version: '1.8.0_275'
Driver info: driver.version: SwipeableAndroidDriver
remote stacktrace: UnknownError: An unknown server-side error occurred while processing the command. Original error: UiAutomator2 Server cannot start because the local port #53685 is busy. Make sure the port you provide via 'systemPort' capability is not occupied. This situation might often be a result of an inaccurate sessions management, e.g. old automation sessions on the same device must always be closed before starting new ones.
    at getResponseForW3CError (/opt/node/v16.17.1/lib/node_modules/appium/node_modules/appium-base-driver/lib/protocol/errors.js:804:9)
    at asyncHandler (/opt/node/v16.17.1/lib/node_modules/appium/node_modules/appium-base-driver/lib/protocol/protocol.js:380:37)
Build info: version: '3.141.59', revision: 'e82be7d358', time: '2018-11-14T08:25:53'
System info: host: 'Sandis-MacBook-Air.local', ip: 'fe80:0:0:0:c5b:3cc4:ccb4:d475%en0', os.name: 'Mac OS X', os.arch: 'x86_64', os.version: '10.16', java.version: '1.8.0_275'
Driver info: driver.version: SwipeableAndroidDriver
	at io.appium.java_client.remote.AppiumCommandExecutor$1.createSession(AppiumCommandExecutor.java:208)
	at io.appium.java_client.remote.AppiumCommandExecutor.createSession(AppiumCommandExecutor.java:217)
	at io.appium.java_client.remote.AppiumCommandExecutor.execute(AppiumCommandExecutor.java:239)
	at org.openqa.selenium.remote.RemoteWebDriver.execute(RemoteWebDriver.java:552)
	at io.appium.java_client.DefaultGenericMobileDriver.execute(DefaultGenericMobileDriver.java:42)
	at io.appium.java_client.AppiumDriver.execute(AppiumDriver.java:1)
	at io.appium.java_client.android.AndroidDriver.execute(AndroidDriver.java:1)
	at com.kms.katalon.core.appium.driver.SwipeableAndroidDriver.execute(SwipeableAndroidDriver.java:1)
	at org.openqa.selenium.remote.RemoteWebDriver.startSession(RemoteWebDriver.java:213)
	at org.openqa.selenium.remote.RemoteWebDriver.<init>(RemoteWebDriver.java:131)
	at io.appium.java_client.DefaultGenericMobileDriver.<init>(DefaultGenericMobileDriver.java:38)
	at io.appium.java_client.AppiumDriver.<init>(AppiumDriver.java:84)
	at io.appium.java_client.android.AndroidDriver.<init>(AndroidDriver.java:85)
	at com.kms.katalon.core.appium.driver.SwipeableAndroidDriver.<init>(SwipeableAndroidDriver.java:24)
	at com.kms.katalon.core.appium.driver.AppiumDriverManager.createMobileDriver(AppiumDriverManager.java:503)
	at com.kms.katalon.core.appium.driver.AppiumDriverManager.createMobileDriver(AppiumDriverManager.java:485)
	at com.kms.katalon.core.mobile.keyword.internal.MobileDriverFactory.startLocalMobileDriver(MobileDriverFactory.java:539)
	at com.kms.katalon.core.mobile.keyword.internal.MobileDriverFactory.startMobileDriver(MobileDriverFactory.java:452)
	at com.kms.katalon.core.mobile.keyword.builtin.StartApplicationKeyword$_startApplication_closure1.doCall(StartApplicationKeyword.groovy:49)
	at com.kms.katalon.core.mobile.keyword.builtin.StartApplicationKeyword$_startApplication_closure1.call(StartApplicationKeyword.groovy)
	at com.kms.katalon.core.mobile.keyword.internal.MobileKeywordMain.runKeyword(MobileKeywordMain.groovy:21)
	... 35 more
Caused by: java.lang.reflect.InvocationTargetException
	at io.appium.java_client.remote.AppiumCommandExecutor$1.createSession(AppiumCommandExecutor.java:186)
	at io.appium.java_client.remote.AppiumCommandExecutor.createSession(AppiumCommandExecutor.java:217)
	at io.appium.java_client.remote.AppiumCommandExecutor.execute(AppiumCommandExecutor.java:239)
	at org.openqa.selenium.remote.RemoteWebDriver.execute(RemoteWebDriver.java:552)
	at io.appium.java_client.DefaultGenericMobileDriver.execute(DefaultGenericMobileDriver.java:42)
	at io.appium.java_client.AppiumDriver.execute(AppiumDriver.java:1)
	at io.appium.java_client.android.AndroidDriver.execute(AndroidDriver.java:1)
	at com.kms.katalon.core.appium.driver.SwipeableAndroidDriver.execute(SwipeableAndroidDriver.java:1)
	at org.openqa.selenium.remote.RemoteWebDriver.startSession(RemoteWebDriver.java:213)
	at org.openqa.selenium.remote.RemoteWebDriver.<init>(RemoteWebDriver.java:131)
	at io.appium.java_client.DefaultGenericMobileDriver.<init>(DefaultGenericMobileDriver.java:38)
	at io.appium.java_client.AppiumDriver.<init>(AppiumDriver.java:84)
	at io.appium.java_client.android.AndroidDriver.<init>(AndroidDriver.java:85)
	at com.kms.katalon.core.appium.driver.SwipeableAndroidDriver.<init>(SwipeableAndroidDriver.java:24)
	at com.kms.katalon.core.appium.driver.AppiumDriverManager.createMobileDriver(AppiumDriverManager.java:503)
	at com.kms.katalon.core.appium.driver.AppiumDriverManager.createMobileDriver(AppiumDriverManager.java:485)
	at com.kms.katalon.core.mobile.keyword.internal.MobileDriverFactory.startLocalMobileDriver(MobileDriverFactory.java:539)
	at com.kms.katalon.core.mobile.keyword.internal.MobileDriverFactory.startMobileDriver(MobileDriverFactory.java:452)
	at com.kms.katalon.core.mobile.keyword.builtin.StartApplicationKeyword$_startApplication_closure1.doCall(StartApplicationKeyword.groovy:49)
	at com.kms.katalon.core.mobile.keyword.builtin.StartApplicationKeyword$_startApplication_closure1.call(StartApplicationKeyword.groovy)
	at com.kms.katalon.core.mobile.keyword.internal.MobileKeywordMain.runKeyword(MobileKeywordMain.groovy:21)
	at com.kms.katalon.core.mobile.keyword.builtin.StartApplicationKeyword.startApplication(StartApplicationKeyword.groovy:51)
	at com.kms.katalon.core.mobile.keyword.builtin.StartApplicationKeyword.execute(StartApplicationKeyword.groovy:40)
	at com.kms.katalon.core.keyword.internal.KeywordExecutor.executeKeywordForPlatform(KeywordExecutor.groovy:74)
	at com.kms.katalon.core.mobile.keyword.MobileBuiltInKeywords.startApplication(MobileBuiltInKeywords.groovy:78)
	at com.kms.katalon.core.mobile.keyword.MobileBuiltInKeywords$startApplication.call(Unknown Source)
	at Script1666945512283.run(Script1666945512283.groovy:20)
	at com.kms.katalon.core.main.ScriptEngine.run(ScriptEngine.java:194)
	at com.kms.katalon.core.main.ScriptEngine.runScriptAsRawText(ScriptEngine.java:119)
	at com.kms.katalon.core.main.TestCaseExecutor.runScript(TestCaseExecutor.java:448)
	at com.kms.katalon.core.main.TestCaseExecutor.doExecute(TestCaseExecutor.java:439)
	at com.kms.katalon.core.main.TestCaseExecutor.processExecutionPhase(TestCaseExecutor.java:418)
	at com.kms.katalon.core.main.TestCaseExecutor.accessMainPhase(TestCaseExecutor.java:410)
	at com.kms.katalon.core.main.TestCaseExecutor.execute(TestCaseExecutor.java:285)
	at com.kms.katalon.core.main.TestCaseMain.runTestCase(TestCaseMain.java:142)
	at com.kms.katalon.core.keyword.builtin.CallTestCaseKeyword$_callTestCase_closure1.doCall(CallTestCaseKeyword.groovy:59)
	at com.kms.katalon.core.keyword.builtin.CallTestCaseKeyword$_callTestCase_closure1.call(CallTestCaseKeyword.groovy)
	at com.kms.katalon.core.keyword.internal.KeywordMain.runKeyword(KeywordMain.groovy:74)
	at com.kms.katalon.core.keyword.builtin.CallTestCaseKeyword.callTestCase(CallTestCaseKeyword.groovy:81)
	at com.kms.katalon.core.keyword.builtin.CallTestCaseKeyword.execute(CallTestCaseKeyword.groovy:44)
	at com.kms.katalon.core.keyword.internal.KeywordExecutor.executeKeywordForPlatform(KeywordExecutor.groovy:74)
	at com.kms.katalon.core.keyword.BuiltinKeywords.callTestCase(BuiltinKeywords.groovy:334)
	at Script1666862047546.run(Script1666862047546.groovy:20)
	... 13 more
Caused by: org.openqa.selenium.WebDriverException: An unknown server-side error occurred while processing the command. Original error: UiAutomator2 Server cannot start because the local port #53685 is busy. Make sure the port you provide via 'systemPort' capability is not occupied. This situation might often be a result of an inaccurate sessions management, e.g. old automation sessions on the same device must always be closed before starting new ones.
Build info: version: '3.141.59', revision: 'e82be7d358', time: '2018-11-14T08:25:53'
System info: host: 'Sandis-MacBook-Air.local', ip: 'fe80:0:0:0:c5b:3cc4:ccb4:d475%en0', os.name: 'Mac OS X', os.arch: 'x86_64', os.version: '10.16', java.version: '1.8.0_275'
Driver info: driver.version: SwipeableAndroidDriver
remote stacktrace: UnknownError: An unknown server-side error occurred while processing the command. Original error: UiAutomator2 Server cannot start because the local port #53685 is busy. Make sure the port you provide via 'systemPort' capability is not occupied. This situation might often be a result of an inaccurate sessions management, e.g. old automation sessions on the same device must always be closed before starting new ones.
    at getResponseForW3CError (/opt/node/v16.17.1/lib/node_modules/appium/node_modules/appium-base-driver/lib/protocol/errors.js:804:9)
    at asyncHandler (/opt/node/v16.17.1/lib/node_modules/appium/node_modules/appium-base-driver/lib/protocol/protocol.js:380:37)
	at org.openqa.selenium.remote.W3CHandshakeResponse.lambda$errorHandler$0(W3CHandshakeResponse.java:62)
	at org.openqa.selenium.remote.HandshakeResponse.lambda$getResponseFunction$0(HandshakeResponse.java:30)
	at org.openqa.selenium.remote.ProtocolHandshake.lambda$createSession$0(ProtocolHandshake.java:126)
	at org.openqa.selenium.remote.ProtocolHandshake.createSession(ProtocolHandshake.java:128)
	at io.appium.java_client.remote.AppiumCommandExecutor$1.createSession(AppiumCommandExecutor.java:186)
	at io.appium.java_client.remote.AppiumCommandExecutor.createSession(AppiumCommandExecutor.java:217)
	at io.appium.java_client.remote.AppiumCommandExecutor.execute(AppiumCommandExecutor.java:239)
	at org.openqa.selenium.remote.RemoteWebDriver.execute(RemoteWebDriver.java:552)
	at io.appium.java_client.DefaultGenericMobileDriver.execute(DefaultGenericMobileDriver.java:42)
	at io.appium.java_client.AppiumDriver.execute(AppiumDriver.java:1)
	at io.appium.java_client.android.AndroidDriver.execute(AndroidDriver.java:1)
	at com.kms.katalon.core.appium.driver.SwipeableAndroidDriver.execute(SwipeableAndroidDriver.java:1)
	at org.openqa.selenium.remote.RemoteWebDriver.startSession(RemoteWebDriver.java:213)
	at org.openqa.selenium.remote.RemoteWebDriver.<init>(RemoteWebDriver.java:131)
	at io.appium.java_client.DefaultGenericMobileDriver.<init>(DefaultGenericMobileDriver.java:38)
	at io.appium.java_client.AppiumDriver.<init>(AppiumDriver.java:84)
	at io.appium.java_client.android.AndroidDriver.<init>(AndroidDriver.java:85)
	at com.kms.katalon.core.appium.driver.SwipeableAndroidDriver.<init>(SwipeableAndroidDriver.java:24)
	at com.kms.katalon.core.appium.driver.AppiumDriverManager.createMobileDriver(AppiumDriverManager.java:503)
	at com.kms.katalon.core.appium.driver.AppiumDriverManager.createMobileDriver(AppiumDriverManager.java:485)
	at com.kms.katalon.core.mobile.keyword.internal.MobileDriverFactory.startLocalMobileDriver(MobileDriverFactory.java:539)
	at com.kms.katalon.core.mobile.keyword.internal.MobileDriverFactory.startMobileDriver(MobileDriverFactory.java:452)
	at com.kms.katalon.core.mobile.keyword.builtin.StartApplicationKeyword$_startApplication_closure1.doCall(StartApplicationKeyword.groovy:49)
	at com.kms.katalon.core.mobile.keyword.builtin.StartApplicationKeyword$_startApplication_closure1.call(StartApplicationKeyword.groovy)
	at com.kms.katalon.core.mobile.keyword.internal.MobileKeywordMain.runKeyword(MobileKeywordMain.groovy:21)
	at com.kms.katalon.core.mobile.keyword.builtin.StartApplicationKeyword.startApplication(StartApplicationKeyword.groovy:51)
	at com.kms.katalon.core.mobile.keyword.builtin.StartApplicationKeyword.execute(StartApplicationKeyword.groovy:40)
	at com.kms.katalon.core.keyword.internal.KeywordExecutor.executeKeywordForPlatform(KeywordExecutor.groovy:74)
	at com.kms.katalon.core.mobile.keyword.MobileBuiltInKeywords.startApplication(MobileBuiltInKeywords.groovy:78)
	at com.kms.katalon.core.mobile.keyword.MobileBuiltInKeywords$startApplication.call(Unknown Source)
	at TC_Sign in_CS-40.run(TC_Sign in_CS-40:20)
	at com.kms.katalon.core.main.ScriptEngine.run(ScriptEngine.java:194)
	at com.kms.katalon.core.main.ScriptEngine.runScriptAsRawText(ScriptEngine.java:119)
	at com.kms.katalon.core.main.TestCaseExecutor.runScript(TestCaseExecutor.java:448)
	at com.kms.katalon.core.main.TestCaseExecutor.doExecute(TestCaseExecutor.java:439)
	at com.kms.katalon.core.main.TestCaseExecutor.processExecutionPhase(TestCaseExecutor.java:418)
	at com.kms.katalon.core.main.TestCaseExecutor.accessMainPhase(TestCaseExecutor.java:410)
	at com.kms.katalon.core.main.TestCaseExecutor.execute(TestCaseExecutor.java:285)
	at com.kms.katalon.core.main.TestCaseMain.runTestCase(TestCaseMain.java:142)
	at com.kms.katalon.core.keyword.builtin.CallTestCaseKeyword$_callTestCase_closure1.doCall(CallTestCaseKeyword.groovy:59)
	at com.kms.katalon.core.keyword.builtin.CallTestCaseKeyword$_callTestCase_closure1.call(CallTestCaseKeyword.groovy)
	at com.kms.katalon.core.keyword.internal.KeywordMain.runKeyword(KeywordMain.groovy:74)
	at com.kms.katalon.core.keyword.builtin.CallTestCaseKeyword.callTestCase(CallTestCaseKeyword.groovy:81)
	at com.kms.katalon.core.keyword.builtin.CallTestCaseKeyword.execute(CallTestCaseKeyword.groovy:44)
	at com.kms.katalon.core.keyword.internal.KeywordExecutor.executeKeywordForPlatform(KeywordExecutor.groovy:74)
	at com.kms.katalon.core.keyword.BuiltinKeywords.callTestCase(BuiltinKeywords.groovy:334)
	at TC_Group Chat_CS-15.run(TC_Group Chat_CS-15:20)
	... 13 more
)

2022-10-28 21:36:31 - [TEST_CASE][FAILED] - Test Cases/Sign in/TC_Sign in_CS-40: Test Cases/Sign in/TC_Sign in_CS-40 FAILED.
Reason:
com.kms.katalon.core.exception.StepFailedException: Unable to start app at: '/Users/sandikurnia/Downloads/apk-staging-for-iqbal.apk' (Root cause: org.openqa.selenium.SessionNotCreatedException: Unable to create a new remote session. Please check the server log for more details. Original error: An unknown server-side error occurred while processing the command. Original error: UiAutomator2 Server cannot start because the local port #53685 is busy. Make sure the port you provide via 'systemPort' capability is not occupied. This situation might often be a result of an inaccurate sessions management, e.g. old automation sessions on the same device must always be closed before starting new ones.
Build info: version: '3.141.59', revision: 'e82be7d358', time: '2018-11-14T08:25:53'
System info: host: 'Sandis-MacBook-Air.local', ip: 'fe80:0:0:0:c5b:3cc4:ccb4:d475%en0', os.name: 'Mac OS X', os.arch: 'x86_64', os.version: '10.16', java.version: '1.8.0_275'
Driver info: driver.version: SwipeableAndroidDriver
remote stacktrace: UnknownError: An unknown server-side error occurred while processing the command. Original error: UiAutomator2 Server cannot start because the local port #53685 is busy. Make sure the port you provide via 'systemPort' capability is not occupied. This situation might often be a result of an inaccurate sessions management, e.g. old automation sessions on the same device must always be closed before starting new ones.
    at getResponseForW3CError (/opt/node/v16.17.1/lib/node_modules/appium/node_modules/appium-base-driver/lib/protocol/errors.js:804:9)
    at asyncHandler (/opt/node/v16.17.1/lib/node_modules/appium/node_modules/appium-base-driver/lib/protocol/protocol.js:380:37)
Build info: version: '3.141.59', revision: 'e82be7d358', time: '2018-11-14T08:25:53'
System info: host: 'Sandis-MacBook-Air.local', ip: 'fe80:0:0:0:c5b:3cc4:ccb4:d475%en0', os.name: 'Mac OS X', os.arch: 'x86_64', os.version: '10.16', java.version: '1.8.0_275'
Driver info: driver.version: SwipeableAndroidDriver
	at io.appium.java_client.remote.AppiumCommandExecutor$1.createSession(AppiumCommandExecutor.java:208)
	at io.appium.java_client.remote.AppiumCommandExecutor.createSession(AppiumCommandExecutor.java:217)
	at io.appium.java_client.remote.AppiumCommandExecutor.execute(AppiumCommandExecutor.java:239)
	at org.openqa.selenium.remote.RemoteWebDriver.execute(RemoteWebDriver.java:552)
	at io.appium.java_client.DefaultGenericMobileDriver.execute(DefaultGenericMobileDriver.java:42)
	at io.appium.java_client.AppiumDriver.execute(AppiumDriver.java:1)
	at io.appium.java_client.android.AndroidDriver.execute(AndroidDriver.java:1)
	at com.kms.katalon.core.appium.driver.SwipeableAndroidDriver.execute(SwipeableAndroidDriver.java:1)
	at org.openqa.selenium.remote.RemoteWebDriver.startSession(RemoteWebDriver.java:213)
	at org.openqa.selenium.remote.RemoteWebDriver.<init>(RemoteWebDriver.java:131)
	at io.appium.java_client.DefaultGenericMobileDriver.<init>(DefaultGenericMobileDriver.java:38)
	at io.appium.java_client.AppiumDriver.<init>(AppiumDriver.java:84)
	at io.appium.java_client.android.AndroidDriver.<init>(AndroidDriver.java:85)
	at com.kms.katalon.core.appium.driver.SwipeableAndroidDriver.<init>(SwipeableAndroidDriver.java:24)
	at com.kms.katalon.core.appium.driver.AppiumDriverManager.createMobileDriver(AppiumDriverManager.java:503)
	at com.kms.katalon.core.appium.driver.AppiumDriverManager.createMobileDriver(AppiumDriverManager.java:485)
	at com.kms.katalon.core.mobile.keyword.internal.MobileDriverFactory.startLocalMobileDriver(MobileDriverFactory.java:539)
	at com.kms.katalon.core.mobile.keyword.internal.MobileDriverFactory.startMobileDriver(MobileDriverFactory.java:452)
	at com.kms.katalon.core.mobile.keyword.builtin.StartApplicationKeyword$_startApplication_closure1.doCall(StartApplicationKeyword.groovy:49)
	at com.kms.katalon.core.mobile.keyword.builtin.StartApplicationKeyword$_startApplication_closure1.call(StartApplicationKeyword.groovy)
	at com.kms.katalon.core.mobile.keyword.internal.MobileKeywordMain.runKeyword(MobileKeywordMain.groovy:21)
	at com.kms.katalon.core.mobile.keyword.builtin.StartApplicationKeyword.startApplication(StartApplicationKeyword.groovy:51)
	at com.kms.katalon.core.mobile.keyword.builtin.StartApplicationKeyword.execute(StartApplicationKeyword.groovy:40)
	at com.kms.katalon.core.keyword.internal.KeywordExecutor.executeKeywordForPlatform(KeywordExecutor.groovy:74)
	at com.kms.katalon.core.mobile.keyword.MobileBuiltInKeywords.startApplication(MobileBuiltInKeywords.groovy:78)
	at com.kms.katalon.core.mobile.keyword.MobileBuiltInKeywords$startApplication.call(Unknown Source)
	at TC_Sign in_CS-40.run(TC_Sign in_CS-40:20)
	at com.kms.katalon.core.main.ScriptEngine.run(ScriptEngine.java:194)
	at com.kms.katalon.core.main.ScriptEngine.runScriptAsRawText(ScriptEngine.java:119)
	at com.kms.katalon.core.main.TestCaseExecutor.runScript(TestCaseExecutor.java:448)
	at com.kms.katalon.core.main.TestCaseExecutor.doExecute(TestCaseExecutor.java:439)
	at com.kms.katalon.core.main.TestCaseExecutor.processExecutionPhase(TestCaseExecutor.java:418)
	at com.kms.katalon.core.main.TestCaseExecutor.accessMainPhase(TestCaseExecutor.java:410)
	at com.kms.katalon.core.main.TestCaseExecutor.execute(TestCaseExecutor.java:285)
	at com.kms.katalon.core.main.TestCaseMain.runTestCase(TestCaseMain.java:142)
	at com.kms.katalon.core.keyword.builtin.CallTestCaseKeyword$_callTestCase_closure1.doCall(CallTestCaseKeyword.groovy:59)
	at com.kms.katalon.core.keyword.builtin.CallTestCaseKeyword$_callTestCase_closure1.call(CallTestCaseKeyword.groovy)
	at com.kms.katalon.core.keyword.internal.KeywordMain.runKeyword(KeywordMain.groovy:74)
	at com.kms.katalon.core.keyword.builtin.CallTestCaseKeyword.callTestCase(CallTestCaseKeyword.groovy:81)
	at com.kms.katalon.core.keyword.builtin.CallTestCaseKeyword.execute(CallTestCaseKeyword.groovy:44)
	at com.kms.katalon.core.keyword.internal.KeywordExecutor.executeKeywordForPlatform(KeywordExecutor.groovy:74)
	at com.kms.katalon.core.keyword.BuiltinKeywords.callTestCase(BuiltinKeywords.groovy:334)
	at TC_Group Chat_CS-15.run(TC_Group Chat_CS-15:20)
	at com.kms.katalon.core.main.ScriptEngine.run(ScriptEngine.java:194)
	at com.kms.katalon.core.main.ScriptEngine.runScriptAsRawText(ScriptEngine.java:119)
	at com.kms.katalon.core.main.TestCaseExecutor.runScript(TestCaseExecutor.java:448)
	at com.kms.katalon.core.main.TestCaseExecutor.doExecute(TestCaseExecutor.java:439)
	at com.kms.katalon.core.main.TestCaseExecutor.processExecutionPhase(TestCaseExecutor.java:418)
	at com.kms.katalon.core.main.TestCaseExecutor.accessMainPhase(TestCaseExecutor.java:410)
	at com.kms.katalon.core.main.TestCaseExecutor.execute(TestCaseExecutor.java:285)
	at com.kms.katalon.core.common.CommonExecutor.accessTestCaseMainPhase(CommonExecutor.java:65)
	at com.kms.katalon.core.main.TestSuiteExecutor.accessTestSuiteMainPhase(TestSuiteExecutor.java:144)
	at com.kms.katalon.core.main.TestSuiteExecutor.execute(TestSuiteExecutor.java:106)
	at com.kms.katalon.core.main.TestCaseMain.startTestSuite(TestCaseMain.java:185)
	at com.kms.katalon.core.main.TestCaseMain$startTestSuite$0.call(Unknown Source)
	at TempTestSuite1666967328832.run(TempTestSuite1666967328832.groovy:36)
Caused by: java.lang.reflect.InvocationTargetException
	at io.appium.java_client.remote.AppiumCommandExecutor$1.createSession(AppiumCommandExecutor.java:186)
	at io.appium.java_client.remote.AppiumCommandExecutor.createSession(AppiumCommandExecutor.java:217)
	at io.appium.java_client.remote.AppiumCommandExecutor.execute(AppiumCommandExecutor.java:239)
	at org.openqa.selenium.remote.RemoteWebDriver.execute(RemoteWebDriver.java:552)
	at io.appium.java_client.DefaultGenericMobileDriver.execute(DefaultGenericMobileDriver.java:42)
	at io.appium.java_client.AppiumDriver.execute(AppiumDriver.java:1)
	at io.appium.java_client.android.AndroidDriver.execute(AndroidDriver.java:1)
	at com.kms.katalon.core.appium.driver.SwipeableAndroidDriver.execute(SwipeableAndroidDriver.java:1)
	at org.openqa.selenium.remote.RemoteWebDriver.startSession(RemoteWebDriver.java:213)
	at org.openqa.selenium.remote.RemoteWebDriver.<init>(RemoteWebDriver.java:131)
	at io.appium.java_client.DefaultGenericMobileDriver.<init>(DefaultGenericMobileDriver.java:38)
	at io.appium.java_client.AppiumDriver.<init>(AppiumDriver.java:84)
	at io.appium.java_client.android.AndroidDriver.<init>(AndroidDriver.java:85)
	at com.kms.katalon.core.appium.driver.SwipeableAndroidDriver.<init>(SwipeableAndroidDriver.java:24)
	at com.kms.katalon.core.appium.driver.AppiumDriverManager.createMobileDriver(AppiumDriverManager.java:503)
	at com.kms.katalon.core.appium.driver.AppiumDriverManager.createMobileDriver(AppiumDriverManager.java:485)
	at com.kms.katalon.core.mobile.keyword.internal.MobileDriverFactory.startLocalMobileDriver(MobileDriverFactory.java:539)
	at com.kms.katalon.core.mobile.keyword.internal.MobileDriverFactory.startMobileDriver(MobileDriverFactory.java:452)
	at com.kms.katalon.core.mobile.keyword.builtin.StartApplicationKeyword$_startApplication_closure1.doCall(StartApplicationKeyword.groovy:49)
	at com.kms.katalon.core.mobile.keyword.builtin.StartApplicationKeyword$_startApplication_closure1.call(StartApplicationKeyword.groovy)
	at com.kms.katalon.core.mobile.keyword.internal.MobileKeywordMain.runKeyword(MobileKeywordMain.groovy:21)
	at com.kms.katalon.core.mobile.keyword.builtin.StartApplicationKeyword.startApplication(StartApplicationKeyword.groovy:51)
	at com.kms.katalon.core.mobile.keyword.builtin.StartApplicationKeyword.execute(StartApplicationKeyword.groovy:40)
	at com.kms.katalon.core.keyword.internal.KeywordExecutor.executeKeywordForPlatform(KeywordExecutor.groovy:74)
	at com.kms.katalon.core.mobile.keyword.MobileBuiltInKeywords.startApplication(MobileBuiltInKeywords.groovy:78)
	at com.kms.katalon.core.mobile.keyword.MobileBuiltInKeywords$startApplication.call(Unknown Source)
	at Script1666945512283.run(Script1666945512283.groovy:20)
	at com.kms.katalon.core.main.ScriptEngine.run(ScriptEngine.java:194)
	at com.kms.katalon.core.main.ScriptEngine.runScriptAsRawText(ScriptEngine.java:119)
	at com.kms.katalon.core.main.TestCaseExecutor.runScript(TestCaseExecutor.java:448)
	at com.kms.katalon.core.main.TestCaseExecutor.doExecute(TestCaseExecutor.java:439)
	at com.kms.katalon.core.main.TestCaseExecutor.processExecutionPhase(TestCaseExecutor.java:418)
	at com.kms.katalon.core.main.TestCaseExecutor.accessMainPhase(TestCaseExecutor.java:410)
	at com.kms.katalon.core.main.TestCaseExecutor.execute(TestCaseExecutor.java:285)
	at com.kms.katalon.core.main.TestCaseMain.runTestCase(TestCaseMain.java:142)
	at com.kms.katalon.core.keyword.builtin.CallTestCaseKeyword$_callTestCase_closure1.doCall(CallTestCaseKeyword.groovy:59)
	at com.kms.katalon.core.keyword.builtin.CallTestCaseKeyword$_callTestCase_closure1.call(CallTestCaseKeyword.groovy)
	at com.kms.katalon.core.keyword.internal.KeywordMain.runKeyword(KeywordMain.groovy:74)
	at com.kms.katalon.core.keyword.builtin.CallTestCaseKeyword.callTestCase(CallTestCaseKeyword.groovy:81)
	at com.kms.katalon.core.keyword.builtin.CallTestCaseKeyword.execute(CallTestCaseKeyword.groovy:44)
	at com.kms.katalon.core.keyword.internal.KeywordExecutor.executeKeywordForPlatform(KeywordExecutor.groovy:74)
	at com.kms.katalon.core.keyword.BuiltinKeywords.callTestCase(BuiltinKeywords.groovy:334)
	at Script1666862047546.run(Script1666862047546.groovy:20)
	... 13 more
Caused by: org.openqa.selenium.WebDriverException: An unknown server-side error occurred while processing the command. Original error: UiAutomator2 Server cannot start because the local port #53685 is busy. Make sure the port you provide via 'systemPort' capability is not occupied. This situation might often be a result of an inaccurate sessions management, e.g. old automation sessions on the same device must always be closed before starting new ones.
Build info: version: '3.141.59', revision: 'e82be7d358', time: '2018-11-14T08:25:53'
System info: host: 'Sandis-MacBook-Air.local', ip: 'fe80:0:0:0:c5b:3cc4:ccb4:d475%en0', os.name: 'Mac OS X', os.arch: 'x86_64', os.version: '10.16', java.version: '1.8.0_275'
Driver info: driver.version: SwipeableAndroidDriver
remote stacktrace: UnknownError: An unknown server-side error occurred while processing the command. Original error: UiAutomator2 Server cannot start because the local port #53685 is busy. Make sure the port you provide via 'systemPort' capability is not occupied. This situation might often be a result of an inaccurate sessions management, e.g. old automation sessions on the same device must always be closed before starting new ones.
    at getResponseForW3CError (/opt/node/v16.17.1/lib/node_modules/appium/node_modules/appium-base-driver/lib/protocol/errors.js:804:9)
    at asyncHandler (/opt/node/v16.17.1/lib/node_modules/appium/node_modules/appium-base-driver/lib/protocol/protocol.js:380:37)
	at org.openqa.selenium.remote.W3CHandshakeResponse.lambda$errorHandler$0(W3CHandshakeResponse.java:62)
	at org.openqa.selenium.remote.HandshakeResponse.lambda$getResponseFunction$0(HandshakeResponse.java:30)
	at org.openqa.selenium.remote.ProtocolHandshake.lambda$createSession$0(ProtocolHandshake.java:126)
	at org.openqa.selenium.remote.ProtocolHandshake.createSession(ProtocolHandshake.java:128)
	... 56 more
)
	at com.kms.katalon.core.keyword.internal.KeywordMain.stepFailed(KeywordMain.groovy:50)
	at com.kms.katalon.core.mobile.keyword.internal.MobileKeywordMain.stepFailed(MobileKeywordMain.groovy:40)
	at com.kms.katalon.core.mobile.keyword.internal.MobileKeywordMain.runKeyword(MobileKeywordMain.groovy:23)
	at com.kms.katalon.core.mobile.keyword.builtin.StartApplicationKeyword.startApplication(StartApplicationKeyword.groovy:51)
	at com.kms.katalon.core.mobile.keyword.builtin.StartApplicationKeyword.execute(StartApplicationKeyword.groovy:40)
	at com.kms.katalon.core.keyword.internal.KeywordExecutor.executeKeywordForPlatform(KeywordExecutor.groovy:74)
	at com.kms.katalon.core.mobile.keyword.MobileBuiltInKeywords.startApplication(MobileBuiltInKeywords.groovy:78)
	at com.kms.katalon.core.mobile.keyword.MobileBuiltInKeywords$startApplication.call(Unknown Source)
	at TC_Sign in_CS-40.run(TC_Sign in_CS-40:20)
	at com.kms.katalon.core.main.ScriptEngine.run(ScriptEngine.java:194)
	at com.kms.katalon.core.main.ScriptEngine.runScriptAsRawText(ScriptEngine.java:119)
	at com.kms.katalon.core.main.TestCaseExecutor.runScript(TestCaseExecutor.java:448)
	at com.kms.katalon.core.main.TestCaseExecutor.doExecute(TestCaseExecutor.java:439)
	at com.kms.katalon.core.main.TestCaseExecutor.processExecutionPhase(TestCaseExecutor.java:418)
	at com.kms.katalon.core.main.TestCaseExecutor.accessMainPhase(TestCaseExecutor.java:410)
	at com.kms.katalon.core.main.TestCaseExecutor.execute(TestCaseExecutor.java:285)
	at com.kms.katalon.core.main.TestCaseMain.runTestCase(TestCaseMain.java:142)
	at com.kms.katalon.core.keyword.builtin.CallTestCaseKeyword$_callTestCase_closure1.doCall(CallTestCaseKeyword.groovy:59)
	at com.kms.katalon.core.keyword.builtin.CallTestCaseKeyword$_callTestCase_closure1.call(CallTestCaseKeyword.groovy)
	at com.kms.katalon.core.keyword.internal.KeywordMain.runKeyword(KeywordMain.groovy:74)
	at com.kms.katalon.core.keyword.builtin.CallTestCaseKeyword.callTestCase(CallTestCaseKeyword.groovy:81)
	at com.kms.katalon.core.keyword.builtin.CallTestCaseKeyword.execute(CallTestCaseKeyword.groovy:44)
	at com.kms.katalon.core.keyword.internal.KeywordExecutor.executeKeywordForPlatform(KeywordExecutor.groovy:74)
	at com.kms.katalon.core.keyword.BuiltinKeywords.callTestCase(BuiltinKeywords.groovy:334)
	at TC_Group Chat_CS-15.run(TC_Group Chat_CS-15:20)
	at com.kms.katalon.core.main.ScriptEngine.run(ScriptEngine.java:194)
	at com.kms.katalon.core.main.ScriptEngine.runScriptAsRawText(ScriptEngine.java:119)
	at com.kms.katalon.core.main.TestCaseExecutor.runScript(TestCaseExecutor.java:448)
	at com.kms.katalon.core.main.TestCaseExecutor.doExecute(TestCaseExecutor.java:439)
	at com.kms.katalon.core.main.TestCaseExecutor.processExecutionPhase(TestCaseExecutor.java:418)
	at com.kms.katalon.core.main.TestCaseExecutor.accessMainPhase(TestCaseExecutor.java:410)
	at com.kms.katalon.core.main.TestCaseExecutor.execute(TestCaseExecutor.java:285)
	at com.kms.katalon.core.common.CommonExecutor.accessTestCaseMainPhase(CommonExecutor.java:65)
	at com.kms.katalon.core.main.TestSuiteExecutor.accessTestSuiteMainPhase(TestSuiteExecutor.java:144)
	at com.kms.katalon.core.main.TestSuiteExecutor.execute(TestSuiteExecutor.java:106)
	at com.kms.katalon.core.main.TestCaseMain.startTestSuite(TestCaseMain.java:185)
	at com.kms.katalon.core.main.TestCaseMain$startTestSuite$0.call(Unknown Source)
	at TempTestSuite1666967328832.run(TempTestSuite1666967328832.groovy:36)
Caused by: org.openqa.selenium.SessionNotCreatedException: Unable to create a new remote session. Please check the server log for more details. Original error: An unknown server-side error occurred while processing the command. Original error: UiAutomator2 Server cannot start because the local port #53685 is busy. Make sure the port you provide via 'systemPort' capability is not occupied. This situation might often be a result of an inaccurate sessions management, e.g. old automation sessions on the same device must always be closed before starting new ones.
Build info: version: '3.141.59', revision: 'e82be7d358', time: '2018-11-14T08:25:53'
System info: host: 'Sandis-MacBook-Air.local', ip: 'fe80:0:0:0:c5b:3cc4:ccb4:d475%en0', os.name: 'Mac OS X', os.arch: 'x86_64', os.version: '10.16', java.version: '1.8.0_275'
Driver info: driver.version: SwipeableAndroidDriver
remote stacktrace: UnknownError: An unknown server-side error occurred while processing the command. Original error: UiAutomator2 Server cannot start because the local port #53685 is busy. Make sure the port you provide via 'systemPort' capability is not occupied. This situation might often be a result of an inaccurate sessions management, e.g. old automation sessions on the same device must always be closed before starting new ones.
    at getResponseForW3CError (/opt/node/v16.17.1/lib/node_modules/appium/node_modules/appium-base-driver/lib/protocol/errors.js:804:9)
    at asyncHandler (/opt/node/v16.17.1/lib/node_modules/appium/node_modules/appium-base-driver/lib/protocol/protocol.js:380:37)
Build info: version: '3.141.59', revision: 'e82be7d358', time: '2018-11-14T08:25:53'
System info: host: 'Sandis-MacBook-Air.local', ip: 'fe80:0:0:0:c5b:3cc4:ccb4:d475%en0', os.name: 'Mac OS X', os.arch: 'x86_64', os.version: '10.16', java.version: '1.8.0_275'
Driver info: driver.version: SwipeableAndroidDriver
	at io.appium.java_client.remote.AppiumCommandExecutor$1.createSession(AppiumCommandExecutor.java:208)
	at io.appium.java_client.remote.AppiumCommandExecutor.createSession(AppiumCommandExecutor.java:217)
	at io.appium.java_client.remote.AppiumCommandExecutor.execute(AppiumCommandExecutor.java:239)
	at org.openqa.selenium.remote.RemoteWebDriver.execute(RemoteWebDriver.java:552)
	at io.appium.java_client.DefaultGenericMobileDriver.execute(DefaultGenericMobileDriver.java:42)
	at io.appium.java_client.AppiumDriver.execute(AppiumDriver.java:1)
	at io.appium.java_client.android.AndroidDriver.execute(AndroidDriver.java:1)
	at com.kms.katalon.core.appium.driver.SwipeableAndroidDriver.execute(SwipeableAndroidDriver.java:1)
	at org.openqa.selenium.remote.RemoteWebDriver.startSession(RemoteWebDriver.java:213)
	at org.openqa.selenium.remote.RemoteWebDriver.<init>(RemoteWebDriver.java:131)
	at io.appium.java_client.DefaultGenericMobileDriver.<init>(DefaultGenericMobileDriver.java:38)
	at io.appium.java_client.AppiumDriver.<init>(AppiumDriver.java:84)
	at io.appium.java_client.android.AndroidDriver.<init>(AndroidDriver.java:85)
	at com.kms.katalon.core.appium.driver.SwipeableAndroidDriver.<init>(SwipeableAndroidDriver.java:24)
	at com.kms.katalon.core.appium.driver.AppiumDriverManager.createMobileDriver(AppiumDriverManager.java:503)
	at com.kms.katalon.core.appium.driver.AppiumDriverManager.createMobileDriver(AppiumDriverManager.java:485)
	at com.kms.katalon.core.mobile.keyword.internal.MobileDriverFactory.startLocalMobileDriver(MobileDriverFactory.java:539)
	at com.kms.katalon.core.mobile.keyword.internal.MobileDriverFactory.startMobileDriver(MobileDriverFactory.java:452)
	at com.kms.katalon.core.mobile.keyword.builtin.StartApplicationKeyword$_startApplication_closure1.doCall(StartApplicationKeyword.groovy:49)
	at com.kms.katalon.core.mobile.keyword.builtin.StartApplicationKeyword$_startApplication_closure1.call(StartApplicationKeyword.groovy)
	at com.kms.katalon.core.mobile.keyword.internal.MobileKeywordMain.runKeyword(MobileKeywordMain.groovy:21)
	... 35 more
Caused by: java.lang.reflect.InvocationTargetException
	at io.appium.java_client.remote.AppiumCommandExecutor$1.createSession(AppiumCommandExecutor.java:186)
	at io.appium.java_client.remote.AppiumCommandExecutor.createSession(AppiumCommandExecutor.java:217)
	at io.appium.java_client.remote.AppiumCommandExecutor.execute(AppiumCommandExecutor.java:239)
	at org.openqa.selenium.remote.RemoteWebDriver.execute(RemoteWebDriver.java:552)
	at io.appium.java_client.DefaultGenericMobileDriver.execute(DefaultGenericMobileDriver.java:42)
	at io.appium.java_client.AppiumDriver.execute(AppiumDriver.java:1)
	at io.appium.java_client.android.AndroidDriver.execute(AndroidDriver.java:1)
	at com.kms.katalon.core.appium.driver.SwipeableAndroidDriver.execute(SwipeableAndroidDriver.java:1)
	at org.openqa.selenium.remote.RemoteWebDriver.startSession(RemoteWebDriver.java:213)
	at org.openqa.selenium.remote.RemoteWebDriver.<init>(RemoteWebDriver.java:131)
	at io.appium.java_client.DefaultGenericMobileDriver.<init>(DefaultGenericMobileDriver.java:38)
	at io.appium.java_client.AppiumDriver.<init>(AppiumDriver.java:84)
	at io.appium.java_client.android.AndroidDriver.<init>(AndroidDriver.java:85)
	at com.kms.katalon.core.appium.driver.SwipeableAndroidDriver.<init>(SwipeableAndroidDriver.java:24)
	at com.kms.katalon.core.appium.driver.AppiumDriverManager.createMobileDriver(AppiumDriverManager.java:503)
	at com.kms.katalon.core.appium.driver.AppiumDriverManager.createMobileDriver(AppiumDriverManager.java:485)
	at com.kms.katalon.core.mobile.keyword.internal.MobileDriverFactory.startLocalMobileDriver(MobileDriverFactory.java:539)
	at com.kms.katalon.core.mobile.keyword.internal.MobileDriverFactory.startMobileDriver(MobileDriverFactory.java:452)
	at com.kms.katalon.core.mobile.keyword.builtin.StartApplicationKeyword$_startApplication_closure1.doCall(StartApplicationKeyword.groovy:49)
	at com.kms.katalon.core.mobile.keyword.builtin.StartApplicationKeyword$_startApplication_closure1.call(StartApplicationKeyword.groovy)
	at com.kms.katalon.core.mobile.keyword.internal.MobileKeywordMain.runKeyword(MobileKeywordMain.groovy:21)
	at com.kms.katalon.core.mobile.keyword.builtin.StartApplicationKeyword.startApplication(StartApplicationKeyword.groovy:51)
	at com.kms.katalon.core.mobile.keyword.builtin.StartApplicationKeyword.execute(StartApplicationKeyword.groovy:40)
	at com.kms.katalon.core.keyword.internal.KeywordExecutor.executeKeywordForPlatform(KeywordExecutor.groovy:74)
	at com.kms.katalon.core.mobile.keyword.MobileBuiltInKeywords.startApplication(MobileBuiltInKeywords.groovy:78)
	at com.kms.katalon.core.mobile.keyword.MobileBuiltInKeywords$startApplication.call(Unknown Source)
	at Script1666945512283.run(Script1666945512283.groovy:20)
	at com.kms.katalon.core.main.ScriptEngine.run(ScriptEngine.java:194)
	at com.kms.katalon.core.main.ScriptEngine.runScriptAsRawText(ScriptEngine.java:119)
	at com.kms.katalon.core.main.TestCaseExecutor.runScript(TestCaseExecutor.java:448)
	at com.kms.katalon.core.main.TestCaseExecutor.doExecute(TestCaseExecutor.java:439)
	at com.kms.katalon.core.main.TestCaseExecutor.processExecutionPhase(TestCaseExecutor.java:418)
	at com.kms.katalon.core.main.TestCaseExecutor.accessMainPhase(TestCaseExecutor.java:410)
	at com.kms.katalon.core.main.TestCaseExecutor.execute(TestCaseExecutor.java:285)
	at com.kms.katalon.core.main.TestCaseMain.runTestCase(TestCaseMain.java:142)
	at com.kms.katalon.core.keyword.builtin.CallTestCaseKeyword$_callTestCase_closure1.doCall(CallTestCaseKeyword.groovy:59)
	at com.kms.katalon.core.keyword.builtin.CallTestCaseKeyword$_callTestCase_closure1.call(CallTestCaseKeyword.groovy)
	at com.kms.katalon.core.keyword.internal.KeywordMain.runKeyword(KeywordMain.groovy:74)
	at com.kms.katalon.core.keyword.builtin.CallTestCaseKeyword.callTestCase(CallTestCaseKeyword.groovy:81)
	at com.kms.katalon.core.keyword.builtin.CallTestCaseKeyword.execute(CallTestCaseKeyword.groovy:44)
	at com.kms.katalon.core.keyword.internal.KeywordExecutor.executeKeywordForPlatform(KeywordExecutor.groovy:74)
	at com.kms.katalon.core.keyword.BuiltinKeywords.callTestCase(BuiltinKeywords.groovy:334)
	at Script1666862047546.run(Script1666862047546.groovy:20)
	... 13 more
Caused by: org.openqa.selenium.WebDriverException: An unknown server-side error occurred while processing the command. Original error: UiAutomator2 Server cannot start because the local port #53685 is busy. Make sure the port you provide via 'systemPort' capability is not occupied. This situation might often be a result of an inaccurate sessions management, e.g. old automation sessions on the same device must always be closed before starting new ones.
Build info: version: '3.141.59', revision: 'e82be7d358', time: '2018-11-14T08:25:53'
System info: host: 'Sandis-MacBook-Air.local', ip: 'fe80:0:0:0:c5b:3cc4:ccb4:d475%en0', os.name: 'Mac OS X', os.arch: 'x86_64', os.version: '10.16', java.version: '1.8.0_275'
Driver info: driver.version: SwipeableAndroidDriver
remote stacktrace: UnknownError: An unknown server-side error occurred while processing the command. Original error: UiAutomator2 Server cannot start because the local port #53685 is busy. Make sure the port you provide via 'systemPort' capability is not occupied. This situation might often be a result of an inaccurate sessions management, e.g. old automation sessions on the same device must always be closed before starting new ones.
    at getResponseForW3CError (/opt/node/v16.17.1/lib/node_modules/appium/node_modules/appium-base-driver/lib/protocol/errors.js:804:9)
    at asyncHandler (/opt/node/v16.17.1/lib/node_modules/appium/node_modules/appium-base-driver/lib/protocol/protocol.js:380:37)
	at org.openqa.selenium.remote.W3CHandshakeResponse.lambda$errorHandler$0(W3CHandshakeResponse.java:62)
	at org.openqa.selenium.remote.HandshakeResponse.lambda$getResponseFunction$0(HandshakeResponse.java:30)
	at org.openqa.selenium.remote.ProtocolHandshake.lambda$createSession$0(ProtocolHandshake.java:126)
	at org.openqa.selenium.remote.ProtocolHandshake.createSession(ProtocolHandshake.java:128)
	at io.appium.java_client.remote.AppiumCommandExecutor$1.createSession(AppiumCommandExecutor.java:186)
	at io.appium.java_client.remote.AppiumCommandExecutor.createSession(AppiumCommandExecutor.java:217)
	at io.appium.java_client.remote.AppiumCommandExecutor.execute(AppiumCommandExecutor.java:239)
	at org.openqa.selenium.remote.RemoteWebDriver.execute(RemoteWebDriver.java:552)
	at io.appium.java_client.DefaultGenericMobileDriver.execute(DefaultGenericMobileDriver.java:42)
	at io.appium.java_client.AppiumDriver.execute(AppiumDriver.java:1)
	at io.appium.java_client.android.AndroidDriver.execute(AndroidDriver.java:1)
	at com.kms.katalon.core.appium.driver.SwipeableAndroidDriver.execute(SwipeableAndroidDriver.java:1)
	at org.openqa.selenium.remote.RemoteWebDriver.startSession(RemoteWebDriver.java:213)
	at org.openqa.selenium.remote.RemoteWebDriver.<init>(RemoteWebDriver.java:131)
	at io.appium.java_client.DefaultGenericMobileDriver.<init>(DefaultGenericMobileDriver.java:38)
	at io.appium.java_client.AppiumDriver.<init>(AppiumDriver.java:84)
	at io.appium.java_client.android.AndroidDriver.<init>(AndroidDriver.java:85)
	at com.kms.katalon.core.appium.driver.SwipeableAndroidDriver.<init>(SwipeableAndroidDriver.java:24)
	at com.kms.katalon.core.appium.driver.AppiumDriverManager.createMobileDriver(AppiumDriverManager.java:503)
	at com.kms.katalon.core.appium.driver.AppiumDriverManager.createMobileDriver(AppiumDriverManager.java:485)
	at com.kms.katalon.core.mobile.keyword.internal.MobileDriverFactory.startLocalMobileDriver(MobileDriverFactory.java:539)
	at com.kms.katalon.core.mobile.keyword.internal.MobileDriverFactory.startMobileDriver(MobileDriverFactory.java:452)
	at com.kms.katalon.core.mobile.keyword.builtin.StartApplicationKeyword$_startApplication_closure1.doCall(StartApplicationKeyword.groovy:49)
	at com.kms.katalon.core.mobile.keyword.builtin.StartApplicationKeyword$_startApplication_closure1.call(StartApplicationKeyword.groovy)
	at com.kms.katalon.core.mobile.keyword.internal.MobileKeywordMain.runKeyword(MobileKeywordMain.groovy:21)
	at com.kms.katalon.core.mobile.keyword.builtin.StartApplicationKeyword.startApplication(StartApplicationKeyword.groovy:51)
	at com.kms.katalon.core.mobile.keyword.builtin.StartApplicationKeyword.execute(StartApplicationKeyword.groovy:40)
	at com.kms.katalon.core.keyword.internal.KeywordExecutor.executeKeywordForPlatform(KeywordExecutor.groovy:74)
	at com.kms.katalon.core.mobile.keyword.MobileBuiltInKeywords.startApplication(MobileBuiltInKeywords.groovy:78)
	at com.kms.katalon.core.mobile.keyword.MobileBuiltInKeywords$startApplication.call(Unknown Source)
	at TC_Sign in_CS-40.run(TC_Sign in_CS-40:20)
	at com.kms.katalon.core.main.ScriptEngine.run(ScriptEngine.java:194)
	at com.kms.katalon.core.main.ScriptEngine.runScriptAsRawText(ScriptEngine.java:119)
	at com.kms.katalon.core.main.TestCaseExecutor.runScript(TestCaseExecutor.java:448)
	at com.kms.katalon.core.main.TestCaseExecutor.doExecute(TestCaseExecutor.java:439)
	at com.kms.katalon.core.main.TestCaseExecutor.processExecutionPhase(TestCaseExecutor.java:418)
	at com.kms.katalon.core.main.TestCaseExecutor.accessMainPhase(TestCaseExecutor.java:410)
	at com.kms.katalon.core.main.TestCaseExecutor.execute(TestCaseExecutor.java:285)
	at com.kms.katalon.core.main.TestCaseMain.runTestCase(TestCaseMain.java:142)
	at com.kms.katalon.core.keyword.builtin.CallTestCaseKeyword$_callTestCase_closure1.doCall(CallTestCaseKeyword.groovy:59)
	at com.kms.katalon.core.keyword.builtin.CallTestCaseKeyword$_callTestCase_closure1.call(CallTestCaseKeyword.groovy)
	at com.kms.katalon.core.keyword.internal.KeywordMain.runKeyword(KeywordMain.groovy:74)
	at com.kms.katalon.core.keyword.builtin.CallTestCaseKeyword.callTestCase(CallTestCaseKeyword.groovy:81)
	at com.kms.katalon.core.keyword.builtin.CallTestCaseKeyword.execute(CallTestCaseKeyword.groovy:44)
	at com.kms.katalon.core.keyword.internal.KeywordExecutor.executeKeywordForPlatform(KeywordExecutor.groovy:74)
	at com.kms.katalon.core.keyword.BuiltinKeywords.callTestCase(BuiltinKeywords.groovy:334)
	at TC_Group Chat_CS-15.run(TC_Group Chat_CS-15:20)
	... 13 more


2022-10-28 21:36:31 - [TEST_STEP][FAILED] - startApplication("/Users/sandikurnia/Downloads/apk-staging-for-iqbal.apk", false): Unable to start app at: '/Users/sandikurnia/Downloads/apk-staging-for-iqbal.apk' (Root cause: org.openqa.selenium.SessionNotCreatedException: Unable to create a new remote session. Please check the server log for more details. Original error: An unknown server-side error occurred while processing the command. Original error: UiAutomator2 Server cannot start because the local port #53685 is busy. Make sure the port you provide via 'systemPort' capability is not occupied. This situation might often be a result of an inaccurate sessions management, e.g. old automation sessions on the same device must always be closed before starting new ones.
Build info: version: '3.141.59', revision: 'e82be7d358', time: '2018-11-14T08:25:53'
System info: host: 'Sandis-MacBook-Air.local', ip: 'fe80:0:0:0:c5b:3cc4:ccb4:d475%en0', os.name: 'Mac OS X', os.arch: 'x86_64', os.version: '10.16', java.version: '1.8.0_275'
Driver info: driver.version: SwipeableAndroidDriver
remote stacktrace: UnknownError: An unknown server-side error occurred while processing the command. Original error: UiAutomator2 Server cannot start because the local port #53685 is busy. Make sure the port you provide via 'systemPort' capability is not occupied. This situation might often be a result of an inaccurate sessions management, e.g. old automation sessions on the same device must always be closed before starting new ones.
    at getResponseForW3CError (/opt/node/v16.17.1/lib/node_modules/appium/node_modules/appium-base-driver/lib/protocol/errors.js:804:9)
    at asyncHandler (/opt/node/v16.17.1/lib/node_modules/appium/node_modules/appium-base-driver/lib/protocol/protocol.js:380:37)
Build info: version: '3.141.59', revision: 'e82be7d358', time: '2018-11-14T08:25:53'
System info: host: 'Sandis-MacBook-Air.local', ip: 'fe80:0:0:0:c5b:3cc4:ccb4:d475%en0', os.name: 'Mac OS X', os.arch: 'x86_64', os.version: '10.16', java.version: '1.8.0_275'
Driver info: driver.version: SwipeableAndroidDriver
	at io.appium.java_client.remote.AppiumCommandExecutor$1.createSession(AppiumCommandExecutor.java:208)
	at io.appium.java_client.remote.AppiumCommandExecutor.createSession(AppiumCommandExecutor.java:217)
	at io.appium.java_client.remote.AppiumCommandExecutor.execute(AppiumCommandExecutor.java:239)
	at org.openqa.selenium.remote.RemoteWebDriver.execute(RemoteWebDriver.java:552)
	at io.appium.java_client.DefaultGenericMobileDriver.execute(DefaultGenericMobileDriver.java:42)
	at io.appium.java_client.AppiumDriver.execute(AppiumDriver.java:1)
	at io.appium.java_client.android.AndroidDriver.execute(AndroidDriver.java:1)
	at com.kms.katalon.core.appium.driver.SwipeableAndroidDriver.execute(SwipeableAndroidDriver.java:1)
	at org.openqa.selenium.remote.RemoteWebDriver.startSession(RemoteWebDriver.java:213)
	at org.openqa.selenium.remote.RemoteWebDriver.<init>(RemoteWebDriver.java:131)
	at io.appium.java_client.DefaultGenericMobileDriver.<init>(DefaultGenericMobileDriver.java:38)
	at io.appium.java_client.AppiumDriver.<init>(AppiumDriver.java:84)
	at io.appium.java_client.android.AndroidDriver.<init>(AndroidDriver.java:85)
	at com.kms.katalon.core.appium.driver.SwipeableAndroidDriver.<init>(SwipeableAndroidDriver.java:24)
	at com.kms.katalon.core.appium.driver.AppiumDriverManager.createMobileDriver(AppiumDriverManager.java:503)
	at com.kms.katalon.core.appium.driver.AppiumDriverManager.createMobileDriver(AppiumDriverManager.java:485)
	at com.kms.katalon.core.mobile.keyword.internal.MobileDriverFactory.startLocalMobileDriver(MobileDriverFactory.java:539)
	at com.kms.katalon.core.mobile.keyword.internal.MobileDriverFactory.startMobileDriver(MobileDriverFactory.java:452)
	at com.kms.katalon.core.mobile.keyword.builtin.StartApplicationKeyword$_startApplication_closure1.doCall(StartApplicationKeyword.groovy:49)
	at com.kms.katalon.core.mobile.keyword.builtin.StartApplicationKeyword$_startApplication_closure1.call(StartApplicationKeyword.groovy)
	at com.kms.katalon.core.mobile.keyword.internal.MobileKeywordMain.runKeyword(MobileKeywordMain.groovy:21)
	at com.kms.katalon.core.mobile.keyword.builtin.StartApplicationKeyword.startApplication(StartApplicationKeyword.groovy:51)
	at com.kms.katalon.core.mobile.keyword.builtin.StartApplicationKeyword.execute(StartApplicationKeyword.groovy:40)
	at com.kms.katalon.core.keyword.internal.KeywordExecutor.executeKeywordForPlatform(KeywordExecutor.groovy:74)
	at com.kms.katalon.core.mobile.keyword.MobileBuiltInKeywords.startApplication(MobileBuiltInKeywords.groovy:78)
	at com.kms.katalon.core.mobile.keyword.MobileBuiltInKeywords$startApplication.call(Unknown Source)
	at TC_Sign in_CS-40.run(TC_Sign in_CS-40:20)
	at com.kms.katalon.core.main.ScriptEngine.run(ScriptEngine.java:194)
	at com.kms.katalon.core.main.ScriptEngine.runScriptAsRawText(ScriptEngine.java:119)
	at com.kms.katalon.core.main.TestCaseExecutor.runScript(TestCaseExecutor.java:448)
	at com.kms.katalon.core.main.TestCaseExecutor.doExecute(TestCaseExecutor.java:439)
	at com.kms.katalon.core.main.TestCaseExecutor.processExecutionPhase(TestCaseExecutor.java:418)
	at com.kms.katalon.core.main.TestCaseExecutor.accessMainPhase(TestCaseExecutor.java:410)
	at com.kms.katalon.core.main.TestCaseExecutor.execute(TestCaseExecutor.java:285)
	at com.kms.katalon.core.main.TestCaseMain.runTestCase(TestCaseMain.java:142)
	at com.kms.katalon.core.keyword.builtin.CallTestCaseKeyword$_callTestCase_closure1.doCall(CallTestCaseKeyword.groovy:59)
	at com.kms.katalon.core.keyword.builtin.CallTestCaseKeyword$_callTestCase_closure1.call(CallTestCaseKeyword.groovy)
	at com.kms.katalon.core.keyword.internal.KeywordMain.runKeyword(KeywordMain.groovy:74)
	at com.kms.katalon.core.keyword.builtin.CallTestCaseKeyword.callTestCase(CallTestCaseKeyword.groovy:81)
	at com.kms.katalon.core.keyword.builtin.CallTestCaseKeyword.execute(CallTestCaseKeyword.groovy:44)
	at com.kms.katalon.core.keyword.internal.KeywordExecutor.executeKeywordForPlatform(KeywordExecutor.groovy:74)
	at com.kms.katalon.core.keyword.BuiltinKeywords.callTestCase(BuiltinKeywords.groovy:334)
	at TC_Group Chat_CS-15.run(TC_Group Chat_CS-15:20)
	at com.kms.katalon.core.main.ScriptEngine.run(ScriptEngine.java:194)
	at com.kms.katalon.core.main.ScriptEngine.runScriptAsRawText(ScriptEngine.java:119)
	at com.kms.katalon.core.main.TestCaseExecutor.runScript(TestCaseExecutor.java:448)
	at com.kms.katalon.core.main.TestCaseExecutor.doExecute(TestCaseExecutor.java:439)
	at com.kms.katalon.core.main.TestCaseExecutor.processExecutionPhase(TestCaseExecutor.java:418)
	at com.kms.katalon.core.main.TestCaseExecutor.accessMainPhase(TestCaseExecutor.java:410)
	at com.kms.katalon.core.main.TestCaseExecutor.execute(TestCaseExecutor.java:285)
	at com.kms.katalon.core.common.CommonExecutor.accessTestCaseMainPhase(CommonExecutor.java:65)
	at com.kms.katalon.core.main.TestSuiteExecutor.accessTestSuiteMainPhase(TestSuiteExecutor.java:144)
	at com.kms.katalon.core.main.TestSuiteExecutor.execute(TestSuiteExecutor.java:106)
	at com.kms.katalon.core.main.TestCaseMain.startTestSuite(TestCaseMain.java:185)
	at com.kms.katalon.core.main.TestCaseMain$startTestSuite$0.call(Unknown Source)
	at TempTestSuite1666967328832.run(TempTestSuite1666967328832.groovy:36)
Caused by: java.lang.reflect.InvocationTargetException
	at io.appium.java_client.remote.AppiumCommandExecutor$1.createSession(AppiumCommandExecutor.java:186)
	at io.appium.java_client.remote.AppiumCommandExecutor.createSession(AppiumCommandExecutor.java:217)
	at io.appium.java_client.remote.AppiumCommandExecutor.execute(AppiumCommandExecutor.java:239)
	at org.openqa.selenium.remote.RemoteWebDriver.execute(RemoteWebDriver.java:552)
	at io.appium.java_client.DefaultGenericMobileDriver.execute(DefaultGenericMobileDriver.java:42)
	at io.appium.java_client.AppiumDriver.execute(AppiumDriver.java:1)
	at io.appium.java_client.android.AndroidDriver.execute(AndroidDriver.java:1)
	at com.kms.katalon.core.appium.driver.SwipeableAndroidDriver.execute(SwipeableAndroidDriver.java:1)
	at org.openqa.selenium.remote.RemoteWebDriver.startSession(RemoteWebDriver.java:213)
	at org.openqa.selenium.remote.RemoteWebDriver.<init>(RemoteWebDriver.java:131)
	at io.appium.java_client.DefaultGenericMobileDriver.<init>(DefaultGenericMobileDriver.java:38)
	at io.appium.java_client.AppiumDriver.<init>(AppiumDriver.java:84)
	at io.appium.java_client.android.AndroidDriver.<init>(AndroidDriver.java:85)
	at com.kms.katalon.core.appium.driver.SwipeableAndroidDriver.<init>(SwipeableAndroidDriver.java:24)
	at com.kms.katalon.core.appium.driver.AppiumDriverManager.createMobileDriver(AppiumDriverManager.java:503)
	at com.kms.katalon.core.appium.driver.AppiumDriverManager.createMobileDriver(AppiumDriverManager.java:485)
	at com.kms.katalon.core.mobile.keyword.internal.MobileDriverFactory.startLocalMobileDriver(MobileDriverFactory.java:539)
	at com.kms.katalon.core.mobile.keyword.internal.MobileDriverFactory.startMobileDriver(MobileDriverFactory.java:452)
	at com.kms.katalon.core.mobile.keyword.builtin.StartApplicationKeyword$_startApplication_closure1.doCall(StartApplicationKeyword.groovy:49)
	at com.kms.katalon.core.mobile.keyword.builtin.StartApplicationKeyword$_startApplication_closure1.call(StartApplicationKeyword.groovy)
	at com.kms.katalon.core.mobile.keyword.internal.MobileKeywordMain.runKeyword(MobileKeywordMain.groovy:21)
	at com.kms.katalon.core.mobile.keyword.builtin.StartApplicationKeyword.startApplication(StartApplicationKeyword.groovy:51)
	at com.kms.katalon.core.mobile.keyword.builtin.StartApplicationKeyword.execute(StartApplicationKeyword.groovy:40)
	at com.kms.katalon.core.keyword.internal.KeywordExecutor.executeKeywordForPlatform(KeywordExecutor.groovy:74)
	at com.kms.katalon.core.mobile.keyword.MobileBuiltInKeywords.startApplication(MobileBuiltInKeywords.groovy:78)
	at com.kms.katalon.core.mobile.keyword.MobileBuiltInKeywords$startApplication.call(Unknown Source)
	at Script1666945512283.run(Script1666945512283.groovy:20)
	at com.kms.katalon.core.main.ScriptEngine.run(ScriptEngine.java:194)
	at com.kms.katalon.core.main.ScriptEngine.runScriptAsRawText(ScriptEngine.java:119)
	at com.kms.katalon.core.main.TestCaseExecutor.runScript(TestCaseExecutor.java:448)
	at com.kms.katalon.core.main.TestCaseExecutor.doExecute(TestCaseExecutor.java:439)
	at com.kms.katalon.core.main.TestCaseExecutor.processExecutionPhase(TestCaseExecutor.java:418)
	at com.kms.katalon.core.main.TestCaseExecutor.accessMainPhase(TestCaseExecutor.java:410)
	at com.kms.katalon.core.main.TestCaseExecutor.execute(TestCaseExecutor.java:285)
	at com.kms.katalon.core.main.TestCaseMain.runTestCase(TestCaseMain.java:142)
	at com.kms.katalon.core.keyword.builtin.CallTestCaseKeyword$_callTestCase_closure1.doCall(CallTestCaseKeyword.groovy:59)
	at com.kms.katalon.core.keyword.builtin.CallTestCaseKeyword$_callTestCase_closure1.call(CallTestCaseKeyword.groovy)
	at com.kms.katalon.core.keyword.internal.KeywordMain.runKeyword(KeywordMain.groovy:74)
	at com.kms.katalon.core.keyword.builtin.CallTestCaseKeyword.callTestCase(CallTestCaseKeyword.groovy:81)
	at com.kms.katalon.core.keyword.builtin.CallTestCaseKeyword.execute(CallTestCaseKeyword.groovy:44)
	at com.kms.katalon.core.keyword.internal.KeywordExecutor.executeKeywordForPlatform(KeywordExecutor.groovy:74)
	at com.kms.katalon.core.keyword.BuiltinKeywords.callTestCase(BuiltinKeywords.groovy:334)
	at Script1666862047546.run(Script1666862047546.groovy:20)
	... 13 more
Caused by: org.openqa.selenium.WebDriverException: An unknown server-side error occurred while processing the command. Original error: UiAutomator2 Server cannot start because the local port #53685 is busy. Make sure the port you provide via 'systemPort' capability is not occupied. This situation might often be a result of an inaccurate sessions management, e.g. old automation sessions on the same device must always be closed before starting new ones.
Build info: version: '3.141.59', revision: 'e82be7d358', time: '2018-11-14T08:25:53'
System info: host: 'Sandis-MacBook-Air.local', ip: 'fe80:0:0:0:c5b:3cc4:ccb4:d475%en0', os.name: 'Mac OS X', os.arch: 'x86_64', os.version: '10.16', java.version: '1.8.0_275'
Driver info: driver.version: SwipeableAndroidDriver
remote stacktrace: UnknownError: An unknown server-side error occurred while processing the command. Original error: UiAutomator2 Server cannot start because the local port #53685 is busy. Make sure the port you provide via 'systemPort' capability is not occupied. This situation might often be a result of an inaccurate sessions management, e.g. old automation sessions on the same device must always be closed before starting new ones.
    at getResponseForW3CError (/opt/node/v16.17.1/lib/node_modules/appium/node_modules/appium-base-driver/lib/protocol/errors.js:804:9)
    at asyncHandler (/opt/node/v16.17.1/lib/node_modules/appium/node_modules/appium-base-driver/lib/protocol/protocol.js:380:37)
	at org.openqa.selenium.remote.W3CHandshakeResponse.lambda$errorHandler$0(W3CHandshakeResponse.java:62)
	at org.openqa.selenium.remote.HandshakeResponse.lambda$getResponseFunction$0(HandshakeResponse.java:30)
	at org.openqa.selenium.remote.ProtocolHandshake.lambda$createSession$0(ProtocolHandshake.java:126)
	at org.openqa.selenium.remote.ProtocolHandshake.createSession(ProtocolHandshake.java:128)
	... 56 more
)

2022-10-28 21:36:32 - [MESSAGE][FAILED] - Unable to start app at: '/Users/sandikurnia/Downloads/apk-staging-for-iqbal.apk' (Root cause: org.openqa.selenium.SessionNotCreatedException: Unable to create a new remote session. Please check the server log for more details. Original error: An unknown server-side error occurred while processing the command. Original error: UiAutomator2 Server cannot start because the local port #53685 is busy. Make sure the port you provide via 'systemPort' capability is not occupied. This situation might often be a result of an inaccurate sessions management, e.g. old automation sessions on the same device must always be closed before starting new ones.
Build info: version: '3.141.59', revision: 'e82be7d358', time: '2018-11-14T08:25:53'
System info: host: 'Sandis-MacBook-Air.local', ip: 'fe80:0:0:0:c5b:3cc4:ccb4:d475%en0', os.name: 'Mac OS X', os.arch: 'x86_64', os.version: '10.16', java.version: '1.8.0_275'
Driver info: driver.version: SwipeableAndroidDriver
remote stacktrace: UnknownError: An unknown server-side error occurred while processing the command. Original error: UiAutomator2 Server cannot start because the local port #53685 is busy. Make sure the port you provide via 'systemPort' capability is not occupied. This situation might often be a result of an inaccurate sessions management, e.g. old automation sessions on the same device must always be closed before starting new ones.
    at getResponseForW3CError (/opt/node/v16.17.1/lib/node_modules/appium/node_modules/appium-base-driver/lib/protocol/errors.js:804:9)
    at asyncHandler (/opt/node/v16.17.1/lib/node_modules/appium/node_modules/appium-base-driver/lib/protocol/protocol.js:380:37)
Build info: version: '3.141.59', revision: 'e82be7d358', time: '2018-11-14T08:25:53'
System info: host: 'Sandis-MacBook-Air.local', ip: 'fe80:0:0:0:c5b:3cc4:ccb4:d475%en0', os.name: 'Mac OS X', os.arch: 'x86_64', os.version: '10.16', java.version: '1.8.0_275'
Driver info: driver.version: SwipeableAndroidDriver
	at io.appium.java_client.remote.AppiumCommandExecutor$1.createSession(AppiumCommandExecutor.java:208)
	at io.appium.java_client.remote.AppiumCommandExecutor.createSession(AppiumCommandExecutor.java:217)
	at io.appium.java_client.remote.AppiumCommandExecutor.execute(AppiumCommandExecutor.java:239)
	at org.openqa.selenium.remote.RemoteWebDriver.execute(RemoteWebDriver.java:552)
	at io.appium.java_client.DefaultGenericMobileDriver.execute(DefaultGenericMobileDriver.java:42)
	at io.appium.java_client.AppiumDriver.execute(AppiumDriver.java:1)
	at io.appium.java_client.android.AndroidDriver.execute(AndroidDriver.java:1)
	at com.kms.katalon.core.appium.driver.SwipeableAndroidDriver.execute(SwipeableAndroidDriver.java:1)
	at org.openqa.selenium.remote.RemoteWebDriver.startSession(RemoteWebDriver.java:213)
	at org.openqa.selenium.remote.RemoteWebDriver.<init>(RemoteWebDriver.java:131)
	at io.appium.java_client.DefaultGenericMobileDriver.<init>(DefaultGenericMobileDriver.java:38)
	at io.appium.java_client.AppiumDriver.<init>(AppiumDriver.java:84)
	at io.appium.java_client.android.AndroidDriver.<init>(AndroidDriver.java:85)
	at com.kms.katalon.core.appium.driver.SwipeableAndroidDriver.<init>(SwipeableAndroidDriver.java:24)
	at com.kms.katalon.core.appium.driver.AppiumDriverManager.createMobileDriver(AppiumDriverManager.java:503)
	at com.kms.katalon.core.appium.driver.AppiumDriverManager.createMobileDriver(AppiumDriverManager.java:485)
	at com.kms.katalon.core.mobile.keyword.internal.MobileDriverFactory.startLocalMobileDriver(MobileDriverFactory.java:539)
	at com.kms.katalon.core.mobile.keyword.internal.MobileDriverFactory.startMobileDriver(MobileDriverFactory.java:452)
	at com.kms.katalon.core.mobile.keyword.builtin.StartApplicationKeyword$_startApplication_closure1.doCall(StartApplicationKeyword.groovy:49)
	at com.kms.katalon.core.mobile.keyword.builtin.StartApplicationKeyword$_startApplication_closure1.call(StartApplicationKeyword.groovy)
	at com.kms.katalon.core.mobile.keyword.internal.MobileKeywordMain.runKeyword(MobileKeywordMain.groovy:21)
	at com.kms.katalon.core.mobile.keyword.builtin.StartApplicationKeyword.startApplication(StartApplicationKeyword.groovy:51)
	at com.kms.katalon.core.mobile.keyword.builtin.StartApplicationKeyword.execute(StartApplicationKeyword.groovy:40)
	at com.kms.katalon.core.keyword.internal.KeywordExecutor.executeKeywordForPlatform(KeywordExecutor.groovy:74)
	at com.kms.katalon.core.mobile.keyword.MobileBuiltInKeywords.startApplication(MobileBuiltInKeywords.groovy:78)
	at com.kms.katalon.core.mobile.keyword.MobileBuiltInKeywords$startApplication.call(Unknown Source)
	at TC_Sign in_CS-40.run(TC_Sign in_CS-40:20)
	at com.kms.katalon.core.main.ScriptEngine.run(ScriptEngine.java:194)
	at com.kms.katalon.core.main.ScriptEngine.runScriptAsRawText(ScriptEngine.java:119)
	at com.kms.katalon.core.main.TestCaseExecutor.runScript(TestCaseExecutor.java:448)
	at com.kms.katalon.core.main.TestCaseExecutor.doExecute(TestCaseExecutor.java:439)
	at com.kms.katalon.core.main.TestCaseExecutor.processExecutionPhase(TestCaseExecutor.java:418)
	at com.kms.katalon.core.main.TestCaseExecutor.accessMainPhase(TestCaseExecutor.java:410)
	at com.kms.katalon.core.main.TestCaseExecutor.execute(TestCaseExecutor.java:285)
	at com.kms.katalon.core.main.TestCaseMain.runTestCase(TestCaseMain.java:142)
	at com.kms.katalon.core.keyword.builtin.CallTestCaseKeyword$_callTestCase_closure1.doCall(CallTestCaseKeyword.groovy:59)
	at com.kms.katalon.core.keyword.builtin.CallTestCaseKeyword$_callTestCase_closure1.call(CallTestCaseKeyword.groovy)
	at com.kms.katalon.core.keyword.internal.KeywordMain.runKeyword(KeywordMain.groovy:74)
	at com.kms.katalon.core.keyword.builtin.CallTestCaseKeyword.callTestCase(CallTestCaseKeyword.groovy:81)
	at com.kms.katalon.core.keyword.builtin.CallTestCaseKeyword.execute(CallTestCaseKeyword.groovy:44)
	at com.kms.katalon.core.keyword.internal.KeywordExecutor.executeKeywordForPlatform(KeywordExecutor.groovy:74)
	at com.kms.katalon.core.keyword.BuiltinKeywords.callTestCase(BuiltinKeywords.groovy:334)
	at TC_Group Chat_CS-15.run(TC_Group Chat_CS-15:20)
	at com.kms.katalon.core.main.ScriptEngine.run(ScriptEngine.java:194)
	at com.kms.katalon.core.main.ScriptEngine.runScriptAsRawText(ScriptEngine.java:119)
	at com.kms.katalon.core.main.TestCaseExecutor.runScript(TestCaseExecutor.java:448)
	at com.kms.katalon.core.main.TestCaseExecutor.doExecute(TestCaseExecutor.java:439)
	at com.kms.katalon.core.main.TestCaseExecutor.processExecutionPhase(TestCaseExecutor.java:418)
	at com.kms.katalon.core.main.TestCaseExecutor.accessMainPhase(TestCaseExecutor.java:410)
	at com.kms.katalon.core.main.TestCaseExecutor.execute(TestCaseExecutor.java:285)
	at com.kms.katalon.core.common.CommonExecutor.accessTestCaseMainPhase(CommonExecutor.java:65)
	at com.kms.katalon.core.main.TestSuiteExecutor.accessTestSuiteMainPhase(TestSuiteExecutor.java:144)
	at com.kms.katalon.core.main.TestSuiteExecutor.execute(TestSuiteExecutor.java:106)
	at com.kms.katalon.core.main.TestCaseMain.startTestSuite(TestCaseMain.java:185)
	at com.kms.katalon.core.main.TestCaseMain$startTestSuite$0.call(Unknown Source)
	at TempTestSuite1666967328832.run(TempTestSuite1666967328832.groovy:36)
Caused by: java.lang.reflect.InvocationTargetException
	at io.appium.java_client.remote.AppiumCommandExecutor$1.createSession(AppiumCommandExecutor.java:186)
	at io.appium.java_client.remote.AppiumCommandExecutor.createSession(AppiumCommandExecutor.java:217)
	at io.appium.java_client.remote.AppiumCommandExecutor.execute(AppiumCommandExecutor.java:239)
	at org.openqa.selenium.remote.RemoteWebDriver.execute(RemoteWebDriver.java:552)
	at io.appium.java_client.DefaultGenericMobileDriver.execute(DefaultGenericMobileDriver.java:42)
	at io.appium.java_client.AppiumDriver.execute(AppiumDriver.java:1)
	at io.appium.java_client.android.AndroidDriver.execute(AndroidDriver.java:1)
	at com.kms.katalon.core.appium.driver.SwipeableAndroidDriver.execute(SwipeableAndroidDriver.java:1)
	at org.openqa.selenium.remote.RemoteWebDriver.startSession(RemoteWebDriver.java:213)
	at org.openqa.selenium.remote.RemoteWebDriver.<init>(RemoteWebDriver.java:131)
	at io.appium.java_client.DefaultGenericMobileDriver.<init>(DefaultGenericMobileDriver.java:38)
	at io.appium.java_client.AppiumDriver.<init>(AppiumDriver.java:84)
	at io.appium.java_client.android.AndroidDriver.<init>(AndroidDriver.java:85)
	at com.kms.katalon.core.appium.driver.SwipeableAndroidDriver.<init>(SwipeableAndroidDriver.java:24)
	at com.kms.katalon.core.appium.driver.AppiumDriverManager.createMobileDriver(AppiumDriverManager.java:503)
	at com.kms.katalon.core.appium.driver.AppiumDriverManager.createMobileDriver(AppiumDriverManager.java:485)
	at com.kms.katalon.core.mobile.keyword.internal.MobileDriverFactory.startLocalMobileDriver(MobileDriverFactory.java:539)
	at com.kms.katalon.core.mobile.keyword.internal.MobileDriverFactory.startMobileDriver(MobileDriverFactory.java:452)
	at com.kms.katalon.core.mobile.keyword.builtin.StartApplicationKeyword$_startApplication_closure1.doCall(StartApplicationKeyword.groovy:49)
	at com.kms.katalon.core.mobile.keyword.builtin.StartApplicationKeyword$_startApplication_closure1.call(StartApplicationKeyword.groovy)
	at com.kms.katalon.core.mobile.keyword.internal.MobileKeywordMain.runKeyword(MobileKeywordMain.groovy:21)
	at com.kms.katalon.core.mobile.keyword.builtin.StartApplicationKeyword.startApplication(StartApplicationKeyword.groovy:51)
	at com.kms.katalon.core.mobile.keyword.builtin.StartApplicationKeyword.execute(StartApplicationKeyword.groovy:40)
	at com.kms.katalon.core.keyword.internal.KeywordExecutor.executeKeywordForPlatform(KeywordExecutor.groovy:74)
	at com.kms.katalon.core.mobile.keyword.MobileBuiltInKeywords.startApplication(MobileBuiltInKeywords.groovy:78)
	at com.kms.katalon.core.mobile.keyword.MobileBuiltInKeywords$startApplication.call(Unknown Source)
	at Script1666945512283.run(Script1666945512283.groovy:20)
	at com.kms.katalon.core.main.ScriptEngine.run(ScriptEngine.java:194)
	at com.kms.katalon.core.main.ScriptEngine.runScriptAsRawText(ScriptEngine.java:119)
	at com.kms.katalon.core.main.TestCaseExecutor.runScript(TestCaseExecutor.java:448)
	at com.kms.katalon.core.main.TestCaseExecutor.doExecute(TestCaseExecutor.java:439)
	at com.kms.katalon.core.main.TestCaseExecutor.processExecutionPhase(TestCaseExecutor.java:418)
	at com.kms.katalon.core.main.TestCaseExecutor.accessMainPhase(TestCaseExecutor.java:410)
	at com.kms.katalon.core.main.TestCaseExecutor.execute(TestCaseExecutor.java:285)
	at com.kms.katalon.core.main.TestCaseMain.runTestCase(TestCaseMain.java:142)
	at com.kms.katalon.core.keyword.builtin.CallTestCaseKeyword$_callTestCase_closure1.doCall(CallTestCaseKeyword.groovy:59)
	at com.kms.katalon.core.keyword.builtin.CallTestCaseKeyword$_callTestCase_closure1.call(CallTestCaseKeyword.groovy)
	at com.kms.katalon.core.keyword.internal.KeywordMain.runKeyword(KeywordMain.groovy:74)
	at com.kms.katalon.core.keyword.builtin.CallTestCaseKeyword.callTestCase(CallTestCaseKeyword.groovy:81)
	at com.kms.katalon.core.keyword.builtin.CallTestCaseKeyword.execute(CallTestCaseKeyword.groovy:44)
	at com.kms.katalon.core.keyword.internal.KeywordExecutor.executeKeywordForPlatform(KeywordExecutor.groovy:74)
	at com.kms.katalon.core.keyword.BuiltinKeywords.callTestCase(BuiltinKeywords.groovy:334)
	at Script1666862047546.run(Script1666862047546.groovy:20)
	... 13 more
Caused by: org.openqa.selenium.WebDriverException: An unknown server-side error occurred while processing the command. Original error: UiAutomator2 Server cannot start because the local port #53685 is busy. Make sure the port you provide via 'systemPort' capability is not occupied. This situation might often be a result of an inaccurate sessions management, e.g. old automation sessions on the same device must always be closed before starting new ones.
Build info: version: '3.141.59', revision: 'e82be7d358', time: '2018-11-14T08:25:53'
System info: host: 'Sandis-MacBook-Air.local', ip: 'fe80:0:0:0:c5b:3cc4:ccb4:d475%en0', os.name: 'Mac OS X', os.arch: 'x86_64', os.version: '10.16', java.version: '1.8.0_275'
Driver info: driver.version: SwipeableAndroidDriver
remote stacktrace: UnknownError: An unknown server-side error occurred while processing the command. Original error: UiAutomator2 Server cannot start because the local port #53685 is busy. Make sure the port you provide via 'systemPort' capability is not occupied. This situation might often be a result of an inaccurate sessions management, e.g. old automation sessions on the same device must always be closed before starting new ones.
    at getResponseForW3CError (/opt/node/v16.17.1/lib/node_modules/appium/node_modules/appium-base-driver/lib/protocol/errors.js:804:9)
    at asyncHandler (/opt/node/v16.17.1/lib/node_modules/appium/node_modules/appium-base-driver/lib/protocol/protocol.js:380:37)
	at org.openqa.selenium.remote.W3CHandshakeResponse.lambda$errorHandler$0(W3CHandshakeResponse.java:62)
	at org.openqa.selenium.remote.HandshakeResponse.lambda$getResponseFunction$0(HandshakeResponse.java:30)
	at org.openqa.selenium.remote.ProtocolHandshake.lambda$createSession$0(ProtocolHandshake.java:126)
	at org.openqa.selenium.remote.ProtocolHandshake.createSession(ProtocolHandshake.java:128)
	... 56 more
)

2022-10-28 21:36:32 - [MESSAGE][FAILED] - Unable to call Test Case 'Test Cases/Sign in/TC_Sign in_CS-40' (Root cause: com.kms.katalon.core.exception.StepFailedException: Call Test Case 'Test Cases/Sign in/TC_Sign in_CS-40' failed
	at com.kms.katalon.core.keyword.builtin.CallTestCaseKeyword$_callTestCase_closure1.doCall(CallTestCaseKeyword.groovy:63)
	at com.kms.katalon.core.keyword.builtin.CallTestCaseKeyword$_callTestCase_closure1.call(CallTestCaseKeyword.groovy)
	at com.kms.katalon.core.keyword.internal.KeywordMain.runKeyword(KeywordMain.groovy:74)
	at com.kms.katalon.core.keyword.builtin.CallTestCaseKeyword.callTestCase(CallTestCaseKeyword.groovy:81)
	at com.kms.katalon.core.keyword.builtin.CallTestCaseKeyword.execute(CallTestCaseKeyword.groovy:44)
	at com.kms.katalon.core.keyword.internal.KeywordExecutor.executeKeywordForPlatform(KeywordExecutor.groovy:74)
	at com.kms.katalon.core.keyword.BuiltinKeywords.callTestCase(BuiltinKeywords.groovy:334)
	at TC_Group Chat_CS-15.run(TC_Group Chat_CS-15:20)
	at com.kms.katalon.core.main.ScriptEngine.run(ScriptEngine.java:194)
	at com.kms.katalon.core.main.ScriptEngine.runScriptAsRawText(ScriptEngine.java:119)
	at com.kms.katalon.core.main.TestCaseExecutor.runScript(TestCaseExecutor.java:448)
	at com.kms.katalon.core.main.TestCaseExecutor.doExecute(TestCaseExecutor.java:439)
	at com.kms.katalon.core.main.TestCaseExecutor.processExecutionPhase(TestCaseExecutor.java:418)
	at com.kms.katalon.core.main.TestCaseExecutor.accessMainPhase(TestCaseExecutor.java:410)
	at com.kms.katalon.core.main.TestCaseExecutor.execute(TestCaseExecutor.java:285)
	at com.kms.katalon.core.common.CommonExecutor.accessTestCaseMainPhase(CommonExecutor.java:65)
	at com.kms.katalon.core.main.TestSuiteExecutor.accessTestSuiteMainPhase(TestSuiteExecutor.java:144)
	at com.kms.katalon.core.main.TestSuiteExecutor.execute(TestSuiteExecutor.java:106)
	at com.kms.katalon.core.main.TestCaseMain.startTestSuite(TestCaseMain.java:185)
	at com.kms.katalon.core.main.TestCaseMain$startTestSuite$0.call(Unknown Source)
	at TempTestSuite1666967328832.run(TempTestSuite1666967328832.groovy:36)
Caused by: com.kms.katalon.core.exception.StepFailedException: Unable to start app at: '/Users/sandikurnia/Downloads/apk-staging-for-iqbal.apk' (Root cause: org.openqa.selenium.SessionNotCreatedException: Unable to create a new remote session. Please check the server log for more details. Original error: An unknown server-side error occurred while processing the command. Original error: UiAutomator2 Server cannot start because the local port #53685 is busy. Make sure the port you provide via 'systemPort' capability is not occupied. This situation might often be a result of an inaccurate sessions management, e.g. old automation sessions on the same device must always be closed before starting new ones.
Build info: version: '3.141.59', revision: 'e82be7d358', time: '2018-11-14T08:25:53'
System info: host: 'Sandis-MacBook-Air.local', ip: 'fe80:0:0:0:c5b:3cc4:ccb4:d475%en0', os.name: 'Mac OS X', os.arch: 'x86_64', os.version: '10.16', java.version: '1.8.0_275'
Driver info: driver.version: SwipeableAndroidDriver
remote stacktrace: UnknownError: An unknown server-side error occurred while processing the command. Original error: UiAutomator2 Server cannot start because the local port #53685 is busy. Make sure the port you provide via 'systemPort' capability is not occupied. This situation might often be a result of an inaccurate sessions management, e.g. old automation sessions on the same device must always be closed before starting new ones.
    at getResponseForW3CError (/opt/node/v16.17.1/lib/node_modules/appium/node_modules/appium-base-driver/lib/protocol/errors.js:804:9)
    at asyncHandler (/opt/node/v16.17.1/lib/node_modules/appium/node_modules/appium-base-driver/lib/protocol/protocol.js:380:37)
Build info: version: '3.141.59', revision: 'e82be7d358', time: '2018-11-14T08:25:53'
System info: host: 'Sandis-MacBook-Air.local', ip: 'fe80:0:0:0:c5b:3cc4:ccb4:d475%en0', os.name: 'Mac OS X', os.arch: 'x86_64', os.version: '10.16', java.version: '1.8.0_275'
Driver info: driver.version: SwipeableAndroidDriver
	at io.appium.java_client.remote.AppiumCommandExecutor$1.createSession(AppiumCommandExecutor.java:208)
	at io.appium.java_client.remote.AppiumCommandExecutor.createSession(AppiumCommandExecutor.java:217)
	at io.appium.java_client.remote.AppiumCommandExecutor.execute(AppiumCommandExecutor.java:239)
	at org.openqa.selenium.remote.RemoteWebDriver.execute(RemoteWebDriver.java:552)
	at io.appium.java_client.DefaultGenericMobileDriver.execute(DefaultGenericMobileDriver.java:42)
	at io.appium.java_client.AppiumDriver.execute(AppiumDriver.java:1)
	at io.appium.java_client.android.AndroidDriver.execute(AndroidDriver.java:1)
	at com.kms.katalon.core.appium.driver.SwipeableAndroidDriver.execute(SwipeableAndroidDriver.java:1)
	at org.openqa.selenium.remote.RemoteWebDriver.startSession(RemoteWebDriver.java:213)
	at org.openqa.selenium.remote.RemoteWebDriver.<init>(RemoteWebDriver.java:131)
	at io.appium.java_client.DefaultGenericMobileDriver.<init>(DefaultGenericMobileDriver.java:38)
	at io.appium.java_client.AppiumDriver.<init>(AppiumDriver.java:84)
	at io.appium.java_client.android.AndroidDriver.<init>(AndroidDriver.java:85)
	at com.kms.katalon.core.appium.driver.SwipeableAndroidDriver.<init>(SwipeableAndroidDriver.java:24)
	at com.kms.katalon.core.appium.driver.AppiumDriverManager.createMobileDriver(AppiumDriverManager.java:503)
	at com.kms.katalon.core.appium.driver.AppiumDriverManager.createMobileDriver(AppiumDriverManager.java:485)
	at com.kms.katalon.core.mobile.keyword.internal.MobileDriverFactory.startLocalMobileDriver(MobileDriverFactory.java:539)
	at com.kms.katalon.core.mobile.keyword.internal.MobileDriverFactory.startMobileDriver(MobileDriverFactory.java:452)
	at com.kms.katalon.core.mobile.keyword.builtin.StartApplicationKeyword$_startApplication_closure1.doCall(StartApplicationKeyword.groovy:49)
	at com.kms.katalon.core.mobile.keyword.builtin.StartApplicationKeyword$_startApplication_closure1.call(StartApplicationKeyword.groovy)
	at com.kms.katalon.core.mobile.keyword.internal.MobileKeywordMain.runKeyword(MobileKeywordMain.groovy:21)
	at com.kms.katalon.core.mobile.keyword.builtin.StartApplicationKeyword.startApplication(StartApplicationKeyword.groovy:51)
	at com.kms.katalon.core.mobile.keyword.builtin.StartApplicationKeyword.execute(StartApplicationKeyword.groovy:40)
	at com.kms.katalon.core.keyword.internal.KeywordExecutor.executeKeywordForPlatform(KeywordExecutor.groovy:74)
	at com.kms.katalon.core.mobile.keyword.MobileBuiltInKeywords.startApplication(MobileBuiltInKeywords.groovy:78)
	at com.kms.katalon.core.mobile.keyword.MobileBuiltInKeywords$startApplication.call(Unknown Source)
	at TC_Sign in_CS-40.run(TC_Sign in_CS-40:20)
	at com.kms.katalon.core.main.ScriptEngine.run(ScriptEngine.java:194)
	at com.kms.katalon.core.main.ScriptEngine.runScriptAsRawText(ScriptEngine.java:119)
	at com.kms.katalon.core.main.TestCaseExecutor.runScript(TestCaseExecutor.java:448)
	at com.kms.katalon.core.main.TestCaseExecutor.doExecute(TestCaseExecutor.java:439)
	at com.kms.katalon.core.main.TestCaseExecutor.processExecutionPhase(TestCaseExecutor.java:418)
	at com.kms.katalon.core.main.TestCaseExecutor.accessMainPhase(TestCaseExecutor.java:410)
	at com.kms.katalon.core.main.TestCaseExecutor.execute(TestCaseExecutor.java:285)
	at com.kms.katalon.core.main.TestCaseMain.runTestCase(TestCaseMain.java:142)
	at com.kms.katalon.core.keyword.builtin.CallTestCaseKeyword$_callTestCase_closure1.doCall(CallTestCaseKeyword.groovy:59)
	at com.kms.katalon.core.keyword.builtin.CallTestCaseKeyword$_callTestCase_closure1.call(CallTestCaseKeyword.groovy)
	at com.kms.katalon.core.keyword.internal.KeywordMain.runKeyword(KeywordMain.groovy:74)
	at com.kms.katalon.core.keyword.builtin.CallTestCaseKeyword.callTestCase(CallTestCaseKeyword.groovy:81)
	at com.kms.katalon.core.keyword.builtin.CallTestCaseKeyword.execute(CallTestCaseKeyword.groovy:44)
	at com.kms.katalon.core.keyword.internal.KeywordExecutor.executeKeywordForPlatform(KeywordExecutor.groovy:74)
	at com.kms.katalon.core.keyword.BuiltinKeywords.callTestCase(BuiltinKeywords.groovy:334)
	at TC_Group Chat_CS-15.run(TC_Group Chat_CS-15:20)
	at com.kms.katalon.core.main.ScriptEngine.run(ScriptEngine.java:194)
	at com.kms.katalon.core.main.ScriptEngine.runScriptAsRawText(ScriptEngine.java:119)
	at com.kms.katalon.core.main.TestCaseExecutor.runScript(TestCaseExecutor.java:448)
	at com.kms.katalon.core.main.TestCaseExecutor.doExecute(TestCaseExecutor.java:439)
	at com.kms.katalon.core.main.TestCaseExecutor.processExecutionPhase(TestCaseExecutor.java:418)
	at com.kms.katalon.core.main.TestCaseExecutor.accessMainPhase(TestCaseExecutor.java:410)
	at com.kms.katalon.core.main.TestCaseExecutor.execute(TestCaseExecutor.java:285)
	at com.kms.katalon.core.common.CommonExecutor.accessTestCaseMainPhase(CommonExecutor.java:65)
	at com.kms.katalon.core.main.TestSuiteExecutor.accessTestSuiteMainPhase(TestSuiteExecutor.java:144)
	at com.kms.katalon.core.main.TestSuiteExecutor.execute(TestSuiteExecutor.java:106)
	at com.kms.katalon.core.main.TestCaseMain.startTestSuite(TestCaseMain.java:185)
	at com.kms.katalon.core.main.TestCaseMain$startTestSuite$0.call(Unknown Source)
	at TempTestSuite1666967328832.run(TempTestSuite1666967328832.groovy:36)
Caused by: java.lang.reflect.InvocationTargetException
	at io.appium.java_client.remote.AppiumCommandExecutor$1.createSession(AppiumCommandExecutor.java:186)
	at io.appium.java_client.remote.AppiumCommandExecutor.createSession(AppiumCommandExecutor.java:217)
	at io.appium.java_client.remote.AppiumCommandExecutor.execute(AppiumCommandExecutor.java:239)
	at org.openqa.selenium.remote.RemoteWebDriver.execute(RemoteWebDriver.java:552)
	at io.appium.java_client.DefaultGenericMobileDriver.execute(DefaultGenericMobileDriver.java:42)
	at io.appium.java_client.AppiumDriver.execute(AppiumDriver.java:1)
	at io.appium.java_client.android.AndroidDriver.execute(AndroidDriver.java:1)
	at com.kms.katalon.core.appium.driver.SwipeableAndroidDriver.execute(SwipeableAndroidDriver.java:1)
	at org.openqa.selenium.remote.RemoteWebDriver.startSession(RemoteWebDriver.java:213)
	at org.openqa.selenium.remote.RemoteWebDriver.<init>(RemoteWebDriver.java:131)
	at io.appium.java_client.DefaultGenericMobileDriver.<init>(DefaultGenericMobileDriver.java:38)
	at io.appium.java_client.AppiumDriver.<init>(AppiumDriver.java:84)
	at io.appium.java_client.android.AndroidDriver.<init>(AndroidDriver.java:85)
	at com.kms.katalon.core.appium.driver.SwipeableAndroidDriver.<init>(SwipeableAndroidDriver.java:24)
	at com.kms.katalon.core.appium.driver.AppiumDriverManager.createMobileDriver(AppiumDriverManager.java:503)
	at com.kms.katalon.core.appium.driver.AppiumDriverManager.createMobileDriver(AppiumDriverManager.java:485)
	at com.kms.katalon.core.mobile.keyword.internal.MobileDriverFactory.startLocalMobileDriver(MobileDriverFactory.java:539)
	at com.kms.katalon.core.mobile.keyword.internal.MobileDriverFactory.startMobileDriver(MobileDriverFactory.java:452)
	at com.kms.katalon.core.mobile.keyword.builtin.StartApplicationKeyword$_startApplication_closure1.doCall(StartApplicationKeyword.groovy:49)
	at com.kms.katalon.core.mobile.keyword.builtin.StartApplicationKeyword$_startApplication_closure1.call(StartApplicationKeyword.groovy)
	at com.kms.katalon.core.mobile.keyword.internal.MobileKeywordMain.runKeyword(MobileKeywordMain.groovy:21)
	at com.kms.katalon.core.mobile.keyword.builtin.StartApplicationKeyword.startApplication(StartApplicationKeyword.groovy:51)
	at com.kms.katalon.core.mobile.keyword.builtin.StartApplicationKeyword.execute(StartApplicationKeyword.groovy:40)
	at com.kms.katalon.core.keyword.internal.KeywordExecutor.executeKeywordForPlatform(KeywordExecutor.groovy:74)
	at com.kms.katalon.core.mobile.keyword.MobileBuiltInKeywords.startApplication(MobileBuiltInKeywords.groovy:78)
	at com.kms.katalon.core.mobile.keyword.MobileBuiltInKeywords$startApplication.call(Unknown Source)
	at Script1666945512283.run(Script1666945512283.groovy:20)
	at com.kms.katalon.core.main.ScriptEngine.run(ScriptEngine.java:194)
	at com.kms.katalon.core.main.ScriptEngine.runScriptAsRawText(ScriptEngine.java:119)
	at com.kms.katalon.core.main.TestCaseExecutor.runScript(TestCaseExecutor.java:448)
	at com.kms.katalon.core.main.TestCaseExecutor.doExecute(TestCaseExecutor.java:439)
	at com.kms.katalon.core.main.TestCaseExecutor.processExecutionPhase(TestCaseExecutor.java:418)
	at com.kms.katalon.core.main.TestCaseExecutor.accessMainPhase(TestCaseExecutor.java:410)
	at com.kms.katalon.core.main.TestCaseExecutor.execute(TestCaseExecutor.java:285)
	at com.kms.katalon.core.main.TestCaseMain.runTestCase(TestCaseMain.java:142)
	at com.kms.katalon.core.keyword.builtin.CallTestCaseKeyword$_callTestCase_closure1.doCall(CallTestCaseKeyword.groovy:59)
	at com.kms.katalon.core.keyword.builtin.CallTestCaseKeyword$_callTestCase_closure1.call(CallTestCaseKeyword.groovy)
	at com.kms.katalon.core.keyword.internal.KeywordMain.runKeyword(KeywordMain.groovy:74)
	at com.kms.katalon.core.keyword.builtin.CallTestCaseKeyword.callTestCase(CallTestCaseKeyword.groovy:81)
	at com.kms.katalon.core.keyword.builtin.CallTestCaseKeyword.execute(CallTestCaseKeyword.groovy:44)
	at com.kms.katalon.core.keyword.internal.KeywordExecutor.executeKeywordForPlatform(KeywordExecutor.groovy:74)
	at com.kms.katalon.core.keyword.BuiltinKeywords.callTestCase(BuiltinKeywords.groovy:334)
	at Script1666862047546.run(Script1666862047546.groovy:20)
	... 13 more
Caused by: org.openqa.selenium.WebDriverException: An unknown server-side error occurred while processing the command. Original error: UiAutomator2 Server cannot start because the local port #53685 is busy. Make sure the port you provide via 'systemPort' capability is not occupied. This situation might often be a result of an inaccurate sessions management, e.g. old automation sessions on the same device must always be closed before starting new ones.
Build info: version: '3.141.59', revision: 'e82be7d358', time: '2018-11-14T08:25:53'
System info: host: 'Sandis-MacBook-Air.local', ip: 'fe80:0:0:0:c5b:3cc4:ccb4:d475%en0', os.name: 'Mac OS X', os.arch: 'x86_64', os.version: '10.16', java.version: '1.8.0_275'
Driver info: driver.version: SwipeableAndroidDriver
remote stacktrace: UnknownError: An unknown server-side error occurred while processing the command. Original error: UiAutomator2 Server cannot start because the local port #53685 is busy. Make sure the port you provide via 'systemPort' capability is not occupied. This situation might often be a result of an inaccurate sessions management, e.g. old automation sessions on the same device must always be closed before starting new ones.
    at getResponseForW3CError (/opt/node/v16.17.1/lib/node_modules/appium/node_modules/appium-base-driver/lib/protocol/errors.js:804:9)
    at asyncHandler (/opt/node/v16.17.1/lib/node_modules/appium/node_modules/appium-base-driver/lib/protocol/protocol.js:380:37)
	at org.openqa.selenium.remote.W3CHandshakeResponse.lambda$errorHandler$0(W3CHandshakeResponse.java:62)
	at org.openqa.selenium.remote.HandshakeResponse.lambda$getResponseFunction$0(HandshakeResponse.java:30)
	at org.openqa.selenium.remote.ProtocolHandshake.lambda$createSession$0(ProtocolHandshake.java:126)
	at org.openqa.selenium.remote.ProtocolHandshake.createSession(ProtocolHandshake.java:128)
	... 56 more
)
	at com.kms.katalon.core.keyword.internal.KeywordMain.stepFailed(KeywordMain.groovy:50)
	at com.kms.katalon.core.mobile.keyword.internal.MobileKeywordMain.stepFailed(MobileKeywordMain.groovy:40)
	at com.kms.katalon.core.mobile.keyword.internal.MobileKeywordMain.runKeyword(MobileKeywordMain.groovy:23)
	at com.kms.katalon.core.mobile.keyword.builtin.StartApplicationKeyword.startApplication(StartApplicationKeyword.groovy:51)
	at com.kms.katalon.core.mobile.keyword.builtin.StartApplicationKeyword.execute(StartApplicationKeyword.groovy:40)
	at com.kms.katalon.core.keyword.internal.KeywordExecutor.executeKeywordForPlatform(KeywordExecutor.groovy:74)
	at com.kms.katalon.core.mobile.keyword.MobileBuiltInKeywords.startApplication(MobileBuiltInKeywords.groovy:78)
	at com.kms.katalon.core.mobile.keyword.MobileBuiltInKeywords$startApplication.call(Unknown Source)
	at TC_Sign in_CS-40.run(TC_Sign in_CS-40:20)
	at com.kms.katalon.core.main.ScriptEngine.run(ScriptEngine.java:194)
	at com.kms.katalon.core.main.ScriptEngine.runScriptAsRawText(ScriptEngine.java:119)
	at com.kms.katalon.core.main.TestCaseExecutor.runScript(TestCaseExecutor.java:448)
	at com.kms.katalon.core.main.TestCaseExecutor.doExecute(TestCaseExecutor.java:439)
	at com.kms.katalon.core.main.TestCaseExecutor.processExecutionPhase(TestCaseExecutor.java:418)
	at com.kms.katalon.core.main.TestCaseExecutor.accessMainPhase(TestCaseExecutor.java:410)
	at com.kms.katalon.core.main.TestCaseExecutor.execute(TestCaseExecutor.java:285)
	at com.kms.katalon.core.main.TestCaseMain.runTestCase(TestCaseMain.java:142)
	at com.kms.katalon.core.keyword.builtin.CallTestCaseKeyword$_callTestCase_closure1.doCall(CallTestCaseKeyword.groovy:59)
	... 20 more
Caused by: org.openqa.selenium.SessionNotCreatedException: Unable to create a new remote session. Please check the server log for more details. Original error: An unknown server-side error occurred while processing the command. Original error: UiAutomator2 Server cannot start because the local port #53685 is busy. Make sure the port you provide via 'systemPort' capability is not occupied. This situation might often be a result of an inaccurate sessions management, e.g. old automation sessions on the same device must always be closed before starting new ones.
Build info: version: '3.141.59', revision: 'e82be7d358', time: '2018-11-14T08:25:53'
System info: host: 'Sandis-MacBook-Air.local', ip: 'fe80:0:0:0:c5b:3cc4:ccb4:d475%en0', os.name: 'Mac OS X', os.arch: 'x86_64', os.version: '10.16', java.version: '1.8.0_275'
Driver info: driver.version: SwipeableAndroidDriver
remote stacktrace: UnknownError: An unknown server-side error occurred while processing the command. Original error: UiAutomator2 Server cannot start because the local port #53685 is busy. Make sure the port you provide via 'systemPort' capability is not occupied. This situation might often be a result of an inaccurate sessions management, e.g. old automation sessions on the same device must always be closed before starting new ones.
    at getResponseForW3CError (/opt/node/v16.17.1/lib/node_modules/appium/node_modules/appium-base-driver/lib/protocol/errors.js:804:9)
    at asyncHandler (/opt/node/v16.17.1/lib/node_modules/appium/node_modules/appium-base-driver/lib/protocol/protocol.js:380:37)
Build info: version: '3.141.59', revision: 'e82be7d358', time: '2018-11-14T08:25:53'
System info: host: 'Sandis-MacBook-Air.local', ip: 'fe80:0:0:0:c5b:3cc4:ccb4:d475%en0', os.name: 'Mac OS X', os.arch: 'x86_64', os.version: '10.16', java.version: '1.8.0_275'
Driver info: driver.version: SwipeableAndroidDriver
	at io.appium.java_client.remote.AppiumCommandExecutor$1.createSession(AppiumCommandExecutor.java:208)
	at io.appium.java_client.remote.AppiumCommandExecutor.createSession(AppiumCommandExecutor.java:217)
	at io.appium.java_client.remote.AppiumCommandExecutor.execute(AppiumCommandExecutor.java:239)
	at org.openqa.selenium.remote.RemoteWebDriver.execute(RemoteWebDriver.java:552)
	at io.appium.java_client.DefaultGenericMobileDriver.execute(DefaultGenericMobileDriver.java:42)
	at io.appium.java_client.AppiumDriver.execute(AppiumDriver.java:1)
	at io.appium.java_client.android.AndroidDriver.execute(AndroidDriver.java:1)
	at com.kms.katalon.core.appium.driver.SwipeableAndroidDriver.execute(SwipeableAndroidDriver.java:1)
	at org.openqa.selenium.remote.RemoteWebDriver.startSession(RemoteWebDriver.java:213)
	at org.openqa.selenium.remote.RemoteWebDriver.<init>(RemoteWebDriver.java:131)
	at io.appium.java_client.DefaultGenericMobileDriver.<init>(DefaultGenericMobileDriver.java:38)
	at io.appium.java_client.AppiumDriver.<init>(AppiumDriver.java:84)
	at io.appium.java_client.android.AndroidDriver.<init>(AndroidDriver.java:85)
	at com.kms.katalon.core.appium.driver.SwipeableAndroidDriver.<init>(SwipeableAndroidDriver.java:24)
	at com.kms.katalon.core.appium.driver.AppiumDriverManager.createMobileDriver(AppiumDriverManager.java:503)
	at com.kms.katalon.core.appium.driver.AppiumDriverManager.createMobileDriver(AppiumDriverManager.java:485)
	at com.kms.katalon.core.mobile.keyword.internal.MobileDriverFactory.startLocalMobileDriver(MobileDriverFactory.java:539)
	at com.kms.katalon.core.mobile.keyword.internal.MobileDriverFactory.startMobileDriver(MobileDriverFactory.java:452)
	at com.kms.katalon.core.mobile.keyword.builtin.StartApplicationKeyword$_startApplication_closure1.doCall(StartApplicationKeyword.groovy:49)
	at com.kms.katalon.core.mobile.keyword.builtin.StartApplicationKeyword$_startApplication_closure1.call(StartApplicationKeyword.groovy)
	at com.kms.katalon.core.mobile.keyword.internal.MobileKeywordMain.runKeyword(MobileKeywordMain.groovy:21)
	... 35 more
Caused by: java.lang.reflect.InvocationTargetException
	at io.appium.java_client.remote.AppiumCommandExecutor$1.createSession(AppiumCommandExecutor.java:186)
	at io.appium.java_client.remote.AppiumCommandExecutor.createSession(AppiumCommandExecutor.java:217)
	at io.appium.java_client.remote.AppiumCommandExecutor.execute(AppiumCommandExecutor.java:239)
	at org.openqa.selenium.remote.RemoteWebDriver.execute(RemoteWebDriver.java:552)
	at io.appium.java_client.DefaultGenericMobileDriver.execute(DefaultGenericMobileDriver.java:42)
	at io.appium.java_client.AppiumDriver.execute(AppiumDriver.java:1)
	at io.appium.java_client.android.AndroidDriver.execute(AndroidDriver.java:1)
	at com.kms.katalon.core.appium.driver.SwipeableAndroidDriver.execute(SwipeableAndroidDriver.java:1)
	at org.openqa.selenium.remote.RemoteWebDriver.startSession(RemoteWebDriver.java:213)
	at org.openqa.selenium.remote.RemoteWebDriver.<init>(RemoteWebDriver.java:131)
	at io.appium.java_client.DefaultGenericMobileDriver.<init>(DefaultGenericMobileDriver.java:38)
	at io.appium.java_client.AppiumDriver.<init>(AppiumDriver.java:84)
	at io.appium.java_client.android.AndroidDriver.<init>(AndroidDriver.java:85)
	at com.kms.katalon.core.appium.driver.SwipeableAndroidDriver.<init>(SwipeableAndroidDriver.java:24)
	at com.kms.katalon.core.appium.driver.AppiumDriverManager.createMobileDriver(AppiumDriverManager.java:503)
	at com.kms.katalon.core.appium.driver.AppiumDriverManager.createMobileDriver(AppiumDriverManager.java:485)
	at com.kms.katalon.core.mobile.keyword.internal.MobileDriverFactory.startLocalMobileDriver(MobileDriverFactory.java:539)
	at com.kms.katalon.core.mobile.keyword.internal.MobileDriverFactory.startMobileDriver(MobileDriverFactory.java:452)
	at com.kms.katalon.core.mobile.keyword.builtin.StartApplicationKeyword$_startApplication_closure1.doCall(StartApplicationKeyword.groovy:49)
	at com.kms.katalon.core.mobile.keyword.builtin.StartApplicationKeyword$_startApplication_closure1.call(StartApplicationKeyword.groovy)
	at com.kms.katalon.core.mobile.keyword.internal.MobileKeywordMain.runKeyword(MobileKeywordMain.groovy:21)
	at com.kms.katalon.core.mobile.keyword.builtin.StartApplicationKeyword.startApplication(StartApplicationKeyword.groovy:51)
	at com.kms.katalon.core.mobile.keyword.builtin.StartApplicationKeyword.execute(StartApplicationKeyword.groovy:40)
	at com.kms.katalon.core.keyword.internal.KeywordExecutor.executeKeywordForPlatform(KeywordExecutor.groovy:74)
	at com.kms.katalon.core.mobile.keyword.MobileBuiltInKeywords.startApplication(MobileBuiltInKeywords.groovy:78)
	at com.kms.katalon.core.mobile.keyword.MobileBuiltInKeywords$startApplication.call(Unknown Source)
	at Script1666945512283.run(Script1666945512283.groovy:20)
	at com.kms.katalon.core.main.ScriptEngine.run(ScriptEngine.java:194)
	at com.kms.katalon.core.main.ScriptEngine.runScriptAsRawText(ScriptEngine.java:119)
	at com.kms.katalon.core.main.TestCaseExecutor.runScript(TestCaseExecutor.java:448)
	at com.kms.katalon.core.main.TestCaseExecutor.doExecute(TestCaseExecutor.java:439)
	at com.kms.katalon.core.main.TestCaseExecutor.processExecutionPhase(TestCaseExecutor.java:418)
	at com.kms.katalon.core.main.TestCaseExecutor.accessMainPhase(TestCaseExecutor.java:410)
	at com.kms.katalon.core.main.TestCaseExecutor.execute(TestCaseExecutor.java:285)
	at com.kms.katalon.core.main.TestCaseMain.runTestCase(TestCaseMain.java:142)
	at com.kms.katalon.core.keyword.builtin.CallTestCaseKeyword$_callTestCase_closure1.doCall(CallTestCaseKeyword.groovy:59)
	at com.kms.katalon.core.keyword.builtin.CallTestCaseKeyword$_callTestCase_closure1.call(CallTestCaseKeyword.groovy)
	at com.kms.katalon.core.keyword.internal.KeywordMain.runKeyword(KeywordMain.groovy:74)
	at com.kms.katalon.core.keyword.builtin.CallTestCaseKeyword.callTestCase(CallTestCaseKeyword.groovy:81)
	at com.kms.katalon.core.keyword.builtin.CallTestCaseKeyword.execute(CallTestCaseKeyword.groovy:44)
	at com.kms.katalon.core.keyword.internal.KeywordExecutor.executeKeywordForPlatform(KeywordExecutor.groovy:74)
	at com.kms.katalon.core.keyword.BuiltinKeywords.callTestCase(BuiltinKeywords.groovy:334)
	at Script1666862047546.run(Script1666862047546.groovy:20)
	... 13 more
Caused by: org.openqa.selenium.WebDriverException: An unknown server-side error occurred while processing the command. Original error: UiAutomator2 Server cannot start because the local port #53685 is busy. Make sure the port you provide via 'systemPort' capability is not occupied. This situation might often be a result of an inaccurate sessions management, e.g. old automation sessions on the same device must always be closed before starting new ones.
Build info: version: '3.141.59', revision: 'e82be7d358', time: '2018-11-14T08:25:53'
System info: host: 'Sandis-MacBook-Air.local', ip: 'fe80:0:0:0:c5b:3cc4:ccb4:d475%en0', os.name: 'Mac OS X', os.arch: 'x86_64', os.version: '10.16', java.version: '1.8.0_275'
Driver info: driver.version: SwipeableAndroidDriver
remote stacktrace: UnknownError: An unknown server-side error occurred while processing the command. Original error: UiAutomator2 Server cannot start because the local port #53685 is busy. Make sure the port you provide via 'systemPort' capability is not occupied. This situation might often be a result of an inaccurate sessions management, e.g. old automation sessions on the same device must always be closed before starting new ones.
    at getResponseForW3CError (/opt/node/v16.17.1/lib/node_modules/appium/node_modules/appium-base-driver/lib/protocol/errors.js:804:9)
    at asyncHandler (/opt/node/v16.17.1/lib/node_modules/appium/node_modules/appium-base-driver/lib/protocol/protocol.js:380:37)
	at org.openqa.selenium.remote.W3CHandshakeResponse.lambda$errorHandler$0(W3CHandshakeResponse.java:62)
	at org.openqa.selenium.remote.HandshakeResponse.lambda$getResponseFunction$0(HandshakeResponse.java:30)
	at org.openqa.selenium.remote.ProtocolHandshake.lambda$createSession$0(ProtocolHandshake.java:126)
	at org.openqa.selenium.remote.ProtocolHandshake.createSession(ProtocolHandshake.java:128)
	at io.appium.java_client.remote.AppiumCommandExecutor$1.createSession(AppiumCommandExecutor.java:186)
	at io.appium.java_client.remote.AppiumCommandExecutor.createSession(AppiumCommandExecutor.java:217)
	at io.appium.java_client.remote.AppiumCommandExecutor.execute(AppiumCommandExecutor.java:239)
	at org.openqa.selenium.remote.RemoteWebDriver.execute(RemoteWebDriver.java:552)
	at io.appium.java_client.DefaultGenericMobileDriver.execute(DefaultGenericMobileDriver.java:42)
	at io.appium.java_client.AppiumDriver.execute(AppiumDriver.java:1)
	at io.appium.java_client.android.AndroidDriver.execute(AndroidDriver.java:1)
	at com.kms.katalon.core.appium.driver.SwipeableAndroidDriver.execute(SwipeableAndroidDriver.java:1)
	at org.openqa.selenium.remote.RemoteWebDriver.startSession(RemoteWebDriver.java:213)
	at org.openqa.selenium.remote.RemoteWebDriver.<init>(RemoteWebDriver.java:131)
	at io.appium.java_client.DefaultGenericMobileDriver.<init>(DefaultGenericMobileDriver.java:38)
	at io.appium.java_client.AppiumDriver.<init>(AppiumDriver.java:84)
	at io.appium.java_client.android.AndroidDriver.<init>(AndroidDriver.java:85)
	at com.kms.katalon.core.appium.driver.SwipeableAndroidDriver.<init>(SwipeableAndroidDriver.java:24)
	at com.kms.katalon.core.appium.driver.AppiumDriverManager.createMobileDriver(AppiumDriverManager.java:503)
	at com.kms.katalon.core.appium.driver.AppiumDriverManager.createMobileDriver(AppiumDriverManager.java:485)
	at com.kms.katalon.core.mobile.keyword.internal.MobileDriverFactory.startLocalMobileDriver(MobileDriverFactory.java:539)
	at com.kms.katalon.core.mobile.keyword.internal.MobileDriverFactory.startMobileDriver(MobileDriverFactory.java:452)
	at com.kms.katalon.core.mobile.keyword.builtin.StartApplicationKeyword$_startApplication_closure1.doCall(StartApplicationKeyword.groovy:49)
	at com.kms.katalon.core.mobile.keyword.builtin.StartApplicationKeyword$_startApplication_closure1.call(StartApplicationKeyword.groovy)
	at com.kms.katalon.core.mobile.keyword.internal.MobileKeywordMain.runKeyword(MobileKeywordMain.groovy:21)
	at com.kms.katalon.core.mobile.keyword.builtin.StartApplicationKeyword.startApplication(StartApplicationKeyword.groovy:51)
	at com.kms.katalon.core.mobile.keyword.builtin.StartApplicationKeyword.execute(StartApplicationKeyword.groovy:40)
	at com.kms.katalon.core.keyword.internal.KeywordExecutor.executeKeywordForPlatform(KeywordExecutor.groovy:74)
	at com.kms.katalon.core.mobile.keyword.MobileBuiltInKeywords.startApplication(MobileBuiltInKeywords.groovy:78)
	at com.kms.katalon.core.mobile.keyword.MobileBuiltInKeywords$startApplication.call(Unknown Source)
	at TC_Sign in_CS-40.run(TC_Sign in_CS-40:20)
	at com.kms.katalon.core.main.ScriptEngine.run(ScriptEngine.java:194)
	at com.kms.katalon.core.main.ScriptEngine.runScriptAsRawText(ScriptEngine.java:119)
	at com.kms.katalon.core.main.TestCaseExecutor.runScript(TestCaseExecutor.java:448)
	at com.kms.katalon.core.main.TestCaseExecutor.doExecute(TestCaseExecutor.java:439)
	at com.kms.katalon.core.main.TestCaseExecutor.processExecutionPhase(TestCaseExecutor.java:418)
	at com.kms.katalon.core.main.TestCaseExecutor.accessMainPhase(TestCaseExecutor.java:410)
	at com.kms.katalon.core.main.TestCaseExecutor.execute(TestCaseExecutor.java:285)
	at com.kms.katalon.core.main.TestCaseMain.runTestCase(TestCaseMain.java:142)
	at com.kms.katalon.core.keyword.builtin.CallTestCaseKeyword$_callTestCase_closure1.doCall(CallTestCaseKeyword.groovy:59)
	at com.kms.katalon.core.keyword.builtin.CallTestCaseKeyword$_callTestCase_closure1.call(CallTestCaseKeyword.groovy)
	at com.kms.katalon.core.keyword.internal.KeywordMain.runKeyword(KeywordMain.groovy:74)
	at com.kms.katalon.core.keyword.builtin.CallTestCaseKeyword.callTestCase(CallTestCaseKeyword.groovy:81)
	at com.kms.katalon.core.keyword.builtin.CallTestCaseKeyword.execute(CallTestCaseKeyword.groovy:44)
	at com.kms.katalon.core.keyword.internal.KeywordExecutor.executeKeywordForPlatform(KeywordExecutor.groovy:74)
	at com.kms.katalon.core.keyword.BuiltinKeywords.callTestCase(BuiltinKeywords.groovy:334)
	at TC_Group Chat_CS-15.run(TC_Group Chat_CS-15:20)
	... 13 more
)]]></system-out>
         <system-err><![CDATA[2022-10-28 21:36:31 - [TEST_CASE][FAILED] - Test Cases/GroupChat/TC_Group Chat_CS-15: Test Cases/GroupChat/TC_Group Chat_CS-15 FAILED.
Reason:
com.kms.katalon.core.exception.StepFailedException: Call Test Case 'Test Cases/Sign in/TC_Sign in_CS-40' failed
	at com.kms.katalon.core.keyword.builtin.CallTestCaseKeyword$_callTestCase_closure1.doCall(CallTestCaseKeyword.groovy:63)
	at com.kms.katalon.core.keyword.builtin.CallTestCaseKeyword$_callTestCase_closure1.call(CallTestCaseKeyword.groovy)
	at com.kms.katalon.core.keyword.internal.KeywordMain.runKeyword(KeywordMain.groovy:74)
	at com.kms.katalon.core.keyword.builtin.CallTestCaseKeyword.callTestCase(CallTestCaseKeyword.groovy:81)
	at com.kms.katalon.core.keyword.builtin.CallTestCaseKeyword.execute(CallTestCaseKeyword.groovy:44)
	at com.kms.katalon.core.keyword.internal.KeywordExecutor.executeKeywordForPlatform(KeywordExecutor.groovy:74)
	at com.kms.katalon.core.keyword.BuiltinKeywords.callTestCase(BuiltinKeywords.groovy:334)
	at TC_Group Chat_CS-15.run(TC_Group Chat_CS-15:20)
	at com.kms.katalon.core.main.ScriptEngine.run(ScriptEngine.java:194)
	at com.kms.katalon.core.main.ScriptEngine.runScriptAsRawText(ScriptEngine.java:119)
	at com.kms.katalon.core.main.TestCaseExecutor.runScript(TestCaseExecutor.java:448)
	at com.kms.katalon.core.main.TestCaseExecutor.doExecute(TestCaseExecutor.java:439)
	at com.kms.katalon.core.main.TestCaseExecutor.processExecutionPhase(TestCaseExecutor.java:418)
	at com.kms.katalon.core.main.TestCaseExecutor.accessMainPhase(TestCaseExecutor.java:410)
	at com.kms.katalon.core.main.TestCaseExecutor.execute(TestCaseExecutor.java:285)
	at com.kms.katalon.core.common.CommonExecutor.accessTestCaseMainPhase(CommonExecutor.java:65)
	at com.kms.katalon.core.main.TestSuiteExecutor.accessTestSuiteMainPhase(TestSuiteExecutor.java:144)
	at com.kms.katalon.core.main.TestSuiteExecutor.execute(TestSuiteExecutor.java:106)
	at com.kms.katalon.core.main.TestCaseMain.startTestSuite(TestCaseMain.java:185)
	at com.kms.katalon.core.main.TestCaseMain$startTestSuite$0.call(Unknown Source)
	at TempTestSuite1666967328832.run(TempTestSuite1666967328832.groovy:36)
Caused by: com.kms.katalon.core.exception.StepFailedException: Unable to start app at: '/Users/sandikurnia/Downloads/apk-staging-for-iqbal.apk' (Root cause: org.openqa.selenium.SessionNotCreatedException: Unable to create a new remote session. Please check the server log for more details. Original error: An unknown server-side error occurred while processing the command. Original error: UiAutomator2 Server cannot start because the local port #53685 is busy. Make sure the port you provide via 'systemPort' capability is not occupied. This situation might often be a result of an inaccurate sessions management, e.g. old automation sessions on the same device must always be closed before starting new ones.
Build info: version: '3.141.59', revision: 'e82be7d358', time: '2018-11-14T08:25:53'
System info: host: 'Sandis-MacBook-Air.local', ip: 'fe80:0:0:0:c5b:3cc4:ccb4:d475%en0', os.name: 'Mac OS X', os.arch: 'x86_64', os.version: '10.16', java.version: '1.8.0_275'
Driver info: driver.version: SwipeableAndroidDriver
remote stacktrace: UnknownError: An unknown server-side error occurred while processing the command. Original error: UiAutomator2 Server cannot start because the local port #53685 is busy. Make sure the port you provide via 'systemPort' capability is not occupied. This situation might often be a result of an inaccurate sessions management, e.g. old automation sessions on the same device must always be closed before starting new ones.
    at getResponseForW3CError (/opt/node/v16.17.1/lib/node_modules/appium/node_modules/appium-base-driver/lib/protocol/errors.js:804:9)
    at asyncHandler (/opt/node/v16.17.1/lib/node_modules/appium/node_modules/appium-base-driver/lib/protocol/protocol.js:380:37)
Build info: version: '3.141.59', revision: 'e82be7d358', time: '2018-11-14T08:25:53'
System info: host: 'Sandis-MacBook-Air.local', ip: 'fe80:0:0:0:c5b:3cc4:ccb4:d475%en0', os.name: 'Mac OS X', os.arch: 'x86_64', os.version: '10.16', java.version: '1.8.0_275'
Driver info: driver.version: SwipeableAndroidDriver
	at io.appium.java_client.remote.AppiumCommandExecutor$1.createSession(AppiumCommandExecutor.java:208)
	at io.appium.java_client.remote.AppiumCommandExecutor.createSession(AppiumCommandExecutor.java:217)
	at io.appium.java_client.remote.AppiumCommandExecutor.execute(AppiumCommandExecutor.java:239)
	at org.openqa.selenium.remote.RemoteWebDriver.execute(RemoteWebDriver.java:552)
	at io.appium.java_client.DefaultGenericMobileDriver.execute(DefaultGenericMobileDriver.java:42)
	at io.appium.java_client.AppiumDriver.execute(AppiumDriver.java:1)
	at io.appium.java_client.android.AndroidDriver.execute(AndroidDriver.java:1)
	at com.kms.katalon.core.appium.driver.SwipeableAndroidDriver.execute(SwipeableAndroidDriver.java:1)
	at org.openqa.selenium.remote.RemoteWebDriver.startSession(RemoteWebDriver.java:213)
	at org.openqa.selenium.remote.RemoteWebDriver.<init>(RemoteWebDriver.java:131)
	at io.appium.java_client.DefaultGenericMobileDriver.<init>(DefaultGenericMobileDriver.java:38)
	at io.appium.java_client.AppiumDriver.<init>(AppiumDriver.java:84)
	at io.appium.java_client.android.AndroidDriver.<init>(AndroidDriver.java:85)
	at com.kms.katalon.core.appium.driver.SwipeableAndroidDriver.<init>(SwipeableAndroidDriver.java:24)
	at com.kms.katalon.core.appium.driver.AppiumDriverManager.createMobileDriver(AppiumDriverManager.java:503)
	at com.kms.katalon.core.appium.driver.AppiumDriverManager.createMobileDriver(AppiumDriverManager.java:485)
	at com.kms.katalon.core.mobile.keyword.internal.MobileDriverFactory.startLocalMobileDriver(MobileDriverFactory.java:539)
	at com.kms.katalon.core.mobile.keyword.internal.MobileDriverFactory.startMobileDriver(MobileDriverFactory.java:452)
	at com.kms.katalon.core.mobile.keyword.builtin.StartApplicationKeyword$_startApplication_closure1.doCall(StartApplicationKeyword.groovy:49)
	at com.kms.katalon.core.mobile.keyword.builtin.StartApplicationKeyword$_startApplication_closure1.call(StartApplicationKeyword.groovy)
	at com.kms.katalon.core.mobile.keyword.internal.MobileKeywordMain.runKeyword(MobileKeywordMain.groovy:21)
	at com.kms.katalon.core.mobile.keyword.builtin.StartApplicationKeyword.startApplication(StartApplicationKeyword.groovy:51)
	at com.kms.katalon.core.mobile.keyword.builtin.StartApplicationKeyword.execute(StartApplicationKeyword.groovy:40)
	at com.kms.katalon.core.keyword.internal.KeywordExecutor.executeKeywordForPlatform(KeywordExecutor.groovy:74)
	at com.kms.katalon.core.mobile.keyword.MobileBuiltInKeywords.startApplication(MobileBuiltInKeywords.groovy:78)
	at com.kms.katalon.core.mobile.keyword.MobileBuiltInKeywords$startApplication.call(Unknown Source)
	at TC_Sign in_CS-40.run(TC_Sign in_CS-40:20)
	at com.kms.katalon.core.main.ScriptEngine.run(ScriptEngine.java:194)
	at com.kms.katalon.core.main.ScriptEngine.runScriptAsRawText(ScriptEngine.java:119)
	at com.kms.katalon.core.main.TestCaseExecutor.runScript(TestCaseExecutor.java:448)
	at com.kms.katalon.core.main.TestCaseExecutor.doExecute(TestCaseExecutor.java:439)
	at com.kms.katalon.core.main.TestCaseExecutor.processExecutionPhase(TestCaseExecutor.java:418)
	at com.kms.katalon.core.main.TestCaseExecutor.accessMainPhase(TestCaseExecutor.java:410)
	at com.kms.katalon.core.main.TestCaseExecutor.execute(TestCaseExecutor.java:285)
	at com.kms.katalon.core.main.TestCaseMain.runTestCase(TestCaseMain.java:142)
	at com.kms.katalon.core.keyword.builtin.CallTestCaseKeyword$_callTestCase_closure1.doCall(CallTestCaseKeyword.groovy:59)
	at com.kms.katalon.core.keyword.builtin.CallTestCaseKeyword$_callTestCase_closure1.call(CallTestCaseKeyword.groovy)
	at com.kms.katalon.core.keyword.internal.KeywordMain.runKeyword(KeywordMain.groovy:74)
	at com.kms.katalon.core.keyword.builtin.CallTestCaseKeyword.callTestCase(CallTestCaseKeyword.groovy:81)
	at com.kms.katalon.core.keyword.builtin.CallTestCaseKeyword.execute(CallTestCaseKeyword.groovy:44)
	at com.kms.katalon.core.keyword.internal.KeywordExecutor.executeKeywordForPlatform(KeywordExecutor.groovy:74)
	at com.kms.katalon.core.keyword.BuiltinKeywords.callTestCase(BuiltinKeywords.groovy:334)
	at TC_Group Chat_CS-15.run(TC_Group Chat_CS-15:20)
	at com.kms.katalon.core.main.ScriptEngine.run(ScriptEngine.java:194)
	at com.kms.katalon.core.main.ScriptEngine.runScriptAsRawText(ScriptEngine.java:119)
	at com.kms.katalon.core.main.TestCaseExecutor.runScript(TestCaseExecutor.java:448)
	at com.kms.katalon.core.main.TestCaseExecutor.doExecute(TestCaseExecutor.java:439)
	at com.kms.katalon.core.main.TestCaseExecutor.processExecutionPhase(TestCaseExecutor.java:418)
	at com.kms.katalon.core.main.TestCaseExecutor.accessMainPhase(TestCaseExecutor.java:410)
	at com.kms.katalon.core.main.TestCaseExecutor.execute(TestCaseExecutor.java:285)
	at com.kms.katalon.core.common.CommonExecutor.accessTestCaseMainPhase(CommonExecutor.java:65)
	at com.kms.katalon.core.main.TestSuiteExecutor.accessTestSuiteMainPhase(TestSuiteExecutor.java:144)
	at com.kms.katalon.core.main.TestSuiteExecutor.execute(TestSuiteExecutor.java:106)
	at com.kms.katalon.core.main.TestCaseMain.startTestSuite(TestCaseMain.java:185)
	at com.kms.katalon.core.main.TestCaseMain$startTestSuite$0.call(Unknown Source)
	at TempTestSuite1666967328832.run(TempTestSuite1666967328832.groovy:36)
Caused by: java.lang.reflect.InvocationTargetException
	at io.appium.java_client.remote.AppiumCommandExecutor$1.createSession(AppiumCommandExecutor.java:186)
	at io.appium.java_client.remote.AppiumCommandExecutor.createSession(AppiumCommandExecutor.java:217)
	at io.appium.java_client.remote.AppiumCommandExecutor.execute(AppiumCommandExecutor.java:239)
	at org.openqa.selenium.remote.RemoteWebDriver.execute(RemoteWebDriver.java:552)
	at io.appium.java_client.DefaultGenericMobileDriver.execute(DefaultGenericMobileDriver.java:42)
	at io.appium.java_client.AppiumDriver.execute(AppiumDriver.java:1)
	at io.appium.java_client.android.AndroidDriver.execute(AndroidDriver.java:1)
	at com.kms.katalon.core.appium.driver.SwipeableAndroidDriver.execute(SwipeableAndroidDriver.java:1)
	at org.openqa.selenium.remote.RemoteWebDriver.startSession(RemoteWebDriver.java:213)
	at org.openqa.selenium.remote.RemoteWebDriver.<init>(RemoteWebDriver.java:131)
	at io.appium.java_client.DefaultGenericMobileDriver.<init>(DefaultGenericMobileDriver.java:38)
	at io.appium.java_client.AppiumDriver.<init>(AppiumDriver.java:84)
	at io.appium.java_client.android.AndroidDriver.<init>(AndroidDriver.java:85)
	at com.kms.katalon.core.appium.driver.SwipeableAndroidDriver.<init>(SwipeableAndroidDriver.java:24)
	at com.kms.katalon.core.appium.driver.AppiumDriverManager.createMobileDriver(AppiumDriverManager.java:503)
	at com.kms.katalon.core.appium.driver.AppiumDriverManager.createMobileDriver(AppiumDriverManager.java:485)
	at com.kms.katalon.core.mobile.keyword.internal.MobileDriverFactory.startLocalMobileDriver(MobileDriverFactory.java:539)
	at com.kms.katalon.core.mobile.keyword.internal.MobileDriverFactory.startMobileDriver(MobileDriverFactory.java:452)
	at com.kms.katalon.core.mobile.keyword.builtin.StartApplicationKeyword$_startApplication_closure1.doCall(StartApplicationKeyword.groovy:49)
	at com.kms.katalon.core.mobile.keyword.builtin.StartApplicationKeyword$_startApplication_closure1.call(StartApplicationKeyword.groovy)
	at com.kms.katalon.core.mobile.keyword.internal.MobileKeywordMain.runKeyword(MobileKeywordMain.groovy:21)
	at com.kms.katalon.core.mobile.keyword.builtin.StartApplicationKeyword.startApplication(StartApplicationKeyword.groovy:51)
	at com.kms.katalon.core.mobile.keyword.builtin.StartApplicationKeyword.execute(StartApplicationKeyword.groovy:40)
	at com.kms.katalon.core.keyword.internal.KeywordExecutor.executeKeywordForPlatform(KeywordExecutor.groovy:74)
	at com.kms.katalon.core.mobile.keyword.MobileBuiltInKeywords.startApplication(MobileBuiltInKeywords.groovy:78)
	at com.kms.katalon.core.mobile.keyword.MobileBuiltInKeywords$startApplication.call(Unknown Source)
	at Script1666945512283.run(Script1666945512283.groovy:20)
	at com.kms.katalon.core.main.ScriptEngine.run(ScriptEngine.java:194)
	at com.kms.katalon.core.main.ScriptEngine.runScriptAsRawText(ScriptEngine.java:119)
	at com.kms.katalon.core.main.TestCaseExecutor.runScript(TestCaseExecutor.java:448)
	at com.kms.katalon.core.main.TestCaseExecutor.doExecute(TestCaseExecutor.java:439)
	at com.kms.katalon.core.main.TestCaseExecutor.processExecutionPhase(TestCaseExecutor.java:418)
	at com.kms.katalon.core.main.TestCaseExecutor.accessMainPhase(TestCaseExecutor.java:410)
	at com.kms.katalon.core.main.TestCaseExecutor.execute(TestCaseExecutor.java:285)
	at com.kms.katalon.core.main.TestCaseMain.runTestCase(TestCaseMain.java:142)
	at com.kms.katalon.core.keyword.builtin.CallTestCaseKeyword$_callTestCase_closure1.doCall(CallTestCaseKeyword.groovy:59)
	at com.kms.katalon.core.keyword.builtin.CallTestCaseKeyword$_callTestCase_closure1.call(CallTestCaseKeyword.groovy)
	at com.kms.katalon.core.keyword.internal.KeywordMain.runKeyword(KeywordMain.groovy:74)
	at com.kms.katalon.core.keyword.builtin.CallTestCaseKeyword.callTestCase(CallTestCaseKeyword.groovy:81)
	at com.kms.katalon.core.keyword.builtin.CallTestCaseKeyword.execute(CallTestCaseKeyword.groovy:44)
	at com.kms.katalon.core.keyword.internal.KeywordExecutor.executeKeywordForPlatform(KeywordExecutor.groovy:74)
	at com.kms.katalon.core.keyword.BuiltinKeywords.callTestCase(BuiltinKeywords.groovy:334)
	at Script1666862047546.run(Script1666862047546.groovy:20)
	... 13 more
Caused by: org.openqa.selenium.WebDriverException: An unknown server-side error occurred while processing the command. Original error: UiAutomator2 Server cannot start because the local port #53685 is busy. Make sure the port you provide via 'systemPort' capability is not occupied. This situation might often be a result of an inaccurate sessions management, e.g. old automation sessions on the same device must always be closed before starting new ones.
Build info: version: '3.141.59', revision: 'e82be7d358', time: '2018-11-14T08:25:53'
System info: host: 'Sandis-MacBook-Air.local', ip: 'fe80:0:0:0:c5b:3cc4:ccb4:d475%en0', os.name: 'Mac OS X', os.arch: 'x86_64', os.version: '10.16', java.version: '1.8.0_275'
Driver info: driver.version: SwipeableAndroidDriver
remote stacktrace: UnknownError: An unknown server-side error occurred while processing the command. Original error: UiAutomator2 Server cannot start because the local port #53685 is busy. Make sure the port you provide via 'systemPort' capability is not occupied. This situation might often be a result of an inaccurate sessions management, e.g. old automation sessions on the same device must always be closed before starting new ones.
    at getResponseForW3CError (/opt/node/v16.17.1/lib/node_modules/appium/node_modules/appium-base-driver/lib/protocol/errors.js:804:9)
    at asyncHandler (/opt/node/v16.17.1/lib/node_modules/appium/node_modules/appium-base-driver/lib/protocol/protocol.js:380:37)
	at org.openqa.selenium.remote.W3CHandshakeResponse.lambda$errorHandler$0(W3CHandshakeResponse.java:62)
	at org.openqa.selenium.remote.HandshakeResponse.lambda$getResponseFunction$0(HandshakeResponse.java:30)
	at org.openqa.selenium.remote.ProtocolHandshake.lambda$createSession$0(ProtocolHandshake.java:126)
	at org.openqa.selenium.remote.ProtocolHandshake.createSession(ProtocolHandshake.java:128)
	... 56 more
)
	at com.kms.katalon.core.keyword.internal.KeywordMain.stepFailed(KeywordMain.groovy:50)
	at com.kms.katalon.core.mobile.keyword.internal.MobileKeywordMain.stepFailed(MobileKeywordMain.groovy:40)
	at com.kms.katalon.core.mobile.keyword.internal.MobileKeywordMain.runKeyword(MobileKeywordMain.groovy:23)
	at com.kms.katalon.core.mobile.keyword.builtin.StartApplicationKeyword.startApplication(StartApplicationKeyword.groovy:51)
	at com.kms.katalon.core.mobile.keyword.builtin.StartApplicationKeyword.execute(StartApplicationKeyword.groovy:40)
	at com.kms.katalon.core.keyword.internal.KeywordExecutor.executeKeywordForPlatform(KeywordExecutor.groovy:74)
	at com.kms.katalon.core.mobile.keyword.MobileBuiltInKeywords.startApplication(MobileBuiltInKeywords.groovy:78)
	at com.kms.katalon.core.mobile.keyword.MobileBuiltInKeywords$startApplication.call(Unknown Source)
	at TC_Sign in_CS-40.run(TC_Sign in_CS-40:20)
	at com.kms.katalon.core.main.ScriptEngine.run(ScriptEngine.java:194)
	at com.kms.katalon.core.main.ScriptEngine.runScriptAsRawText(ScriptEngine.java:119)
	at com.kms.katalon.core.main.TestCaseExecutor.runScript(TestCaseExecutor.java:448)
	at com.kms.katalon.core.main.TestCaseExecutor.doExecute(TestCaseExecutor.java:439)
	at com.kms.katalon.core.main.TestCaseExecutor.processExecutionPhase(TestCaseExecutor.java:418)
	at com.kms.katalon.core.main.TestCaseExecutor.accessMainPhase(TestCaseExecutor.java:410)
	at com.kms.katalon.core.main.TestCaseExecutor.execute(TestCaseExecutor.java:285)
	at com.kms.katalon.core.main.TestCaseMain.runTestCase(TestCaseMain.java:142)
	at com.kms.katalon.core.keyword.builtin.CallTestCaseKeyword$_callTestCase_closure1.doCall(CallTestCaseKeyword.groovy:59)
	... 20 more
Caused by: org.openqa.selenium.SessionNotCreatedException: Unable to create a new remote session. Please check the server log for more details. Original error: An unknown server-side error occurred while processing the command. Original error: UiAutomator2 Server cannot start because the local port #53685 is busy. Make sure the port you provide via 'systemPort' capability is not occupied. This situation might often be a result of an inaccurate sessions management, e.g. old automation sessions on the same device must always be closed before starting new ones.
Build info: version: '3.141.59', revision: 'e82be7d358', time: '2018-11-14T08:25:53'
System info: host: 'Sandis-MacBook-Air.local', ip: 'fe80:0:0:0:c5b:3cc4:ccb4:d475%en0', os.name: 'Mac OS X', os.arch: 'x86_64', os.version: '10.16', java.version: '1.8.0_275'
Driver info: driver.version: SwipeableAndroidDriver
remote stacktrace: UnknownError: An unknown server-side error occurred while processing the command. Original error: UiAutomator2 Server cannot start because the local port #53685 is busy. Make sure the port you provide via 'systemPort' capability is not occupied. This situation might often be a result of an inaccurate sessions management, e.g. old automation sessions on the same device must always be closed before starting new ones.
    at getResponseForW3CError (/opt/node/v16.17.1/lib/node_modules/appium/node_modules/appium-base-driver/lib/protocol/errors.js:804:9)
    at asyncHandler (/opt/node/v16.17.1/lib/node_modules/appium/node_modules/appium-base-driver/lib/protocol/protocol.js:380:37)
Build info: version: '3.141.59', revision: 'e82be7d358', time: '2018-11-14T08:25:53'
System info: host: 'Sandis-MacBook-Air.local', ip: 'fe80:0:0:0:c5b:3cc4:ccb4:d475%en0', os.name: 'Mac OS X', os.arch: 'x86_64', os.version: '10.16', java.version: '1.8.0_275'
Driver info: driver.version: SwipeableAndroidDriver
	at io.appium.java_client.remote.AppiumCommandExecutor$1.createSession(AppiumCommandExecutor.java:208)
	at io.appium.java_client.remote.AppiumCommandExecutor.createSession(AppiumCommandExecutor.java:217)
	at io.appium.java_client.remote.AppiumCommandExecutor.execute(AppiumCommandExecutor.java:239)
	at org.openqa.selenium.remote.RemoteWebDriver.execute(RemoteWebDriver.java:552)
	at io.appium.java_client.DefaultGenericMobileDriver.execute(DefaultGenericMobileDriver.java:42)
	at io.appium.java_client.AppiumDriver.execute(AppiumDriver.java:1)
	at io.appium.java_client.android.AndroidDriver.execute(AndroidDriver.java:1)
	at com.kms.katalon.core.appium.driver.SwipeableAndroidDriver.execute(SwipeableAndroidDriver.java:1)
	at org.openqa.selenium.remote.RemoteWebDriver.startSession(RemoteWebDriver.java:213)
	at org.openqa.selenium.remote.RemoteWebDriver.<init>(RemoteWebDriver.java:131)
	at io.appium.java_client.DefaultGenericMobileDriver.<init>(DefaultGenericMobileDriver.java:38)
	at io.appium.java_client.AppiumDriver.<init>(AppiumDriver.java:84)
	at io.appium.java_client.android.AndroidDriver.<init>(AndroidDriver.java:85)
	at com.kms.katalon.core.appium.driver.SwipeableAndroidDriver.<init>(SwipeableAndroidDriver.java:24)
	at com.kms.katalon.core.appium.driver.AppiumDriverManager.createMobileDriver(AppiumDriverManager.java:503)
	at com.kms.katalon.core.appium.driver.AppiumDriverManager.createMobileDriver(AppiumDriverManager.java:485)
	at com.kms.katalon.core.mobile.keyword.internal.MobileDriverFactory.startLocalMobileDriver(MobileDriverFactory.java:539)
	at com.kms.katalon.core.mobile.keyword.internal.MobileDriverFactory.startMobileDriver(MobileDriverFactory.java:452)
	at com.kms.katalon.core.mobile.keyword.builtin.StartApplicationKeyword$_startApplication_closure1.doCall(StartApplicationKeyword.groovy:49)
	at com.kms.katalon.core.mobile.keyword.builtin.StartApplicationKeyword$_startApplication_closure1.call(StartApplicationKeyword.groovy)
	at com.kms.katalon.core.mobile.keyword.internal.MobileKeywordMain.runKeyword(MobileKeywordMain.groovy:21)
	... 35 more
Caused by: java.lang.reflect.InvocationTargetException
	at io.appium.java_client.remote.AppiumCommandExecutor$1.createSession(AppiumCommandExecutor.java:186)
	at io.appium.java_client.remote.AppiumCommandExecutor.createSession(AppiumCommandExecutor.java:217)
	at io.appium.java_client.remote.AppiumCommandExecutor.execute(AppiumCommandExecutor.java:239)
	at org.openqa.selenium.remote.RemoteWebDriver.execute(RemoteWebDriver.java:552)
	at io.appium.java_client.DefaultGenericMobileDriver.execute(DefaultGenericMobileDriver.java:42)
	at io.appium.java_client.AppiumDriver.execute(AppiumDriver.java:1)
	at io.appium.java_client.android.AndroidDriver.execute(AndroidDriver.java:1)
	at com.kms.katalon.core.appium.driver.SwipeableAndroidDriver.execute(SwipeableAndroidDriver.java:1)
	at org.openqa.selenium.remote.RemoteWebDriver.startSession(RemoteWebDriver.java:213)
	at org.openqa.selenium.remote.RemoteWebDriver.<init>(RemoteWebDriver.java:131)
	at io.appium.java_client.DefaultGenericMobileDriver.<init>(DefaultGenericMobileDriver.java:38)
	at io.appium.java_client.AppiumDriver.<init>(AppiumDriver.java:84)
	at io.appium.java_client.android.AndroidDriver.<init>(AndroidDriver.java:85)
	at com.kms.katalon.core.appium.driver.SwipeableAndroidDriver.<init>(SwipeableAndroidDriver.java:24)
	at com.kms.katalon.core.appium.driver.AppiumDriverManager.createMobileDriver(AppiumDriverManager.java:503)
	at com.kms.katalon.core.appium.driver.AppiumDriverManager.createMobileDriver(AppiumDriverManager.java:485)
	at com.kms.katalon.core.mobile.keyword.internal.MobileDriverFactory.startLocalMobileDriver(MobileDriverFactory.java:539)
	at com.kms.katalon.core.mobile.keyword.internal.MobileDriverFactory.startMobileDriver(MobileDriverFactory.java:452)
	at com.kms.katalon.core.mobile.keyword.builtin.StartApplicationKeyword$_startApplication_closure1.doCall(StartApplicationKeyword.groovy:49)
	at com.kms.katalon.core.mobile.keyword.builtin.StartApplicationKeyword$_startApplication_closure1.call(StartApplicationKeyword.groovy)
	at com.kms.katalon.core.mobile.keyword.internal.MobileKeywordMain.runKeyword(MobileKeywordMain.groovy:21)
	at com.kms.katalon.core.mobile.keyword.builtin.StartApplicationKeyword.startApplication(StartApplicationKeyword.groovy:51)
	at com.kms.katalon.core.mobile.keyword.builtin.StartApplicationKeyword.execute(StartApplicationKeyword.groovy:40)
	at com.kms.katalon.core.keyword.internal.KeywordExecutor.executeKeywordForPlatform(KeywordExecutor.groovy:74)
	at com.kms.katalon.core.mobile.keyword.MobileBuiltInKeywords.startApplication(MobileBuiltInKeywords.groovy:78)
	at com.kms.katalon.core.mobile.keyword.MobileBuiltInKeywords$startApplication.call(Unknown Source)
	at Script1666945512283.run(Script1666945512283.groovy:20)
	at com.kms.katalon.core.main.ScriptEngine.run(ScriptEngine.java:194)
	at com.kms.katalon.core.main.ScriptEngine.runScriptAsRawText(ScriptEngine.java:119)
	at com.kms.katalon.core.main.TestCaseExecutor.runScript(TestCaseExecutor.java:448)
	at com.kms.katalon.core.main.TestCaseExecutor.doExecute(TestCaseExecutor.java:439)
	at com.kms.katalon.core.main.TestCaseExecutor.processExecutionPhase(TestCaseExecutor.java:418)
	at com.kms.katalon.core.main.TestCaseExecutor.accessMainPhase(TestCaseExecutor.java:410)
	at com.kms.katalon.core.main.TestCaseExecutor.execute(TestCaseExecutor.java:285)
	at com.kms.katalon.core.main.TestCaseMain.runTestCase(TestCaseMain.java:142)
	at com.kms.katalon.core.keyword.builtin.CallTestCaseKeyword$_callTestCase_closure1.doCall(CallTestCaseKeyword.groovy:59)
	at com.kms.katalon.core.keyword.builtin.CallTestCaseKeyword$_callTestCase_closure1.call(CallTestCaseKeyword.groovy)
	at com.kms.katalon.core.keyword.internal.KeywordMain.runKeyword(KeywordMain.groovy:74)
	at com.kms.katalon.core.keyword.builtin.CallTestCaseKeyword.callTestCase(CallTestCaseKeyword.groovy:81)
	at com.kms.katalon.core.keyword.builtin.CallTestCaseKeyword.execute(CallTestCaseKeyword.groovy:44)
	at com.kms.katalon.core.keyword.internal.KeywordExecutor.executeKeywordForPlatform(KeywordExecutor.groovy:74)
	at com.kms.katalon.core.keyword.BuiltinKeywords.callTestCase(BuiltinKeywords.groovy:334)
	at Script1666862047546.run(Script1666862047546.groovy:20)
	... 13 more
Caused by: org.openqa.selenium.WebDriverException: An unknown server-side error occurred while processing the command. Original error: UiAutomator2 Server cannot start because the local port #53685 is busy. Make sure the port you provide via 'systemPort' capability is not occupied. This situation might often be a result of an inaccurate sessions management, e.g. old automation sessions on the same device must always be closed before starting new ones.
Build info: version: '3.141.59', revision: 'e82be7d358', time: '2018-11-14T08:25:53'
System info: host: 'Sandis-MacBook-Air.local', ip: 'fe80:0:0:0:c5b:3cc4:ccb4:d475%en0', os.name: 'Mac OS X', os.arch: 'x86_64', os.version: '10.16', java.version: '1.8.0_275'
Driver info: driver.version: SwipeableAndroidDriver
remote stacktrace: UnknownError: An unknown server-side error occurred while processing the command. Original error: UiAutomator2 Server cannot start because the local port #53685 is busy. Make sure the port you provide via 'systemPort' capability is not occupied. This situation might often be a result of an inaccurate sessions management, e.g. old automation sessions on the same device must always be closed before starting new ones.
    at getResponseForW3CError (/opt/node/v16.17.1/lib/node_modules/appium/node_modules/appium-base-driver/lib/protocol/errors.js:804:9)
    at asyncHandler (/opt/node/v16.17.1/lib/node_modules/appium/node_modules/appium-base-driver/lib/protocol/protocol.js:380:37)
	at org.openqa.selenium.remote.W3CHandshakeResponse.lambda$errorHandler$0(W3CHandshakeResponse.java:62)
	at org.openqa.selenium.remote.HandshakeResponse.lambda$getResponseFunction$0(HandshakeResponse.java:30)
	at org.openqa.selenium.remote.ProtocolHandshake.lambda$createSession$0(ProtocolHandshake.java:126)
	at org.openqa.selenium.remote.ProtocolHandshake.createSession(ProtocolHandshake.java:128)
	at io.appium.java_client.remote.AppiumCommandExecutor$1.createSession(AppiumCommandExecutor.java:186)
	at io.appium.java_client.remote.AppiumCommandExecutor.createSession(AppiumCommandExecutor.java:217)
	at io.appium.java_client.remote.AppiumCommandExecutor.execute(AppiumCommandExecutor.java:239)
	at org.openqa.selenium.remote.RemoteWebDriver.execute(RemoteWebDriver.java:552)
	at io.appium.java_client.DefaultGenericMobileDriver.execute(DefaultGenericMobileDriver.java:42)
	at io.appium.java_client.AppiumDriver.execute(AppiumDriver.java:1)
	at io.appium.java_client.android.AndroidDriver.execute(AndroidDriver.java:1)
	at com.kms.katalon.core.appium.driver.SwipeableAndroidDriver.execute(SwipeableAndroidDriver.java:1)
	at org.openqa.selenium.remote.RemoteWebDriver.startSession(RemoteWebDriver.java:213)
	at org.openqa.selenium.remote.RemoteWebDriver.<init>(RemoteWebDriver.java:131)
	at io.appium.java_client.DefaultGenericMobileDriver.<init>(DefaultGenericMobileDriver.java:38)
	at io.appium.java_client.AppiumDriver.<init>(AppiumDriver.java:84)
	at io.appium.java_client.android.AndroidDriver.<init>(AndroidDriver.java:85)
	at com.kms.katalon.core.appium.driver.SwipeableAndroidDriver.<init>(SwipeableAndroidDriver.java:24)
	at com.kms.katalon.core.appium.driver.AppiumDriverManager.createMobileDriver(AppiumDriverManager.java:503)
	at com.kms.katalon.core.appium.driver.AppiumDriverManager.createMobileDriver(AppiumDriverManager.java:485)
	at com.kms.katalon.core.mobile.keyword.internal.MobileDriverFactory.startLocalMobileDriver(MobileDriverFactory.java:539)
	at com.kms.katalon.core.mobile.keyword.internal.MobileDriverFactory.startMobileDriver(MobileDriverFactory.java:452)
	at com.kms.katalon.core.mobile.keyword.builtin.StartApplicationKeyword$_startApplication_closure1.doCall(StartApplicationKeyword.groovy:49)
	at com.kms.katalon.core.mobile.keyword.builtin.StartApplicationKeyword$_startApplication_closure1.call(StartApplicationKeyword.groovy)
	at com.kms.katalon.core.mobile.keyword.internal.MobileKeywordMain.runKeyword(MobileKeywordMain.groovy:21)
	at com.kms.katalon.core.mobile.keyword.builtin.StartApplicationKeyword.startApplication(StartApplicationKeyword.groovy:51)
	at com.kms.katalon.core.mobile.keyword.builtin.StartApplicationKeyword.execute(StartApplicationKeyword.groovy:40)
	at com.kms.katalon.core.keyword.internal.KeywordExecutor.executeKeywordForPlatform(KeywordExecutor.groovy:74)
	at com.kms.katalon.core.mobile.keyword.MobileBuiltInKeywords.startApplication(MobileBuiltInKeywords.groovy:78)
	at com.kms.katalon.core.mobile.keyword.MobileBuiltInKeywords$startApplication.call(Unknown Source)
	at TC_Sign in_CS-40.run(TC_Sign in_CS-40:20)
	at com.kms.katalon.core.main.ScriptEngine.run(ScriptEngine.java:194)
	at com.kms.katalon.core.main.ScriptEngine.runScriptAsRawText(ScriptEngine.java:119)
	at com.kms.katalon.core.main.TestCaseExecutor.runScript(TestCaseExecutor.java:448)
	at com.kms.katalon.core.main.TestCaseExecutor.doExecute(TestCaseExecutor.java:439)
	at com.kms.katalon.core.main.TestCaseExecutor.processExecutionPhase(TestCaseExecutor.java:418)
	at com.kms.katalon.core.main.TestCaseExecutor.accessMainPhase(TestCaseExecutor.java:410)
	at com.kms.katalon.core.main.TestCaseExecutor.execute(TestCaseExecutor.java:285)
	at com.kms.katalon.core.main.TestCaseMain.runTestCase(TestCaseMain.java:142)
	at com.kms.katalon.core.keyword.builtin.CallTestCaseKeyword$_callTestCase_closure1.doCall(CallTestCaseKeyword.groovy:59)
	at com.kms.katalon.core.keyword.builtin.CallTestCaseKeyword$_callTestCase_closure1.call(CallTestCaseKeyword.groovy)
	at com.kms.katalon.core.keyword.internal.KeywordMain.runKeyword(KeywordMain.groovy:74)
	at com.kms.katalon.core.keyword.builtin.CallTestCaseKeyword.callTestCase(CallTestCaseKeyword.groovy:81)
	at com.kms.katalon.core.keyword.builtin.CallTestCaseKeyword.execute(CallTestCaseKeyword.groovy:44)
	at com.kms.katalon.core.keyword.internal.KeywordExecutor.executeKeywordForPlatform(KeywordExecutor.groovy:74)
	at com.kms.katalon.core.keyword.BuiltinKeywords.callTestCase(BuiltinKeywords.groovy:334)
	at TC_Group Chat_CS-15.run(TC_Group Chat_CS-15:20)
	... 13 more]]></system-err>
      </testcase>
      <testcase name="Test Cases/GroupChat/TC_Group Chat_CS-16" time="27.48" classname="Test Cases/GroupChat/TC_Group Chat_CS-16" status="PASSED">
         <system-out><![CDATA[2022-10-28 21:36:32 - [TEST_CASE][PASSED] - Test Cases/GroupChat/TC_Group Chat_CS-16: Test Cases/GroupChat/TC_Group Chat_CS-16

2022-10-28 21:36:32 - [TEST_STEP][PASSED] - callTestCase(findTestCase("Sign in/TC_Sign in_CS-40"), [:], STOP_ON_FAILURE): Call Test Case 'Test Cases/Sign in/TC_Sign in_CS-40' successfully

2022-10-28 21:36:32 - [TEST_CASE][PASSED] - Test Cases/Sign in/TC_Sign in_CS-40: Test Cases/Sign in/TC_Sign in_CS-40

2022-10-28 21:36:32 - [TEST_STEP][PASSED] - startApplication("/Users/sandikurnia/Downloads/apk-staging-for-iqbal.apk", false): Started app at: '/Users/sandikurnia/Downloads/apk-staging-for-iqbal.apk'

2022-10-28 21:36:37 - [MESSAGE][PASSED] - Started app at: '/Users/sandikurnia/Downloads/apk-staging-for-iqbal.apk'

2022-10-28 21:36:37 - [TEST_STEP][PASSED] - tap(findTestObject("cicle.staging/Startup/YesButtonWhenOpenitApp"), 3, OPTIONAL): Object Object Repository/cicle.staging/Startup/YesButtonWhenOpenitApp not found

2022-10-28 21:36:40 - [MESSAGE][WARNING] - Object Object Repository/cicle.staging/Startup/YesButtonWhenOpenitApp not found

2022-10-28 21:36:40 - [TEST_STEP][PASSED] - tap(findTestObject("cicle.staging/Startup/SkipButtonWhenOpenitApp"), 3, OPTIONAL): Object Object Repository/cicle.staging/Startup/SkipButtonWhenOpenitApp not found

2022-10-28 21:36:43 - [MESSAGE][WARNING] - Object Object Repository/cicle.staging/Startup/SkipButtonWhenOpenitApp not found

2022-10-28 21:36:43 - [TEST_STEP][PASSED] - tap(findTestObject("cicle.staging/Startup/GotoSignInButton"), 3, OPTIONAL): Object Object Repository/cicle.staging/Startup/GotoSignInButton not found

2022-10-28 21:36:47 - [MESSAGE][WARNING] - Object Object Repository/cicle.staging/Startup/GotoSignInButton not found

2022-10-28 21:36:47 - [TEST_STEP][PASSED] - tap(findTestObject("cicle.staging/Startup/SignInwithGoogleAccount"), 3, OPTIONAL): Object Object Repository/cicle.staging/Startup/SignInwithGoogleAccount not found

2022-10-28 21:36:50 - [MESSAGE][WARNING] - Object Object Repository/cicle.staging/Startup/SignInwithGoogleAccount not found

2022-10-28 21:36:50 - [TEST_STEP][PASSED] - tap(findTestObject("cicle.staging/Startup/LayoutLoginwithMyAccount"), 3, OPTIONAL): Object Object Repository/cicle.staging/Startup/LayoutLoginwithMyAccount not found

2022-10-28 21:36:53 - [MESSAGE][WARNING] - Object Object Repository/cicle.staging/Startup/LayoutLoginwithMyAccount not found

2022-10-28 21:36:53 - [TEST_STEP][PASSED] - tap(findTestObject("cicle.staging/Startup/ChooseCompanyonYourListafterSignIn"), 3, OPTIONAL): Tapped on element 'Object Repository/cicle.staging/Startup/ChooseCompanyonYourListafterSignIn'

2022-10-28 21:36:53 - [MESSAGE][PASSED] - Tapped on element 'Object Repository/cicle.staging/Startup/ChooseCompanyonYourListafterSignIn'

2022-10-28 21:36:53 - [TEST_STEP][PASSED] - tap(findTestObject("cicle.staging/SekolahQAHeadQuarter/HeadquarterSekolahQA-MainPage"), 0, STOP_ON_FAILURE): Tapped on element 'Object Repository/cicle.staging/SekolahQAHeadQuarter/HeadquarterSekolahQA-MainPage'

2022-10-28 21:36:53 - [MESSAGE][WARNING] - Timeout '0' is invalid. Using default page load timeout: '30'

2022-10-28 21:36:54 - [MESSAGE][PASSED] - Tapped on element 'Object Repository/cicle.staging/SekolahQAHeadQuarter/HeadquarterSekolahQA-MainPage'

2022-10-28 21:36:54 - [MESSAGE][PASSED] - Call Test Case 'Test Cases/Sign in/TC_Sign in_CS-40' successfully

2022-10-28 21:36:54 - [TEST_STEP][PASSED] - tap(findTestObject("cicle.staging/Group Chat/GroupChatMenu"), 0): Tapped on element 'Object Repository/cicle.staging/Group Chat/GroupChatMenu'

2022-10-28 21:36:54 - [MESSAGE][WARNING] - Timeout '0' is invalid. Using default page load timeout: '30'

2022-10-28 21:36:54 - [MESSAGE][PASSED] - Tapped on element 'Object Repository/cicle.staging/Group Chat/GroupChatMenu'

2022-10-28 21:36:54 - [TEST_STEP][PASSED] - tap(findTestObject("cicle.staging/Group Chat/TypeMessage-Field"), 0): Tapped on element 'Object Repository/cicle.staging/Group Chat/TypeMessage-Field'

2022-10-28 21:36:54 - [MESSAGE][WARNING] - Timeout '0' is invalid. Using default page load timeout: '30'

2022-10-28 21:36:56 - [MESSAGE][PASSED] - Tapped on element 'Object Repository/cicle.staging/Group Chat/TypeMessage-Field'

2022-10-28 21:36:56 - [TEST_STEP][PASSED] - tap(findTestObject("cicle.staging/Group Chat/GroupChat-AttachmentButtonPopUpKeyboard"), 0): Tapped on element 'Object Repository/cicle.staging/Group Chat/GroupChat-AttachmentButtonPopUpKeyboard'

2022-10-28 21:36:56 - [MESSAGE][WARNING] - Timeout '0' is invalid. Using default page load timeout: '30'

2022-10-28 21:36:57 - [MESSAGE][PASSED] - Tapped on element 'Object Repository/cicle.staging/Group Chat/GroupChat-AttachmentButtonPopUpKeyboard'

2022-10-28 21:36:57 - [TEST_STEP][PASSED] - tap(findTestObject("cicle.staging/Group Chat/ImageFromGalleryAttachment-Button"), 0): Tapped on element 'Object Repository/cicle.staging/Group Chat/ImageFromGalleryAttachment-Button'

2022-10-28 21:36:57 - [MESSAGE][WARNING] - Timeout '0' is invalid. Using default page load timeout: '30'

2022-10-28 21:36:57 - [MESSAGE][PASSED] - Tapped on element 'Object Repository/cicle.staging/Group Chat/ImageFromGalleryAttachment-Button'

2022-10-28 21:36:57 - [TEST_STEP][PASSED] - tap(findTestObject("cicle.staging/Group Chat/Image-AddImageFromFiles-RECENT FILES"), 0, STOP_ON_FAILURE): Tapped on element 'Object Repository/cicle.staging/Group Chat/Image-AddImageFromFiles-RECENT FILES'

2022-10-28 21:36:57 - [MESSAGE][WARNING] - Timeout '0' is invalid. Using default page load timeout: '30'

2022-10-28 21:36:59 - [MESSAGE][PASSED] - Tapped on element 'Object Repository/cicle.staging/Group Chat/Image-AddImageFromFiles-RECENT FILES']]></system-out>
         <system-err><![CDATA[]]></system-err>
      </testcase>
      <testcase name="Test Cases/GroupChat/TC_Group Chat_CS-17" time="54.727" classname="Test Cases/GroupChat/TC_Group Chat_CS-17" status="FAILED">
         <failure type="FAILED" message="Test Cases/GroupChat/TC_Group Chat_CS-17 FAILED.
Reason:
com.kms.katalon.core.exception.StepFailedException: Object Object Repository/cicle.staging/Group Chat/IMAGE ON GROUP CHAT not found
	at com.kms.katalon.core.keyword.internal.KeywordMain.stepFailed(KeywordMain.groovy:50)
	at com.kms.katalon.core.mobile.keyword.internal.MobileKeywordMain.stepFailed(MobileKeywordMain.groovy:40)
	at com.kms.katalon.core.mobile.keyword.builtin.TapKeyword$_tap_closure1.doCall(TapKeyword.groovy:79)
	at com.kms.katalon.core.mobile.keyword.builtin.TapKeyword$_tap_closure1.call(TapKeyword.groovy)
	at com.kms.katalon.core.mobile.keyword.internal.MobileKeywordMain.runKeyword(MobileKeywordMain.groovy:21)
	at com.kms.katalon.core.mobile.keyword.builtin.TapKeyword.tap(TapKeyword.groovy:84)
	at com.kms.katalon.core.mobile.keyword.builtin.TapKeyword.execute(TapKeyword.groovy:68)
	at com.kms.katalon.core.keyword.internal.KeywordExecutor.executeKeywordForPlatform(KeywordExecutor.groovy:74)
	at com.kms.katalon.core.mobile.keyword.MobileBuiltInKeywords.tap(MobileBuiltInKeywords.groovy:1490)
	at com.kms.katalon.core.mobile.keyword.MobileBuiltInKeywords$tap$1.call(Unknown Source)
	at TC_Group Chat_CS-17.run(TC_Group Chat_CS-17:25)
	at com.kms.katalon.core.main.ScriptEngine.run(ScriptEngine.java:194)
	at com.kms.katalon.core.main.ScriptEngine.runScriptAsRawText(ScriptEngine.java:119)
	at com.kms.katalon.core.main.TestCaseExecutor.runScript(TestCaseExecutor.java:448)
	at com.kms.katalon.core.main.TestCaseExecutor.doExecute(TestCaseExecutor.java:439)
	at com.kms.katalon.core.main.TestCaseExecutor.processExecutionPhase(TestCaseExecutor.java:418)
	at com.kms.katalon.core.main.TestCaseExecutor.accessMainPhase(TestCaseExecutor.java:410)
	at com.kms.katalon.core.main.TestCaseExecutor.execute(TestCaseExecutor.java:285)
	at com.kms.katalon.core.common.CommonExecutor.accessTestCaseMainPhase(CommonExecutor.java:65)
	at com.kms.katalon.core.main.TestSuiteExecutor.accessTestSuiteMainPhase(TestSuiteExecutor.java:144)
	at com.kms.katalon.core.main.TestSuiteExecutor.execute(TestSuiteExecutor.java:106)
	at com.kms.katalon.core.main.TestCaseMain.startTestSuite(TestCaseMain.java:185)
	at com.kms.katalon.core.main.TestCaseMain$startTestSuite$0.call(Unknown Source)
	at TempTestSuite1666967328832.run(TempTestSuite1666967328832.groovy:36)
"/>
         <system-out><![CDATA[2022-10-28 21:36:59 - [TEST_CASE][FAILED] - Test Cases/GroupChat/TC_Group Chat_CS-17: Test Cases/GroupChat/TC_Group Chat_CS-17 FAILED.
Reason:
com.kms.katalon.core.exception.StepFailedException: Object Object Repository/cicle.staging/Group Chat/IMAGE ON GROUP CHAT not found
	at com.kms.katalon.core.keyword.internal.KeywordMain.stepFailed(KeywordMain.groovy:50)
	at com.kms.katalon.core.mobile.keyword.internal.MobileKeywordMain.stepFailed(MobileKeywordMain.groovy:40)
	at com.kms.katalon.core.mobile.keyword.builtin.TapKeyword$_tap_closure1.doCall(TapKeyword.groovy:79)
	at com.kms.katalon.core.mobile.keyword.builtin.TapKeyword$_tap_closure1.call(TapKeyword.groovy)
	at com.kms.katalon.core.mobile.keyword.internal.MobileKeywordMain.runKeyword(MobileKeywordMain.groovy:21)
	at com.kms.katalon.core.mobile.keyword.builtin.TapKeyword.tap(TapKeyword.groovy:84)
	at com.kms.katalon.core.mobile.keyword.builtin.TapKeyword.execute(TapKeyword.groovy:68)
	at com.kms.katalon.core.keyword.internal.KeywordExecutor.executeKeywordForPlatform(KeywordExecutor.groovy:74)
	at com.kms.katalon.core.mobile.keyword.MobileBuiltInKeywords.tap(MobileBuiltInKeywords.groovy:1490)
	at com.kms.katalon.core.mobile.keyword.MobileBuiltInKeywords$tap$1.call(Unknown Source)
	at TC_Group Chat_CS-17.run(TC_Group Chat_CS-17:25)
	at com.kms.katalon.core.main.ScriptEngine.run(ScriptEngine.java:194)
	at com.kms.katalon.core.main.ScriptEngine.runScriptAsRawText(ScriptEngine.java:119)
	at com.kms.katalon.core.main.TestCaseExecutor.runScript(TestCaseExecutor.java:448)
	at com.kms.katalon.core.main.TestCaseExecutor.doExecute(TestCaseExecutor.java:439)
	at com.kms.katalon.core.main.TestCaseExecutor.processExecutionPhase(TestCaseExecutor.java:418)
	at com.kms.katalon.core.main.TestCaseExecutor.accessMainPhase(TestCaseExecutor.java:410)
	at com.kms.katalon.core.main.TestCaseExecutor.execute(TestCaseExecutor.java:285)
	at com.kms.katalon.core.common.CommonExecutor.accessTestCaseMainPhase(CommonExecutor.java:65)
	at com.kms.katalon.core.main.TestSuiteExecutor.accessTestSuiteMainPhase(TestSuiteExecutor.java:144)
	at com.kms.katalon.core.main.TestSuiteExecutor.execute(TestSuiteExecutor.java:106)
	at com.kms.katalon.core.main.TestCaseMain.startTestSuite(TestCaseMain.java:185)
	at com.kms.katalon.core.main.TestCaseMain$startTestSuite$0.call(Unknown Source)
	at TempTestSuite1666967328832.run(TempTestSuite1666967328832.groovy:36)


2022-10-28 21:37:00 - [TEST_STEP][PASSED] - callTestCase(findTestCase("Sign in/TC_Sign in_CS-40"), [:], STOP_ON_FAILURE): Call Test Case 'Test Cases/Sign in/TC_Sign in_CS-40' successfully

2022-10-28 21:37:00 - [TEST_CASE][PASSED] - Test Cases/Sign in/TC_Sign in_CS-40: Test Cases/Sign in/TC_Sign in_CS-40

2022-10-28 21:37:00 - [TEST_STEP][PASSED] - startApplication("/Users/sandikurnia/Downloads/apk-staging-for-iqbal.apk", false): Started app at: '/Users/sandikurnia/Downloads/apk-staging-for-iqbal.apk'

2022-10-28 21:37:06 - [MESSAGE][PASSED] - Started app at: '/Users/sandikurnia/Downloads/apk-staging-for-iqbal.apk'

2022-10-28 21:37:06 - [TEST_STEP][PASSED] - tap(findTestObject("cicle.staging/Startup/YesButtonWhenOpenitApp"), 3, OPTIONAL): Object Object Repository/cicle.staging/Startup/YesButtonWhenOpenitApp not found

2022-10-28 21:37:09 - [MESSAGE][WARNING] - Object Object Repository/cicle.staging/Startup/YesButtonWhenOpenitApp not found

2022-10-28 21:37:09 - [TEST_STEP][PASSED] - tap(findTestObject("cicle.staging/Startup/SkipButtonWhenOpenitApp"), 3, OPTIONAL): Object Object Repository/cicle.staging/Startup/SkipButtonWhenOpenitApp not found

2022-10-28 21:37:12 - [MESSAGE][WARNING] - Object Object Repository/cicle.staging/Startup/SkipButtonWhenOpenitApp not found

2022-10-28 21:37:12 - [TEST_STEP][PASSED] - tap(findTestObject("cicle.staging/Startup/GotoSignInButton"), 3, OPTIONAL): Object Object Repository/cicle.staging/Startup/GotoSignInButton not found

2022-10-28 21:37:16 - [MESSAGE][WARNING] - Object Object Repository/cicle.staging/Startup/GotoSignInButton not found

2022-10-28 21:37:16 - [TEST_STEP][PASSED] - tap(findTestObject("cicle.staging/Startup/SignInwithGoogleAccount"), 3, OPTIONAL): Object Object Repository/cicle.staging/Startup/SignInwithGoogleAccount not found

2022-10-28 21:37:19 - [MESSAGE][WARNING] - Object Object Repository/cicle.staging/Startup/SignInwithGoogleAccount not found

2022-10-28 21:37:19 - [TEST_STEP][PASSED] - tap(findTestObject("cicle.staging/Startup/LayoutLoginwithMyAccount"), 3, OPTIONAL): Object Object Repository/cicle.staging/Startup/LayoutLoginwithMyAccount not found

2022-10-28 21:37:22 - [MESSAGE][WARNING] - Object Object Repository/cicle.staging/Startup/LayoutLoginwithMyAccount not found

2022-10-28 21:37:22 - [TEST_STEP][PASSED] - tap(findTestObject("cicle.staging/Startup/ChooseCompanyonYourListafterSignIn"), 3, OPTIONAL): Tapped on element 'Object Repository/cicle.staging/Startup/ChooseCompanyonYourListafterSignIn'

2022-10-28 21:37:22 - [MESSAGE][PASSED] - Tapped on element 'Object Repository/cicle.staging/Startup/ChooseCompanyonYourListafterSignIn'

2022-10-28 21:37:22 - [TEST_STEP][PASSED] - tap(findTestObject("cicle.staging/SekolahQAHeadQuarter/HeadquarterSekolahQA-MainPage"), 0, STOP_ON_FAILURE): Tapped on element 'Object Repository/cicle.staging/SekolahQAHeadQuarter/HeadquarterSekolahQA-MainPage'

2022-10-28 21:37:22 - [MESSAGE][WARNING] - Timeout '0' is invalid. Using default page load timeout: '30'

2022-10-28 21:37:23 - [MESSAGE][PASSED] - Tapped on element 'Object Repository/cicle.staging/SekolahQAHeadQuarter/HeadquarterSekolahQA-MainPage'

2022-10-28 21:37:23 - [MESSAGE][PASSED] - Call Test Case 'Test Cases/Sign in/TC_Sign in_CS-40' successfully

2022-10-28 21:37:23 - [TEST_STEP][PASSED] - tap(findTestObject("cicle.staging/Group Chat/GroupChatMenu"), 0): Tapped on element 'Object Repository/cicle.staging/Group Chat/GroupChatMenu'

2022-10-28 21:37:23 - [MESSAGE][WARNING] - Timeout '0' is invalid. Using default page load timeout: '30'

2022-10-28 21:37:23 - [MESSAGE][PASSED] - Tapped on element 'Object Repository/cicle.staging/Group Chat/GroupChatMenu'

2022-10-28 21:37:23 - [TEST_STEP][FAILED] - tap(findTestObject("cicle.staging/Group Chat/IMAGE ON GROUP CHAT"), 0): Failed to tap on element 'Object Repository/cicle.staging/Group Chat/IMAGE ON GROUP CHAT' (Root cause: com.kms.katalon.core.exception.StepFailedException: Object Object Repository/cicle.staging/Group Chat/IMAGE ON GROUP CHAT not found
	at com.kms.katalon.core.keyword.internal.KeywordMain.stepFailed(KeywordMain.groovy:50)
	at com.kms.katalon.core.mobile.keyword.internal.MobileKeywordMain.stepFailed(MobileKeywordMain.groovy:40)
	at com.kms.katalon.core.mobile.keyword.builtin.TapKeyword$_tap_closure1.doCall(TapKeyword.groovy:79)
	at com.kms.katalon.core.mobile.keyword.builtin.TapKeyword$_tap_closure1.call(TapKeyword.groovy)
	at com.kms.katalon.core.mobile.keyword.internal.MobileKeywordMain.runKeyword(MobileKeywordMain.groovy:21)
	at com.kms.katalon.core.mobile.keyword.builtin.TapKeyword.tap(TapKeyword.groovy:84)
	at com.kms.katalon.core.mobile.keyword.builtin.TapKeyword.execute(TapKeyword.groovy:68)
	at com.kms.katalon.core.keyword.internal.KeywordExecutor.executeKeywordForPlatform(KeywordExecutor.groovy:74)
	at com.kms.katalon.core.mobile.keyword.MobileBuiltInKeywords.tap(MobileBuiltInKeywords.groovy:1490)
	at com.kms.katalon.core.mobile.keyword.MobileBuiltInKeywords$tap$1.call(Unknown Source)
	at TC_Group Chat_CS-17.run(TC_Group Chat_CS-17:25)
	at com.kms.katalon.core.main.ScriptEngine.run(ScriptEngine.java:194)
	at com.kms.katalon.core.main.ScriptEngine.runScriptAsRawText(ScriptEngine.java:119)
	at com.kms.katalon.core.main.TestCaseExecutor.runScript(TestCaseExecutor.java:448)
	at com.kms.katalon.core.main.TestCaseExecutor.doExecute(TestCaseExecutor.java:439)
	at com.kms.katalon.core.main.TestCaseExecutor.processExecutionPhase(TestCaseExecutor.java:418)
	at com.kms.katalon.core.main.TestCaseExecutor.accessMainPhase(TestCaseExecutor.java:410)
	at com.kms.katalon.core.main.TestCaseExecutor.execute(TestCaseExecutor.java:285)
	at com.kms.katalon.core.common.CommonExecutor.accessTestCaseMainPhase(CommonExecutor.java:65)
	at com.kms.katalon.core.main.TestSuiteExecutor.accessTestSuiteMainPhase(TestSuiteExecutor.java:144)
	at com.kms.katalon.core.main.TestSuiteExecutor.execute(TestSuiteExecutor.java:106)
	at com.kms.katalon.core.main.TestCaseMain.startTestSuite(TestCaseMain.java:185)
	at com.kms.katalon.core.main.TestCaseMain$startTestSuite$0.call(Unknown Source)
	at TempTestSuite1666967328832.run(TempTestSuite1666967328832.groovy:36)
)

2022-10-28 21:37:23 - [MESSAGE][WARNING] - Timeout '0' is invalid. Using default page load timeout: '30'

2022-10-28 21:37:54 - [MESSAGE][FAILED] - Object Object Repository/cicle.staging/Group Chat/IMAGE ON GROUP CHAT not found

2022-10-28 21:37:54 - [MESSAGE][FAILED] - Failed to tap on element 'Object Repository/cicle.staging/Group Chat/IMAGE ON GROUP CHAT' (Root cause: com.kms.katalon.core.exception.StepFailedException: Object Object Repository/cicle.staging/Group Chat/IMAGE ON GROUP CHAT not found
	at com.kms.katalon.core.keyword.internal.KeywordMain.stepFailed(KeywordMain.groovy:50)
	at com.kms.katalon.core.mobile.keyword.internal.MobileKeywordMain.stepFailed(MobileKeywordMain.groovy:40)
	at com.kms.katalon.core.mobile.keyword.builtin.TapKeyword$_tap_closure1.doCall(TapKeyword.groovy:79)
	at com.kms.katalon.core.mobile.keyword.builtin.TapKeyword$_tap_closure1.call(TapKeyword.groovy)
	at com.kms.katalon.core.mobile.keyword.internal.MobileKeywordMain.runKeyword(MobileKeywordMain.groovy:21)
	at com.kms.katalon.core.mobile.keyword.builtin.TapKeyword.tap(TapKeyword.groovy:84)
	at com.kms.katalon.core.mobile.keyword.builtin.TapKeyword.execute(TapKeyword.groovy:68)
	at com.kms.katalon.core.keyword.internal.KeywordExecutor.executeKeywordForPlatform(KeywordExecutor.groovy:74)
	at com.kms.katalon.core.mobile.keyword.MobileBuiltInKeywords.tap(MobileBuiltInKeywords.groovy:1490)
	at com.kms.katalon.core.mobile.keyword.MobileBuiltInKeywords$tap$1.call(Unknown Source)
	at TC_Group Chat_CS-17.run(TC_Group Chat_CS-17:25)
	at com.kms.katalon.core.main.ScriptEngine.run(ScriptEngine.java:194)
	at com.kms.katalon.core.main.ScriptEngine.runScriptAsRawText(ScriptEngine.java:119)
	at com.kms.katalon.core.main.TestCaseExecutor.runScript(TestCaseExecutor.java:448)
	at com.kms.katalon.core.main.TestCaseExecutor.doExecute(TestCaseExecutor.java:439)
	at com.kms.katalon.core.main.TestCaseExecutor.processExecutionPhase(TestCaseExecutor.java:418)
	at com.kms.katalon.core.main.TestCaseExecutor.accessMainPhase(TestCaseExecutor.java:410)
	at com.kms.katalon.core.main.TestCaseExecutor.execute(TestCaseExecutor.java:285)
	at com.kms.katalon.core.common.CommonExecutor.accessTestCaseMainPhase(CommonExecutor.java:65)
	at com.kms.katalon.core.main.TestSuiteExecutor.accessTestSuiteMainPhase(TestSuiteExecutor.java:144)
	at com.kms.katalon.core.main.TestSuiteExecutor.execute(TestSuiteExecutor.java:106)
	at com.kms.katalon.core.main.TestCaseMain.startTestSuite(TestCaseMain.java:185)
	at com.kms.katalon.core.main.TestCaseMain$startTestSuite$0.call(Unknown Source)
	at TempTestSuite1666967328832.run(TempTestSuite1666967328832.groovy:36)
)
[[ATTACHMENT|/Users/sandikurnia/Katalon Studio/smallProject/Reports/20221028_212848/Cicle Staging Mobile App/Cicle Staging Mobile App/20221028_212848/1666967874111.png]]]]></system-out>
         <system-err><![CDATA[2022-10-28 21:36:59 - [TEST_CASE][FAILED] - Test Cases/GroupChat/TC_Group Chat_CS-17: Test Cases/GroupChat/TC_Group Chat_CS-17 FAILED.
Reason:
com.kms.katalon.core.exception.StepFailedException: Object Object Repository/cicle.staging/Group Chat/IMAGE ON GROUP CHAT not found
	at com.kms.katalon.core.keyword.internal.KeywordMain.stepFailed(KeywordMain.groovy:50)
	at com.kms.katalon.core.mobile.keyword.internal.MobileKeywordMain.stepFailed(MobileKeywordMain.groovy:40)
	at com.kms.katalon.core.mobile.keyword.builtin.TapKeyword$_tap_closure1.doCall(TapKeyword.groovy:79)
	at com.kms.katalon.core.mobile.keyword.builtin.TapKeyword$_tap_closure1.call(TapKeyword.groovy)
	at com.kms.katalon.core.mobile.keyword.internal.MobileKeywordMain.runKeyword(MobileKeywordMain.groovy:21)
	at com.kms.katalon.core.mobile.keyword.builtin.TapKeyword.tap(TapKeyword.groovy:84)
	at com.kms.katalon.core.mobile.keyword.builtin.TapKeyword.execute(TapKeyword.groovy:68)
	at com.kms.katalon.core.keyword.internal.KeywordExecutor.executeKeywordForPlatform(KeywordExecutor.groovy:74)
	at com.kms.katalon.core.mobile.keyword.MobileBuiltInKeywords.tap(MobileBuiltInKeywords.groovy:1490)
	at com.kms.katalon.core.mobile.keyword.MobileBuiltInKeywords$tap$1.call(Unknown Source)
	at TC_Group Chat_CS-17.run(TC_Group Chat_CS-17:25)
	at com.kms.katalon.core.main.ScriptEngine.run(ScriptEngine.java:194)
	at com.kms.katalon.core.main.ScriptEngine.runScriptAsRawText(ScriptEngine.java:119)
	at com.kms.katalon.core.main.TestCaseExecutor.runScript(TestCaseExecutor.java:448)
	at com.kms.katalon.core.main.TestCaseExecutor.doExecute(TestCaseExecutor.java:439)
	at com.kms.katalon.core.main.TestCaseExecutor.processExecutionPhase(TestCaseExecutor.java:418)
	at com.kms.katalon.core.main.TestCaseExecutor.accessMainPhase(TestCaseExecutor.java:410)
	at com.kms.katalon.core.main.TestCaseExecutor.execute(TestCaseExecutor.java:285)
	at com.kms.katalon.core.common.CommonExecutor.accessTestCaseMainPhase(CommonExecutor.java:65)
	at com.kms.katalon.core.main.TestSuiteExecutor.accessTestSuiteMainPhase(TestSuiteExecutor.java:144)
	at com.kms.katalon.core.main.TestSuiteExecutor.execute(TestSuiteExecutor.java:106)
	at com.kms.katalon.core.main.TestCaseMain.startTestSuite(TestCaseMain.java:185)
	at com.kms.katalon.core.main.TestCaseMain$startTestSuite$0.call(Unknown Source)
	at TempTestSuite1666967328832.run(TempTestSuite1666967328832.groovy:36)]]></system-err>
      </testcase>
      <testcase name="Test Cases/GroupChat/TC_Group Chat_CS-18" time="28.522" classname="Test Cases/GroupChat/TC_Group Chat_CS-18" status="PASSED">
         <system-out><![CDATA[2022-10-28 21:37:54 - [TEST_CASE][PASSED] - Test Cases/GroupChat/TC_Group Chat_CS-18: Test Cases/GroupChat/TC_Group Chat_CS-18

2022-10-28 21:37:54 - [TEST_STEP][PASSED] - callTestCase(findTestCase("Sign in/TC_Sign in_CS-40"), [:], STOP_ON_FAILURE): Call Test Case 'Test Cases/Sign in/TC_Sign in_CS-40' successfully

2022-10-28 21:37:54 - [TEST_CASE][PASSED] - Test Cases/Sign in/TC_Sign in_CS-40: Test Cases/Sign in/TC_Sign in_CS-40

2022-10-28 21:37:54 - [TEST_STEP][PASSED] - startApplication("/Users/sandikurnia/Downloads/apk-staging-for-iqbal.apk", false): Started app at: '/Users/sandikurnia/Downloads/apk-staging-for-iqbal.apk'

2022-10-28 21:38:00 - [MESSAGE][PASSED] - Started app at: '/Users/sandikurnia/Downloads/apk-staging-for-iqbal.apk'

2022-10-28 21:38:00 - [TEST_STEP][PASSED] - tap(findTestObject("cicle.staging/Startup/YesButtonWhenOpenitApp"), 3, OPTIONAL): Object Object Repository/cicle.staging/Startup/YesButtonWhenOpenitApp not found

2022-10-28 21:38:03 - [MESSAGE][WARNING] - Object Object Repository/cicle.staging/Startup/YesButtonWhenOpenitApp not found

2022-10-28 21:38:03 - [TEST_STEP][PASSED] - tap(findTestObject("cicle.staging/Startup/SkipButtonWhenOpenitApp"), 3, OPTIONAL): Object Object Repository/cicle.staging/Startup/SkipButtonWhenOpenitApp not found

2022-10-28 21:38:06 - [MESSAGE][WARNING] - Object Object Repository/cicle.staging/Startup/SkipButtonWhenOpenitApp not found

2022-10-28 21:38:06 - [TEST_STEP][PASSED] - tap(findTestObject("cicle.staging/Startup/GotoSignInButton"), 3, OPTIONAL): Object Object Repository/cicle.staging/Startup/GotoSignInButton not found

2022-10-28 21:38:09 - [MESSAGE][WARNING] - Object Object Repository/cicle.staging/Startup/GotoSignInButton not found

2022-10-28 21:38:09 - [TEST_STEP][PASSED] - tap(findTestObject("cicle.staging/Startup/SignInwithGoogleAccount"), 3, OPTIONAL): Object Object Repository/cicle.staging/Startup/SignInwithGoogleAccount not found

2022-10-28 21:38:12 - [MESSAGE][WARNING] - Object Object Repository/cicle.staging/Startup/SignInwithGoogleAccount not found

2022-10-28 21:38:12 - [TEST_STEP][PASSED] - tap(findTestObject("cicle.staging/Startup/LayoutLoginwithMyAccount"), 3, OPTIONAL): Object Object Repository/cicle.staging/Startup/LayoutLoginwithMyAccount not found

2022-10-28 21:38:15 - [MESSAGE][WARNING] - Object Object Repository/cicle.staging/Startup/LayoutLoginwithMyAccount not found

2022-10-28 21:38:15 - [TEST_STEP][PASSED] - tap(findTestObject("cicle.staging/Startup/ChooseCompanyonYourListafterSignIn"), 3, OPTIONAL): Tapped on element 'Object Repository/cicle.staging/Startup/ChooseCompanyonYourListafterSignIn'

2022-10-28 21:38:15 - [MESSAGE][PASSED] - Tapped on element 'Object Repository/cicle.staging/Startup/ChooseCompanyonYourListafterSignIn'

2022-10-28 21:38:15 - [TEST_STEP][PASSED] - tap(findTestObject("cicle.staging/SekolahQAHeadQuarter/HeadquarterSekolahQA-MainPage"), 0, STOP_ON_FAILURE): Tapped on element 'Object Repository/cicle.staging/SekolahQAHeadQuarter/HeadquarterSekolahQA-MainPage'

2022-10-28 21:38:15 - [MESSAGE][WARNING] - Timeout '0' is invalid. Using default page load timeout: '30'

2022-10-28 21:38:17 - [MESSAGE][PASSED] - Tapped on element 'Object Repository/cicle.staging/SekolahQAHeadQuarter/HeadquarterSekolahQA-MainPage'

2022-10-28 21:38:17 - [MESSAGE][PASSED] - Call Test Case 'Test Cases/Sign in/TC_Sign in_CS-40' successfully

2022-10-28 21:38:17 - [TEST_STEP][PASSED] - tap(findTestObject("cicle.staging/Group Chat/GroupChatMenu"), 0): Tapped on element 'Object Repository/cicle.staging/Group Chat/GroupChatMenu'

2022-10-28 21:38:17 - [MESSAGE][WARNING] - Timeout '0' is invalid. Using default page load timeout: '30'

2022-10-28 21:38:17 - [MESSAGE][PASSED] - Tapped on element 'Object Repository/cicle.staging/Group Chat/GroupChatMenu'

2022-10-28 21:38:17 - [TEST_STEP][PASSED] - tap(findTestObject("cicle.staging/Group Chat/TypeMessage-Field"), 0): Tapped on element 'Object Repository/cicle.staging/Group Chat/TypeMessage-Field'

2022-10-28 21:38:17 - [MESSAGE][WARNING] - Timeout '0' is invalid. Using default page load timeout: '30'

2022-10-28 21:38:18 - [MESSAGE][PASSED] - Tapped on element 'Object Repository/cicle.staging/Group Chat/TypeMessage-Field'

2022-10-28 21:38:18 - [TEST_STEP][PASSED] - tap(findTestObject("cicle.staging/Group Chat/GroupChat-AttachmentButtonPopUpKeyboard"), 0): Tapped on element 'Object Repository/cicle.staging/Group Chat/GroupChat-AttachmentButtonPopUpKeyboard'

2022-10-28 21:38:19 - [MESSAGE][WARNING] - Timeout '0' is invalid. Using default page load timeout: '30'

2022-10-28 21:38:20 - [MESSAGE][PASSED] - Tapped on element 'Object Repository/cicle.staging/Group Chat/GroupChat-AttachmentButtonPopUpKeyboard'

2022-10-28 21:38:20 - [TEST_STEP][PASSED] - tap(findTestObject("cicle.staging/Group Chat/ImageFromCameraAttachment-Button"), 0): Tapped on element 'Object Repository/cicle.staging/Group Chat/ImageFromCameraAttachment-Button'

2022-10-28 21:38:20 - [MESSAGE][WARNING] - Timeout '0' is invalid. Using default page load timeout: '30'

2022-10-28 21:38:20 - [MESSAGE][PASSED] - Tapped on element 'Object Repository/cicle.staging/Group Chat/ImageFromCameraAttachment-Button'

2022-10-28 21:38:20 - [TEST_STEP][PASSED] - tap(findTestObject("cicle.staging/Group Chat/shutterCamera-Button"), 0, STOP_ON_FAILURE): Tapped on element 'Object Repository/cicle.staging/Group Chat/shutterCamera-Button'

2022-10-28 21:38:20 - [MESSAGE][WARNING] - Timeout '0' is invalid. Using default page load timeout: '30'

2022-10-28 21:38:22 - [MESSAGE][PASSED] - Tapped on element 'Object Repository/cicle.staging/Group Chat/shutterCamera-Button'

2022-10-28 21:38:22 - [TEST_STEP][PASSED] - tap(findTestObject("Object Repository/cicle.staging/Group Chat/CheckCameraButton"), 0): Tapped on element 'Object Repository/cicle.staging/Group Chat/CheckCameraButton'

2022-10-28 21:38:22 - [MESSAGE][WARNING] - Timeout '0' is invalid. Using default page load timeout: '30'

2022-10-28 21:38:23 - [MESSAGE][PASSED] - Tapped on element 'Object Repository/cicle.staging/Group Chat/CheckCameraButton']]></system-out>
         <system-err><![CDATA[]]></system-err>
      </testcase>
      <testcase name="Test Cases/GroupChat/TC_Group Chat_CS-19" time="30.137" classname="Test Cases/GroupChat/TC_Group Chat_CS-19" status="PASSED">
         <system-out><![CDATA[2022-10-28 21:38:23 - [TEST_CASE][PASSED] - Test Cases/GroupChat/TC_Group Chat_CS-19: Test Cases/GroupChat/TC_Group Chat_CS-19

2022-10-28 21:38:23 - [TEST_STEP][PASSED] - callTestCase(findTestCase("Sign in/TC_Sign in_CS-40"), [:], STOP_ON_FAILURE): Call Test Case 'Test Cases/Sign in/TC_Sign in_CS-40' successfully

2022-10-28 21:38:23 - [TEST_CASE][PASSED] - Test Cases/Sign in/TC_Sign in_CS-40: Test Cases/Sign in/TC_Sign in_CS-40

2022-10-28 21:38:23 - [TEST_STEP][PASSED] - startApplication("/Users/sandikurnia/Downloads/apk-staging-for-iqbal.apk", false): Started app at: '/Users/sandikurnia/Downloads/apk-staging-for-iqbal.apk'

2022-10-28 21:38:28 - [MESSAGE][PASSED] - Started app at: '/Users/sandikurnia/Downloads/apk-staging-for-iqbal.apk'

2022-10-28 21:38:28 - [TEST_STEP][PASSED] - tap(findTestObject("cicle.staging/Startup/YesButtonWhenOpenitApp"), 3, OPTIONAL): Object Object Repository/cicle.staging/Startup/YesButtonWhenOpenitApp not found

2022-10-28 21:38:31 - [MESSAGE][WARNING] - Object Object Repository/cicle.staging/Startup/YesButtonWhenOpenitApp not found

2022-10-28 21:38:31 - [TEST_STEP][PASSED] - tap(findTestObject("cicle.staging/Startup/SkipButtonWhenOpenitApp"), 3, OPTIONAL): Object Object Repository/cicle.staging/Startup/SkipButtonWhenOpenitApp not found

2022-10-28 21:38:34 - [MESSAGE][WARNING] - Object Object Repository/cicle.staging/Startup/SkipButtonWhenOpenitApp not found

2022-10-28 21:38:34 - [TEST_STEP][PASSED] - tap(findTestObject("cicle.staging/Startup/GotoSignInButton"), 3, OPTIONAL): Object Object Repository/cicle.staging/Startup/GotoSignInButton not found

2022-10-28 21:38:38 - [MESSAGE][WARNING] - Object Object Repository/cicle.staging/Startup/GotoSignInButton not found

2022-10-28 21:38:38 - [TEST_STEP][PASSED] - tap(findTestObject("cicle.staging/Startup/SignInwithGoogleAccount"), 3, OPTIONAL): Object Object Repository/cicle.staging/Startup/SignInwithGoogleAccount not found

2022-10-28 21:38:41 - [MESSAGE][WARNING] - Object Object Repository/cicle.staging/Startup/SignInwithGoogleAccount not found

2022-10-28 21:38:41 - [TEST_STEP][PASSED] - tap(findTestObject("cicle.staging/Startup/LayoutLoginwithMyAccount"), 3, OPTIONAL): Object Object Repository/cicle.staging/Startup/LayoutLoginwithMyAccount not found

2022-10-28 21:38:44 - [MESSAGE][WARNING] - Object Object Repository/cicle.staging/Startup/LayoutLoginwithMyAccount not found

2022-10-28 21:38:44 - [TEST_STEP][PASSED] - tap(findTestObject("cicle.staging/Startup/ChooseCompanyonYourListafterSignIn"), 3, OPTIONAL): Tapped on element 'Object Repository/cicle.staging/Startup/ChooseCompanyonYourListafterSignIn'

2022-10-28 21:38:44 - [MESSAGE][PASSED] - Tapped on element 'Object Repository/cicle.staging/Startup/ChooseCompanyonYourListafterSignIn'

2022-10-28 21:38:44 - [TEST_STEP][PASSED] - tap(findTestObject("cicle.staging/SekolahQAHeadQuarter/HeadquarterSekolahQA-MainPage"), 0, STOP_ON_FAILURE): Tapped on element 'Object Repository/cicle.staging/SekolahQAHeadQuarter/HeadquarterSekolahQA-MainPage'

2022-10-28 21:38:44 - [MESSAGE][WARNING] - Timeout '0' is invalid. Using default page load timeout: '30'

2022-10-28 21:38:45 - [MESSAGE][PASSED] - Tapped on element 'Object Repository/cicle.staging/SekolahQAHeadQuarter/HeadquarterSekolahQA-MainPage'

2022-10-28 21:38:45 - [MESSAGE][PASSED] - Call Test Case 'Test Cases/Sign in/TC_Sign in_CS-40' successfully

2022-10-28 21:38:45 - [TEST_STEP][PASSED] - tap(findTestObject("cicle.staging/Group Chat/GroupChatMenu"), 0): Tapped on element 'Object Repository/cicle.staging/Group Chat/GroupChatMenu'

2022-10-28 21:38:45 - [MESSAGE][WARNING] - Timeout '0' is invalid. Using default page load timeout: '30'

2022-10-28 21:38:45 - [MESSAGE][PASSED] - Tapped on element 'Object Repository/cicle.staging/Group Chat/GroupChatMenu'

2022-10-28 21:38:45 - [TEST_STEP][PASSED] - tap(findTestObject("cicle.staging/Group Chat/TypeMessage-Field"), 0): Tapped on element 'Object Repository/cicle.staging/Group Chat/TypeMessage-Field'

2022-10-28 21:38:45 - [MESSAGE][WARNING] - Timeout '0' is invalid. Using default page load timeout: '30'

2022-10-28 21:38:47 - [MESSAGE][PASSED] - Tapped on element 'Object Repository/cicle.staging/Group Chat/TypeMessage-Field'

2022-10-28 21:38:47 - [TEST_STEP][PASSED] - tap(findTestObject("cicle.staging/Group Chat/GroupChat-AttachmentButtonPopUpKeyboard"), 0): Tapped on element 'Object Repository/cicle.staging/Group Chat/GroupChat-AttachmentButtonPopUpKeyboard'

2022-10-28 21:38:47 - [MESSAGE][WARNING] - Timeout '0' is invalid. Using default page load timeout: '30'

2022-10-28 21:38:49 - [MESSAGE][PASSED] - Tapped on element 'Object Repository/cicle.staging/Group Chat/GroupChat-AttachmentButtonPopUpKeyboard'

2022-10-28 21:38:49 - [TEST_STEP][PASSED] - tap(findTestObject("cicle.staging/Group Chat/DocumentandVideoAttachment-Button"), 0): Tapped on element 'Object Repository/cicle.staging/Group Chat/DocumentandVideoAttachment-Button'

2022-10-28 21:38:49 - [MESSAGE][WARNING] - Timeout '0' is invalid. Using default page load timeout: '30'

2022-10-28 21:38:51 - [MESSAGE][PASSED] - Tapped on element 'Object Repository/cicle.staging/Group Chat/DocumentandVideoAttachment-Button'

2022-10-28 21:38:51 - [TEST_STEP][PASSED] - tap(findTestObject("cicle.staging/Group Chat/Video Button-RECENT FILES"), 0): Tapped on element 'Object Repository/cicle.staging/Group Chat/Video Button-RECENT FILES'

2022-10-28 21:38:51 - [MESSAGE][WARNING] - Timeout '0' is invalid. Using default page load timeout: '30'

2022-10-28 21:38:51 - [MESSAGE][PASSED] - Tapped on element 'Object Repository/cicle.staging/Group Chat/Video Button-RECENT FILES'

2022-10-28 21:38:51 - [TEST_STEP][PASSED] - tap(findTestObject("cicle.staging/Group Chat/MP4 FILE"), 0): Tapped on element 'Object Repository/cicle.staging/Group Chat/MP4 FILE'

2022-10-28 21:38:51 - [MESSAGE][WARNING] - Timeout '0' is invalid. Using default page load timeout: '30'

2022-10-28 21:38:53 - [MESSAGE][PASSED] - Tapped on element 'Object Repository/cicle.staging/Group Chat/MP4 FILE']]></system-out>
         <system-err><![CDATA[]]></system-err>
      </testcase>
      <testcase name="Test Cases/GroupChat/TC_Group Chat_CS-20" time="43.834" classname="Test Cases/GroupChat/TC_Group Chat_CS-20" status="PASSED">
         <system-out><![CDATA[2022-10-28 21:38:53 - [TEST_CASE][PASSED] - Test Cases/GroupChat/TC_Group Chat_CS-20: Test Cases/GroupChat/TC_Group Chat_CS-20

2022-10-28 21:38:53 - [TEST_STEP][PASSED] - callTestCase(findTestCase("Sign in/TC_Sign in_CS-40"), [:], STOP_ON_FAILURE): Call Test Case 'Test Cases/Sign in/TC_Sign in_CS-40' successfully

2022-10-28 21:38:53 - [TEST_CASE][PASSED] - Test Cases/Sign in/TC_Sign in_CS-40: Test Cases/Sign in/TC_Sign in_CS-40

2022-10-28 21:38:53 - [TEST_STEP][PASSED] - startApplication("/Users/sandikurnia/Downloads/apk-staging-for-iqbal.apk", false): Started app at: '/Users/sandikurnia/Downloads/apk-staging-for-iqbal.apk'

2022-10-28 21:38:58 - [MESSAGE][PASSED] - Started app at: '/Users/sandikurnia/Downloads/apk-staging-for-iqbal.apk'

2022-10-28 21:38:58 - [TEST_STEP][PASSED] - tap(findTestObject("cicle.staging/Startup/YesButtonWhenOpenitApp"), 3, OPTIONAL): Object Object Repository/cicle.staging/Startup/YesButtonWhenOpenitApp not found

2022-10-28 21:39:01 - [MESSAGE][WARNING] - Object Object Repository/cicle.staging/Startup/YesButtonWhenOpenitApp not found

2022-10-28 21:39:01 - [TEST_STEP][PASSED] - tap(findTestObject("cicle.staging/Startup/SkipButtonWhenOpenitApp"), 3, OPTIONAL): Object Object Repository/cicle.staging/Startup/SkipButtonWhenOpenitApp not found

2022-10-28 21:39:05 - [MESSAGE][WARNING] - Object Object Repository/cicle.staging/Startup/SkipButtonWhenOpenitApp not found

2022-10-28 21:39:05 - [TEST_STEP][PASSED] - tap(findTestObject("cicle.staging/Startup/GotoSignInButton"), 3, OPTIONAL): Object Object Repository/cicle.staging/Startup/GotoSignInButton not found

2022-10-28 21:39:08 - [MESSAGE][WARNING] - Object Object Repository/cicle.staging/Startup/GotoSignInButton not found

2022-10-28 21:39:08 - [TEST_STEP][PASSED] - tap(findTestObject("cicle.staging/Startup/SignInwithGoogleAccount"), 3, OPTIONAL): Object Object Repository/cicle.staging/Startup/SignInwithGoogleAccount not found

2022-10-28 21:39:11 - [MESSAGE][WARNING] - Object Object Repository/cicle.staging/Startup/SignInwithGoogleAccount not found

2022-10-28 21:39:11 - [TEST_STEP][PASSED] - tap(findTestObject("cicle.staging/Startup/LayoutLoginwithMyAccount"), 3, OPTIONAL): Object Object Repository/cicle.staging/Startup/LayoutLoginwithMyAccount not found

2022-10-28 21:39:14 - [MESSAGE][WARNING] - Object Object Repository/cicle.staging/Startup/LayoutLoginwithMyAccount not found

2022-10-28 21:39:14 - [TEST_STEP][PASSED] - tap(findTestObject("cicle.staging/Startup/ChooseCompanyonYourListafterSignIn"), 3, OPTIONAL): Tapped on element 'Object Repository/cicle.staging/Startup/ChooseCompanyonYourListafterSignIn'

2022-10-28 21:39:14 - [MESSAGE][PASSED] - Tapped on element 'Object Repository/cicle.staging/Startup/ChooseCompanyonYourListafterSignIn'

2022-10-28 21:39:14 - [TEST_STEP][PASSED] - tap(findTestObject("cicle.staging/SekolahQAHeadQuarter/HeadquarterSekolahQA-MainPage"), 0, STOP_ON_FAILURE): Tapped on element 'Object Repository/cicle.staging/SekolahQAHeadQuarter/HeadquarterSekolahQA-MainPage'

2022-10-28 21:39:14 - [MESSAGE][WARNING] - Timeout '0' is invalid. Using default page load timeout: '30'

2022-10-28 21:39:15 - [MESSAGE][PASSED] - Tapped on element 'Object Repository/cicle.staging/SekolahQAHeadQuarter/HeadquarterSekolahQA-MainPage'

2022-10-28 21:39:15 - [MESSAGE][PASSED] - Call Test Case 'Test Cases/Sign in/TC_Sign in_CS-40' successfully

2022-10-28 21:39:15 - [TEST_STEP][PASSED] - tap(findTestObject("cicle.staging/Group Chat/GroupChatMenu"), 0): Tapped on element 'Object Repository/cicle.staging/Group Chat/GroupChatMenu'

2022-10-28 21:39:16 - [MESSAGE][WARNING] - Timeout '0' is invalid. Using default page load timeout: '30'

2022-10-28 21:39:16 - [MESSAGE][PASSED] - Tapped on element 'Object Repository/cicle.staging/Group Chat/GroupChatMenu'

2022-10-28 21:39:16 - [TEST_STEP][PASSED] - tap(findTestObject("cicle.staging/Group Chat/TypeMessage-Field"), 0): Tapped on element 'Object Repository/cicle.staging/Group Chat/TypeMessage-Field'

2022-10-28 21:39:16 - [MESSAGE][WARNING] - Timeout '0' is invalid. Using default page load timeout: '30'

2022-10-28 21:39:17 - [MESSAGE][PASSED] - Tapped on element 'Object Repository/cicle.staging/Group Chat/TypeMessage-Field'

2022-10-28 21:39:17 - [TEST_STEP][PASSED] - tap(findTestObject("cicle.staging/Group Chat/GroupChat-AttachmentButtonPopUpKeyboard"), 0): Tapped on element 'Object Repository/cicle.staging/Group Chat/GroupChat-AttachmentButtonPopUpKeyboard'

2022-10-28 21:39:17 - [MESSAGE][WARNING] - Timeout '0' is invalid. Using default page load timeout: '30'

2022-10-28 21:39:19 - [MESSAGE][PASSED] - Tapped on element 'Object Repository/cicle.staging/Group Chat/GroupChat-AttachmentButtonPopUpKeyboard'

2022-10-28 21:39:19 - [TEST_STEP][PASSED] - tap(findTestObject("cicle.staging/Group Chat/DocumentandVideoAttachment-Button"), 0): Tapped on element 'Object Repository/cicle.staging/Group Chat/DocumentandVideoAttachment-Button'

2022-10-28 21:39:19 - [MESSAGE][WARNING] - Timeout '0' is invalid. Using default page load timeout: '30'

2022-10-28 21:39:19 - [MESSAGE][PASSED] - Tapped on element 'Object Repository/cicle.staging/Group Chat/DocumentandVideoAttachment-Button'

2022-10-28 21:39:19 - [TEST_STEP][PASSED] - tap(findTestObject("cicle.staging/Group Chat/Video Button-RECENT FILES"), 0): Tapped on element 'Object Repository/cicle.staging/Group Chat/Video Button-RECENT FILES'

2022-10-28 21:39:19 - [MESSAGE][WARNING] - Timeout '0' is invalid. Using default page load timeout: '30'

2022-10-28 21:39:21 - [MESSAGE][PASSED] - Tapped on element 'Object Repository/cicle.staging/Group Chat/Video Button-RECENT FILES'

2022-10-28 21:39:21 - [TEST_STEP][PASSED] - tap(findTestObject("cicle.staging/Group Chat/MOV Files2"), 0): Tapped on element 'Object Repository/cicle.staging/Group Chat/MOV Files2'

2022-10-28 21:39:21 - [MESSAGE][WARNING] - Timeout '0' is invalid. Using default page load timeout: '30'

2022-10-28 21:39:23 - [MESSAGE][PASSED] - Tapped on element 'Object Repository/cicle.staging/Group Chat/MOV Files2'

2022-10-28 21:39:23 - [TEST_STEP][PASSED] - verifyElementVisible(findTestObject("cicle.staging/Group Chat/FormatFileNotAllowed"), 0): Element 'Object Repository/cicle.staging/Group Chat/FormatFileNotAllowed' is visible

2022-10-28 21:39:23 - [MESSAGE][WARNING] - Timeout '0' is invalid. Using default page load timeout: '30'

2022-10-28 21:39:37 - [MESSAGE][PASSED] - Element 'Object Repository/cicle.staging/Group Chat/FormatFileNotAllowed' is visible]]></system-out>
         <system-err><![CDATA[]]></system-err>
      </testcase>
      <testcase name="Test Cases/GroupChat/TC_Group Chat_CS-21" time="31.452" classname="Test Cases/GroupChat/TC_Group Chat_CS-21" status="PASSED">
         <system-out><![CDATA[2022-10-28 21:39:37 - [TEST_CASE][PASSED] - Test Cases/GroupChat/TC_Group Chat_CS-21: Test Cases/GroupChat/TC_Group Chat_CS-21

2022-10-28 21:39:37 - [TEST_STEP][PASSED] - callTestCase(findTestCase("Sign in/TC_Sign in_CS-40"), [:], STOP_ON_FAILURE): Call Test Case 'Test Cases/Sign in/TC_Sign in_CS-40' successfully

2022-10-28 21:39:37 - [TEST_CASE][PASSED] - Test Cases/Sign in/TC_Sign in_CS-40: Test Cases/Sign in/TC_Sign in_CS-40

2022-10-28 21:39:37 - [TEST_STEP][PASSED] - startApplication("/Users/sandikurnia/Downloads/apk-staging-for-iqbal.apk", false): Started app at: '/Users/sandikurnia/Downloads/apk-staging-for-iqbal.apk'

2022-10-28 21:39:42 - [MESSAGE][PASSED] - Started app at: '/Users/sandikurnia/Downloads/apk-staging-for-iqbal.apk'

2022-10-28 21:39:42 - [TEST_STEP][PASSED] - tap(findTestObject("cicle.staging/Startup/YesButtonWhenOpenitApp"), 3, OPTIONAL): Object Object Repository/cicle.staging/Startup/YesButtonWhenOpenitApp not found

2022-10-28 21:39:45 - [MESSAGE][WARNING] - Object Object Repository/cicle.staging/Startup/YesButtonWhenOpenitApp not found

2022-10-28 21:39:45 - [TEST_STEP][PASSED] - tap(findTestObject("cicle.staging/Startup/SkipButtonWhenOpenitApp"), 3, OPTIONAL): Object Object Repository/cicle.staging/Startup/SkipButtonWhenOpenitApp not found

2022-10-28 21:39:48 - [MESSAGE][WARNING] - Object Object Repository/cicle.staging/Startup/SkipButtonWhenOpenitApp not found

2022-10-28 21:39:48 - [TEST_STEP][PASSED] - tap(findTestObject("cicle.staging/Startup/GotoSignInButton"), 3, OPTIONAL): Object Object Repository/cicle.staging/Startup/GotoSignInButton not found

2022-10-28 21:39:51 - [MESSAGE][WARNING] - Object Object Repository/cicle.staging/Startup/GotoSignInButton not found

2022-10-28 21:39:51 - [TEST_STEP][PASSED] - tap(findTestObject("cicle.staging/Startup/SignInwithGoogleAccount"), 3, OPTIONAL): Object Object Repository/cicle.staging/Startup/SignInwithGoogleAccount not found

2022-10-28 21:39:55 - [MESSAGE][WARNING] - Object Object Repository/cicle.staging/Startup/SignInwithGoogleAccount not found

2022-10-28 21:39:55 - [TEST_STEP][PASSED] - tap(findTestObject("cicle.staging/Startup/LayoutLoginwithMyAccount"), 3, OPTIONAL): Object Object Repository/cicle.staging/Startup/LayoutLoginwithMyAccount not found

2022-10-28 21:39:58 - [MESSAGE][WARNING] - Object Object Repository/cicle.staging/Startup/LayoutLoginwithMyAccount not found

2022-10-28 21:39:58 - [TEST_STEP][PASSED] - tap(findTestObject("cicle.staging/Startup/ChooseCompanyonYourListafterSignIn"), 3, OPTIONAL): Tapped on element 'Object Repository/cicle.staging/Startup/ChooseCompanyonYourListafterSignIn'

2022-10-28 21:39:58 - [MESSAGE][PASSED] - Tapped on element 'Object Repository/cicle.staging/Startup/ChooseCompanyonYourListafterSignIn'

2022-10-28 21:39:58 - [TEST_STEP][PASSED] - tap(findTestObject("cicle.staging/SekolahQAHeadQuarter/HeadquarterSekolahQA-MainPage"), 0, STOP_ON_FAILURE): Tapped on element 'Object Repository/cicle.staging/SekolahQAHeadQuarter/HeadquarterSekolahQA-MainPage'

2022-10-28 21:39:58 - [MESSAGE][WARNING] - Timeout '0' is invalid. Using default page load timeout: '30'

2022-10-28 21:39:59 - [MESSAGE][PASSED] - Tapped on element 'Object Repository/cicle.staging/SekolahQAHeadQuarter/HeadquarterSekolahQA-MainPage'

2022-10-28 21:39:59 - [MESSAGE][PASSED] - Call Test Case 'Test Cases/Sign in/TC_Sign in_CS-40' successfully

2022-10-28 21:39:59 - [TEST_STEP][PASSED] - tap(findTestObject("cicle.staging/Group Chat/GroupChatMenu"), 0): Tapped on element 'Object Repository/cicle.staging/Group Chat/GroupChatMenu'

2022-10-28 21:39:59 - [MESSAGE][WARNING] - Timeout '0' is invalid. Using default page load timeout: '30'

2022-10-28 21:39:59 - [MESSAGE][PASSED] - Tapped on element 'Object Repository/cicle.staging/Group Chat/GroupChatMenu'

2022-10-28 21:39:59 - [TEST_STEP][PASSED] - tap(findTestObject("cicle.staging/Group Chat/TypeMessage-Field"), 0): Tapped on element 'Object Repository/cicle.staging/Group Chat/TypeMessage-Field'

2022-10-28 21:39:59 - [MESSAGE][WARNING] - Timeout '0' is invalid. Using default page load timeout: '30'

2022-10-28 21:40:03 - [MESSAGE][PASSED] - Tapped on element 'Object Repository/cicle.staging/Group Chat/TypeMessage-Field'

2022-10-28 21:40:03 - [TEST_STEP][PASSED] - tap(findTestObject("cicle.staging/Group Chat/GroupChat-AttachmentButtonPopUpKeyboard"), 0): Tapped on element 'Object Repository/cicle.staging/Group Chat/GroupChat-AttachmentButtonPopUpKeyboard'

2022-10-28 21:40:03 - [MESSAGE][WARNING] - Timeout '0' is invalid. Using default page load timeout: '30'

2022-10-28 21:40:04 - [MESSAGE][PASSED] - Tapped on element 'Object Repository/cicle.staging/Group Chat/GroupChat-AttachmentButtonPopUpKeyboard'

2022-10-28 21:40:04 - [TEST_STEP][PASSED] - tap(findTestObject("cicle.staging/Group Chat/DocumentandVideoAttachment-Button"), 0): Tapped on element 'Object Repository/cicle.staging/Group Chat/DocumentandVideoAttachment-Button'

2022-10-28 21:40:04 - [MESSAGE][WARNING] - Timeout '0' is invalid. Using default page load timeout: '30'

2022-10-28 21:40:05 - [MESSAGE][PASSED] - Tapped on element 'Object Repository/cicle.staging/Group Chat/DocumentandVideoAttachment-Button'

2022-10-28 21:40:05 - [TEST_STEP][PASSED] - tap(findTestObject("cicle.staging/Group Chat/DocumentsMenuOnFile"), 0): Tapped on element 'Object Repository/cicle.staging/Group Chat/DocumentsMenuOnFile'

2022-10-28 21:40:05 - [MESSAGE][WARNING] - Timeout '0' is invalid. Using default page load timeout: '30'

2022-10-28 21:40:06 - [MESSAGE][PASSED] - Tapped on element 'Object Repository/cicle.staging/Group Chat/DocumentsMenuOnFile'

2022-10-28 21:40:06 - [TEST_STEP][PASSED] - tap(findTestObject("cicle.staging/Group Chat/XLSX Doc - Recent File"), 0): Tapped on element 'Object Repository/cicle.staging/Group Chat/XLSX Doc - Recent File'

2022-10-28 21:40:06 - [MESSAGE][WARNING] - Timeout '0' is invalid. Using default page load timeout: '30'

2022-10-28 21:40:08 - [MESSAGE][PASSED] - Tapped on element 'Object Repository/cicle.staging/Group Chat/XLSX Doc - Recent File']]></system-out>
         <system-err><![CDATA[]]></system-err>
      </testcase>
      <testcase name="Test Cases/GroupChat/TC_Group Chat_CS-22" time="29.83" classname="Test Cases/GroupChat/TC_Group Chat_CS-22" status="PASSED">
         <system-out><![CDATA[2022-10-28 21:40:08 - [TEST_CASE][PASSED] - Test Cases/GroupChat/TC_Group Chat_CS-22: Test Cases/GroupChat/TC_Group Chat_CS-22

2022-10-28 21:40:08 - [TEST_STEP][PASSED] - callTestCase(findTestCase("Sign in/TC_Sign in_CS-40"), [:], STOP_ON_FAILURE): Call Test Case 'Test Cases/Sign in/TC_Sign in_CS-40' successfully

2022-10-28 21:40:08 - [TEST_CASE][PASSED] - Test Cases/Sign in/TC_Sign in_CS-40: Test Cases/Sign in/TC_Sign in_CS-40

2022-10-28 21:40:08 - [TEST_STEP][PASSED] - startApplication("/Users/sandikurnia/Downloads/apk-staging-for-iqbal.apk", false): Started app at: '/Users/sandikurnia/Downloads/apk-staging-for-iqbal.apk'

2022-10-28 21:40:14 - [MESSAGE][PASSED] - Started app at: '/Users/sandikurnia/Downloads/apk-staging-for-iqbal.apk'

2022-10-28 21:40:14 - [TEST_STEP][PASSED] - tap(findTestObject("cicle.staging/Startup/YesButtonWhenOpenitApp"), 3, OPTIONAL): Object Object Repository/cicle.staging/Startup/YesButtonWhenOpenitApp not found

2022-10-28 21:40:17 - [MESSAGE][WARNING] - Object Object Repository/cicle.staging/Startup/YesButtonWhenOpenitApp not found

2022-10-28 21:40:17 - [TEST_STEP][PASSED] - tap(findTestObject("cicle.staging/Startup/SkipButtonWhenOpenitApp"), 3, OPTIONAL): Object Object Repository/cicle.staging/Startup/SkipButtonWhenOpenitApp not found

2022-10-28 21:40:20 - [MESSAGE][WARNING] - Object Object Repository/cicle.staging/Startup/SkipButtonWhenOpenitApp not found

2022-10-28 21:40:20 - [TEST_STEP][PASSED] - tap(findTestObject("cicle.staging/Startup/GotoSignInButton"), 3, OPTIONAL): Object Object Repository/cicle.staging/Startup/GotoSignInButton not found

2022-10-28 21:40:23 - [MESSAGE][WARNING] - Object Object Repository/cicle.staging/Startup/GotoSignInButton not found

2022-10-28 21:40:23 - [TEST_STEP][PASSED] - tap(findTestObject("cicle.staging/Startup/SignInwithGoogleAccount"), 3, OPTIONAL): Object Object Repository/cicle.staging/Startup/SignInwithGoogleAccount not found

2022-10-28 21:40:26 - [MESSAGE][WARNING] - Object Object Repository/cicle.staging/Startup/SignInwithGoogleAccount not found

2022-10-28 21:40:26 - [TEST_STEP][PASSED] - tap(findTestObject("cicle.staging/Startup/LayoutLoginwithMyAccount"), 3, OPTIONAL): Object Object Repository/cicle.staging/Startup/LayoutLoginwithMyAccount not found

2022-10-28 21:40:29 - [MESSAGE][WARNING] - Object Object Repository/cicle.staging/Startup/LayoutLoginwithMyAccount not found

2022-10-28 21:40:29 - [TEST_STEP][PASSED] - tap(findTestObject("cicle.staging/Startup/ChooseCompanyonYourListafterSignIn"), 3, OPTIONAL): Tapped on element 'Object Repository/cicle.staging/Startup/ChooseCompanyonYourListafterSignIn'

2022-10-28 21:40:29 - [MESSAGE][PASSED] - Tapped on element 'Object Repository/cicle.staging/Startup/ChooseCompanyonYourListafterSignIn'

2022-10-28 21:40:29 - [TEST_STEP][PASSED] - tap(findTestObject("cicle.staging/SekolahQAHeadQuarter/HeadquarterSekolahQA-MainPage"), 0, STOP_ON_FAILURE): Tapped on element 'Object Repository/cicle.staging/SekolahQAHeadQuarter/HeadquarterSekolahQA-MainPage'

2022-10-28 21:40:29 - [MESSAGE][WARNING] - Timeout '0' is invalid. Using default page load timeout: '30'

2022-10-28 21:40:31 - [MESSAGE][PASSED] - Tapped on element 'Object Repository/cicle.staging/SekolahQAHeadQuarter/HeadquarterSekolahQA-MainPage'

2022-10-28 21:40:31 - [MESSAGE][PASSED] - Call Test Case 'Test Cases/Sign in/TC_Sign in_CS-40' successfully

2022-10-28 21:40:31 - [TEST_STEP][PASSED] - tap(findTestObject("cicle.staging/Group Chat/GroupChatMenu"), 0): Tapped on element 'Object Repository/cicle.staging/Group Chat/GroupChatMenu'

2022-10-28 21:40:31 - [MESSAGE][WARNING] - Timeout '0' is invalid. Using default page load timeout: '30'

2022-10-28 21:40:32 - [MESSAGE][PASSED] - Tapped on element 'Object Repository/cicle.staging/Group Chat/GroupChatMenu'

2022-10-28 21:40:32 - [TEST_STEP][PASSED] - tap(findTestObject("cicle.staging/Group Chat/TypeMessage-Field"), 0): Tapped on element 'Object Repository/cicle.staging/Group Chat/TypeMessage-Field'

2022-10-28 21:40:32 - [MESSAGE][WARNING] - Timeout '0' is invalid. Using default page load timeout: '30'

2022-10-28 21:40:32 - [MESSAGE][PASSED] - Tapped on element 'Object Repository/cicle.staging/Group Chat/TypeMessage-Field'

2022-10-28 21:40:32 - [TEST_STEP][PASSED] - tap(findTestObject("cicle.staging/Group Chat/GroupChat-AttachmentButtonPopUpKeyboard"), 0): Tapped on element 'Object Repository/cicle.staging/Group Chat/GroupChat-AttachmentButtonPopUpKeyboard'

2022-10-28 21:40:32 - [MESSAGE][WARNING] - Timeout '0' is invalid. Using default page load timeout: '30'

2022-10-28 21:40:34 - [MESSAGE][PASSED] - Tapped on element 'Object Repository/cicle.staging/Group Chat/GroupChat-AttachmentButtonPopUpKeyboard'

2022-10-28 21:40:34 - [TEST_STEP][PASSED] - tap(findTestObject("cicle.staging/Group Chat/DocumentandVideoAttachment-Button"), 0): Tapped on element 'Object Repository/cicle.staging/Group Chat/DocumentandVideoAttachment-Button'

2022-10-28 21:40:34 - [MESSAGE][WARNING] - Timeout '0' is invalid. Using default page load timeout: '30'

2022-10-28 21:40:34 - [MESSAGE][PASSED] - Tapped on element 'Object Repository/cicle.staging/Group Chat/DocumentandVideoAttachment-Button'

2022-10-28 21:40:34 - [TEST_STEP][PASSED] - tap(findTestObject("cicle.staging/Group Chat/Audio button - Files"), 0): Tapped on element 'Object Repository/cicle.staging/Group Chat/Audio button - Files'

2022-10-28 21:40:34 - [MESSAGE][WARNING] - Timeout '0' is invalid. Using default page load timeout: '30'

2022-10-28 21:40:36 - [MESSAGE][PASSED] - Tapped on element 'Object Repository/cicle.staging/Group Chat/Audio button - Files'

2022-10-28 21:40:36 - [TEST_STEP][PASSED] - tap(findTestObject("cicle.staging/Group Chat/Audio File - Files"), 0): Tapped on element 'Object Repository/cicle.staging/Group Chat/Audio File - Files'

2022-10-28 21:40:36 - [MESSAGE][WARNING] - Timeout '0' is invalid. Using default page load timeout: '30'

2022-10-28 21:40:38 - [MESSAGE][PASSED] - Tapped on element 'Object Repository/cicle.staging/Group Chat/Audio File - Files']]></system-out>
         <system-err><![CDATA[]]></system-err>
      </testcase>
      <testcase name="Test Cases/GroupChat/TC_Group Chat_CS-23" time="25.487" classname="Test Cases/GroupChat/TC_Group Chat_CS-23" status="PASSED">
         <system-out><![CDATA[2022-10-28 21:40:38 - [TEST_CASE][PASSED] - Test Cases/GroupChat/TC_Group Chat_CS-23: Test Cases/GroupChat/TC_Group Chat_CS-23

2022-10-28 21:40:38 - [TEST_STEP][PASSED] - callTestCase(findTestCase("Sign in/TC_Sign in_CS-40"), [:], STOP_ON_FAILURE): Call Test Case 'Test Cases/Sign in/TC_Sign in_CS-40' successfully

2022-10-28 21:40:38 - [TEST_CASE][PASSED] - Test Cases/Sign in/TC_Sign in_CS-40: Test Cases/Sign in/TC_Sign in_CS-40

2022-10-28 21:40:38 - [TEST_STEP][PASSED] - startApplication("/Users/sandikurnia/Downloads/apk-staging-for-iqbal.apk", false): Started app at: '/Users/sandikurnia/Downloads/apk-staging-for-iqbal.apk'

2022-10-28 21:40:43 - [MESSAGE][PASSED] - Started app at: '/Users/sandikurnia/Downloads/apk-staging-for-iqbal.apk'

2022-10-28 21:40:43 - [TEST_STEP][PASSED] - tap(findTestObject("cicle.staging/Startup/YesButtonWhenOpenitApp"), 3, OPTIONAL): Object Object Repository/cicle.staging/Startup/YesButtonWhenOpenitApp not found

2022-10-28 21:40:46 - [MESSAGE][WARNING] - Object Object Repository/cicle.staging/Startup/YesButtonWhenOpenitApp not found

2022-10-28 21:40:46 - [TEST_STEP][PASSED] - tap(findTestObject("cicle.staging/Startup/SkipButtonWhenOpenitApp"), 3, OPTIONAL): Object Object Repository/cicle.staging/Startup/SkipButtonWhenOpenitApp not found

2022-10-28 21:40:50 - [MESSAGE][WARNING] - Object Object Repository/cicle.staging/Startup/SkipButtonWhenOpenitApp not found

2022-10-28 21:40:50 - [TEST_STEP][PASSED] - tap(findTestObject("cicle.staging/Startup/GotoSignInButton"), 3, OPTIONAL): Object Object Repository/cicle.staging/Startup/GotoSignInButton not found

2022-10-28 21:40:53 - [MESSAGE][WARNING] - Object Object Repository/cicle.staging/Startup/GotoSignInButton not found

2022-10-28 21:40:53 - [TEST_STEP][PASSED] - tap(findTestObject("cicle.staging/Startup/SignInwithGoogleAccount"), 3, OPTIONAL): Object Object Repository/cicle.staging/Startup/SignInwithGoogleAccount not found

2022-10-28 21:40:56 - [MESSAGE][WARNING] - Object Object Repository/cicle.staging/Startup/SignInwithGoogleAccount not found

2022-10-28 21:40:56 - [TEST_STEP][PASSED] - tap(findTestObject("cicle.staging/Startup/LayoutLoginwithMyAccount"), 3, OPTIONAL): Object Object Repository/cicle.staging/Startup/LayoutLoginwithMyAccount not found

2022-10-28 21:40:59 - [MESSAGE][WARNING] - Object Object Repository/cicle.staging/Startup/LayoutLoginwithMyAccount not found

2022-10-28 21:40:59 - [TEST_STEP][PASSED] - tap(findTestObject("cicle.staging/Startup/ChooseCompanyonYourListafterSignIn"), 3, OPTIONAL): Tapped on element 'Object Repository/cicle.staging/Startup/ChooseCompanyonYourListafterSignIn'

2022-10-28 21:40:59 - [MESSAGE][PASSED] - Tapped on element 'Object Repository/cicle.staging/Startup/ChooseCompanyonYourListafterSignIn'

2022-10-28 21:40:59 - [TEST_STEP][PASSED] - tap(findTestObject("cicle.staging/SekolahQAHeadQuarter/HeadquarterSekolahQA-MainPage"), 0, STOP_ON_FAILURE): Tapped on element 'Object Repository/cicle.staging/SekolahQAHeadQuarter/HeadquarterSekolahQA-MainPage'

2022-10-28 21:40:59 - [MESSAGE][WARNING] - Timeout '0' is invalid. Using default page load timeout: '30'

2022-10-28 21:41:00 - [MESSAGE][PASSED] - Tapped on element 'Object Repository/cicle.staging/SekolahQAHeadQuarter/HeadquarterSekolahQA-MainPage'

2022-10-28 21:41:00 - [MESSAGE][PASSED] - Call Test Case 'Test Cases/Sign in/TC_Sign in_CS-40' successfully

2022-10-28 21:41:00 - [TEST_STEP][PASSED] - tap(findTestObject("cicle.staging/Group Chat/GroupChatMenu"), 0): Tapped on element 'Object Repository/cicle.staging/Group Chat/GroupChatMenu'

2022-10-28 21:41:00 - [MESSAGE][WARNING] - Timeout '0' is invalid. Using default page load timeout: '30'

2022-10-28 21:41:01 - [MESSAGE][PASSED] - Tapped on element 'Object Repository/cicle.staging/Group Chat/GroupChatMenu'

2022-10-28 21:41:01 - [TEST_STEP][PASSED] - tap(findTestObject("cicle.staging/Group Chat/DropDownButtonOnTheUpperRightSide-Button"), 0): Tapped on element 'Object Repository/cicle.staging/Group Chat/DropDownButtonOnTheUpperRightSide-Button'

2022-10-28 21:41:01 - [MESSAGE][WARNING] - Timeout '0' is invalid. Using default page load timeout: '30'

2022-10-28 21:41:02 - [MESSAGE][PASSED] - Tapped on element 'Object Repository/cicle.staging/Group Chat/DropDownButtonOnTheUpperRightSide-Button'

2022-10-28 21:41:02 - [TEST_STEP][PASSED] - tap(findTestObject("cicle.staging/Group Chat/DropDownGroupChat-Button"), 0): Tapped on element 'Object Repository/cicle.staging/Group Chat/DropDownGroupChat-Button'

2022-10-28 21:41:02 - [MESSAGE][WARNING] - Timeout '0' is invalid. Using default page load timeout: '30'

2022-10-28 21:41:03 - [MESSAGE][PASSED] - Tapped on element 'Object Repository/cicle.staging/Group Chat/DropDownGroupChat-Button']]></system-out>
         <system-err><![CDATA[]]></system-err>
      </testcase>
      <testcase name="Test Cases/GroupChat/TC_Group Chat_CS-36" time="26.994" classname="Test Cases/GroupChat/TC_Group Chat_CS-36" status="PASSED">
         <system-out><![CDATA[2022-10-28 21:41:03 - [TEST_CASE][PASSED] - Test Cases/GroupChat/TC_Group Chat_CS-36: Test Cases/GroupChat/TC_Group Chat_CS-36

2022-10-28 21:41:04 - [TEST_STEP][PASSED] - callTestCase(findTestCase("Sign in/TC_Sign in_CS-40"), [:], STOP_ON_FAILURE): Call Test Case 'Test Cases/Sign in/TC_Sign in_CS-40' successfully

2022-10-28 21:41:04 - [TEST_CASE][PASSED] - Test Cases/Sign in/TC_Sign in_CS-40: Test Cases/Sign in/TC_Sign in_CS-40

2022-10-28 21:41:04 - [TEST_STEP][PASSED] - startApplication("/Users/sandikurnia/Downloads/apk-staging-for-iqbal.apk", false): Started app at: '/Users/sandikurnia/Downloads/apk-staging-for-iqbal.apk'

2022-10-28 21:41:09 - [MESSAGE][PASSED] - Started app at: '/Users/sandikurnia/Downloads/apk-staging-for-iqbal.apk'

2022-10-28 21:41:09 - [TEST_STEP][PASSED] - tap(findTestObject("cicle.staging/Startup/YesButtonWhenOpenitApp"), 3, OPTIONAL): Object Object Repository/cicle.staging/Startup/YesButtonWhenOpenitApp not found

2022-10-28 21:41:12 - [MESSAGE][WARNING] - Object Object Repository/cicle.staging/Startup/YesButtonWhenOpenitApp not found

2022-10-28 21:41:12 - [TEST_STEP][PASSED] - tap(findTestObject("cicle.staging/Startup/SkipButtonWhenOpenitApp"), 3, OPTIONAL): Object Object Repository/cicle.staging/Startup/SkipButtonWhenOpenitApp not found

2022-10-28 21:41:15 - [MESSAGE][WARNING] - Object Object Repository/cicle.staging/Startup/SkipButtonWhenOpenitApp not found

2022-10-28 21:41:15 - [TEST_STEP][PASSED] - tap(findTestObject("cicle.staging/Startup/GotoSignInButton"), 3, OPTIONAL): Object Object Repository/cicle.staging/Startup/GotoSignInButton not found

2022-10-28 21:41:18 - [MESSAGE][WARNING] - Object Object Repository/cicle.staging/Startup/GotoSignInButton not found

2022-10-28 21:41:18 - [TEST_STEP][PASSED] - tap(findTestObject("cicle.staging/Startup/SignInwithGoogleAccount"), 3, OPTIONAL): Object Object Repository/cicle.staging/Startup/SignInwithGoogleAccount not found

2022-10-28 21:41:22 - [MESSAGE][WARNING] - Object Object Repository/cicle.staging/Startup/SignInwithGoogleAccount not found

2022-10-28 21:41:22 - [TEST_STEP][PASSED] - tap(findTestObject("cicle.staging/Startup/LayoutLoginwithMyAccount"), 3, OPTIONAL): Object Object Repository/cicle.staging/Startup/LayoutLoginwithMyAccount not found

2022-10-28 21:41:25 - [MESSAGE][WARNING] - Object Object Repository/cicle.staging/Startup/LayoutLoginwithMyAccount not found

2022-10-28 21:41:25 - [TEST_STEP][PASSED] - tap(findTestObject("cicle.staging/Startup/ChooseCompanyonYourListafterSignIn"), 3, OPTIONAL): Tapped on element 'Object Repository/cicle.staging/Startup/ChooseCompanyonYourListafterSignIn'

2022-10-28 21:41:25 - [MESSAGE][PASSED] - Tapped on element 'Object Repository/cicle.staging/Startup/ChooseCompanyonYourListafterSignIn'

2022-10-28 21:41:25 - [TEST_STEP][PASSED] - tap(findTestObject("cicle.staging/SekolahQAHeadQuarter/HeadquarterSekolahQA-MainPage"), 0, STOP_ON_FAILURE): Tapped on element 'Object Repository/cicle.staging/SekolahQAHeadQuarter/HeadquarterSekolahQA-MainPage'

2022-10-28 21:41:25 - [MESSAGE][WARNING] - Timeout '0' is invalid. Using default page load timeout: '30'

2022-10-28 21:41:26 - [MESSAGE][PASSED] - Tapped on element 'Object Repository/cicle.staging/SekolahQAHeadQuarter/HeadquarterSekolahQA-MainPage'

2022-10-28 21:41:26 - [MESSAGE][PASSED] - Call Test Case 'Test Cases/Sign in/TC_Sign in_CS-40' successfully

2022-10-28 21:41:26 - [TEST_STEP][PASSED] - tap(findTestObject("cicle.staging/Group Chat/GroupChatMenu"), 0): Tapped on element 'Object Repository/cicle.staging/Group Chat/GroupChatMenu'

2022-10-28 21:41:26 - [MESSAGE][WARNING] - Timeout '0' is invalid. Using default page load timeout: '30'

2022-10-28 21:41:26 - [MESSAGE][PASSED] - Tapped on element 'Object Repository/cicle.staging/Group Chat/GroupChatMenu'

2022-10-28 21:41:26 - [TEST_STEP][PASSED] - tap(findTestObject("cicle.staging/Group Chat/TypeMessage-Field"), 0): Tapped on element 'Object Repository/cicle.staging/Group Chat/TypeMessage-Field'

2022-10-28 21:41:26 - [MESSAGE][WARNING] - Timeout '0' is invalid. Using default page load timeout: '30'

2022-10-28 21:41:28 - [MESSAGE][PASSED] - Tapped on element 'Object Repository/cicle.staging/Group Chat/TypeMessage-Field'

2022-10-28 21:41:28 - [TEST_STEP][PASSED] - setText(findTestObject("cicle.staging/Group Chat/TypeMessage-Field"), findTestData("GroupChat/sendMessageonGroupChat").getValue(2, 2), 0): Text '  ' has been set to element 'Object Repository/cicle.staging/Group Chat/TypeMessage-Field'

2022-10-28 21:41:28 - [MESSAGE][WARNING] - Timeout '0' is invalid. Using default page load timeout: '30'

2022-10-28 21:41:29 - [MESSAGE][PASSED] - Text '  ' has been set to element 'Object Repository/cicle.staging/Group Chat/TypeMessage-Field'

2022-10-28 21:41:29 - [TEST_STEP][PASSED] - tap(findTestObject("cicle.staging/Group Chat/SendChat-Button"), 0): Tapped on element 'Object Repository/cicle.staging/Group Chat/SendChat-Button'

2022-10-28 21:41:29 - [MESSAGE][WARNING] - Timeout '0' is invalid. Using default page load timeout: '30'

2022-10-28 21:41:30 - [MESSAGE][PASSED] - Tapped on element 'Object Repository/cicle.staging/Group Chat/SendChat-Button'

2022-10-28 21:41:30 - [TEST_STEP][PASSED] - verifyElementVisible(findTestObject("cicle.staging/Group Chat/Assertion-SendChat"), 0): Element 'Object Repository/cicle.staging/Group Chat/Assertion-SendChat' is visible

2022-10-28 21:41:30 - [MESSAGE][WARNING] - Timeout '0' is invalid. Using default page load timeout: '30'

2022-10-28 21:41:30 - [MESSAGE][PASSED] - Element 'Object Repository/cicle.staging/Group Chat/Assertion-SendChat' is visible]]></system-out>
         <system-err><![CDATA[]]></system-err>
      </testcase>
      <testcase name="Test Cases/GroupChat/TC_Group Chat_CS-37" time="53.597" classname="Test Cases/GroupChat/TC_Group Chat_CS-37" status="FAILED">
         <failure type="FAILED" message="Test Cases/GroupChat/TC_Group Chat_CS-37 FAILED.
Reason:
com.kms.katalon.core.exception.StepFailedException: Object Object Repository/cicle.staging/Board/Comment/BubbleTextt not found
	at com.kms.katalon.core.keyword.internal.KeywordMain.stepFailed(KeywordMain.groovy:50)
	at com.kms.katalon.core.mobile.keyword.internal.MobileKeywordMain.stepFailed(MobileKeywordMain.groovy:40)
	at com.kms.katalon.core.mobile.keyword.builtin.TapKeyword$_tap_closure1.doCall(TapKeyword.groovy:79)
	at com.kms.katalon.core.mobile.keyword.builtin.TapKeyword$_tap_closure1.call(TapKeyword.groovy)
	at com.kms.katalon.core.mobile.keyword.internal.MobileKeywordMain.runKeyword(MobileKeywordMain.groovy:21)
	at com.kms.katalon.core.mobile.keyword.builtin.TapKeyword.tap(TapKeyword.groovy:84)
	at com.kms.katalon.core.mobile.keyword.builtin.TapKeyword.execute(TapKeyword.groovy:68)
	at com.kms.katalon.core.keyword.internal.KeywordExecutor.executeKeywordForPlatform(KeywordExecutor.groovy:74)
	at com.kms.katalon.core.mobile.keyword.MobileBuiltInKeywords.tap(MobileBuiltInKeywords.groovy:1476)
	at com.kms.katalon.core.mobile.keyword.MobileBuiltInKeywords$tap$0.call(Unknown Source)
	at TC_Group Chat_CS-37.run(TC_Group Chat_CS-37:26)
	at com.kms.katalon.core.main.ScriptEngine.run(ScriptEngine.java:194)
	at com.kms.katalon.core.main.ScriptEngine.runScriptAsRawText(ScriptEngine.java:119)
	at com.kms.katalon.core.main.TestCaseExecutor.runScript(TestCaseExecutor.java:448)
	at com.kms.katalon.core.main.TestCaseExecutor.doExecute(TestCaseExecutor.java:439)
	at com.kms.katalon.core.main.TestCaseExecutor.processExecutionPhase(TestCaseExecutor.java:418)
	at com.kms.katalon.core.main.TestCaseExecutor.accessMainPhase(TestCaseExecutor.java:410)
	at com.kms.katalon.core.main.TestCaseExecutor.execute(TestCaseExecutor.java:285)
	at com.kms.katalon.core.common.CommonExecutor.accessTestCaseMainPhase(CommonExecutor.java:65)
	at com.kms.katalon.core.main.TestSuiteExecutor.accessTestSuiteMainPhase(TestSuiteExecutor.java:144)
	at com.kms.katalon.core.main.TestSuiteExecutor.execute(TestSuiteExecutor.java:106)
	at com.kms.katalon.core.main.TestCaseMain.startTestSuite(TestCaseMain.java:185)
	at com.kms.katalon.core.main.TestCaseMain$startTestSuite$0.call(Unknown Source)
	at TempTestSuite1666967328832.run(TempTestSuite1666967328832.groovy:36)
"/>
         <system-out><![CDATA[2022-10-28 21:41:30 - [TEST_CASE][FAILED] - Test Cases/GroupChat/TC_Group Chat_CS-37: Test Cases/GroupChat/TC_Group Chat_CS-37 FAILED.
Reason:
com.kms.katalon.core.exception.StepFailedException: Object Object Repository/cicle.staging/Board/Comment/BubbleTextt not found
	at com.kms.katalon.core.keyword.internal.KeywordMain.stepFailed(KeywordMain.groovy:50)
	at com.kms.katalon.core.mobile.keyword.internal.MobileKeywordMain.stepFailed(MobileKeywordMain.groovy:40)
	at com.kms.katalon.core.mobile.keyword.builtin.TapKeyword$_tap_closure1.doCall(TapKeyword.groovy:79)
	at com.kms.katalon.core.mobile.keyword.builtin.TapKeyword$_tap_closure1.call(TapKeyword.groovy)
	at com.kms.katalon.core.mobile.keyword.internal.MobileKeywordMain.runKeyword(MobileKeywordMain.groovy:21)
	at com.kms.katalon.core.mobile.keyword.builtin.TapKeyword.tap(TapKeyword.groovy:84)
	at com.kms.katalon.core.mobile.keyword.builtin.TapKeyword.execute(TapKeyword.groovy:68)
	at com.kms.katalon.core.keyword.internal.KeywordExecutor.executeKeywordForPlatform(KeywordExecutor.groovy:74)
	at com.kms.katalon.core.mobile.keyword.MobileBuiltInKeywords.tap(MobileBuiltInKeywords.groovy:1476)
	at com.kms.katalon.core.mobile.keyword.MobileBuiltInKeywords$tap$0.call(Unknown Source)
	at TC_Group Chat_CS-37.run(TC_Group Chat_CS-37:26)
	at com.kms.katalon.core.main.ScriptEngine.run(ScriptEngine.java:194)
	at com.kms.katalon.core.main.ScriptEngine.runScriptAsRawText(ScriptEngine.java:119)
	at com.kms.katalon.core.main.TestCaseExecutor.runScript(TestCaseExecutor.java:448)
	at com.kms.katalon.core.main.TestCaseExecutor.doExecute(TestCaseExecutor.java:439)
	at com.kms.katalon.core.main.TestCaseExecutor.processExecutionPhase(TestCaseExecutor.java:418)
	at com.kms.katalon.core.main.TestCaseExecutor.accessMainPhase(TestCaseExecutor.java:410)
	at com.kms.katalon.core.main.TestCaseExecutor.execute(TestCaseExecutor.java:285)
	at com.kms.katalon.core.common.CommonExecutor.accessTestCaseMainPhase(CommonExecutor.java:65)
	at com.kms.katalon.core.main.TestSuiteExecutor.accessTestSuiteMainPhase(TestSuiteExecutor.java:144)
	at com.kms.katalon.core.main.TestSuiteExecutor.execute(TestSuiteExecutor.java:106)
	at com.kms.katalon.core.main.TestCaseMain.startTestSuite(TestCaseMain.java:185)
	at com.kms.katalon.core.main.TestCaseMain$startTestSuite$0.call(Unknown Source)
	at TempTestSuite1666967328832.run(TempTestSuite1666967328832.groovy:36)


2022-10-28 21:41:31 - [TEST_STEP][PASSED] - callTestCase(findTestCase("Sign in/TC_Sign in_CS-40"), [:], STOP_ON_FAILURE): Call Test Case 'Test Cases/Sign in/TC_Sign in_CS-40' successfully

2022-10-28 21:41:31 - [TEST_CASE][PASSED] - Test Cases/Sign in/TC_Sign in_CS-40: Test Cases/Sign in/TC_Sign in_CS-40

2022-10-28 21:41:31 - [TEST_STEP][PASSED] - startApplication("/Users/sandikurnia/Downloads/apk-staging-for-iqbal.apk", false): Started app at: '/Users/sandikurnia/Downloads/apk-staging-for-iqbal.apk'

2022-10-28 21:41:36 - [MESSAGE][PASSED] - Started app at: '/Users/sandikurnia/Downloads/apk-staging-for-iqbal.apk'

2022-10-28 21:41:36 - [TEST_STEP][PASSED] - tap(findTestObject("cicle.staging/Startup/YesButtonWhenOpenitApp"), 3, OPTIONAL): Object Object Repository/cicle.staging/Startup/YesButtonWhenOpenitApp not found

2022-10-28 21:41:39 - [MESSAGE][WARNING] - Object Object Repository/cicle.staging/Startup/YesButtonWhenOpenitApp not found

2022-10-28 21:41:39 - [TEST_STEP][PASSED] - tap(findTestObject("cicle.staging/Startup/SkipButtonWhenOpenitApp"), 3, OPTIONAL): Object Object Repository/cicle.staging/Startup/SkipButtonWhenOpenitApp not found

2022-10-28 21:41:42 - [MESSAGE][WARNING] - Object Object Repository/cicle.staging/Startup/SkipButtonWhenOpenitApp not found

2022-10-28 21:41:42 - [TEST_STEP][PASSED] - tap(findTestObject("cicle.staging/Startup/GotoSignInButton"), 3, OPTIONAL): Object Object Repository/cicle.staging/Startup/GotoSignInButton not found

2022-10-28 21:41:45 - [MESSAGE][WARNING] - Object Object Repository/cicle.staging/Startup/GotoSignInButton not found

2022-10-28 21:41:45 - [TEST_STEP][PASSED] - tap(findTestObject("cicle.staging/Startup/SignInwithGoogleAccount"), 3, OPTIONAL): Object Object Repository/cicle.staging/Startup/SignInwithGoogleAccount not found

2022-10-28 21:41:49 - [MESSAGE][WARNING] - Object Object Repository/cicle.staging/Startup/SignInwithGoogleAccount not found

2022-10-28 21:41:49 - [TEST_STEP][PASSED] - tap(findTestObject("cicle.staging/Startup/LayoutLoginwithMyAccount"), 3, OPTIONAL): Object Object Repository/cicle.staging/Startup/LayoutLoginwithMyAccount not found

2022-10-28 21:41:52 - [MESSAGE][WARNING] - Object Object Repository/cicle.staging/Startup/LayoutLoginwithMyAccount not found

2022-10-28 21:41:52 - [TEST_STEP][PASSED] - tap(findTestObject("cicle.staging/Startup/ChooseCompanyonYourListafterSignIn"), 3, OPTIONAL): Tapped on element 'Object Repository/cicle.staging/Startup/ChooseCompanyonYourListafterSignIn'

2022-10-28 21:41:52 - [MESSAGE][PASSED] - Tapped on element 'Object Repository/cicle.staging/Startup/ChooseCompanyonYourListafterSignIn'

2022-10-28 21:41:52 - [TEST_STEP][PASSED] - tap(findTestObject("cicle.staging/SekolahQAHeadQuarter/HeadquarterSekolahQA-MainPage"), 0, STOP_ON_FAILURE): Tapped on element 'Object Repository/cicle.staging/SekolahQAHeadQuarter/HeadquarterSekolahQA-MainPage'

2022-10-28 21:41:52 - [MESSAGE][WARNING] - Timeout '0' is invalid. Using default page load timeout: '30'

2022-10-28 21:41:53 - [MESSAGE][PASSED] - Tapped on element 'Object Repository/cicle.staging/SekolahQAHeadQuarter/HeadquarterSekolahQA-MainPage'

2022-10-28 21:41:53 - [MESSAGE][PASSED] - Call Test Case 'Test Cases/Sign in/TC_Sign in_CS-40' successfully

2022-10-28 21:41:53 - [TEST_STEP][PASSED] - tap(findTestObject("cicle.staging/Group Chat/GroupChatMenu"), 0): Tapped on element 'Object Repository/cicle.staging/Group Chat/GroupChatMenu'

2022-10-28 21:41:53 - [MESSAGE][WARNING] - Timeout '0' is invalid. Using default page load timeout: '30'

2022-10-28 21:41:53 - [MESSAGE][PASSED] - Tapped on element 'Object Repository/cicle.staging/Group Chat/GroupChatMenu'

2022-10-28 21:41:53 - [TEST_STEP][FAILED] - tap(findTestObject("cicle.staging/Board/Comment/BubbleTextt"), 0, STOP_ON_FAILURE): Failed to tap on element 'Object Repository/cicle.staging/Board/Comment/BubbleTextt' (Root cause: com.kms.katalon.core.exception.StepFailedException: Object Object Repository/cicle.staging/Board/Comment/BubbleTextt not found
	at com.kms.katalon.core.keyword.internal.KeywordMain.stepFailed(KeywordMain.groovy:50)
	at com.kms.katalon.core.mobile.keyword.internal.MobileKeywordMain.stepFailed(MobileKeywordMain.groovy:40)
	at com.kms.katalon.core.mobile.keyword.builtin.TapKeyword$_tap_closure1.doCall(TapKeyword.groovy:79)
	at com.kms.katalon.core.mobile.keyword.builtin.TapKeyword$_tap_closure1.call(TapKeyword.groovy)
	at com.kms.katalon.core.mobile.keyword.internal.MobileKeywordMain.runKeyword(MobileKeywordMain.groovy:21)
	at com.kms.katalon.core.mobile.keyword.builtin.TapKeyword.tap(TapKeyword.groovy:84)
	at com.kms.katalon.core.mobile.keyword.builtin.TapKeyword.execute(TapKeyword.groovy:68)
	at com.kms.katalon.core.keyword.internal.KeywordExecutor.executeKeywordForPlatform(KeywordExecutor.groovy:74)
	at com.kms.katalon.core.mobile.keyword.MobileBuiltInKeywords.tap(MobileBuiltInKeywords.groovy:1476)
	at com.kms.katalon.core.mobile.keyword.MobileBuiltInKeywords$tap$0.call(Unknown Source)
	at TC_Group Chat_CS-37.run(TC_Group Chat_CS-37:26)
	at com.kms.katalon.core.main.ScriptEngine.run(ScriptEngine.java:194)
	at com.kms.katalon.core.main.ScriptEngine.runScriptAsRawText(ScriptEngine.java:119)
	at com.kms.katalon.core.main.TestCaseExecutor.runScript(TestCaseExecutor.java:448)
	at com.kms.katalon.core.main.TestCaseExecutor.doExecute(TestCaseExecutor.java:439)
	at com.kms.katalon.core.main.TestCaseExecutor.processExecutionPhase(TestCaseExecutor.java:418)
	at com.kms.katalon.core.main.TestCaseExecutor.accessMainPhase(TestCaseExecutor.java:410)
	at com.kms.katalon.core.main.TestCaseExecutor.execute(TestCaseExecutor.java:285)
	at com.kms.katalon.core.common.CommonExecutor.accessTestCaseMainPhase(CommonExecutor.java:65)
	at com.kms.katalon.core.main.TestSuiteExecutor.accessTestSuiteMainPhase(TestSuiteExecutor.java:144)
	at com.kms.katalon.core.main.TestSuiteExecutor.execute(TestSuiteExecutor.java:106)
	at com.kms.katalon.core.main.TestCaseMain.startTestSuite(TestCaseMain.java:185)
	at com.kms.katalon.core.main.TestCaseMain$startTestSuite$0.call(Unknown Source)
	at TempTestSuite1666967328832.run(TempTestSuite1666967328832.groovy:36)
)

2022-10-28 21:41:53 - [MESSAGE][WARNING] - Timeout '0' is invalid. Using default page load timeout: '30'

2022-10-28 21:42:24 - [MESSAGE][FAILED] - Object Object Repository/cicle.staging/Board/Comment/BubbleTextt not found

2022-10-28 21:42:24 - [MESSAGE][FAILED] - Failed to tap on element 'Object Repository/cicle.staging/Board/Comment/BubbleTextt' (Root cause: com.kms.katalon.core.exception.StepFailedException: Object Object Repository/cicle.staging/Board/Comment/BubbleTextt not found
	at com.kms.katalon.core.keyword.internal.KeywordMain.stepFailed(KeywordMain.groovy:50)
	at com.kms.katalon.core.mobile.keyword.internal.MobileKeywordMain.stepFailed(MobileKeywordMain.groovy:40)
	at com.kms.katalon.core.mobile.keyword.builtin.TapKeyword$_tap_closure1.doCall(TapKeyword.groovy:79)
	at com.kms.katalon.core.mobile.keyword.builtin.TapKeyword$_tap_closure1.call(TapKeyword.groovy)
	at com.kms.katalon.core.mobile.keyword.internal.MobileKeywordMain.runKeyword(MobileKeywordMain.groovy:21)
	at com.kms.katalon.core.mobile.keyword.builtin.TapKeyword.tap(TapKeyword.groovy:84)
	at com.kms.katalon.core.mobile.keyword.builtin.TapKeyword.execute(TapKeyword.groovy:68)
	at com.kms.katalon.core.keyword.internal.KeywordExecutor.executeKeywordForPlatform(KeywordExecutor.groovy:74)
	at com.kms.katalon.core.mobile.keyword.MobileBuiltInKeywords.tap(MobileBuiltInKeywords.groovy:1476)
	at com.kms.katalon.core.mobile.keyword.MobileBuiltInKeywords$tap$0.call(Unknown Source)
	at TC_Group Chat_CS-37.run(TC_Group Chat_CS-37:26)
	at com.kms.katalon.core.main.ScriptEngine.run(ScriptEngine.java:194)
	at com.kms.katalon.core.main.ScriptEngine.runScriptAsRawText(ScriptEngine.java:119)
	at com.kms.katalon.core.main.TestCaseExecutor.runScript(TestCaseExecutor.java:448)
	at com.kms.katalon.core.main.TestCaseExecutor.doExecute(TestCaseExecutor.java:439)
	at com.kms.katalon.core.main.TestCaseExecutor.processExecutionPhase(TestCaseExecutor.java:418)
	at com.kms.katalon.core.main.TestCaseExecutor.accessMainPhase(TestCaseExecutor.java:410)
	at com.kms.katalon.core.main.TestCaseExecutor.execute(TestCaseExecutor.java:285)
	at com.kms.katalon.core.common.CommonExecutor.accessTestCaseMainPhase(CommonExecutor.java:65)
	at com.kms.katalon.core.main.TestSuiteExecutor.accessTestSuiteMainPhase(TestSuiteExecutor.java:144)
	at com.kms.katalon.core.main.TestSuiteExecutor.execute(TestSuiteExecutor.java:106)
	at com.kms.katalon.core.main.TestCaseMain.startTestSuite(TestCaseMain.java:185)
	at com.kms.katalon.core.main.TestCaseMain$startTestSuite$0.call(Unknown Source)
	at TempTestSuite1666967328832.run(TempTestSuite1666967328832.groovy:36)
)
[[ATTACHMENT|/Users/sandikurnia/Katalon Studio/smallProject/Reports/20221028_212848/Cicle Staging Mobile App/Cicle Staging Mobile App/20221028_212848/1666968144213.png]]]]></system-out>
         <system-err><![CDATA[2022-10-28 21:41:30 - [TEST_CASE][FAILED] - Test Cases/GroupChat/TC_Group Chat_CS-37: Test Cases/GroupChat/TC_Group Chat_CS-37 FAILED.
Reason:
com.kms.katalon.core.exception.StepFailedException: Object Object Repository/cicle.staging/Board/Comment/BubbleTextt not found
	at com.kms.katalon.core.keyword.internal.KeywordMain.stepFailed(KeywordMain.groovy:50)
	at com.kms.katalon.core.mobile.keyword.internal.MobileKeywordMain.stepFailed(MobileKeywordMain.groovy:40)
	at com.kms.katalon.core.mobile.keyword.builtin.TapKeyword$_tap_closure1.doCall(TapKeyword.groovy:79)
	at com.kms.katalon.core.mobile.keyword.builtin.TapKeyword$_tap_closure1.call(TapKeyword.groovy)
	at com.kms.katalon.core.mobile.keyword.internal.MobileKeywordMain.runKeyword(MobileKeywordMain.groovy:21)
	at com.kms.katalon.core.mobile.keyword.builtin.TapKeyword.tap(TapKeyword.groovy:84)
	at com.kms.katalon.core.mobile.keyword.builtin.TapKeyword.execute(TapKeyword.groovy:68)
	at com.kms.katalon.core.keyword.internal.KeywordExecutor.executeKeywordForPlatform(KeywordExecutor.groovy:74)
	at com.kms.katalon.core.mobile.keyword.MobileBuiltInKeywords.tap(MobileBuiltInKeywords.groovy:1476)
	at com.kms.katalon.core.mobile.keyword.MobileBuiltInKeywords$tap$0.call(Unknown Source)
	at TC_Group Chat_CS-37.run(TC_Group Chat_CS-37:26)
	at com.kms.katalon.core.main.ScriptEngine.run(ScriptEngine.java:194)
	at com.kms.katalon.core.main.ScriptEngine.runScriptAsRawText(ScriptEngine.java:119)
	at com.kms.katalon.core.main.TestCaseExecutor.runScript(TestCaseExecutor.java:448)
	at com.kms.katalon.core.main.TestCaseExecutor.doExecute(TestCaseExecutor.java:439)
	at com.kms.katalon.core.main.TestCaseExecutor.processExecutionPhase(TestCaseExecutor.java:418)
	at com.kms.katalon.core.main.TestCaseExecutor.accessMainPhase(TestCaseExecutor.java:410)
	at com.kms.katalon.core.main.TestCaseExecutor.execute(TestCaseExecutor.java:285)
	at com.kms.katalon.core.common.CommonExecutor.accessTestCaseMainPhase(CommonExecutor.java:65)
	at com.kms.katalon.core.main.TestSuiteExecutor.accessTestSuiteMainPhase(TestSuiteExecutor.java:144)
	at com.kms.katalon.core.main.TestSuiteExecutor.execute(TestSuiteExecutor.java:106)
	at com.kms.katalon.core.main.TestCaseMain.startTestSuite(TestCaseMain.java:185)
	at com.kms.katalon.core.main.TestCaseMain$startTestSuite$0.call(Unknown Source)
	at TempTestSuite1666967328832.run(TempTestSuite1666967328832.groovy:36)]]></system-err>
      </testcase>
      <testcase name="Test Cases/GroupChat/TC_Group Chat_CS-38" time="54.176" classname="Test Cases/GroupChat/TC_Group Chat_CS-38" status="FAILED">
         <failure type="FAILED" message="Test Cases/GroupChat/TC_Group Chat_CS-38 FAILED.
Reason:
com.kms.katalon.core.exception.StepFailedException: Object Object Repository/cicle.staging/Group Chat/BubbleChatMessage not found
	at com.kms.katalon.core.keyword.internal.KeywordMain.stepFailed(KeywordMain.groovy:50)
	at com.kms.katalon.core.mobile.keyword.internal.MobileKeywordMain.stepFailed(MobileKeywordMain.groovy:40)
	at com.kms.katalon.core.mobile.keyword.builtin.TapKeyword$_tap_closure1.doCall(TapKeyword.groovy:79)
	at com.kms.katalon.core.mobile.keyword.builtin.TapKeyword$_tap_closure1.call(TapKeyword.groovy)
	at com.kms.katalon.core.mobile.keyword.internal.MobileKeywordMain.runKeyword(MobileKeywordMain.groovy:21)
	at com.kms.katalon.core.mobile.keyword.builtin.TapKeyword.tap(TapKeyword.groovy:84)
	at com.kms.katalon.core.mobile.keyword.builtin.TapKeyword.execute(TapKeyword.groovy:68)
	at com.kms.katalon.core.keyword.internal.KeywordExecutor.executeKeywordForPlatform(KeywordExecutor.groovy:74)
	at com.kms.katalon.core.mobile.keyword.MobileBuiltInKeywords.tap(MobileBuiltInKeywords.groovy:1476)
	at com.kms.katalon.core.mobile.keyword.MobileBuiltInKeywords$tap$0.call(Unknown Source)
	at TC_Group Chat_CS-38.run(TC_Group Chat_CS-38:26)
	at com.kms.katalon.core.main.ScriptEngine.run(ScriptEngine.java:194)
	at com.kms.katalon.core.main.ScriptEngine.runScriptAsRawText(ScriptEngine.java:119)
	at com.kms.katalon.core.main.TestCaseExecutor.runScript(TestCaseExecutor.java:448)
	at com.kms.katalon.core.main.TestCaseExecutor.doExecute(TestCaseExecutor.java:439)
	at com.kms.katalon.core.main.TestCaseExecutor.processExecutionPhase(TestCaseExecutor.java:418)
	at com.kms.katalon.core.main.TestCaseExecutor.accessMainPhase(TestCaseExecutor.java:410)
	at com.kms.katalon.core.main.TestCaseExecutor.execute(TestCaseExecutor.java:285)
	at com.kms.katalon.core.common.CommonExecutor.accessTestCaseMainPhase(CommonExecutor.java:65)
	at com.kms.katalon.core.main.TestSuiteExecutor.accessTestSuiteMainPhase(TestSuiteExecutor.java:144)
	at com.kms.katalon.core.main.TestSuiteExecutor.execute(TestSuiteExecutor.java:106)
	at com.kms.katalon.core.main.TestCaseMain.startTestSuite(TestCaseMain.java:185)
	at com.kms.katalon.core.main.TestCaseMain$startTestSuite$0.call(Unknown Source)
	at TempTestSuite1666967328832.run(TempTestSuite1666967328832.groovy:36)
"/>
         <system-out><![CDATA[2022-10-28 21:42:24 - [TEST_CASE][FAILED] - Test Cases/GroupChat/TC_Group Chat_CS-38: Test Cases/GroupChat/TC_Group Chat_CS-38 FAILED.
Reason:
com.kms.katalon.core.exception.StepFailedException: Object Object Repository/cicle.staging/Group Chat/BubbleChatMessage not found
	at com.kms.katalon.core.keyword.internal.KeywordMain.stepFailed(KeywordMain.groovy:50)
	at com.kms.katalon.core.mobile.keyword.internal.MobileKeywordMain.stepFailed(MobileKeywordMain.groovy:40)
	at com.kms.katalon.core.mobile.keyword.builtin.TapKeyword$_tap_closure1.doCall(TapKeyword.groovy:79)
	at com.kms.katalon.core.mobile.keyword.builtin.TapKeyword$_tap_closure1.call(TapKeyword.groovy)
	at com.kms.katalon.core.mobile.keyword.internal.MobileKeywordMain.runKeyword(MobileKeywordMain.groovy:21)
	at com.kms.katalon.core.mobile.keyword.builtin.TapKeyword.tap(TapKeyword.groovy:84)
	at com.kms.katalon.core.mobile.keyword.builtin.TapKeyword.execute(TapKeyword.groovy:68)
	at com.kms.katalon.core.keyword.internal.KeywordExecutor.executeKeywordForPlatform(KeywordExecutor.groovy:74)
	at com.kms.katalon.core.mobile.keyword.MobileBuiltInKeywords.tap(MobileBuiltInKeywords.groovy:1476)
	at com.kms.katalon.core.mobile.keyword.MobileBuiltInKeywords$tap$0.call(Unknown Source)
	at TC_Group Chat_CS-38.run(TC_Group Chat_CS-38:26)
	at com.kms.katalon.core.main.ScriptEngine.run(ScriptEngine.java:194)
	at com.kms.katalon.core.main.ScriptEngine.runScriptAsRawText(ScriptEngine.java:119)
	at com.kms.katalon.core.main.TestCaseExecutor.runScript(TestCaseExecutor.java:448)
	at com.kms.katalon.core.main.TestCaseExecutor.doExecute(TestCaseExecutor.java:439)
	at com.kms.katalon.core.main.TestCaseExecutor.processExecutionPhase(TestCaseExecutor.java:418)
	at com.kms.katalon.core.main.TestCaseExecutor.accessMainPhase(TestCaseExecutor.java:410)
	at com.kms.katalon.core.main.TestCaseExecutor.execute(TestCaseExecutor.java:285)
	at com.kms.katalon.core.common.CommonExecutor.accessTestCaseMainPhase(CommonExecutor.java:65)
	at com.kms.katalon.core.main.TestSuiteExecutor.accessTestSuiteMainPhase(TestSuiteExecutor.java:144)
	at com.kms.katalon.core.main.TestSuiteExecutor.execute(TestSuiteExecutor.java:106)
	at com.kms.katalon.core.main.TestCaseMain.startTestSuite(TestCaseMain.java:185)
	at com.kms.katalon.core.main.TestCaseMain$startTestSuite$0.call(Unknown Source)
	at TempTestSuite1666967328832.run(TempTestSuite1666967328832.groovy:36)


2022-10-28 21:42:24 - [TEST_STEP][PASSED] - callTestCase(findTestCase("Sign in/TC_Sign in_CS-40"), [:], STOP_ON_FAILURE): Call Test Case 'Test Cases/Sign in/TC_Sign in_CS-40' successfully

2022-10-28 21:42:24 - [TEST_CASE][PASSED] - Test Cases/Sign in/TC_Sign in_CS-40: Test Cases/Sign in/TC_Sign in_CS-40

2022-10-28 21:42:24 - [TEST_STEP][PASSED] - startApplication("/Users/sandikurnia/Downloads/apk-staging-for-iqbal.apk", false): Started app at: '/Users/sandikurnia/Downloads/apk-staging-for-iqbal.apk'

2022-10-28 21:42:30 - [MESSAGE][PASSED] - Started app at: '/Users/sandikurnia/Downloads/apk-staging-for-iqbal.apk'

2022-10-28 21:42:30 - [TEST_STEP][PASSED] - tap(findTestObject("cicle.staging/Startup/YesButtonWhenOpenitApp"), 3, OPTIONAL): Object Object Repository/cicle.staging/Startup/YesButtonWhenOpenitApp not found

2022-10-28 21:42:34 - [MESSAGE][WARNING] - Object Object Repository/cicle.staging/Startup/YesButtonWhenOpenitApp not found

2022-10-28 21:42:34 - [TEST_STEP][PASSED] - tap(findTestObject("cicle.staging/Startup/SkipButtonWhenOpenitApp"), 3, OPTIONAL): Object Object Repository/cicle.staging/Startup/SkipButtonWhenOpenitApp not found

2022-10-28 21:42:37 - [MESSAGE][WARNING] - Object Object Repository/cicle.staging/Startup/SkipButtonWhenOpenitApp not found

2022-10-28 21:42:37 - [TEST_STEP][PASSED] - tap(findTestObject("cicle.staging/Startup/GotoSignInButton"), 3, OPTIONAL): Object Object Repository/cicle.staging/Startup/GotoSignInButton not found

2022-10-28 21:42:40 - [MESSAGE][WARNING] - Object Object Repository/cicle.staging/Startup/GotoSignInButton not found

2022-10-28 21:42:40 - [TEST_STEP][PASSED] - tap(findTestObject("cicle.staging/Startup/SignInwithGoogleAccount"), 3, OPTIONAL): Object Object Repository/cicle.staging/Startup/SignInwithGoogleAccount not found

2022-10-28 21:42:43 - [MESSAGE][WARNING] - Object Object Repository/cicle.staging/Startup/SignInwithGoogleAccount not found

2022-10-28 21:42:43 - [TEST_STEP][PASSED] - tap(findTestObject("cicle.staging/Startup/LayoutLoginwithMyAccount"), 3, OPTIONAL): Object Object Repository/cicle.staging/Startup/LayoutLoginwithMyAccount not found

2022-10-28 21:42:46 - [MESSAGE][WARNING] - Object Object Repository/cicle.staging/Startup/LayoutLoginwithMyAccount not found

2022-10-28 21:42:46 - [TEST_STEP][PASSED] - tap(findTestObject("cicle.staging/Startup/ChooseCompanyonYourListafterSignIn"), 3, OPTIONAL): Tapped on element 'Object Repository/cicle.staging/Startup/ChooseCompanyonYourListafterSignIn'

2022-10-28 21:42:46 - [MESSAGE][PASSED] - Tapped on element 'Object Repository/cicle.staging/Startup/ChooseCompanyonYourListafterSignIn'

2022-10-28 21:42:46 - [TEST_STEP][PASSED] - tap(findTestObject("cicle.staging/SekolahQAHeadQuarter/HeadquarterSekolahQA-MainPage"), 0, STOP_ON_FAILURE): Tapped on element 'Object Repository/cicle.staging/SekolahQAHeadQuarter/HeadquarterSekolahQA-MainPage'

2022-10-28 21:42:46 - [MESSAGE][WARNING] - Timeout '0' is invalid. Using default page load timeout: '30'

2022-10-28 21:42:48 - [MESSAGE][PASSED] - Tapped on element 'Object Repository/cicle.staging/SekolahQAHeadQuarter/HeadquarterSekolahQA-MainPage'

2022-10-28 21:42:48 - [MESSAGE][PASSED] - Call Test Case 'Test Cases/Sign in/TC_Sign in_CS-40' successfully

2022-10-28 21:42:48 - [TEST_STEP][PASSED] - tap(findTestObject("cicle.staging/Group Chat/GroupChatMenu"), 0): Tapped on element 'Object Repository/cicle.staging/Group Chat/GroupChatMenu'

2022-10-28 21:42:48 - [MESSAGE][WARNING] - Timeout '0' is invalid. Using default page load timeout: '30'

2022-10-28 21:42:48 - [MESSAGE][PASSED] - Tapped on element 'Object Repository/cicle.staging/Group Chat/GroupChatMenu'

2022-10-28 21:42:48 - [TEST_STEP][FAILED] - tap(findTestObject("cicle.staging/Group Chat/BubbleChatMessage"), 0, STOP_ON_FAILURE): Failed to tap on element 'Object Repository/cicle.staging/Group Chat/BubbleChatMessage' (Root cause: com.kms.katalon.core.exception.StepFailedException: Object Object Repository/cicle.staging/Group Chat/BubbleChatMessage not found
	at com.kms.katalon.core.keyword.internal.KeywordMain.stepFailed(KeywordMain.groovy:50)
	at com.kms.katalon.core.mobile.keyword.internal.MobileKeywordMain.stepFailed(MobileKeywordMain.groovy:40)
	at com.kms.katalon.core.mobile.keyword.builtin.TapKeyword$_tap_closure1.doCall(TapKeyword.groovy:79)
	at com.kms.katalon.core.mobile.keyword.builtin.TapKeyword$_tap_closure1.call(TapKeyword.groovy)
	at com.kms.katalon.core.mobile.keyword.internal.MobileKeywordMain.runKeyword(MobileKeywordMain.groovy:21)
	at com.kms.katalon.core.mobile.keyword.builtin.TapKeyword.tap(TapKeyword.groovy:84)
	at com.kms.katalon.core.mobile.keyword.builtin.TapKeyword.execute(TapKeyword.groovy:68)
	at com.kms.katalon.core.keyword.internal.KeywordExecutor.executeKeywordForPlatform(KeywordExecutor.groovy:74)
	at com.kms.katalon.core.mobile.keyword.MobileBuiltInKeywords.tap(MobileBuiltInKeywords.groovy:1476)
	at com.kms.katalon.core.mobile.keyword.MobileBuiltInKeywords$tap$0.call(Unknown Source)
	at TC_Group Chat_CS-38.run(TC_Group Chat_CS-38:26)
	at com.kms.katalon.core.main.ScriptEngine.run(ScriptEngine.java:194)
	at com.kms.katalon.core.main.ScriptEngine.runScriptAsRawText(ScriptEngine.java:119)
	at com.kms.katalon.core.main.TestCaseExecutor.runScript(TestCaseExecutor.java:448)
	at com.kms.katalon.core.main.TestCaseExecutor.doExecute(TestCaseExecutor.java:439)
	at com.kms.katalon.core.main.TestCaseExecutor.processExecutionPhase(TestCaseExecutor.java:418)
	at com.kms.katalon.core.main.TestCaseExecutor.accessMainPhase(TestCaseExecutor.java:410)
	at com.kms.katalon.core.main.TestCaseExecutor.execute(TestCaseExecutor.java:285)
	at com.kms.katalon.core.common.CommonExecutor.accessTestCaseMainPhase(CommonExecutor.java:65)
	at com.kms.katalon.core.main.TestSuiteExecutor.accessTestSuiteMainPhase(TestSuiteExecutor.java:144)
	at com.kms.katalon.core.main.TestSuiteExecutor.execute(TestSuiteExecutor.java:106)
	at com.kms.katalon.core.main.TestCaseMain.startTestSuite(TestCaseMain.java:185)
	at com.kms.katalon.core.main.TestCaseMain$startTestSuite$0.call(Unknown Source)
	at TempTestSuite1666967328832.run(TempTestSuite1666967328832.groovy:36)
)

2022-10-28 21:42:48 - [MESSAGE][WARNING] - Timeout '0' is invalid. Using default page load timeout: '30'

2022-10-28 21:43:18 - [MESSAGE][FAILED] - Object Object Repository/cicle.staging/Group Chat/BubbleChatMessage not found

2022-10-28 21:43:18 - [MESSAGE][FAILED] - Failed to tap on element 'Object Repository/cicle.staging/Group Chat/BubbleChatMessage' (Root cause: com.kms.katalon.core.exception.StepFailedException: Object Object Repository/cicle.staging/Group Chat/BubbleChatMessage not found
	at com.kms.katalon.core.keyword.internal.KeywordMain.stepFailed(KeywordMain.groovy:50)
	at com.kms.katalon.core.mobile.keyword.internal.MobileKeywordMain.stepFailed(MobileKeywordMain.groovy:40)
	at com.kms.katalon.core.mobile.keyword.builtin.TapKeyword$_tap_closure1.doCall(TapKeyword.groovy:79)
	at com.kms.katalon.core.mobile.keyword.builtin.TapKeyword$_tap_closure1.call(TapKeyword.groovy)
	at com.kms.katalon.core.mobile.keyword.internal.MobileKeywordMain.runKeyword(MobileKeywordMain.groovy:21)
	at com.kms.katalon.core.mobile.keyword.builtin.TapKeyword.tap(TapKeyword.groovy:84)
	at com.kms.katalon.core.mobile.keyword.builtin.TapKeyword.execute(TapKeyword.groovy:68)
	at com.kms.katalon.core.keyword.internal.KeywordExecutor.executeKeywordForPlatform(KeywordExecutor.groovy:74)
	at com.kms.katalon.core.mobile.keyword.MobileBuiltInKeywords.tap(MobileBuiltInKeywords.groovy:1476)
	at com.kms.katalon.core.mobile.keyword.MobileBuiltInKeywords$tap$0.call(Unknown Source)
	at TC_Group Chat_CS-38.run(TC_Group Chat_CS-38:26)
	at com.kms.katalon.core.main.ScriptEngine.run(ScriptEngine.java:194)
	at com.kms.katalon.core.main.ScriptEngine.runScriptAsRawText(ScriptEngine.java:119)
	at com.kms.katalon.core.main.TestCaseExecutor.runScript(TestCaseExecutor.java:448)
	at com.kms.katalon.core.main.TestCaseExecutor.doExecute(TestCaseExecutor.java:439)
	at com.kms.katalon.core.main.TestCaseExecutor.processExecutionPhase(TestCaseExecutor.java:418)
	at com.kms.katalon.core.main.TestCaseExecutor.accessMainPhase(TestCaseExecutor.java:410)
	at com.kms.katalon.core.main.TestCaseExecutor.execute(TestCaseExecutor.java:285)
	at com.kms.katalon.core.common.CommonExecutor.accessTestCaseMainPhase(CommonExecutor.java:65)
	at com.kms.katalon.core.main.TestSuiteExecutor.accessTestSuiteMainPhase(TestSuiteExecutor.java:144)
	at com.kms.katalon.core.main.TestSuiteExecutor.execute(TestSuiteExecutor.java:106)
	at com.kms.katalon.core.main.TestCaseMain.startTestSuite(TestCaseMain.java:185)
	at com.kms.katalon.core.main.TestCaseMain$startTestSuite$0.call(Unknown Source)
	at TempTestSuite1666967328832.run(TempTestSuite1666967328832.groovy:36)
)
[[ATTACHMENT|/Users/sandikurnia/Katalon Studio/smallProject/Reports/20221028_212848/Cicle Staging Mobile App/Cicle Staging Mobile App/20221028_212848/1666968198371.png]]]]></system-out>
         <system-err><![CDATA[2022-10-28 21:42:24 - [TEST_CASE][FAILED] - Test Cases/GroupChat/TC_Group Chat_CS-38: Test Cases/GroupChat/TC_Group Chat_CS-38 FAILED.
Reason:
com.kms.katalon.core.exception.StepFailedException: Object Object Repository/cicle.staging/Group Chat/BubbleChatMessage not found
	at com.kms.katalon.core.keyword.internal.KeywordMain.stepFailed(KeywordMain.groovy:50)
	at com.kms.katalon.core.mobile.keyword.internal.MobileKeywordMain.stepFailed(MobileKeywordMain.groovy:40)
	at com.kms.katalon.core.mobile.keyword.builtin.TapKeyword$_tap_closure1.doCall(TapKeyword.groovy:79)
	at com.kms.katalon.core.mobile.keyword.builtin.TapKeyword$_tap_closure1.call(TapKeyword.groovy)
	at com.kms.katalon.core.mobile.keyword.internal.MobileKeywordMain.runKeyword(MobileKeywordMain.groovy:21)
	at com.kms.katalon.core.mobile.keyword.builtin.TapKeyword.tap(TapKeyword.groovy:84)
	at com.kms.katalon.core.mobile.keyword.builtin.TapKeyword.execute(TapKeyword.groovy:68)
	at com.kms.katalon.core.keyword.internal.KeywordExecutor.executeKeywordForPlatform(KeywordExecutor.groovy:74)
	at com.kms.katalon.core.mobile.keyword.MobileBuiltInKeywords.tap(MobileBuiltInKeywords.groovy:1476)
	at com.kms.katalon.core.mobile.keyword.MobileBuiltInKeywords$tap$0.call(Unknown Source)
	at TC_Group Chat_CS-38.run(TC_Group Chat_CS-38:26)
	at com.kms.katalon.core.main.ScriptEngine.run(ScriptEngine.java:194)
	at com.kms.katalon.core.main.ScriptEngine.runScriptAsRawText(ScriptEngine.java:119)
	at com.kms.katalon.core.main.TestCaseExecutor.runScript(TestCaseExecutor.java:448)
	at com.kms.katalon.core.main.TestCaseExecutor.doExecute(TestCaseExecutor.java:439)
	at com.kms.katalon.core.main.TestCaseExecutor.processExecutionPhase(TestCaseExecutor.java:418)
	at com.kms.katalon.core.main.TestCaseExecutor.accessMainPhase(TestCaseExecutor.java:410)
	at com.kms.katalon.core.main.TestCaseExecutor.execute(TestCaseExecutor.java:285)
	at com.kms.katalon.core.common.CommonExecutor.accessTestCaseMainPhase(CommonExecutor.java:65)
	at com.kms.katalon.core.main.TestSuiteExecutor.accessTestSuiteMainPhase(TestSuiteExecutor.java:144)
	at com.kms.katalon.core.main.TestSuiteExecutor.execute(TestSuiteExecutor.java:106)
	at com.kms.katalon.core.main.TestCaseMain.startTestSuite(TestCaseMain.java:185)
	at com.kms.katalon.core.main.TestCaseMain$startTestSuite$0.call(Unknown Source)
	at TempTestSuite1666967328832.run(TempTestSuite1666967328832.groovy:36)]]></system-err>
      </testcase>
      <testcase name="Test Cases/GroupChat/TC_Group Chat_CS-39" time="53.25" classname="Test Cases/GroupChat/TC_Group Chat_CS-39" status="FAILED">
         <failure type="FAILED" message="Test Cases/GroupChat/TC_Group Chat_CS-39 FAILED.
Reason:
com.kms.katalon.core.exception.StepFailedException: Object Object Repository/cicle.staging/Group Chat/BubbleChatMessage not found
	at com.kms.katalon.core.keyword.internal.KeywordMain.stepFailed(KeywordMain.groovy:50)
	at com.kms.katalon.core.mobile.keyword.internal.MobileKeywordMain.stepFailed(MobileKeywordMain.groovy:40)
	at com.kms.katalon.core.mobile.keyword.builtin.TapKeyword$_tap_closure1.doCall(TapKeyword.groovy:79)
	at com.kms.katalon.core.mobile.keyword.builtin.TapKeyword$_tap_closure1.call(TapKeyword.groovy)
	at com.kms.katalon.core.mobile.keyword.internal.MobileKeywordMain.runKeyword(MobileKeywordMain.groovy:21)
	at com.kms.katalon.core.mobile.keyword.builtin.TapKeyword.tap(TapKeyword.groovy:84)
	at com.kms.katalon.core.mobile.keyword.builtin.TapKeyword.execute(TapKeyword.groovy:68)
	at com.kms.katalon.core.keyword.internal.KeywordExecutor.executeKeywordForPlatform(KeywordExecutor.groovy:74)
	at com.kms.katalon.core.mobile.keyword.MobileBuiltInKeywords.tap(MobileBuiltInKeywords.groovy:1476)
	at com.kms.katalon.core.mobile.keyword.MobileBuiltInKeywords$tap$0.call(Unknown Source)
	at TC_Group Chat_CS-39.run(TC_Group Chat_CS-39:26)
	at com.kms.katalon.core.main.ScriptEngine.run(ScriptEngine.java:194)
	at com.kms.katalon.core.main.ScriptEngine.runScriptAsRawText(ScriptEngine.java:119)
	at com.kms.katalon.core.main.TestCaseExecutor.runScript(TestCaseExecutor.java:448)
	at com.kms.katalon.core.main.TestCaseExecutor.doExecute(TestCaseExecutor.java:439)
	at com.kms.katalon.core.main.TestCaseExecutor.processExecutionPhase(TestCaseExecutor.java:418)
	at com.kms.katalon.core.main.TestCaseExecutor.accessMainPhase(TestCaseExecutor.java:410)
	at com.kms.katalon.core.main.TestCaseExecutor.execute(TestCaseExecutor.java:285)
	at com.kms.katalon.core.common.CommonExecutor.accessTestCaseMainPhase(CommonExecutor.java:65)
	at com.kms.katalon.core.main.TestSuiteExecutor.accessTestSuiteMainPhase(TestSuiteExecutor.java:144)
	at com.kms.katalon.core.main.TestSuiteExecutor.execute(TestSuiteExecutor.java:106)
	at com.kms.katalon.core.main.TestCaseMain.startTestSuite(TestCaseMain.java:185)
	at com.kms.katalon.core.main.TestCaseMain$startTestSuite$0.call(Unknown Source)
	at TempTestSuite1666967328832.run(TempTestSuite1666967328832.groovy:36)
"/>
         <system-out><![CDATA[2022-10-28 21:43:18 - [TEST_CASE][FAILED] - Test Cases/GroupChat/TC_Group Chat_CS-39: Test Cases/GroupChat/TC_Group Chat_CS-39 FAILED.
Reason:
com.kms.katalon.core.exception.StepFailedException: Object Object Repository/cicle.staging/Group Chat/BubbleChatMessage not found
	at com.kms.katalon.core.keyword.internal.KeywordMain.stepFailed(KeywordMain.groovy:50)
	at com.kms.katalon.core.mobile.keyword.internal.MobileKeywordMain.stepFailed(MobileKeywordMain.groovy:40)
	at com.kms.katalon.core.mobile.keyword.builtin.TapKeyword$_tap_closure1.doCall(TapKeyword.groovy:79)
	at com.kms.katalon.core.mobile.keyword.builtin.TapKeyword$_tap_closure1.call(TapKeyword.groovy)
	at com.kms.katalon.core.mobile.keyword.internal.MobileKeywordMain.runKeyword(MobileKeywordMain.groovy:21)
	at com.kms.katalon.core.mobile.keyword.builtin.TapKeyword.tap(TapKeyword.groovy:84)
	at com.kms.katalon.core.mobile.keyword.builtin.TapKeyword.execute(TapKeyword.groovy:68)
	at com.kms.katalon.core.keyword.internal.KeywordExecutor.executeKeywordForPlatform(KeywordExecutor.groovy:74)
	at com.kms.katalon.core.mobile.keyword.MobileBuiltInKeywords.tap(MobileBuiltInKeywords.groovy:1476)
	at com.kms.katalon.core.mobile.keyword.MobileBuiltInKeywords$tap$0.call(Unknown Source)
	at TC_Group Chat_CS-39.run(TC_Group Chat_CS-39:26)
	at com.kms.katalon.core.main.ScriptEngine.run(ScriptEngine.java:194)
	at com.kms.katalon.core.main.ScriptEngine.runScriptAsRawText(ScriptEngine.java:119)
	at com.kms.katalon.core.main.TestCaseExecutor.runScript(TestCaseExecutor.java:448)
	at com.kms.katalon.core.main.TestCaseExecutor.doExecute(TestCaseExecutor.java:439)
	at com.kms.katalon.core.main.TestCaseExecutor.processExecutionPhase(TestCaseExecutor.java:418)
	at com.kms.katalon.core.main.TestCaseExecutor.accessMainPhase(TestCaseExecutor.java:410)
	at com.kms.katalon.core.main.TestCaseExecutor.execute(TestCaseExecutor.java:285)
	at com.kms.katalon.core.common.CommonExecutor.accessTestCaseMainPhase(CommonExecutor.java:65)
	at com.kms.katalon.core.main.TestSuiteExecutor.accessTestSuiteMainPhase(TestSuiteExecutor.java:144)
	at com.kms.katalon.core.main.TestSuiteExecutor.execute(TestSuiteExecutor.java:106)
	at com.kms.katalon.core.main.TestCaseMain.startTestSuite(TestCaseMain.java:185)
	at com.kms.katalon.core.main.TestCaseMain$startTestSuite$0.call(Unknown Source)
	at TempTestSuite1666967328832.run(TempTestSuite1666967328832.groovy:36)


2022-10-28 21:43:18 - [TEST_STEP][PASSED] - callTestCase(findTestCase("Sign in/TC_Sign in_CS-40"), [:], STOP_ON_FAILURE): Call Test Case 'Test Cases/Sign in/TC_Sign in_CS-40' successfully

2022-10-28 21:43:19 - [TEST_CASE][PASSED] - Test Cases/Sign in/TC_Sign in_CS-40: Test Cases/Sign in/TC_Sign in_CS-40

2022-10-28 21:43:19 - [TEST_STEP][PASSED] - startApplication("/Users/sandikurnia/Downloads/apk-staging-for-iqbal.apk", false): Started app at: '/Users/sandikurnia/Downloads/apk-staging-for-iqbal.apk'

2022-10-28 21:43:24 - [MESSAGE][PASSED] - Started app at: '/Users/sandikurnia/Downloads/apk-staging-for-iqbal.apk'

2022-10-28 21:43:24 - [TEST_STEP][PASSED] - tap(findTestObject("cicle.staging/Startup/YesButtonWhenOpenitApp"), 3, OPTIONAL): Object Object Repository/cicle.staging/Startup/YesButtonWhenOpenitApp not found

2022-10-28 21:43:27 - [MESSAGE][WARNING] - Object Object Repository/cicle.staging/Startup/YesButtonWhenOpenitApp not found

2022-10-28 21:43:27 - [TEST_STEP][PASSED] - tap(findTestObject("cicle.staging/Startup/SkipButtonWhenOpenitApp"), 3, OPTIONAL): Object Object Repository/cicle.staging/Startup/SkipButtonWhenOpenitApp not found

2022-10-28 21:43:30 - [MESSAGE][WARNING] - Object Object Repository/cicle.staging/Startup/SkipButtonWhenOpenitApp not found

2022-10-28 21:43:30 - [TEST_STEP][PASSED] - tap(findTestObject("cicle.staging/Startup/GotoSignInButton"), 3, OPTIONAL): Object Object Repository/cicle.staging/Startup/GotoSignInButton not found

2022-10-28 21:43:33 - [MESSAGE][WARNING] - Object Object Repository/cicle.staging/Startup/GotoSignInButton not found

2022-10-28 21:43:33 - [TEST_STEP][PASSED] - tap(findTestObject("cicle.staging/Startup/SignInwithGoogleAccount"), 3, OPTIONAL): Object Object Repository/cicle.staging/Startup/SignInwithGoogleAccount not found

2022-10-28 21:43:36 - [MESSAGE][WARNING] - Object Object Repository/cicle.staging/Startup/SignInwithGoogleAccount not found

2022-10-28 21:43:36 - [TEST_STEP][PASSED] - tap(findTestObject("cicle.staging/Startup/LayoutLoginwithMyAccount"), 3, OPTIONAL): Object Object Repository/cicle.staging/Startup/LayoutLoginwithMyAccount not found

2022-10-28 21:43:39 - [MESSAGE][WARNING] - Object Object Repository/cicle.staging/Startup/LayoutLoginwithMyAccount not found

2022-10-28 21:43:39 - [TEST_STEP][PASSED] - tap(findTestObject("cicle.staging/Startup/ChooseCompanyonYourListafterSignIn"), 3, OPTIONAL): Tapped on element 'Object Repository/cicle.staging/Startup/ChooseCompanyonYourListafterSignIn'

2022-10-28 21:43:40 - [MESSAGE][PASSED] - Tapped on element 'Object Repository/cicle.staging/Startup/ChooseCompanyonYourListafterSignIn'

2022-10-28 21:43:40 - [TEST_STEP][PASSED] - tap(findTestObject("cicle.staging/SekolahQAHeadQuarter/HeadquarterSekolahQA-MainPage"), 0, STOP_ON_FAILURE): Tapped on element 'Object Repository/cicle.staging/SekolahQAHeadQuarter/HeadquarterSekolahQA-MainPage'

2022-10-28 21:43:40 - [MESSAGE][WARNING] - Timeout '0' is invalid. Using default page load timeout: '30'

2022-10-28 21:43:41 - [MESSAGE][PASSED] - Tapped on element 'Object Repository/cicle.staging/SekolahQAHeadQuarter/HeadquarterSekolahQA-MainPage'

2022-10-28 21:43:41 - [MESSAGE][PASSED] - Call Test Case 'Test Cases/Sign in/TC_Sign in_CS-40' successfully

2022-10-28 21:43:41 - [TEST_STEP][PASSED] - tap(findTestObject("cicle.staging/Group Chat/GroupChatMenu"), 0): Tapped on element 'Object Repository/cicle.staging/Group Chat/GroupChatMenu'

2022-10-28 21:43:41 - [MESSAGE][WARNING] - Timeout '0' is invalid. Using default page load timeout: '30'

2022-10-28 21:43:41 - [MESSAGE][PASSED] - Tapped on element 'Object Repository/cicle.staging/Group Chat/GroupChatMenu'

2022-10-28 21:43:41 - [TEST_STEP][FAILED] - tap(findTestObject("cicle.staging/Group Chat/BubbleChatMessage"), 0, STOP_ON_FAILURE): Failed to tap on element 'Object Repository/cicle.staging/Group Chat/BubbleChatMessage' (Root cause: com.kms.katalon.core.exception.StepFailedException: Object Object Repository/cicle.staging/Group Chat/BubbleChatMessage not found
	at com.kms.katalon.core.keyword.internal.KeywordMain.stepFailed(KeywordMain.groovy:50)
	at com.kms.katalon.core.mobile.keyword.internal.MobileKeywordMain.stepFailed(MobileKeywordMain.groovy:40)
	at com.kms.katalon.core.mobile.keyword.builtin.TapKeyword$_tap_closure1.doCall(TapKeyword.groovy:79)
	at com.kms.katalon.core.mobile.keyword.builtin.TapKeyword$_tap_closure1.call(TapKeyword.groovy)
	at com.kms.katalon.core.mobile.keyword.internal.MobileKeywordMain.runKeyword(MobileKeywordMain.groovy:21)
	at com.kms.katalon.core.mobile.keyword.builtin.TapKeyword.tap(TapKeyword.groovy:84)
	at com.kms.katalon.core.mobile.keyword.builtin.TapKeyword.execute(TapKeyword.groovy:68)
	at com.kms.katalon.core.keyword.internal.KeywordExecutor.executeKeywordForPlatform(KeywordExecutor.groovy:74)
	at com.kms.katalon.core.mobile.keyword.MobileBuiltInKeywords.tap(MobileBuiltInKeywords.groovy:1476)
	at com.kms.katalon.core.mobile.keyword.MobileBuiltInKeywords$tap$0.call(Unknown Source)
	at TC_Group Chat_CS-39.run(TC_Group Chat_CS-39:26)
	at com.kms.katalon.core.main.ScriptEngine.run(ScriptEngine.java:194)
	at com.kms.katalon.core.main.ScriptEngine.runScriptAsRawText(ScriptEngine.java:119)
	at com.kms.katalon.core.main.TestCaseExecutor.runScript(TestCaseExecutor.java:448)
	at com.kms.katalon.core.main.TestCaseExecutor.doExecute(TestCaseExecutor.java:439)
	at com.kms.katalon.core.main.TestCaseExecutor.processExecutionPhase(TestCaseExecutor.java:418)
	at com.kms.katalon.core.main.TestCaseExecutor.accessMainPhase(TestCaseExecutor.java:410)
	at com.kms.katalon.core.main.TestCaseExecutor.execute(TestCaseExecutor.java:285)
	at com.kms.katalon.core.common.CommonExecutor.accessTestCaseMainPhase(CommonExecutor.java:65)
	at com.kms.katalon.core.main.TestSuiteExecutor.accessTestSuiteMainPhase(TestSuiteExecutor.java:144)
	at com.kms.katalon.core.main.TestSuiteExecutor.execute(TestSuiteExecutor.java:106)
	at com.kms.katalon.core.main.TestCaseMain.startTestSuite(TestCaseMain.java:185)
	at com.kms.katalon.core.main.TestCaseMain$startTestSuite$0.call(Unknown Source)
	at TempTestSuite1666967328832.run(TempTestSuite1666967328832.groovy:36)
)

2022-10-28 21:43:41 - [MESSAGE][WARNING] - Timeout '0' is invalid. Using default page load timeout: '30'

2022-10-28 21:44:11 - [MESSAGE][FAILED] - Object Object Repository/cicle.staging/Group Chat/BubbleChatMessage not found

2022-10-28 21:44:12 - [MESSAGE][FAILED] - Failed to tap on element 'Object Repository/cicle.staging/Group Chat/BubbleChatMessage' (Root cause: com.kms.katalon.core.exception.StepFailedException: Object Object Repository/cicle.staging/Group Chat/BubbleChatMessage not found
	at com.kms.katalon.core.keyword.internal.KeywordMain.stepFailed(KeywordMain.groovy:50)
	at com.kms.katalon.core.mobile.keyword.internal.MobileKeywordMain.stepFailed(MobileKeywordMain.groovy:40)
	at com.kms.katalon.core.mobile.keyword.builtin.TapKeyword$_tap_closure1.doCall(TapKeyword.groovy:79)
	at com.kms.katalon.core.mobile.keyword.builtin.TapKeyword$_tap_closure1.call(TapKeyword.groovy)
	at com.kms.katalon.core.mobile.keyword.internal.MobileKeywordMain.runKeyword(MobileKeywordMain.groovy:21)
	at com.kms.katalon.core.mobile.keyword.builtin.TapKeyword.tap(TapKeyword.groovy:84)
	at com.kms.katalon.core.mobile.keyword.builtin.TapKeyword.execute(TapKeyword.groovy:68)
	at com.kms.katalon.core.keyword.internal.KeywordExecutor.executeKeywordForPlatform(KeywordExecutor.groovy:74)
	at com.kms.katalon.core.mobile.keyword.MobileBuiltInKeywords.tap(MobileBuiltInKeywords.groovy:1476)
	at com.kms.katalon.core.mobile.keyword.MobileBuiltInKeywords$tap$0.call(Unknown Source)
	at TC_Group Chat_CS-39.run(TC_Group Chat_CS-39:26)
	at com.kms.katalon.core.main.ScriptEngine.run(ScriptEngine.java:194)
	at com.kms.katalon.core.main.ScriptEngine.runScriptAsRawText(ScriptEngine.java:119)
	at com.kms.katalon.core.main.TestCaseExecutor.runScript(TestCaseExecutor.java:448)
	at com.kms.katalon.core.main.TestCaseExecutor.doExecute(TestCaseExecutor.java:439)
	at com.kms.katalon.core.main.TestCaseExecutor.processExecutionPhase(TestCaseExecutor.java:418)
	at com.kms.katalon.core.main.TestCaseExecutor.accessMainPhase(TestCaseExecutor.java:410)
	at com.kms.katalon.core.main.TestCaseExecutor.execute(TestCaseExecutor.java:285)
	at com.kms.katalon.core.common.CommonExecutor.accessTestCaseMainPhase(CommonExecutor.java:65)
	at com.kms.katalon.core.main.TestSuiteExecutor.accessTestSuiteMainPhase(TestSuiteExecutor.java:144)
	at com.kms.katalon.core.main.TestSuiteExecutor.execute(TestSuiteExecutor.java:106)
	at com.kms.katalon.core.main.TestCaseMain.startTestSuite(TestCaseMain.java:185)
	at com.kms.katalon.core.main.TestCaseMain$startTestSuite$0.call(Unknown Source)
	at TempTestSuite1666967328832.run(TempTestSuite1666967328832.groovy:36)
)
[[ATTACHMENT|/Users/sandikurnia/Katalon Studio/smallProject/Reports/20221028_212848/Cicle Staging Mobile App/Cicle Staging Mobile App/20221028_212848/1666968251777.png]]]]></system-out>
         <system-err><![CDATA[2022-10-28 21:43:18 - [TEST_CASE][FAILED] - Test Cases/GroupChat/TC_Group Chat_CS-39: Test Cases/GroupChat/TC_Group Chat_CS-39 FAILED.
Reason:
com.kms.katalon.core.exception.StepFailedException: Object Object Repository/cicle.staging/Group Chat/BubbleChatMessage not found
	at com.kms.katalon.core.keyword.internal.KeywordMain.stepFailed(KeywordMain.groovy:50)
	at com.kms.katalon.core.mobile.keyword.internal.MobileKeywordMain.stepFailed(MobileKeywordMain.groovy:40)
	at com.kms.katalon.core.mobile.keyword.builtin.TapKeyword$_tap_closure1.doCall(TapKeyword.groovy:79)
	at com.kms.katalon.core.mobile.keyword.builtin.TapKeyword$_tap_closure1.call(TapKeyword.groovy)
	at com.kms.katalon.core.mobile.keyword.internal.MobileKeywordMain.runKeyword(MobileKeywordMain.groovy:21)
	at com.kms.katalon.core.mobile.keyword.builtin.TapKeyword.tap(TapKeyword.groovy:84)
	at com.kms.katalon.core.mobile.keyword.builtin.TapKeyword.execute(TapKeyword.groovy:68)
	at com.kms.katalon.core.keyword.internal.KeywordExecutor.executeKeywordForPlatform(KeywordExecutor.groovy:74)
	at com.kms.katalon.core.mobile.keyword.MobileBuiltInKeywords.tap(MobileBuiltInKeywords.groovy:1476)
	at com.kms.katalon.core.mobile.keyword.MobileBuiltInKeywords$tap$0.call(Unknown Source)
	at TC_Group Chat_CS-39.run(TC_Group Chat_CS-39:26)
	at com.kms.katalon.core.main.ScriptEngine.run(ScriptEngine.java:194)
	at com.kms.katalon.core.main.ScriptEngine.runScriptAsRawText(ScriptEngine.java:119)
	at com.kms.katalon.core.main.TestCaseExecutor.runScript(TestCaseExecutor.java:448)
	at com.kms.katalon.core.main.TestCaseExecutor.doExecute(TestCaseExecutor.java:439)
	at com.kms.katalon.core.main.TestCaseExecutor.processExecutionPhase(TestCaseExecutor.java:418)
	at com.kms.katalon.core.main.TestCaseExecutor.accessMainPhase(TestCaseExecutor.java:410)
	at com.kms.katalon.core.main.TestCaseExecutor.execute(TestCaseExecutor.java:285)
	at com.kms.katalon.core.common.CommonExecutor.accessTestCaseMainPhase(CommonExecutor.java:65)
	at com.kms.katalon.core.main.TestSuiteExecutor.accessTestSuiteMainPhase(TestSuiteExecutor.java:144)
	at com.kms.katalon.core.main.TestSuiteExecutor.execute(TestSuiteExecutor.java:106)
	at com.kms.katalon.core.main.TestCaseMain.startTestSuite(TestCaseMain.java:185)
	at com.kms.katalon.core.main.TestCaseMain$startTestSuite$0.call(Unknown Source)
	at TempTestSuite1666967328832.run(TempTestSuite1666967328832.groovy:36)]]></system-err>
      </testcase>
      <system-out><![CDATA[2022-10-28 21:29:01 - [TEST_SUITE][FAILED] - Cicle Staging Mobile App: Test Cases/GroupChat/TC_Group Chat_CS-15 FAILED.
Reason:
com.kms.katalon.core.exception.StepFailedException: Call Test Case 'Test Cases/Sign in/TC_Sign in_CS-40' failed
	at com.kms.katalon.core.keyword.builtin.CallTestCaseKeyword$_callTestCase_closure1.doCall(CallTestCaseKeyword.groovy:63)
	at com.kms.katalon.core.keyword.builtin.CallTestCaseKeyword$_callTestCase_closure1.call(CallTestCaseKeyword.groovy)
	at com.kms.katalon.core.keyword.internal.KeywordMain.runKeyword(KeywordMain.groovy:74)
	at com.kms.katalon.core.keyword.builtin.CallTestCaseKeyword.callTestCase(CallTestCaseKeyword.groovy:81)
	at com.kms.katalon.core.keyword.builtin.CallTestCaseKeyword.execute(CallTestCaseKeyword.groovy:44)
	at com.kms.katalon.core.keyword.internal.KeywordExecutor.executeKeywordForPlatform(KeywordExecutor.groovy:74)
	at com.kms.katalon.core.keyword.BuiltinKeywords.callTestCase(BuiltinKeywords.groovy:334)
	at TC_Group Chat_CS-15.run(TC_Group Chat_CS-15:20)
	at com.kms.katalon.core.main.ScriptEngine.run(ScriptEngine.java:194)
	at com.kms.katalon.core.main.ScriptEngine.runScriptAsRawText(ScriptEngine.java:119)
	at com.kms.katalon.core.main.TestCaseExecutor.runScript(TestCaseExecutor.java:448)
	at com.kms.katalon.core.main.TestCaseExecutor.doExecute(TestCaseExecutor.java:439)
	at com.kms.katalon.core.main.TestCaseExecutor.processExecutionPhase(TestCaseExecutor.java:418)
	at com.kms.katalon.core.main.TestCaseExecutor.accessMainPhase(TestCaseExecutor.java:410)
	at com.kms.katalon.core.main.TestCaseExecutor.execute(TestCaseExecutor.java:285)
	at com.kms.katalon.core.common.CommonExecutor.accessTestCaseMainPhase(CommonExecutor.java:65)
	at com.kms.katalon.core.main.TestSuiteExecutor.accessTestSuiteMainPhase(TestSuiteExecutor.java:144)
	at com.kms.katalon.core.main.TestSuiteExecutor.execute(TestSuiteExecutor.java:106)
	at com.kms.katalon.core.main.TestCaseMain.startTestSuite(TestCaseMain.java:185)
	at com.kms.katalon.core.main.TestCaseMain$startTestSuite$0.call(Unknown Source)
	at TempTestSuite1666967328832.run(TempTestSuite1666967328832.groovy:36)
Caused by: com.kms.katalon.core.exception.StepFailedException: Unable to start app at: '/Users/sandikurnia/Downloads/apk-staging-for-iqbal.apk' (Root cause: org.openqa.selenium.SessionNotCreatedException: Unable to create a new remote session. Please check the server log for more details. Original error: An unknown server-side error occurred while processing the command. Original error: UiAutomator2 Server cannot start because the local port #53685 is busy. Make sure the port you provide via 'systemPort' capability is not occupied. This situation might often be a result of an inaccurate sessions management, e.g. old automation sessions on the same device must always be closed before starting new ones.
Build info: version: '3.141.59', revision: 'e82be7d358', time: '2018-11-14T08:25:53'
System info: host: 'Sandis-MacBook-Air.local', ip: 'fe80:0:0:0:c5b:3cc4:ccb4:d475%en0', os.name: 'Mac OS X', os.arch: 'x86_64', os.version: '10.16', java.version: '1.8.0_275'
Driver info: driver.version: SwipeableAndroidDriver
remote stacktrace: UnknownError: An unknown server-side error occurred while processing the command. Original error: UiAutomator2 Server cannot start because the local port #53685 is busy. Make sure the port you provide via 'systemPort' capability is not occupied. This situation might often be a result of an inaccurate sessions management, e.g. old automation sessions on the same device must always be closed before starting new ones.
    at getResponseForW3CError (/opt/node/v16.17.1/lib/node_modules/appium/node_modules/appium-base-driver/lib/protocol/errors.js:804:9)
    at asyncHandler (/opt/node/v16.17.1/lib/node_modules/appium/node_modules/appium-base-driver/lib/protocol/protocol.js:380:37)
Build info: version: '3.141.59', revision: 'e82be7d358', time: '2018-11-14T08:25:53'
System info: host: 'Sandis-MacBook-Air.local', ip: 'fe80:0:0:0:c5b:3cc4:ccb4:d475%en0', os.name: 'Mac OS X', os.arch: 'x86_64', os.version: '10.16', java.version: '1.8.0_275'
Driver info: driver.version: SwipeableAndroidDriver
	at io.appium.java_client.remote.AppiumCommandExecutor$1.createSession(AppiumCommandExecutor.java:208)
	at io.appium.java_client.remote.AppiumCommandExecutor.createSession(AppiumCommandExecutor.java:217)
	at io.appium.java_client.remote.AppiumCommandExecutor.execute(AppiumCommandExecutor.java:239)
	at org.openqa.selenium.remote.RemoteWebDriver.execute(RemoteWebDriver.java:552)
	at io.appium.java_client.DefaultGenericMobileDriver.execute(DefaultGenericMobileDriver.java:42)
	at io.appium.java_client.AppiumDriver.execute(AppiumDriver.java:1)
	at io.appium.java_client.android.AndroidDriver.execute(AndroidDriver.java:1)
	at com.kms.katalon.core.appium.driver.SwipeableAndroidDriver.execute(SwipeableAndroidDriver.java:1)
	at org.openqa.selenium.remote.RemoteWebDriver.startSession(RemoteWebDriver.java:213)
	at org.openqa.selenium.remote.RemoteWebDriver.<init>(RemoteWebDriver.java:131)
	at io.appium.java_client.DefaultGenericMobileDriver.<init>(DefaultGenericMobileDriver.java:38)
	at io.appium.java_client.AppiumDriver.<init>(AppiumDriver.java:84)
	at io.appium.java_client.android.AndroidDriver.<init>(AndroidDriver.java:85)
	at com.kms.katalon.core.appium.driver.SwipeableAndroidDriver.<init>(SwipeableAndroidDriver.java:24)
	at com.kms.katalon.core.appium.driver.AppiumDriverManager.createMobileDriver(AppiumDriverManager.java:503)
	at com.kms.katalon.core.appium.driver.AppiumDriverManager.createMobileDriver(AppiumDriverManager.java:485)
	at com.kms.katalon.core.mobile.keyword.internal.MobileDriverFactory.startLocalMobileDriver(MobileDriverFactory.java:539)
	at com.kms.katalon.core.mobile.keyword.internal.MobileDriverFactory.startMobileDriver(MobileDriverFactory.java:452)
	at com.kms.katalon.core.mobile.keyword.builtin.StartApplicationKeyword$_startApplication_closure1.doCall(StartApplicationKeyword.groovy:49)
	at com.kms.katalon.core.mobile.keyword.builtin.StartApplicationKeyword$_startApplication_closure1.call(StartApplicationKeyword.groovy)
	at com.kms.katalon.core.mobile.keyword.internal.MobileKeywordMain.runKeyword(MobileKeywordMain.groovy:21)
	at com.kms.katalon.core.mobile.keyword.builtin.StartApplicationKeyword.startApplication(StartApplicationKeyword.groovy:51)
	at com.kms.katalon.core.mobile.keyword.builtin.StartApplicationKeyword.execute(StartApplicationKeyword.groovy:40)
	at com.kms.katalon.core.keyword.internal.KeywordExecutor.executeKeywordForPlatform(KeywordExecutor.groovy:74)
	at com.kms.katalon.core.mobile.keyword.MobileBuiltInKeywords.startApplication(MobileBuiltInKeywords.groovy:78)
	at com.kms.katalon.core.mobile.keyword.MobileBuiltInKeywords$startApplication.call(Unknown Source)
	at TC_Sign in_CS-40.run(TC_Sign in_CS-40:20)
	at com.kms.katalon.core.main.ScriptEngine.run(ScriptEngine.java:194)
	at com.kms.katalon.core.main.ScriptEngine.runScriptAsRawText(ScriptEngine.java:119)
	at com.kms.katalon.core.main.TestCaseExecutor.runScript(TestCaseExecutor.java:448)
	at com.kms.katalon.core.main.TestCaseExecutor.doExecute(TestCaseExecutor.java:439)
	at com.kms.katalon.core.main.TestCaseExecutor.processExecutionPhase(TestCaseExecutor.java:418)
	at com.kms.katalon.core.main.TestCaseExecutor.accessMainPhase(TestCaseExecutor.java:410)
	at com.kms.katalon.core.main.TestCaseExecutor.execute(TestCaseExecutor.java:285)
	at com.kms.katalon.core.main.TestCaseMain.runTestCase(TestCaseMain.java:142)
	at com.kms.katalon.core.keyword.builtin.CallTestCaseKeyword$_callTestCase_closure1.doCall(CallTestCaseKeyword.groovy:59)
	at com.kms.katalon.core.keyword.builtin.CallTestCaseKeyword$_callTestCase_closure1.call(CallTestCaseKeyword.groovy)
	at com.kms.katalon.core.keyword.internal.KeywordMain.runKeyword(KeywordMain.groovy:74)
	at com.kms.katalon.core.keyword.builtin.CallTestCaseKeyword.callTestCase(CallTestCaseKeyword.groovy:81)
	at com.kms.katalon.core.keyword.builtin.CallTestCaseKeyword.execute(CallTestCaseKeyword.groovy:44)
	at com.kms.katalon.core.keyword.internal.KeywordExecutor.executeKeywordForPlatform(KeywordExecutor.groovy:74)
	at com.kms.katalon.core.keyword.BuiltinKeywords.callTestCase(BuiltinKeywords.groovy:334)
	at TC_Group Chat_CS-15.run(TC_Group Chat_CS-15:20)
	at com.kms.katalon.core.main.ScriptEngine.run(ScriptEngine.java:194)
	at com.kms.katalon.core.main.ScriptEngine.runScriptAsRawText(ScriptEngine.java:119)
	at com.kms.katalon.core.main.TestCaseExecutor.runScript(TestCaseExecutor.java:448)
	at com.kms.katalon.core.main.TestCaseExecutor.doExecute(TestCaseExecutor.java:439)
	at com.kms.katalon.core.main.TestCaseExecutor.processExecutionPhase(TestCaseExecutor.java:418)
	at com.kms.katalon.core.main.TestCaseExecutor.accessMainPhase(TestCaseExecutor.java:410)
	at com.kms.katalon.core.main.TestCaseExecutor.execute(TestCaseExecutor.java:285)
	at com.kms.katalon.core.common.CommonExecutor.accessTestCaseMainPhase(CommonExecutor.java:65)
	at com.kms.katalon.core.main.TestSuiteExecutor.accessTestSuiteMainPhase(TestSuiteExecutor.java:144)
	at com.kms.katalon.core.main.TestSuiteExecutor.execute(TestSuiteExecutor.java:106)
	at com.kms.katalon.core.main.TestCaseMain.startTestSuite(TestCaseMain.java:185)
	at com.kms.katalon.core.main.TestCaseMain$startTestSuite$0.call(Unknown Source)
	at TempTestSuite1666967328832.run(TempTestSuite1666967328832.groovy:36)
Caused by: java.lang.reflect.InvocationTargetException
	at io.appium.java_client.remote.AppiumCommandExecutor$1.createSession(AppiumCommandExecutor.java:186)
	at io.appium.java_client.remote.AppiumCommandExecutor.createSession(AppiumCommandExecutor.java:217)
	at io.appium.java_client.remote.AppiumCommandExecutor.execute(AppiumCommandExecutor.java:239)
	at org.openqa.selenium.remote.RemoteWebDriver.execute(RemoteWebDriver.java:552)
	at io.appium.java_client.DefaultGenericMobileDriver.execute(DefaultGenericMobileDriver.java:42)
	at io.appium.java_client.AppiumDriver.execute(AppiumDriver.java:1)
	at io.appium.java_client.android.AndroidDriver.execute(AndroidDriver.java:1)
	at com.kms.katalon.core.appium.driver.SwipeableAndroidDriver.execute(SwipeableAndroidDriver.java:1)
	at org.openqa.selenium.remote.RemoteWebDriver.startSession(RemoteWebDriver.java:213)
	at org.openqa.selenium.remote.RemoteWebDriver.<init>(RemoteWebDriver.java:131)
	at io.appium.java_client.DefaultGenericMobileDriver.<init>(DefaultGenericMobileDriver.java:38)
	at io.appium.java_client.AppiumDriver.<init>(AppiumDriver.java:84)
	at io.appium.java_client.android.AndroidDriver.<init>(AndroidDriver.java:85)
	at com.kms.katalon.core.appium.driver.SwipeableAndroidDriver.<init>(SwipeableAndroidDriver.java:24)
	at com.kms.katalon.core.appium.driver.AppiumDriverManager.createMobileDriver(AppiumDriverManager.java:503)
	at com.kms.katalon.core.appium.driver.AppiumDriverManager.createMobileDriver(AppiumDriverManager.java:485)
	at com.kms.katalon.core.mobile.keyword.internal.MobileDriverFactory.startLocalMobileDriver(MobileDriverFactory.java:539)
	at com.kms.katalon.core.mobile.keyword.internal.MobileDriverFactory.startMobileDriver(MobileDriverFactory.java:452)
	at com.kms.katalon.core.mobile.keyword.builtin.StartApplicationKeyword$_startApplication_closure1.doCall(StartApplicationKeyword.groovy:49)
	at com.kms.katalon.core.mobile.keyword.builtin.StartApplicationKeyword$_startApplication_closure1.call(StartApplicationKeyword.groovy)
	at com.kms.katalon.core.mobile.keyword.internal.MobileKeywordMain.runKeyword(MobileKeywordMain.groovy:21)
	at com.kms.katalon.core.mobile.keyword.builtin.StartApplicationKeyword.startApplication(StartApplicationKeyword.groovy:51)
	at com.kms.katalon.core.mobile.keyword.builtin.StartApplicationKeyword.execute(StartApplicationKeyword.groovy:40)
	at com.kms.katalon.core.keyword.internal.KeywordExecutor.executeKeywordForPlatform(KeywordExecutor.groovy:74)
	at com.kms.katalon.core.mobile.keyword.MobileBuiltInKeywords.startApplication(MobileBuiltInKeywords.groovy:78)
	at com.kms.katalon.core.mobile.keyword.MobileBuiltInKeywords$startApplication.call(Unknown Source)
	at Script1666945512283.run(Script1666945512283.groovy:20)
	at com.kms.katalon.core.main.ScriptEngine.run(ScriptEngine.java:194)
	at com.kms.katalon.core.main.ScriptEngine.runScriptAsRawText(ScriptEngine.java:119)
	at com.kms.katalon.core.main.TestCaseExecutor.runScript(TestCaseExecutor.java:448)
	at com.kms.katalon.core.main.TestCaseExecutor.doExecute(TestCaseExecutor.java:439)
	at com.kms.katalon.core.main.TestCaseExecutor.processExecutionPhase(TestCaseExecutor.java:418)
	at com.kms.katalon.core.main.TestCaseExecutor.accessMainPhase(TestCaseExecutor.java:410)
	at com.kms.katalon.core.main.TestCaseExecutor.execute(TestCaseExecutor.java:285)
	at com.kms.katalon.core.main.TestCaseMain.runTestCase(TestCaseMain.java:142)
	at com.kms.katalon.core.keyword.builtin.CallTestCaseKeyword$_callTestCase_closure1.doCall(CallTestCaseKeyword.groovy:59)
	at com.kms.katalon.core.keyword.builtin.CallTestCaseKeyword$_callTestCase_closure1.call(CallTestCaseKeyword.groovy)
	at com.kms.katalon.core.keyword.internal.KeywordMain.runKeyword(KeywordMain.groovy:74)
	at com.kms.katalon.core.keyword.builtin.CallTestCaseKeyword.callTestCase(CallTestCaseKeyword.groovy:81)
	at com.kms.katalon.core.keyword.builtin.CallTestCaseKeyword.execute(CallTestCaseKeyword.groovy:44)
	at com.kms.katalon.core.keyword.internal.KeywordExecutor.executeKeywordForPlatform(KeywordExecutor.groovy:74)
	at com.kms.katalon.core.keyword.BuiltinKeywords.callTestCase(BuiltinKeywords.groovy:334)
	at Script1666862047546.run(Script1666862047546.groovy:20)
	... 13 more
Caused by: org.openqa.selenium.WebDriverException: An unknown server-side error occurred while processing the command. Original error: UiAutomator2 Server cannot start because the local port #53685 is busy. Make sure the port you provide via 'systemPort' capability is not occupied. This situation might often be a result of an inaccurate sessions management, e.g. old automation sessions on the same device must always be closed before starting new ones.
Build info: version: '3.141.59', revision: 'e82be7d358', time: '2018-11-14T08:25:53'
System info: host: 'Sandis-MacBook-Air.local', ip: 'fe80:0:0:0:c5b:3cc4:ccb4:d475%en0', os.name: 'Mac OS X', os.arch: 'x86_64', os.version: '10.16', java.version: '1.8.0_275'
Driver info: driver.version: SwipeableAndroidDriver
remote stacktrace: UnknownError: An unknown server-side error occurred while processing the command. Original error: UiAutomator2 Server cannot start because the local port #53685 is busy. Make sure the port you provide via 'systemPort' capability is not occupied. This situation might often be a result of an inaccurate sessions management, e.g. old automation sessions on the same device must always be closed before starting new ones.
    at getResponseForW3CError (/opt/node/v16.17.1/lib/node_modules/appium/node_modules/appium-base-driver/lib/protocol/errors.js:804:9)
    at asyncHandler (/opt/node/v16.17.1/lib/node_modules/appium/node_modules/appium-base-driver/lib/protocol/protocol.js:380:37)
	at org.openqa.selenium.remote.W3CHandshakeResponse.lambda$errorHandler$0(W3CHandshakeResponse.java:62)
	at org.openqa.selenium.remote.HandshakeResponse.lambda$getResponseFunction$0(HandshakeResponse.java:30)
	at org.openqa.selenium.remote.ProtocolHandshake.lambda$createSession$0(ProtocolHandshake.java:126)
	at org.openqa.selenium.remote.ProtocolHandshake.createSession(ProtocolHandshake.java:128)
	... 56 more
)
	at com.kms.katalon.core.keyword.internal.KeywordMain.stepFailed(KeywordMain.groovy:50)
	at com.kms.katalon.core.mobile.keyword.internal.MobileKeywordMain.stepFailed(MobileKeywordMain.groovy:40)
	at com.kms.katalon.core.mobile.keyword.internal.MobileKeywordMain.runKeyword(MobileKeywordMain.groovy:23)
	at com.kms.katalon.core.mobile.keyword.builtin.StartApplicationKeyword.startApplication(StartApplicationKeyword.groovy:51)
	at com.kms.katalon.core.mobile.keyword.builtin.StartApplicationKeyword.execute(StartApplicationKeyword.groovy:40)
	at com.kms.katalon.core.keyword.internal.KeywordExecutor.executeKeywordForPlatform(KeywordExecutor.groovy:74)
	at com.kms.katalon.core.mobile.keyword.MobileBuiltInKeywords.startApplication(MobileBuiltInKeywords.groovy:78)
	at com.kms.katalon.core.mobile.keyword.MobileBuiltInKeywords$startApplication.call(Unknown Source)
	at TC_Sign in_CS-40.run(TC_Sign in_CS-40:20)
	at com.kms.katalon.core.main.ScriptEngine.run(ScriptEngine.java:194)
	at com.kms.katalon.core.main.ScriptEngine.runScriptAsRawText(ScriptEngine.java:119)
	at com.kms.katalon.core.main.TestCaseExecutor.runScript(TestCaseExecutor.java:448)
	at com.kms.katalon.core.main.TestCaseExecutor.doExecute(TestCaseExecutor.java:439)
	at com.kms.katalon.core.main.TestCaseExecutor.processExecutionPhase(TestCaseExecutor.java:418)
	at com.kms.katalon.core.main.TestCaseExecutor.accessMainPhase(TestCaseExecutor.java:410)
	at com.kms.katalon.core.main.TestCaseExecutor.execute(TestCaseExecutor.java:285)
	at com.kms.katalon.core.main.TestCaseMain.runTestCase(TestCaseMain.java:142)
	at com.kms.katalon.core.keyword.builtin.CallTestCaseKeyword$_callTestCase_closure1.doCall(CallTestCaseKeyword.groovy:59)
	... 20 more
Caused by: org.openqa.selenium.SessionNotCreatedException: Unable to create a new remote session. Please check the server log for more details. Original error: An unknown server-side error occurred while processing the command. Original error: UiAutomator2 Server cannot start because the local port #53685 is busy. Make sure the port you provide via 'systemPort' capability is not occupied. This situation might often be a result of an inaccurate sessions management, e.g. old automation sessions on the same device must always be closed before starting new ones.
Build info: version: '3.141.59', revision: 'e82be7d358', time: '2018-11-14T08:25:53'
System info: host: 'Sandis-MacBook-Air.local', ip: 'fe80:0:0:0:c5b:3cc4:ccb4:d475%en0', os.name: 'Mac OS X', os.arch: 'x86_64', os.version: '10.16', java.version: '1.8.0_275'
Driver info: driver.version: SwipeableAndroidDriver
remote stacktrace: UnknownError: An unknown server-side error occurred while processing the command. Original error: UiAutomator2 Server cannot start because the local port #53685 is busy. Make sure the port you provide via 'systemPort' capability is not occupied. This situation might often be a result of an inaccurate sessions management, e.g. old automation sessions on the same device must always be closed before starting new ones.
    at getResponseForW3CError (/opt/node/v16.17.1/lib/node_modules/appium/node_modules/appium-base-driver/lib/protocol/errors.js:804:9)
    at asyncHandler (/opt/node/v16.17.1/lib/node_modules/appium/node_modules/appium-base-driver/lib/protocol/protocol.js:380:37)
Build info: version: '3.141.59', revision: 'e82be7d358', time: '2018-11-14T08:25:53'
System info: host: 'Sandis-MacBook-Air.local', ip: 'fe80:0:0:0:c5b:3cc4:ccb4:d475%en0', os.name: 'Mac OS X', os.arch: 'x86_64', os.version: '10.16', java.version: '1.8.0_275'
Driver info: driver.version: SwipeableAndroidDriver
	at io.appium.java_client.remote.AppiumCommandExecutor$1.createSession(AppiumCommandExecutor.java:208)
	at io.appium.java_client.remote.AppiumCommandExecutor.createSession(AppiumCommandExecutor.java:217)
	at io.appium.java_client.remote.AppiumCommandExecutor.execute(AppiumCommandExecutor.java:239)
	at org.openqa.selenium.remote.RemoteWebDriver.execute(RemoteWebDriver.java:552)
	at io.appium.java_client.DefaultGenericMobileDriver.execute(DefaultGenericMobileDriver.java:42)
	at io.appium.java_client.AppiumDriver.execute(AppiumDriver.java:1)
	at io.appium.java_client.android.AndroidDriver.execute(AndroidDriver.java:1)
	at com.kms.katalon.core.appium.driver.SwipeableAndroidDriver.execute(SwipeableAndroidDriver.java:1)
	at org.openqa.selenium.remote.RemoteWebDriver.startSession(RemoteWebDriver.java:213)
	at org.openqa.selenium.remote.RemoteWebDriver.<init>(RemoteWebDriver.java:131)
	at io.appium.java_client.DefaultGenericMobileDriver.<init>(DefaultGenericMobileDriver.java:38)
	at io.appium.java_client.AppiumDriver.<init>(AppiumDriver.java:84)
	at io.appium.java_client.android.AndroidDriver.<init>(AndroidDriver.java:85)
	at com.kms.katalon.core.appium.driver.SwipeableAndroidDriver.<init>(SwipeableAndroidDriver.java:24)
	at com.kms.katalon.core.appium.driver.AppiumDriverManager.createMobileDriver(AppiumDriverManager.java:503)
	at com.kms.katalon.core.appium.driver.AppiumDriverManager.createMobileDriver(AppiumDriverManager.java:485)
	at com.kms.katalon.core.mobile.keyword.internal.MobileDriverFactory.startLocalMobileDriver(MobileDriverFactory.java:539)
	at com.kms.katalon.core.mobile.keyword.internal.MobileDriverFactory.startMobileDriver(MobileDriverFactory.java:452)
	at com.kms.katalon.core.mobile.keyword.builtin.StartApplicationKeyword$_startApplication_closure1.doCall(StartApplicationKeyword.groovy:49)
	at com.kms.katalon.core.mobile.keyword.builtin.StartApplicationKeyword$_startApplication_closure1.call(StartApplicationKeyword.groovy)
	at com.kms.katalon.core.mobile.keyword.internal.MobileKeywordMain.runKeyword(MobileKeywordMain.groovy:21)
	... 35 more
Caused by: java.lang.reflect.InvocationTargetException
	at io.appium.java_client.remote.AppiumCommandExecutor$1.createSession(AppiumCommandExecutor.java:186)
	at io.appium.java_client.remote.AppiumCommandExecutor.createSession(AppiumCommandExecutor.java:217)
	at io.appium.java_client.remote.AppiumCommandExecutor.execute(AppiumCommandExecutor.java:239)
	at org.openqa.selenium.remote.RemoteWebDriver.execute(RemoteWebDriver.java:552)
	at io.appium.java_client.DefaultGenericMobileDriver.execute(DefaultGenericMobileDriver.java:42)
	at io.appium.java_client.AppiumDriver.execute(AppiumDriver.java:1)
	at io.appium.java_client.android.AndroidDriver.execute(AndroidDriver.java:1)
	at com.kms.katalon.core.appium.driver.SwipeableAndroidDriver.execute(SwipeableAndroidDriver.java:1)
	at org.openqa.selenium.remote.RemoteWebDriver.startSession(RemoteWebDriver.java:213)
	at org.openqa.selenium.remote.RemoteWebDriver.<init>(RemoteWebDriver.java:131)
	at io.appium.java_client.DefaultGenericMobileDriver.<init>(DefaultGenericMobileDriver.java:38)
	at io.appium.java_client.AppiumDriver.<init>(AppiumDriver.java:84)
	at io.appium.java_client.android.AndroidDriver.<init>(AndroidDriver.java:85)
	at com.kms.katalon.core.appium.driver.SwipeableAndroidDriver.<init>(SwipeableAndroidDriver.java:24)
	at com.kms.katalon.core.appium.driver.AppiumDriverManager.createMobileDriver(AppiumDriverManager.java:503)
	at com.kms.katalon.core.appium.driver.AppiumDriverManager.createMobileDriver(AppiumDriverManager.java:485)
	at com.kms.katalon.core.mobile.keyword.internal.MobileDriverFactory.startLocalMobileDriver(MobileDriverFactory.java:539)
	at com.kms.katalon.core.mobile.keyword.internal.MobileDriverFactory.startMobileDriver(MobileDriverFactory.java:452)
	at com.kms.katalon.core.mobile.keyword.builtin.StartApplicationKeyword$_startApplication_closure1.doCall(StartApplicationKeyword.groovy:49)
	at com.kms.katalon.core.mobile.keyword.builtin.StartApplicationKeyword$_startApplication_closure1.call(StartApplicationKeyword.groovy)
	at com.kms.katalon.core.mobile.keyword.internal.MobileKeywordMain.runKeyword(MobileKeywordMain.groovy:21)
	at com.kms.katalon.core.mobile.keyword.builtin.StartApplicationKeyword.startApplication(StartApplicationKeyword.groovy:51)
	at com.kms.katalon.core.mobile.keyword.builtin.StartApplicationKeyword.execute(StartApplicationKeyword.groovy:40)
	at com.kms.katalon.core.keyword.internal.KeywordExecutor.executeKeywordForPlatform(KeywordExecutor.groovy:74)
	at com.kms.katalon.core.mobile.keyword.MobileBuiltInKeywords.startApplication(MobileBuiltInKeywords.groovy:78)
	at com.kms.katalon.core.mobile.keyword.MobileBuiltInKeywords$startApplication.call(Unknown Source)
	at Script1666945512283.run(Script1666945512283.groovy:20)
	at com.kms.katalon.core.main.ScriptEngine.run(ScriptEngine.java:194)
	at com.kms.katalon.core.main.ScriptEngine.runScriptAsRawText(ScriptEngine.java:119)
	at com.kms.katalon.core.main.TestCaseExecutor.runScript(TestCaseExecutor.java:448)
	at com.kms.katalon.core.main.TestCaseExecutor.doExecute(TestCaseExecutor.java:439)
	at com.kms.katalon.core.main.TestCaseExecutor.processExecutionPhase(TestCaseExecutor.java:418)
	at com.kms.katalon.core.main.TestCaseExecutor.accessMainPhase(TestCaseExecutor.java:410)
	at com.kms.katalon.core.main.TestCaseExecutor.execute(TestCaseExecutor.java:285)
	at com.kms.katalon.core.main.TestCaseMain.runTestCase(TestCaseMain.java:142)
	at com.kms.katalon.core.keyword.builtin.CallTestCaseKeyword$_callTestCase_closure1.doCall(CallTestCaseKeyword.groovy:59)
	at com.kms.katalon.core.keyword.builtin.CallTestCaseKeyword$_callTestCase_closure1.call(CallTestCaseKeyword.groovy)
	at com.kms.katalon.core.keyword.internal.KeywordMain.runKeyword(KeywordMain.groovy:74)
	at com.kms.katalon.core.keyword.builtin.CallTestCaseKeyword.callTestCase(CallTestCaseKeyword.groovy:81)
	at com.kms.katalon.core.keyword.builtin.CallTestCaseKeyword.execute(CallTestCaseKeyword.groovy:44)
	at com.kms.katalon.core.keyword.internal.KeywordExecutor.executeKeywordForPlatform(KeywordExecutor.groovy:74)
	at com.kms.katalon.core.keyword.BuiltinKeywords.callTestCase(BuiltinKeywords.groovy:334)
	at Script1666862047546.run(Script1666862047546.groovy:20)
	... 13 more
Caused by: org.openqa.selenium.WebDriverException: An unknown server-side error occurred while processing the command. Original error: UiAutomator2 Server cannot start because the local port #53685 is busy. Make sure the port you provide via 'systemPort' capability is not occupied. This situation might often be a result of an inaccurate sessions management, e.g. old automation sessions on the same device must always be closed before starting new ones.
Build info: version: '3.141.59', revision: 'e82be7d358', time: '2018-11-14T08:25:53'
System info: host: 'Sandis-MacBook-Air.local', ip: 'fe80:0:0:0:c5b:3cc4:ccb4:d475%en0', os.name: 'Mac OS X', os.arch: 'x86_64', os.version: '10.16', java.version: '1.8.0_275'
Driver info: driver.version: SwipeableAndroidDriver
remote stacktrace: UnknownError: An unknown server-side error occurred while processing the command. Original error: UiAutomator2 Server cannot start because the local port #53685 is busy. Make sure the port you provide via 'systemPort' capability is not occupied. This situation might often be a result of an inaccurate sessions management, e.g. old automation sessions on the same device must always be closed before starting new ones.
    at getResponseForW3CError (/opt/node/v16.17.1/lib/node_modules/appium/node_modules/appium-base-driver/lib/protocol/errors.js:804:9)
    at asyncHandler (/opt/node/v16.17.1/lib/node_modules/appium/node_modules/appium-base-driver/lib/protocol/protocol.js:380:37)
	at org.openqa.selenium.remote.W3CHandshakeResponse.lambda$errorHandler$0(W3CHandshakeResponse.java:62)
	at org.openqa.selenium.remote.HandshakeResponse.lambda$getResponseFunction$0(HandshakeResponse.java:30)
	at org.openqa.selenium.remote.ProtocolHandshake.lambda$createSession$0(ProtocolHandshake.java:126)
	at org.openqa.selenium.remote.ProtocolHandshake.createSession(ProtocolHandshake.java:128)
	at io.appium.java_client.remote.AppiumCommandExecutor$1.createSession(AppiumCommandExecutor.java:186)
	at io.appium.java_client.remote.AppiumCommandExecutor.createSession(AppiumCommandExecutor.java:217)
	at io.appium.java_client.remote.AppiumCommandExecutor.execute(AppiumCommandExecutor.java:239)
	at org.openqa.selenium.remote.RemoteWebDriver.execute(RemoteWebDriver.java:552)
	at io.appium.java_client.DefaultGenericMobileDriver.execute(DefaultGenericMobileDriver.java:42)
	at io.appium.java_client.AppiumDriver.execute(AppiumDriver.java:1)
	at io.appium.java_client.android.AndroidDriver.execute(AndroidDriver.java:1)
	at com.kms.katalon.core.appium.driver.SwipeableAndroidDriver.execute(SwipeableAndroidDriver.java:1)
	at org.openqa.selenium.remote.RemoteWebDriver.startSession(RemoteWebDriver.java:213)
	at org.openqa.selenium.remote.RemoteWebDriver.<init>(RemoteWebDriver.java:131)
	at io.appium.java_client.DefaultGenericMobileDriver.<init>(DefaultGenericMobileDriver.java:38)
	at io.appium.java_client.AppiumDriver.<init>(AppiumDriver.java:84)
	at io.appium.java_client.android.AndroidDriver.<init>(AndroidDriver.java:85)
	at com.kms.katalon.core.appium.driver.SwipeableAndroidDriver.<init>(SwipeableAndroidDriver.java:24)
	at com.kms.katalon.core.appium.driver.AppiumDriverManager.createMobileDriver(AppiumDriverManager.java:503)
	at com.kms.katalon.core.appium.driver.AppiumDriverManager.createMobileDriver(AppiumDriverManager.java:485)
	at com.kms.katalon.core.mobile.keyword.internal.MobileDriverFactory.startLocalMobileDriver(MobileDriverFactory.java:539)
	at com.kms.katalon.core.mobile.keyword.internal.MobileDriverFactory.startMobileDriver(MobileDriverFactory.java:452)
	at com.kms.katalon.core.mobile.keyword.builtin.StartApplicationKeyword$_startApplication_closure1.doCall(StartApplicationKeyword.groovy:49)
	at com.kms.katalon.core.mobile.keyword.builtin.StartApplicationKeyword$_startApplication_closure1.call(StartApplicationKeyword.groovy)
	at com.kms.katalon.core.mobile.keyword.internal.MobileKeywordMain.runKeyword(MobileKeywordMain.groovy:21)
	at com.kms.katalon.core.mobile.keyword.builtin.StartApplicationKeyword.startApplication(StartApplicationKeyword.groovy:51)
	at com.kms.katalon.core.mobile.keyword.builtin.StartApplicationKeyword.execute(StartApplicationKeyword.groovy:40)
	at com.kms.katalon.core.keyword.internal.KeywordExecutor.executeKeywordForPlatform(KeywordExecutor.groovy:74)
	at com.kms.katalon.core.mobile.keyword.MobileBuiltInKeywords.startApplication(MobileBuiltInKeywords.groovy:78)
	at com.kms.katalon.core.mobile.keyword.MobileBuiltInKeywords$startApplication.call(Unknown Source)
	at TC_Sign in_CS-40.run(TC_Sign in_CS-40:20)
	at com.kms.katalon.core.main.ScriptEngine.run(ScriptEngine.java:194)
	at com.kms.katalon.core.main.ScriptEngine.runScriptAsRawText(ScriptEngine.java:119)
	at com.kms.katalon.core.main.TestCaseExecutor.runScript(TestCaseExecutor.java:448)
	at com.kms.katalon.core.main.TestCaseExecutor.doExecute(TestCaseExecutor.java:439)
	at com.kms.katalon.core.main.TestCaseExecutor.processExecutionPhase(TestCaseExecutor.java:418)
	at com.kms.katalon.core.main.TestCaseExecutor.accessMainPhase(TestCaseExecutor.java:410)
	at com.kms.katalon.core.main.TestCaseExecutor.execute(TestCaseExecutor.java:285)
	at com.kms.katalon.core.main.TestCaseMain.runTestCase(TestCaseMain.java:142)
	at com.kms.katalon.core.keyword.builtin.CallTestCaseKeyword$_callTestCase_closure1.doCall(CallTestCaseKeyword.groovy:59)
	at com.kms.katalon.core.keyword.builtin.CallTestCaseKeyword$_callTestCase_closure1.call(CallTestCaseKeyword.groovy)
	at com.kms.katalon.core.keyword.internal.KeywordMain.runKeyword(KeywordMain.groovy:74)
	at com.kms.katalon.core.keyword.builtin.CallTestCaseKeyword.callTestCase(CallTestCaseKeyword.groovy:81)
	at com.kms.katalon.core.keyword.builtin.CallTestCaseKeyword.execute(CallTestCaseKeyword.groovy:44)
	at com.kms.katalon.core.keyword.internal.KeywordExecutor.executeKeywordForPlatform(KeywordExecutor.groovy:74)
	at com.kms.katalon.core.keyword.BuiltinKeywords.callTestCase(BuiltinKeywords.groovy:334)
	at TC_Group Chat_CS-15.run(TC_Group Chat_CS-15:20)
	... 13 more]]></system-out>
      <system-err><![CDATA[2022-10-28 21:29:01 - [TEST_SUITE][FAILED] - Cicle Staging Mobile App: Test Cases/GroupChat/TC_Group Chat_CS-15 FAILED.
Reason:
com.kms.katalon.core.exception.StepFailedException: Call Test Case 'Test Cases/Sign in/TC_Sign in_CS-40' failed
	at com.kms.katalon.core.keyword.builtin.CallTestCaseKeyword$_callTestCase_closure1.doCall(CallTestCaseKeyword.groovy:63)
	at com.kms.katalon.core.keyword.builtin.CallTestCaseKeyword$_callTestCase_closure1.call(CallTestCaseKeyword.groovy)
	at com.kms.katalon.core.keyword.internal.KeywordMain.runKeyword(KeywordMain.groovy:74)
	at com.kms.katalon.core.keyword.builtin.CallTestCaseKeyword.callTestCase(CallTestCaseKeyword.groovy:81)
	at com.kms.katalon.core.keyword.builtin.CallTestCaseKeyword.execute(CallTestCaseKeyword.groovy:44)
	at com.kms.katalon.core.keyword.internal.KeywordExecutor.executeKeywordForPlatform(KeywordExecutor.groovy:74)
	at com.kms.katalon.core.keyword.BuiltinKeywords.callTestCase(BuiltinKeywords.groovy:334)
	at TC_Group Chat_CS-15.run(TC_Group Chat_CS-15:20)
	at com.kms.katalon.core.main.ScriptEngine.run(ScriptEngine.java:194)
	at com.kms.katalon.core.main.ScriptEngine.runScriptAsRawText(ScriptEngine.java:119)
	at com.kms.katalon.core.main.TestCaseExecutor.runScript(TestCaseExecutor.java:448)
	at com.kms.katalon.core.main.TestCaseExecutor.doExecute(TestCaseExecutor.java:439)
	at com.kms.katalon.core.main.TestCaseExecutor.processExecutionPhase(TestCaseExecutor.java:418)
	at com.kms.katalon.core.main.TestCaseExecutor.accessMainPhase(TestCaseExecutor.java:410)
	at com.kms.katalon.core.main.TestCaseExecutor.execute(TestCaseExecutor.java:285)
	at com.kms.katalon.core.common.CommonExecutor.accessTestCaseMainPhase(CommonExecutor.java:65)
	at com.kms.katalon.core.main.TestSuiteExecutor.accessTestSuiteMainPhase(TestSuiteExecutor.java:144)
	at com.kms.katalon.core.main.TestSuiteExecutor.execute(TestSuiteExecutor.java:106)
	at com.kms.katalon.core.main.TestCaseMain.startTestSuite(TestCaseMain.java:185)
	at com.kms.katalon.core.main.TestCaseMain$startTestSuite$0.call(Unknown Source)
	at TempTestSuite1666967328832.run(TempTestSuite1666967328832.groovy:36)
Caused by: com.kms.katalon.core.exception.StepFailedException: Unable to start app at: '/Users/sandikurnia/Downloads/apk-staging-for-iqbal.apk' (Root cause: org.openqa.selenium.SessionNotCreatedException: Unable to create a new remote session. Please check the server log for more details. Original error: An unknown server-side error occurred while processing the command. Original error: UiAutomator2 Server cannot start because the local port #53685 is busy. Make sure the port you provide via 'systemPort' capability is not occupied. This situation might often be a result of an inaccurate sessions management, e.g. old automation sessions on the same device must always be closed before starting new ones.
Build info: version: '3.141.59', revision: 'e82be7d358', time: '2018-11-14T08:25:53'
System info: host: 'Sandis-MacBook-Air.local', ip: 'fe80:0:0:0:c5b:3cc4:ccb4:d475%en0', os.name: 'Mac OS X', os.arch: 'x86_64', os.version: '10.16', java.version: '1.8.0_275'
Driver info: driver.version: SwipeableAndroidDriver
remote stacktrace: UnknownError: An unknown server-side error occurred while processing the command. Original error: UiAutomator2 Server cannot start because the local port #53685 is busy. Make sure the port you provide via 'systemPort' capability is not occupied. This situation might often be a result of an inaccurate sessions management, e.g. old automation sessions on the same device must always be closed before starting new ones.
    at getResponseForW3CError (/opt/node/v16.17.1/lib/node_modules/appium/node_modules/appium-base-driver/lib/protocol/errors.js:804:9)
    at asyncHandler (/opt/node/v16.17.1/lib/node_modules/appium/node_modules/appium-base-driver/lib/protocol/protocol.js:380:37)
Build info: version: '3.141.59', revision: 'e82be7d358', time: '2018-11-14T08:25:53'
System info: host: 'Sandis-MacBook-Air.local', ip: 'fe80:0:0:0:c5b:3cc4:ccb4:d475%en0', os.name: 'Mac OS X', os.arch: 'x86_64', os.version: '10.16', java.version: '1.8.0_275'
Driver info: driver.version: SwipeableAndroidDriver
	at io.appium.java_client.remote.AppiumCommandExecutor$1.createSession(AppiumCommandExecutor.java:208)
	at io.appium.java_client.remote.AppiumCommandExecutor.createSession(AppiumCommandExecutor.java:217)
	at io.appium.java_client.remote.AppiumCommandExecutor.execute(AppiumCommandExecutor.java:239)
	at org.openqa.selenium.remote.RemoteWebDriver.execute(RemoteWebDriver.java:552)
	at io.appium.java_client.DefaultGenericMobileDriver.execute(DefaultGenericMobileDriver.java:42)
	at io.appium.java_client.AppiumDriver.execute(AppiumDriver.java:1)
	at io.appium.java_client.android.AndroidDriver.execute(AndroidDriver.java:1)
	at com.kms.katalon.core.appium.driver.SwipeableAndroidDriver.execute(SwipeableAndroidDriver.java:1)
	at org.openqa.selenium.remote.RemoteWebDriver.startSession(RemoteWebDriver.java:213)
	at org.openqa.selenium.remote.RemoteWebDriver.<init>(RemoteWebDriver.java:131)
	at io.appium.java_client.DefaultGenericMobileDriver.<init>(DefaultGenericMobileDriver.java:38)
	at io.appium.java_client.AppiumDriver.<init>(AppiumDriver.java:84)
	at io.appium.java_client.android.AndroidDriver.<init>(AndroidDriver.java:85)
	at com.kms.katalon.core.appium.driver.SwipeableAndroidDriver.<init>(SwipeableAndroidDriver.java:24)
	at com.kms.katalon.core.appium.driver.AppiumDriverManager.createMobileDriver(AppiumDriverManager.java:503)
	at com.kms.katalon.core.appium.driver.AppiumDriverManager.createMobileDriver(AppiumDriverManager.java:485)
	at com.kms.katalon.core.mobile.keyword.internal.MobileDriverFactory.startLocalMobileDriver(MobileDriverFactory.java:539)
	at com.kms.katalon.core.mobile.keyword.internal.MobileDriverFactory.startMobileDriver(MobileDriverFactory.java:452)
	at com.kms.katalon.core.mobile.keyword.builtin.StartApplicationKeyword$_startApplication_closure1.doCall(StartApplicationKeyword.groovy:49)
	at com.kms.katalon.core.mobile.keyword.builtin.StartApplicationKeyword$_startApplication_closure1.call(StartApplicationKeyword.groovy)
	at com.kms.katalon.core.mobile.keyword.internal.MobileKeywordMain.runKeyword(MobileKeywordMain.groovy:21)
	at com.kms.katalon.core.mobile.keyword.builtin.StartApplicationKeyword.startApplication(StartApplicationKeyword.groovy:51)
	at com.kms.katalon.core.mobile.keyword.builtin.StartApplicationKeyword.execute(StartApplicationKeyword.groovy:40)
	at com.kms.katalon.core.keyword.internal.KeywordExecutor.executeKeywordForPlatform(KeywordExecutor.groovy:74)
	at com.kms.katalon.core.mobile.keyword.MobileBuiltInKeywords.startApplication(MobileBuiltInKeywords.groovy:78)
	at com.kms.katalon.core.mobile.keyword.MobileBuiltInKeywords$startApplication.call(Unknown Source)
	at TC_Sign in_CS-40.run(TC_Sign in_CS-40:20)
	at com.kms.katalon.core.main.ScriptEngine.run(ScriptEngine.java:194)
	at com.kms.katalon.core.main.ScriptEngine.runScriptAsRawText(ScriptEngine.java:119)
	at com.kms.katalon.core.main.TestCaseExecutor.runScript(TestCaseExecutor.java:448)
	at com.kms.katalon.core.main.TestCaseExecutor.doExecute(TestCaseExecutor.java:439)
	at com.kms.katalon.core.main.TestCaseExecutor.processExecutionPhase(TestCaseExecutor.java:418)
	at com.kms.katalon.core.main.TestCaseExecutor.accessMainPhase(TestCaseExecutor.java:410)
	at com.kms.katalon.core.main.TestCaseExecutor.execute(TestCaseExecutor.java:285)
	at com.kms.katalon.core.main.TestCaseMain.runTestCase(TestCaseMain.java:142)
	at com.kms.katalon.core.keyword.builtin.CallTestCaseKeyword$_callTestCase_closure1.doCall(CallTestCaseKeyword.groovy:59)
	at com.kms.katalon.core.keyword.builtin.CallTestCaseKeyword$_callTestCase_closure1.call(CallTestCaseKeyword.groovy)
	at com.kms.katalon.core.keyword.internal.KeywordMain.runKeyword(KeywordMain.groovy:74)
	at com.kms.katalon.core.keyword.builtin.CallTestCaseKeyword.callTestCase(CallTestCaseKeyword.groovy:81)
	at com.kms.katalon.core.keyword.builtin.CallTestCaseKeyword.execute(CallTestCaseKeyword.groovy:44)
	at com.kms.katalon.core.keyword.internal.KeywordExecutor.executeKeywordForPlatform(KeywordExecutor.groovy:74)
	at com.kms.katalon.core.keyword.BuiltinKeywords.callTestCase(BuiltinKeywords.groovy:334)
	at TC_Group Chat_CS-15.run(TC_Group Chat_CS-15:20)
	at com.kms.katalon.core.main.ScriptEngine.run(ScriptEngine.java:194)
	at com.kms.katalon.core.main.ScriptEngine.runScriptAsRawText(ScriptEngine.java:119)
	at com.kms.katalon.core.main.TestCaseExecutor.runScript(TestCaseExecutor.java:448)
	at com.kms.katalon.core.main.TestCaseExecutor.doExecute(TestCaseExecutor.java:439)
	at com.kms.katalon.core.main.TestCaseExecutor.processExecutionPhase(TestCaseExecutor.java:418)
	at com.kms.katalon.core.main.TestCaseExecutor.accessMainPhase(TestCaseExecutor.java:410)
	at com.kms.katalon.core.main.TestCaseExecutor.execute(TestCaseExecutor.java:285)
	at com.kms.katalon.core.common.CommonExecutor.accessTestCaseMainPhase(CommonExecutor.java:65)
	at com.kms.katalon.core.main.TestSuiteExecutor.accessTestSuiteMainPhase(TestSuiteExecutor.java:144)
	at com.kms.katalon.core.main.TestSuiteExecutor.execute(TestSuiteExecutor.java:106)
	at com.kms.katalon.core.main.TestCaseMain.startTestSuite(TestCaseMain.java:185)
	at com.kms.katalon.core.main.TestCaseMain$startTestSuite$0.call(Unknown Source)
	at TempTestSuite1666967328832.run(TempTestSuite1666967328832.groovy:36)
Caused by: java.lang.reflect.InvocationTargetException
	at io.appium.java_client.remote.AppiumCommandExecutor$1.createSession(AppiumCommandExecutor.java:186)
	at io.appium.java_client.remote.AppiumCommandExecutor.createSession(AppiumCommandExecutor.java:217)
	at io.appium.java_client.remote.AppiumCommandExecutor.execute(AppiumCommandExecutor.java:239)
	at org.openqa.selenium.remote.RemoteWebDriver.execute(RemoteWebDriver.java:552)
	at io.appium.java_client.DefaultGenericMobileDriver.execute(DefaultGenericMobileDriver.java:42)
	at io.appium.java_client.AppiumDriver.execute(AppiumDriver.java:1)
	at io.appium.java_client.android.AndroidDriver.execute(AndroidDriver.java:1)
	at com.kms.katalon.core.appium.driver.SwipeableAndroidDriver.execute(SwipeableAndroidDriver.java:1)
	at org.openqa.selenium.remote.RemoteWebDriver.startSession(RemoteWebDriver.java:213)
	at org.openqa.selenium.remote.RemoteWebDriver.<init>(RemoteWebDriver.java:131)
	at io.appium.java_client.DefaultGenericMobileDriver.<init>(DefaultGenericMobileDriver.java:38)
	at io.appium.java_client.AppiumDriver.<init>(AppiumDriver.java:84)
	at io.appium.java_client.android.AndroidDriver.<init>(AndroidDriver.java:85)
	at com.kms.katalon.core.appium.driver.SwipeableAndroidDriver.<init>(SwipeableAndroidDriver.java:24)
	at com.kms.katalon.core.appium.driver.AppiumDriverManager.createMobileDriver(AppiumDriverManager.java:503)
	at com.kms.katalon.core.appium.driver.AppiumDriverManager.createMobileDriver(AppiumDriverManager.java:485)
	at com.kms.katalon.core.mobile.keyword.internal.MobileDriverFactory.startLocalMobileDriver(MobileDriverFactory.java:539)
	at com.kms.katalon.core.mobile.keyword.internal.MobileDriverFactory.startMobileDriver(MobileDriverFactory.java:452)
	at com.kms.katalon.core.mobile.keyword.builtin.StartApplicationKeyword$_startApplication_closure1.doCall(StartApplicationKeyword.groovy:49)
	at com.kms.katalon.core.mobile.keyword.builtin.StartApplicationKeyword$_startApplication_closure1.call(StartApplicationKeyword.groovy)
	at com.kms.katalon.core.mobile.keyword.internal.MobileKeywordMain.runKeyword(MobileKeywordMain.groovy:21)
	at com.kms.katalon.core.mobile.keyword.builtin.StartApplicationKeyword.startApplication(StartApplicationKeyword.groovy:51)
	at com.kms.katalon.core.mobile.keyword.builtin.StartApplicationKeyword.execute(StartApplicationKeyword.groovy:40)
	at com.kms.katalon.core.keyword.internal.KeywordExecutor.executeKeywordForPlatform(KeywordExecutor.groovy:74)
	at com.kms.katalon.core.mobile.keyword.MobileBuiltInKeywords.startApplication(MobileBuiltInKeywords.groovy:78)
	at com.kms.katalon.core.mobile.keyword.MobileBuiltInKeywords$startApplication.call(Unknown Source)
	at Script1666945512283.run(Script1666945512283.groovy:20)
	at com.kms.katalon.core.main.ScriptEngine.run(ScriptEngine.java:194)
	at com.kms.katalon.core.main.ScriptEngine.runScriptAsRawText(ScriptEngine.java:119)
	at com.kms.katalon.core.main.TestCaseExecutor.runScript(TestCaseExecutor.java:448)
	at com.kms.katalon.core.main.TestCaseExecutor.doExecute(TestCaseExecutor.java:439)
	at com.kms.katalon.core.main.TestCaseExecutor.processExecutionPhase(TestCaseExecutor.java:418)
	at com.kms.katalon.core.main.TestCaseExecutor.accessMainPhase(TestCaseExecutor.java:410)
	at com.kms.katalon.core.main.TestCaseExecutor.execute(TestCaseExecutor.java:285)
	at com.kms.katalon.core.main.TestCaseMain.runTestCase(TestCaseMain.java:142)
	at com.kms.katalon.core.keyword.builtin.CallTestCaseKeyword$_callTestCase_closure1.doCall(CallTestCaseKeyword.groovy:59)
	at com.kms.katalon.core.keyword.builtin.CallTestCaseKeyword$_callTestCase_closure1.call(CallTestCaseKeyword.groovy)
	at com.kms.katalon.core.keyword.internal.KeywordMain.runKeyword(KeywordMain.groovy:74)
	at com.kms.katalon.core.keyword.builtin.CallTestCaseKeyword.callTestCase(CallTestCaseKeyword.groovy:81)
	at com.kms.katalon.core.keyword.builtin.CallTestCaseKeyword.execute(CallTestCaseKeyword.groovy:44)
	at com.kms.katalon.core.keyword.internal.KeywordExecutor.executeKeywordForPlatform(KeywordExecutor.groovy:74)
	at com.kms.katalon.core.keyword.BuiltinKeywords.callTestCase(BuiltinKeywords.groovy:334)
	at Script1666862047546.run(Script1666862047546.groovy:20)
	... 13 more
Caused by: org.openqa.selenium.WebDriverException: An unknown server-side error occurred while processing the command. Original error: UiAutomator2 Server cannot start because the local port #53685 is busy. Make sure the port you provide via 'systemPort' capability is not occupied. This situation might often be a result of an inaccurate sessions management, e.g. old automation sessions on the same device must always be closed before starting new ones.
Build info: version: '3.141.59', revision: 'e82be7d358', time: '2018-11-14T08:25:53'
System info: host: 'Sandis-MacBook-Air.local', ip: 'fe80:0:0:0:c5b:3cc4:ccb4:d475%en0', os.name: 'Mac OS X', os.arch: 'x86_64', os.version: '10.16', java.version: '1.8.0_275'
Driver info: driver.version: SwipeableAndroidDriver
remote stacktrace: UnknownError: An unknown server-side error occurred while processing the command. Original error: UiAutomator2 Server cannot start because the local port #53685 is busy. Make sure the port you provide via 'systemPort' capability is not occupied. This situation might often be a result of an inaccurate sessions management, e.g. old automation sessions on the same device must always be closed before starting new ones.
    at getResponseForW3CError (/opt/node/v16.17.1/lib/node_modules/appium/node_modules/appium-base-driver/lib/protocol/errors.js:804:9)
    at asyncHandler (/opt/node/v16.17.1/lib/node_modules/appium/node_modules/appium-base-driver/lib/protocol/protocol.js:380:37)
	at org.openqa.selenium.remote.W3CHandshakeResponse.lambda$errorHandler$0(W3CHandshakeResponse.java:62)
	at org.openqa.selenium.remote.HandshakeResponse.lambda$getResponseFunction$0(HandshakeResponse.java:30)
	at org.openqa.selenium.remote.ProtocolHandshake.lambda$createSession$0(ProtocolHandshake.java:126)
	at org.openqa.selenium.remote.ProtocolHandshake.createSession(ProtocolHandshake.java:128)
	... 56 more
)
	at com.kms.katalon.core.keyword.internal.KeywordMain.stepFailed(KeywordMain.groovy:50)
	at com.kms.katalon.core.mobile.keyword.internal.MobileKeywordMain.stepFailed(MobileKeywordMain.groovy:40)
	at com.kms.katalon.core.mobile.keyword.internal.MobileKeywordMain.runKeyword(MobileKeywordMain.groovy:23)
	at com.kms.katalon.core.mobile.keyword.builtin.StartApplicationKeyword.startApplication(StartApplicationKeyword.groovy:51)
	at com.kms.katalon.core.mobile.keyword.builtin.StartApplicationKeyword.execute(StartApplicationKeyword.groovy:40)
	at com.kms.katalon.core.keyword.internal.KeywordExecutor.executeKeywordForPlatform(KeywordExecutor.groovy:74)
	at com.kms.katalon.core.mobile.keyword.MobileBuiltInKeywords.startApplication(MobileBuiltInKeywords.groovy:78)
	at com.kms.katalon.core.mobile.keyword.MobileBuiltInKeywords$startApplication.call(Unknown Source)
	at TC_Sign in_CS-40.run(TC_Sign in_CS-40:20)
	at com.kms.katalon.core.main.ScriptEngine.run(ScriptEngine.java:194)
	at com.kms.katalon.core.main.ScriptEngine.runScriptAsRawText(ScriptEngine.java:119)
	at com.kms.katalon.core.main.TestCaseExecutor.runScript(TestCaseExecutor.java:448)
	at com.kms.katalon.core.main.TestCaseExecutor.doExecute(TestCaseExecutor.java:439)
	at com.kms.katalon.core.main.TestCaseExecutor.processExecutionPhase(TestCaseExecutor.java:418)
	at com.kms.katalon.core.main.TestCaseExecutor.accessMainPhase(TestCaseExecutor.java:410)
	at com.kms.katalon.core.main.TestCaseExecutor.execute(TestCaseExecutor.java:285)
	at com.kms.katalon.core.main.TestCaseMain.runTestCase(TestCaseMain.java:142)
	at com.kms.katalon.core.keyword.builtin.CallTestCaseKeyword$_callTestCase_closure1.doCall(CallTestCaseKeyword.groovy:59)
	... 20 more
Caused by: org.openqa.selenium.SessionNotCreatedException: Unable to create a new remote session. Please check the server log for more details. Original error: An unknown server-side error occurred while processing the command. Original error: UiAutomator2 Server cannot start because the local port #53685 is busy. Make sure the port you provide via 'systemPort' capability is not occupied. This situation might often be a result of an inaccurate sessions management, e.g. old automation sessions on the same device must always be closed before starting new ones.
Build info: version: '3.141.59', revision: 'e82be7d358', time: '2018-11-14T08:25:53'
System info: host: 'Sandis-MacBook-Air.local', ip: 'fe80:0:0:0:c5b:3cc4:ccb4:d475%en0', os.name: 'Mac OS X', os.arch: 'x86_64', os.version: '10.16', java.version: '1.8.0_275'
Driver info: driver.version: SwipeableAndroidDriver
remote stacktrace: UnknownError: An unknown server-side error occurred while processing the command. Original error: UiAutomator2 Server cannot start because the local port #53685 is busy. Make sure the port you provide via 'systemPort' capability is not occupied. This situation might often be a result of an inaccurate sessions management, e.g. old automation sessions on the same device must always be closed before starting new ones.
    at getResponseForW3CError (/opt/node/v16.17.1/lib/node_modules/appium/node_modules/appium-base-driver/lib/protocol/errors.js:804:9)
    at asyncHandler (/opt/node/v16.17.1/lib/node_modules/appium/node_modules/appium-base-driver/lib/protocol/protocol.js:380:37)
Build info: version: '3.141.59', revision: 'e82be7d358', time: '2018-11-14T08:25:53'
System info: host: 'Sandis-MacBook-Air.local', ip: 'fe80:0:0:0:c5b:3cc4:ccb4:d475%en0', os.name: 'Mac OS X', os.arch: 'x86_64', os.version: '10.16', java.version: '1.8.0_275'
Driver info: driver.version: SwipeableAndroidDriver
	at io.appium.java_client.remote.AppiumCommandExecutor$1.createSession(AppiumCommandExecutor.java:208)
	at io.appium.java_client.remote.AppiumCommandExecutor.createSession(AppiumCommandExecutor.java:217)
	at io.appium.java_client.remote.AppiumCommandExecutor.execute(AppiumCommandExecutor.java:239)
	at org.openqa.selenium.remote.RemoteWebDriver.execute(RemoteWebDriver.java:552)
	at io.appium.java_client.DefaultGenericMobileDriver.execute(DefaultGenericMobileDriver.java:42)
	at io.appium.java_client.AppiumDriver.execute(AppiumDriver.java:1)
	at io.appium.java_client.android.AndroidDriver.execute(AndroidDriver.java:1)
	at com.kms.katalon.core.appium.driver.SwipeableAndroidDriver.execute(SwipeableAndroidDriver.java:1)
	at org.openqa.selenium.remote.RemoteWebDriver.startSession(RemoteWebDriver.java:213)
	at org.openqa.selenium.remote.RemoteWebDriver.<init>(RemoteWebDriver.java:131)
	at io.appium.java_client.DefaultGenericMobileDriver.<init>(DefaultGenericMobileDriver.java:38)
	at io.appium.java_client.AppiumDriver.<init>(AppiumDriver.java:84)
	at io.appium.java_client.android.AndroidDriver.<init>(AndroidDriver.java:85)
	at com.kms.katalon.core.appium.driver.SwipeableAndroidDriver.<init>(SwipeableAndroidDriver.java:24)
	at com.kms.katalon.core.appium.driver.AppiumDriverManager.createMobileDriver(AppiumDriverManager.java:503)
	at com.kms.katalon.core.appium.driver.AppiumDriverManager.createMobileDriver(AppiumDriverManager.java:485)
	at com.kms.katalon.core.mobile.keyword.internal.MobileDriverFactory.startLocalMobileDriver(MobileDriverFactory.java:539)
	at com.kms.katalon.core.mobile.keyword.internal.MobileDriverFactory.startMobileDriver(MobileDriverFactory.java:452)
	at com.kms.katalon.core.mobile.keyword.builtin.StartApplicationKeyword$_startApplication_closure1.doCall(StartApplicationKeyword.groovy:49)
	at com.kms.katalon.core.mobile.keyword.builtin.StartApplicationKeyword$_startApplication_closure1.call(StartApplicationKeyword.groovy)
	at com.kms.katalon.core.mobile.keyword.internal.MobileKeywordMain.runKeyword(MobileKeywordMain.groovy:21)
	... 35 more
Caused by: java.lang.reflect.InvocationTargetException
	at io.appium.java_client.remote.AppiumCommandExecutor$1.createSession(AppiumCommandExecutor.java:186)
	at io.appium.java_client.remote.AppiumCommandExecutor.createSession(AppiumCommandExecutor.java:217)
	at io.appium.java_client.remote.AppiumCommandExecutor.execute(AppiumCommandExecutor.java:239)
	at org.openqa.selenium.remote.RemoteWebDriver.execute(RemoteWebDriver.java:552)
	at io.appium.java_client.DefaultGenericMobileDriver.execute(DefaultGenericMobileDriver.java:42)
	at io.appium.java_client.AppiumDriver.execute(AppiumDriver.java:1)
	at io.appium.java_client.android.AndroidDriver.execute(AndroidDriver.java:1)
	at com.kms.katalon.core.appium.driver.SwipeableAndroidDriver.execute(SwipeableAndroidDriver.java:1)
	at org.openqa.selenium.remote.RemoteWebDriver.startSession(RemoteWebDriver.java:213)
	at org.openqa.selenium.remote.RemoteWebDriver.<init>(RemoteWebDriver.java:131)
	at io.appium.java_client.DefaultGenericMobileDriver.<init>(DefaultGenericMobileDriver.java:38)
	at io.appium.java_client.AppiumDriver.<init>(AppiumDriver.java:84)
	at io.appium.java_client.android.AndroidDriver.<init>(AndroidDriver.java:85)
	at com.kms.katalon.core.appium.driver.SwipeableAndroidDriver.<init>(SwipeableAndroidDriver.java:24)
	at com.kms.katalon.core.appium.driver.AppiumDriverManager.createMobileDriver(AppiumDriverManager.java:503)
	at com.kms.katalon.core.appium.driver.AppiumDriverManager.createMobileDriver(AppiumDriverManager.java:485)
	at com.kms.katalon.core.mobile.keyword.internal.MobileDriverFactory.startLocalMobileDriver(MobileDriverFactory.java:539)
	at com.kms.katalon.core.mobile.keyword.internal.MobileDriverFactory.startMobileDriver(MobileDriverFactory.java:452)
	at com.kms.katalon.core.mobile.keyword.builtin.StartApplicationKeyword$_startApplication_closure1.doCall(StartApplicationKeyword.groovy:49)
	at com.kms.katalon.core.mobile.keyword.builtin.StartApplicationKeyword$_startApplication_closure1.call(StartApplicationKeyword.groovy)
	at com.kms.katalon.core.mobile.keyword.internal.MobileKeywordMain.runKeyword(MobileKeywordMain.groovy:21)
	at com.kms.katalon.core.mobile.keyword.builtin.StartApplicationKeyword.startApplication(StartApplicationKeyword.groovy:51)
	at com.kms.katalon.core.mobile.keyword.builtin.StartApplicationKeyword.execute(StartApplicationKeyword.groovy:40)
	at com.kms.katalon.core.keyword.internal.KeywordExecutor.executeKeywordForPlatform(KeywordExecutor.groovy:74)
	at com.kms.katalon.core.mobile.keyword.MobileBuiltInKeywords.startApplication(MobileBuiltInKeywords.groovy:78)
	at com.kms.katalon.core.mobile.keyword.MobileBuiltInKeywords$startApplication.call(Unknown Source)
	at Script1666945512283.run(Script1666945512283.groovy:20)
	at com.kms.katalon.core.main.ScriptEngine.run(ScriptEngine.java:194)
	at com.kms.katalon.core.main.ScriptEngine.runScriptAsRawText(ScriptEngine.java:119)
	at com.kms.katalon.core.main.TestCaseExecutor.runScript(TestCaseExecutor.java:448)
	at com.kms.katalon.core.main.TestCaseExecutor.doExecute(TestCaseExecutor.java:439)
	at com.kms.katalon.core.main.TestCaseExecutor.processExecutionPhase(TestCaseExecutor.java:418)
	at com.kms.katalon.core.main.TestCaseExecutor.accessMainPhase(TestCaseExecutor.java:410)
	at com.kms.katalon.core.main.TestCaseExecutor.execute(TestCaseExecutor.java:285)
	at com.kms.katalon.core.main.TestCaseMain.runTestCase(TestCaseMain.java:142)
	at com.kms.katalon.core.keyword.builtin.CallTestCaseKeyword$_callTestCase_closure1.doCall(CallTestCaseKeyword.groovy:59)
	at com.kms.katalon.core.keyword.builtin.CallTestCaseKeyword$_callTestCase_closure1.call(CallTestCaseKeyword.groovy)
	at com.kms.katalon.core.keyword.internal.KeywordMain.runKeyword(KeywordMain.groovy:74)
	at com.kms.katalon.core.keyword.builtin.CallTestCaseKeyword.callTestCase(CallTestCaseKeyword.groovy:81)
	at com.kms.katalon.core.keyword.builtin.CallTestCaseKeyword.execute(CallTestCaseKeyword.groovy:44)
	at com.kms.katalon.core.keyword.internal.KeywordExecutor.executeKeywordForPlatform(KeywordExecutor.groovy:74)
	at com.kms.katalon.core.keyword.BuiltinKeywords.callTestCase(BuiltinKeywords.groovy:334)
	at Script1666862047546.run(Script1666862047546.groovy:20)
	... 13 more
Caused by: org.openqa.selenium.WebDriverException: An unknown server-side error occurred while processing the command. Original error: UiAutomator2 Server cannot start because the local port #53685 is busy. Make sure the port you provide via 'systemPort' capability is not occupied. This situation might often be a result of an inaccurate sessions management, e.g. old automation sessions on the same device must always be closed before starting new ones.
Build info: version: '3.141.59', revision: 'e82be7d358', time: '2018-11-14T08:25:53'
System info: host: 'Sandis-MacBook-Air.local', ip: 'fe80:0:0:0:c5b:3cc4:ccb4:d475%en0', os.name: 'Mac OS X', os.arch: 'x86_64', os.version: '10.16', java.version: '1.8.0_275'
Driver info: driver.version: SwipeableAndroidDriver
remote stacktrace: UnknownError: An unknown server-side error occurred while processing the command. Original error: UiAutomator2 Server cannot start because the local port #53685 is busy. Make sure the port you provide via 'systemPort' capability is not occupied. This situation might often be a result of an inaccurate sessions management, e.g. old automation sessions on the same device must always be closed before starting new ones.
    at getResponseForW3CError (/opt/node/v16.17.1/lib/node_modules/appium/node_modules/appium-base-driver/lib/protocol/errors.js:804:9)
    at asyncHandler (/opt/node/v16.17.1/lib/node_modules/appium/node_modules/appium-base-driver/lib/protocol/protocol.js:380:37)
	at org.openqa.selenium.remote.W3CHandshakeResponse.lambda$errorHandler$0(W3CHandshakeResponse.java:62)
	at org.openqa.selenium.remote.HandshakeResponse.lambda$getResponseFunction$0(HandshakeResponse.java:30)
	at org.openqa.selenium.remote.ProtocolHandshake.lambda$createSession$0(ProtocolHandshake.java:126)
	at org.openqa.selenium.remote.ProtocolHandshake.createSession(ProtocolHandshake.java:128)
	at io.appium.java_client.remote.AppiumCommandExecutor$1.createSession(AppiumCommandExecutor.java:186)
	at io.appium.java_client.remote.AppiumCommandExecutor.createSession(AppiumCommandExecutor.java:217)
	at io.appium.java_client.remote.AppiumCommandExecutor.execute(AppiumCommandExecutor.java:239)
	at org.openqa.selenium.remote.RemoteWebDriver.execute(RemoteWebDriver.java:552)
	at io.appium.java_client.DefaultGenericMobileDriver.execute(DefaultGenericMobileDriver.java:42)
	at io.appium.java_client.AppiumDriver.execute(AppiumDriver.java:1)
	at io.appium.java_client.android.AndroidDriver.execute(AndroidDriver.java:1)
	at com.kms.katalon.core.appium.driver.SwipeableAndroidDriver.execute(SwipeableAndroidDriver.java:1)
	at org.openqa.selenium.remote.RemoteWebDriver.startSession(RemoteWebDriver.java:213)
	at org.openqa.selenium.remote.RemoteWebDriver.<init>(RemoteWebDriver.java:131)
	at io.appium.java_client.DefaultGenericMobileDriver.<init>(DefaultGenericMobileDriver.java:38)
	at io.appium.java_client.AppiumDriver.<init>(AppiumDriver.java:84)
	at io.appium.java_client.android.AndroidDriver.<init>(AndroidDriver.java:85)
	at com.kms.katalon.core.appium.driver.SwipeableAndroidDriver.<init>(SwipeableAndroidDriver.java:24)
	at com.kms.katalon.core.appium.driver.AppiumDriverManager.createMobileDriver(AppiumDriverManager.java:503)
	at com.kms.katalon.core.appium.driver.AppiumDriverManager.createMobileDriver(AppiumDriverManager.java:485)
	at com.kms.katalon.core.mobile.keyword.internal.MobileDriverFactory.startLocalMobileDriver(MobileDriverFactory.java:539)
	at com.kms.katalon.core.mobile.keyword.internal.MobileDriverFactory.startMobileDriver(MobileDriverFactory.java:452)
	at com.kms.katalon.core.mobile.keyword.builtin.StartApplicationKeyword$_startApplication_closure1.doCall(StartApplicationKeyword.groovy:49)
	at com.kms.katalon.core.mobile.keyword.builtin.StartApplicationKeyword$_startApplication_closure1.call(StartApplicationKeyword.groovy)
	at com.kms.katalon.core.mobile.keyword.internal.MobileKeywordMain.runKeyword(MobileKeywordMain.groovy:21)
	at com.kms.katalon.core.mobile.keyword.builtin.StartApplicationKeyword.startApplication(StartApplicationKeyword.groovy:51)
	at com.kms.katalon.core.mobile.keyword.builtin.StartApplicationKeyword.execute(StartApplicationKeyword.groovy:40)
	at com.kms.katalon.core.keyword.internal.KeywordExecutor.executeKeywordForPlatform(KeywordExecutor.groovy:74)
	at com.kms.katalon.core.mobile.keyword.MobileBuiltInKeywords.startApplication(MobileBuiltInKeywords.groovy:78)
	at com.kms.katalon.core.mobile.keyword.MobileBuiltInKeywords$startApplication.call(Unknown Source)
	at TC_Sign in_CS-40.run(TC_Sign in_CS-40:20)
	at com.kms.katalon.core.main.ScriptEngine.run(ScriptEngine.java:194)
	at com.kms.katalon.core.main.ScriptEngine.runScriptAsRawText(ScriptEngine.java:119)
	at com.kms.katalon.core.main.TestCaseExecutor.runScript(TestCaseExecutor.java:448)
	at com.kms.katalon.core.main.TestCaseExecutor.doExecute(TestCaseExecutor.java:439)
	at com.kms.katalon.core.main.TestCaseExecutor.processExecutionPhase(TestCaseExecutor.java:418)
	at com.kms.katalon.core.main.TestCaseExecutor.accessMainPhase(TestCaseExecutor.java:410)
	at com.kms.katalon.core.main.TestCaseExecutor.execute(TestCaseExecutor.java:285)
	at com.kms.katalon.core.main.TestCaseMain.runTestCase(TestCaseMain.java:142)
	at com.kms.katalon.core.keyword.builtin.CallTestCaseKeyword$_callTestCase_closure1.doCall(CallTestCaseKeyword.groovy:59)
	at com.kms.katalon.core.keyword.builtin.CallTestCaseKeyword$_callTestCase_closure1.call(CallTestCaseKeyword.groovy)
	at com.kms.katalon.core.keyword.internal.KeywordMain.runKeyword(KeywordMain.groovy:74)
	at com.kms.katalon.core.keyword.builtin.CallTestCaseKeyword.callTestCase(CallTestCaseKeyword.groovy:81)
	at com.kms.katalon.core.keyword.builtin.CallTestCaseKeyword.execute(CallTestCaseKeyword.groovy:44)
	at com.kms.katalon.core.keyword.internal.KeywordExecutor.executeKeywordForPlatform(KeywordExecutor.groovy:74)
	at com.kms.katalon.core.keyword.BuiltinKeywords.callTestCase(BuiltinKeywords.groovy:334)
	at TC_Group Chat_CS-15.run(TC_Group Chat_CS-15:20)
	... 13 more]]></system-err>
   </testsuite>
</testsuites>
